ST Gravity|-1.2464232|4.8818245|8.41336|1395690085411
ST Gravity|-1.2464234|4.881825|8.413358|1395690085412
ST Gravity|-1.2464234|4.881825|8.413358|1395690085414
ST Gravity|-1.2464234|4.881825|8.413358|1395690085414
ST Gravity|-1.2464234|4.881825|8.413358|1395690085416
ST Gravity|-1.2464234|4.881825|8.413358|1395690085417
ST Gravity|-1.2464234|4.881825|8.413358|1395690085419
ST Gravity|-1.2464234|4.881825|8.413358|1395690085420
ST Gravity|-1.2563577|4.8281765|8.442788|1395690085442
ST Gravity|-1.2727745|4.7387934|8.490835|1395690085443
ST Gravity|-1.2564955|4.6515713|8.54134|1395690085481
ST Gravity|-1.2212368|4.5700417|8.590325|1395690085502
ST Gravity|-1.1787543|4.514979|8.625306|1395690085522
ST Gravity|-1.1496086|4.508124|8.632823|1395690085523
ST Gravity|-1.1408409|4.5382953|8.618163|1395690085562
ST Gravity|-1.2120588|4.592486|8.579649|1395690085582
ST Gravity|-1.2516295|4.6464415|8.544846|1395690085602
ST Gravity|-0.951133|4.462105|8.680747|1395690085621
ST Gravity|-0.5867783|4.2091727|8.837928|1395690085622
ST Gravity|-0.12758361|3.854761|9.016371|1395690085661
ST Gravity|0.18158215|3.5266824|9.148767|1395690085682
ST Gravity|0.17813562|2.9028015|9.365489|1395690085702
ST Gravity|0.122810535|2.4181397|9.503047|1395690085722
ST Gravity|0.11371817|2.1795278|9.560707|1395690085723
ST Gravity|-0.09671165|2.0932806|9.580147|1395690085761
ST Gravity|-0.30544955|1.8988528|9.616208|1395690085782
ST Gravity|-0.5580163|1.5651157|9.664855|1395690085801
ST Gravity|-0.72103745|1.3932886|9.680354|1395690085821
ST Gravity|-0.7192768|1.3708439|9.683688|1395690085840
ST Gravity|-0.73016113|1.4190245|9.675929|1395690085862
ST Gravity|-0.7687985|1.5368541|9.654917|1395690085881
ST Gravity|-0.8323257|1.6784738|9.626024|1395690085903
ST Gravity|-0.7409565|1.8248942|9.606827|1395690085923
ST Gravity|-0.6895329|2.016651|9.572255|1395690085943
ST Gravity|-0.58919203|2.3449745|9.503912|1395690085963
ST Gravity|-0.48880577|2.7004468|9.414832|1395690085982
ST Gravity|-0.3643107|3.0979383|9.297336|1395690086002
ST Gravity|-0.27718362|3.4282396|9.183722|1395690086023
ST Gravity|-0.29076046|3.6011868|9.116869|1395690086041
ST Gravity|-0.37117222|3.7089274|9.070639|1395690086061
ST Gravity|-0.45183536|3.7406874|9.053922|1395690086082
ST Gravity|-0.53112096|3.8120866|9.0197735|1395690086102
ST Gravity|-0.56391424|4.077094|8.901106|1395690086123
ST Gravity|-0.5267799|4.3632913|8.766675|1395690086142
ST Gravity|-0.42004025|4.677842|8.608819|1395690086162
ST Gravity|-0.318663|4.905602|8.485513|1395690086183
ST Gravity|-0.23752032|5.141638|8.347306|1395690086202
ST Gravity|-0.081471466|5.370008|8.205289|1395690086222
ST Gravity|0.065082274|5.580774|8.063568|1395690086241
ST Gravity|0.28552273|5.900886|7.8274145|1395690086263
ST Gravity|0.48019892|6.1731186|7.604762|1395690086283
ST Gravity|0.58341026|6.3234797|7.4728594|1395690086305
ST Gravity|0.5747509|6.3820796|7.42355|1395690086324
ST Gravity|0.52495885|6.368877|7.4385624|1395690086343
ST Gravity|0.4255863|6.306899|7.497486|1395690086362
ST Gravity|0.32178223|6.196684|7.593941|1395690086383
ST Gravity|0.18161124|6.0278354|7.733215|1395690086402
ST Gravity|0.02443243|5.8159046|7.8958874|1395690086422
ST Gravity|-0.05788535|5.6287117|8.030233|1395690086442
ST Gravity|-0.13841581|5.383903|8.195415|1395690086462
ST Gravity|-0.20255715|5.2147374|8.302764|1395690086483
ST Gravity|-0.22798619|5.0630126|8.395494|1395690086502
ST Gravity|-0.21394816|4.8934665|8.4958|1395690086524
ST Gravity|-0.16994506|4.770878|8.566226|1395690086542
ST Gravity|-0.13154241|4.6149516|8.6518955|1395690086561
ST Gravity|-0.16422509|4.4652224|8.729559|1395690086582
ST Gravity|-0.20067601|4.336608|8.793405|1395690086602
ST Gravity|-0.2213431|4.2096395|8.854397|1395690086621
ST Gravity|-0.24295916|4.1443043|8.884601|1395690086641
ST Gravity|-0.2709305|4.091556|8.908207|1395690086662
ST Gravity|-0.27742913|4.1131525|8.898055|1395690086681
ST Gravity|-0.26968935|4.104262|8.902398|1395690086702
ST Gravity|-0.27696356|4.013147|8.943619|1395690086726
ST Gravity|-0.26554698|3.9599996|8.967624|1395690086742
ST Gravity|-0.24688919|3.8712447|9.006826|1395690086762
ST Gravity|-0.17234892|3.7391114|9.064199|1395690086801
ST Gravity|-0.08350626|3.6103053|9.1175165|1395690086821
ST Gravity|0.023836218|3.4846916|9.166611|1395690086841
ST Gravity|0.24569136|3.317076|9.2253475|1395690086861
ST Gravity|0.5509777|3.1524723|9.269775|1395690086883
ST Gravity|0.8875304|2.9294438|9.316708|1395690086901
ST Gravity|1.1685619|2.5721068|9.390906|1395690086922
ST Gravity|1.3315353|2.2192407|9.458984|1395690086941
ST Gravity|1.5121264|1.7208158|9.535337|1395690086962
ST Gravity|1.8270308|1.278616|9.549738|1395690086991
ST Gravity|2.4873834|0.90996826|9.442206|1395690087011
ST Gravity|3.474151|0.6101087|9.150326|1395690087031
ST Gravity|4.325988|0.4168984|8.791042|1395690087051
ST Gravity|5.4862113|0.14934154|8.1270895|1395690087071
ST Gravity|6.620771|-0.2071531|7.231382|1395690087092
ST Gravity|7.62865|-0.6937813|6.1231337|1395690087111
ST Gravity|8.390586|-1.3793799|4.88526|1395690087131
ST Gravity|8.746228|-2.092314|3.9110234|1395690087151
ST Gravity|8.898346|-3.2111225|2.5842817|1395690087171
ST Gravity|8.781661|-4.1966805|1.200292|1395690087191
ST Gravity|8.437432|-4.9951744|-0.16838439|1395690087211
ST Gravity|7.83627|-5.7880983|-1.1230291|1395690087232
ST Gravity|7.3305316|-6.3174815|-1.588433|1395690087252
ST Gravity|6.724405|-6.8170595|-2.1167104|1395690087272
ST Gravity|6.159945|-7.236069|-2.4217324|1395690087292
ST Gravity|5.51777|-7.7295637|-2.4450903|1395690087311
ST Gravity|4.6596527|-8.325753|-2.267126|1395690087332
ST Gravity|3.9011564|-8.752098|-2.086178|1395690087351
ST Gravity|3.0480943|-9.144772|-1.8035175|1395690087372
ST Gravity|2.589598|-9.35288|-1.4099741|1395690087392
ST Gravity|2.3745656|-9.474641|-0.8735104|1395690087411
ST Gravity|2.177127|-9.556358|-0.32640317|1395690087431
ST Gravity|1.9732144|-9.606077|0.008849954|1395690087451
ST Gravity|1.5475882|-9.680292|0.25943682|1395690087471
ST Gravity|1.0445364|-9.742934|0.3931652|1395690087491
ST Gravity|0.5311974|-9.782862|0.42879796|1395690087511
ST Gravity|0.07387465|-9.79204|0.52998513|1395690087532
ST Gravity|-0.2723631|-9.786113|0.57288814|1395690087551
ST Gravity|-0.66764635|-9.761176|0.6663938|1395690087571
ST Gravity|-1.0161122|-9.71427|0.8779963|1395690087593
ST Gravity|-1.251846|-9.657911|1.1523957|1395690087611
ST Gravity|-1.5164323|-9.594804|1.3455802|1395690087633
ST Gravity|-1.6462916|-9.55609|1.4632988|1395690087651
ST Gravity|-1.7938612|-9.509201|1.5898321|1395690087672
ST Gravity|-1.8475146|-9.490594|1.6388141|1395690087692
ST Gravity|-1.7883605|-9.496073|1.6723467|1395690087713
ST Gravity|-1.6628503|-9.508685|1.729237|1395690087732
ST Gravity|-1.5617931|-9.526185|1.727138|1395690087752
ST Gravity|-1.3365146|-9.577309|1.6307337|1395690087773
ST Gravity|-0.9930756|-9.649923|1.4363784|1395690087792
ST Gravity|-0.6260002|-9.706313|1.251403|1395690087813
ST Gravity|-0.30857202|-9.743925|1.0635285|1395690087832
ST Gravity|-0.116521955|-9.75632|0.9854139|1395690087852
ST Gravity|0.13332228|-9.752593|1.0195941|1395690087872
ST Gravity|0.4014258|-9.7210455|1.2290477|1395690087892
ST Gravity|0.5632203|-9.718357|1.1860569|1395690087912
ST Gravity|0.63937503|-9.715624|1.1697233|1395690087933
ST Gravity|0.65320724|-9.721853|1.1087433|1395690087951
ST Gravity|0.62594384|-9.743483|0.9182164|1395690087972
ST Gravity|0.5572294|-9.775467|0.5478616|1395690087992
ST Gravity|0.37184054|-9.797528|-0.20142245|1395690088013
ST Gravity|0.13405688|-9.746484|-1.0763211|1395690088032
ST Gravity|-0.0023658525|-9.665342|-1.6587744|1395690088062
ST Gravity|-0.044820264|-9.562187|-2.1755373|1395690088081
ST Gravity|-0.009634821|-9.52853|-2.3189263|1395690088102
ST Gravity|0.016739685|-9.546202|-2.2450273|1395690088121
ST Gravity|0.054144703|-9.586552|-2.065308|1395690088141
ST Gravity|0.107685596|-9.62142|-1.8939617|1395690088161
ST Gravity|0.21086526|-9.664111|-1.6525384|1395690088181
ST Gravity|0.34004548|-9.703701|-1.3758419|1395690088201
ST Gravity|0.48676032|-9.744917|-0.9849095|1395690088221
ST Gravity|0.55510527|-9.77351|-0.58372873|1395690088241
ST Gravity|0.48420173|-9.788249|-0.3551339|1395690088271
ST Gravity|0.28853637|-9.80089|-0.1723004|1395690088272
ST Gravity|0.04499518|-9.805246|-0.15973756|1395690088292
ST Gravity|-0.15541269|-9.804209|-0.15407442|1395690088313
ST Gravity|-0.27856895|-9.801427|-0.1575348|1395690088350
ST Gravity|-0.3142143|-9.799358|-0.2103025|1395690088353
ST Gravity|-0.3090943|-9.796723|-0.314763|1395690088371
ST Gravity|-0.23178135|-9.791485|-0.49346215|1395690088392
ST Gravity|-0.22511122|-9.788751|-0.54778033|1395690088430
ST Gravity|-0.21627018|-9.790312|-0.5228987|1395690088451
ST Gravity|-0.21262729|-9.79337|-0.46374857|1395690088453
ST Gravity|-0.24582829|-9.802105|-0.1694263|1395690088472
ST Gravity|-0.24042088|-9.801112|-0.2253665|1395690088510
ST Gravity|-0.21827684|-9.800535|-0.26881313|1395690088531
ST Gravity|-0.2435203|-9.793255|-0.45083824|1395690088554
ST Gravity|-0.30663756|-9.790264|-0.47655806|1395690088554
ST Gravity|-0.42942077|-9.793875|-0.25692046|1395690088593
ST Gravity|-0.49015874|-9.794279|-0.04722937|1395690088613
ST Gravity|-0.4818518|-9.794456|-0.08271803|1395690088633
ST Gravity|-0.49822688|-9.79204|-0.19525252|1395690088652
ST Gravity|-0.5455919|-9.7877445|-0.2697665|1395690088652
ST Gravity|-0.64430535|-9.782177|-0.25355712|1395690088691
ST Gravity|-0.6609245|-9.783302|-0.14342998|1395690088712
ST Gravity|-0.6347832|-9.786036|-0.030405369|1395690088732
ST Gravity|-0.60344434|-9.787833|0.06756898|1395690088751
ST Gravity|-0.5285893|-9.683326|1.4574667|1395690088941
ST Gravity|-0.53017044|-9.684488|1.4491432|1395690088943
ST Gravity|-0.5301719|-9.684488|1.4491397|1395690088944
ST Gravity|-0.5301719|-9.684488|1.4491397|1395690088946
ST Gravity|-0.5301719|-9.684487|1.4491397|1395690088948
ST Gravity|-0.53017336|-9.684488|1.4491388|1395690088951
ST Gravity|-0.5599869|-9.685533|1.4308293|1395690088953
ST Gravity|-0.5018334|-9.694333|1.3922896|1395690088971
ST Gravity|-0.38858023|-9.706778|1.3408468|1395690088973
ST Gravity|-0.21794455|-9.739347|1.1260592|1395690088992
ST Gravity|-0.102481306|-9.769621|0.84523183|1395690089012
ST Gravity|-0.049118545|-9.773372|0.8057135|1395690089032
ST Gravity|0.007056933|-9.760005|0.9553297|1395690089053
ST Gravity|0.07211509|-9.752746|1.024282|1395690089072
ST Gravity|0.087539464|-9.755269|0.9987296|1395690089092
ST Gravity|0.18942074|-9.757951|0.95755094|1395690089112
ST Gravity|0.29363164|-9.761733|0.8903727|1395690089132
ST Gravity|0.36024055|-9.768843|0.7812363|1395690089154
ST Gravity|0.3581921|-9.778238|0.65432346|1395690089173
ST Gravity|0.34942484|-9.784066|0.56601536|1395690089193
ST Gravity|0.32956308|-9.790081|0.46482378|1395690089213
ST Gravity|0.29775313|-9.794699|0.38162968|1395690089232
ST Gravity|0.24021628|-9.798968|0.30477732|1395690089253
ST Gravity|0.1377648|-9.8026705|0.2430331|1395690089292
ST Gravity|0.045427874|-9.804045|0.2213903|1395690089293
ST Gravity|-0.10704116|-9.803234|0.23567104|1395690089312
ST Gravity|-0.28139907|-9.798239|0.29278556|1395690089332
ST Gravity|-0.44480452|-9.789983|0.3588485|1395690089352
ST Gravity|-0.5859356|-9.77984|0.42637482|1395690089391
ST Gravity|-0.67400813|-9.771983|0.4737246|1395690089392
ST Gravity|-0.76278|-9.762569|0.52991706|1395690089413
ST Gravity|-0.8354203|-9.7540455|0.5753873|1395690089432
ST Gravity|-0.8860689|-9.748239|0.5975895|1395690089471
ST Gravity|-0.9234435|-9.744599|0.6003765|1395690089491
ST Gravity|-0.93969434|-9.7436905|0.58980423|1395690089492
ST Gravity|-0.9457623|-9.744708|0.5626535|1395690089512
ST Gravity|-0.93261784|-9.748287|0.5210671|1395690089536
ST Gravity|-0.89737207|-9.754125|0.47133917|1395690089572
ST Gravity|-0.8418457|-9.761645|0.414673|1395690089593
ST Gravity|-0.79982847|-9.766862|0.37292847|1395690089593
ST Gravity|-0.75213826|-9.772186|0.33021834|1395690089612
ST Gravity|-0.714635|-9.775713|0.30847967|1395690089652
ST Gravity|-0.6770149|-9.778874|0.29270607|1395690089671
ST Gravity|-0.6302888|-9.782616|0.27123395|1395690089691
ST Gravity|-0.5940832|-9.785578|0.24477498|1395690089693
ST Gravity|-0.55623484|-9.788712|0.20520839|1395690089731
ST Gravity|-0.5381851|-9.790433|0.16784926|1395690089752
ST Gravity|-0.5394567|-9.790861|0.13572393|1395690089771
ST Gravity|-0.565878|-9.789872|0.09249562|1395690089791
ST Gravity|-0.6025848|-9.788023|0.043653555|1395690089811
ST Gravity|-0.65328187|-9.784847|-0.01975567|1395690089832
ST Gravity|-0.6820654|-9.78271|-0.061367784|1395690089852
ST Gravity|-0.6784543|-9.782873|-0.07391396|1395690089871
ST Gravity|-0.6337348|-9.785969|-0.0597963|1395690089892
ST Gravity|-0.578053|-9.789512|-0.041259356|1395690089911
ST Gravity|-0.5029247|-9.7937355|-0.014532091|1395690089932
ST Gravity|-0.4387693|-9.796824|0.01012012|1395690089952
ST Gravity|-0.39374155|-9.798663|0.039456107|1395690089971
ST Gravity|-0.3764964|-9.799256|0.05681962|1395690089992
ST Gravity|-0.382218|-9.79906|0.052160982|1395690090011
ST Gravity|-0.40600803|-9.798185|0.033360127|1395690090030
ST Gravity|-0.4326634|-9.797094|0.011713819|1395690090052
ST Gravity|-0.44655544|-9.796474|-0.007593524|1395690090071
ST Gravity|-0.44722325|-9.796427|-0.019739889|1395690090091
ST Gravity|-0.4410849|-9.796694|-0.02543021|1395690090111
ST Gravity|-0.42657766|-9.797332|-0.026659166|1395690090131
ST Gravity|-0.4155863|-9.797802|-0.027289573|1395690090152
ST Gravity|-0.41005352|-9.798035|-0.027664836|1395690090172
ST Gravity|-0.4123463|-9.797934|-0.02937281|1395690090192
ST Gravity|-0.41795507|-9.797688|-0.03215572|1395690090211
ST Gravity|-0.4283657|-9.797187|-0.045115154|1395690090232
ST Gravity|-0.43977675|-9.796495|-0.075418234|1395690090252
ST Gravity|-0.4463678|-9.79583|-0.1135086|1395690090272
ST Gravity|-0.44906977|-9.79516|-0.15349106|1395690090291
ST Gravity|-0.44857848|-9.794708|-0.18132016|1395690090312
ST Gravity|-0.4432713|-9.794492|-0.20456746|1395690090332
ST Gravity|-0.43556643|-9.794768|-0.20785628|1395690090352
ST Gravity|-0.42845514|-9.795176|-0.20329992|1395690090372
ST Gravity|-0.4203002|-9.7956085|-0.19948359|1395690090392
ST Gravity|-0.41245824|-9.79599|-0.19713119|1395690090412
ST Gravity|-0.4011226|-9.796524|-0.19401392|1395690090431
ST Gravity|-0.39259267|-9.796892|-0.19275223|1395690090452
ST Gravity|-0.38793784|-9.796946|-0.19943157|1395690090472
ST Gravity|-0.38151014|-9.796899|-0.21351299|1395690090492
ST Gravity|-0.37490737|-9.796875|-0.22599545|1395690090512
ST Gravity|-0.36426994|-9.796887|-0.24228433|1395690090532
ST Gravity|-0.35264704|-9.796997|-0.25470862|1395690090552
ST Gravity|-0.3451023|-9.797074|-0.26199615|1395690090572
ST Gravity|-0.3429916|-9.797119|-0.26309595|1395690090592
ST Gravity|-0.34436756|-9.7970495|-0.26383477|1395690090612
ST Gravity|-0.35176644|-9.796691|-0.26740533|1395690090632
ST Gravity|-0.36299744|-9.796103|-0.2738716|1395690090652
ST Gravity|-0.37449616|-9.795443|-0.28188044|1395690090672
ST Gravity|-0.38363808|-9.794758|-0.29314035|1395690090692
ST Gravity|-0.38829497|-9.794276|-0.30293053|1395690090712
ST Gravity|-0.3897639|-9.793946|-0.31159195|1395690090733
ST Gravity|-0.37670946|-9.794418|-0.3128034|1395690090754
ST Gravity|-0.35156187|-9.795586|-0.3054881|1395690090773
ST Gravity|-0.3163155|-9.797278|-0.28929773|1395690090793
ST Gravity|-0.2867828|-9.798612|-0.2745099|1395690090812
ST Gravity|-0.24791415|-9.800277|-0.25204292|1395690090833
ST Gravity|-0.22703151|-9.801351|-0.22890608|1395690090854
ST Gravity|-0.2172966|-9.801841|-0.2170169|1395690090873
ST Gravity|-0.2187316|-9.80161|-0.2257409|1395690090893
ST Gravity|-0.22538434|-9.800842|-0.25111791|1395690090913
ST Gravity|-0.23641135|-9.799039|-0.3055147|1395690090932
ST Gravity|-0.2462053|-9.796552|-0.37058687|1395690090955
ST Gravity|-0.2516928|-9.794171|-0.425726|1395690090974
ST Gravity|-0.25102645|-9.792997|-0.45231268|1395690090994
ST Gravity|-0.24575083|-9.7932825|-0.44902387|1395690091014
ST Gravity|-0.23902854|-9.794713|-0.42052084|1395690091034
ST Gravity|-0.23173547|-9.797039|-0.36702773|1395690091055
ST Gravity|-0.22487961|-9.799329|-0.30494156|1395690091073
ST Gravity|-0.22555092|-9.800445|-0.26606998|1395690091095
ST Gravity|-0.23213148|-9.800464|-0.2596724|1395690091114
ST Gravity|-0.24659985|-9.799607|-0.27802607|1395690091134
ST Gravity|-0.26332566|-9.797937|-0.31855157|1395690091156
ST Gravity|-0.27551967|-9.79621|-0.3588111|1395690091174
ST Gravity|-0.27754736|-9.795251|-0.3826704|1395690091194
ST Gravity|-0.2745435|-9.795138|-0.38765872|1395690091214
ST Gravity|-0.26852322|-9.795646|-0.37897593|1395690091234
ST Gravity|-0.25874066|-9.7966585|-0.35908496|1395690091256
ST Gravity|-0.2441168|-9.798245|-0.3243214|1395690091275
ST Gravity|-0.23063043|-9.799859|-0.28277183|1395690091294
ST Gravity|-0.22390813|-9.8007555|-0.25580022|1395690091313
ST Gravity|-0.2186106|-9.801558|-0.22821283|1395690091333
ST Gravity|-0.22057109|-9.80187|-0.21233518|1395690091353
ST Gravity|-0.23347208|-9.801581|-0.21186289|1395690091373
ST Gravity|-0.2505825|-9.8008995|-0.22357495|1395690091412
ST Gravity|-0.2624176|-9.800357|-0.23352906|1395690091413
ST Gravity|-0.27141836|-9.799769|-0.24749096|1395690091433
ST Gravity|-0.26972967|-9.799537|-0.25832477|1395690091458
ST Gravity|-0.25990796|-9.799694|-0.26240534|1395690091492
ST Gravity|-0.2446379|-9.800065|-0.26322365|1395690091512
ST Gravity|-0.23236266|-9.800393|-0.26211366|1395690091514
ST Gravity|-0.21815176|-9.8007555|-0.26075873|1395690091533
ST Gravity|-0.2100082|-9.801013|-0.25777122|1395690091553
ST Gravity|-0.20720892|-9.801372|-0.24613136|1395690091593
ST Gravity|-0.2077838|-9.801881|-0.22442544|1395690091612
ST Gravity|-0.20961891|-9.80219|-0.20862609|1395690091613
ST Gravity|-0.215669|-9.802379|-0.19300826|1395690091633
ST Gravity|-0.22616555|-9.802309|-0.18428893|1395690091679
ST Gravity|-0.23872167|-9.801929|-0.18860506|1395690091691
ST Gravity|-0.2512579|-9.801194|-0.20941024|1395690091712
ST Gravity|-0.25892946|-9.8004675|-0.23276685|1395690091713
ST Gravity|-0.26270694|-9.799528|-0.26577508|1395690091752
ST Gravity|-0.26232874|-9.798821|-0.29098904|1395690091771
ST Gravity|-0.25950697|-9.79853|-0.30310676|1395690091792
ST Gravity|-0.25560996|-9.798524|-0.30653906|1395690091811
ST Gravity|-0.2530255|-9.798609|-0.30602643|1395690091839
ST Gravity|-0.2504048|-9.798783|-0.30249506|1395690091851
ST Gravity|-0.25059068|-9.79904|-0.2939549|1395690091872
ST Gravity|-0.25229982|-9.799398|-0.2802429|1395690091892
ST Gravity|-0.25691813|-9.799699|-0.26510727|1395690091911
ST Gravity|-0.26230302|-9.79978|-0.25676644|1395690091931
ST Gravity|-0.2710656|-9.799677|-0.25151014|1395690091951
ST Gravity|-0.281504|-9.799322|-0.25383624|1395690091971
ST Gravity|-0.29219314|-9.79872|-0.26479894|1395690091991
ST Gravity|-0.30027154|-9.7979555|-0.28335166|1395690092012
ST Gravity|-0.30360886|-9.7973585|-0.29993483|1395690092031
ST Gravity|-0.30444705|-9.7967|-0.31996876|1395690092052
ST Gravity|-0.30150574|-9.796408|-0.3315116|1395690092071
ST Gravity|-0.29790276|-9.796356|-0.3362395|1395690092091
ST Gravity|-0.29334408|-9.796662|-0.3312652|1395690092111
ST Gravity|-0.29099458|-9.797027|-0.32246962|1395690092131
ST Gravity|-0.28571957|-9.79778|-0.30376112|1395690092152
ST Gravity|-0.2792597|-9.798897|-0.2720596|1395690092171
ST Gravity|-0.2743246|-9.799996|-0.23496407|1395690092192
ST Gravity|-0.274808|-9.800667|-0.20440876|1395690092212
ST Gravity|-0.27632338|-9.800997|-0.18574089|1395690092232
ST Gravity|-0.27993366|-9.80118|-0.17003626|1395690092252
ST Gravity|-0.2829764|-9.801168|-0.16560645|1395690092272
ST Gravity|-0.28321928|-9.801027|-0.17334348|1395690092292
ST Gravity|-0.28108314|-9.800707|-0.19378011|1395690092313
ST Gravity|-0.27711454|-9.800455|-0.21132396|1395690092332
ST Gravity|-0.2710814|-9.800077|-0.23531945|1395690092352
ST Gravity|-0.26684505|-9.799663|-0.25650164|1395690092383
ST Gravity|-0.26479194|-9.799167|-0.2767577|1395690092384
ST Gravity|-0.26299307|-9.798794|-0.29131988|1395690092423
ST Gravity|-0.2620517|-9.7987|-0.29527417|1395690092424
ST Gravity|-0.26148966|-9.798901|-0.2890937|1395690092443
ST Gravity|-0.26156536|-9.799484|-0.26850685|1395690092473
ST Gravity|-0.25547466|-9.800538|-0.23363604|1395690092491
ST Gravity|-0.24236791|-9.801798|-0.19083266|1395690092512
ST Gravity|-0.22630116|-9.802844|-0.15307489|1395690092532
ST Gravity|-0.1956801|-9.804242|-0.094466045|1395690092553
ST Gravity|-0.15860885|-9.805329|-0.027502924|1395690092572
ST Gravity|-0.11790041|-9.805803|0.052108373|1395690092594
ST Gravity|-0.07069091|-9.805213|0.15229777|1395690092622
ST Gravity|-0.024134325|-9.80318|0.25981677|1395690092624
ST Gravity|0.055037122|-9.796062|0.45222998|1395690092643
ST Gravity|0.13354719|-9.782919|0.6686229|1395690092682
ST Gravity|0.19311786|-9.762857|0.9053809|1395690092702
ST Gravity|0.21553515|-9.735931|1.1556721|1395690092722
ST Gravity|0.20518385|-9.712181|1.3423282|1395690092723
ST Gravity|0.185114|-9.66982|1.6219531|1395690092772
ST Gravity|0.232142|-9.585281|2.0588598|1395690092774
ST Gravity|0.34749943|-9.479253|2.488654|1395690092803
ST Gravity|0.32887307|-9.449662|2.6011734|1395690092821
ST Gravity|0.26869097|-9.48445|2.4785957|1395690092841
ST Gravity|0.2301552|-9.558525|2.179915|1395690092861
ST Gravity|0.22131431|-9.631683|1.830878|1395690092882
ST Gravity|0.1897662|-9.696476|1.453532|1395690092901
ST Gravity|0.12319354|-9.746943|1.0734572|1395690092922
ST Gravity|0.048047993|-9.772631|0.81472534|1395690092942
ST Gravity|-0.0814277|-9.791191|0.5443804|1395690092961
ST Gravity|-0.23307343|-9.796748|0.37391397|1395690092982
ST Gravity|-0.3633356|-9.795653|0.28900924|1395690093002
ST Gravity|-0.4255518|-9.794099|0.2547826|1395690093022
ST Gravity|-0.43979165|-9.79356|0.25128362|1395690093042
ST Gravity|-0.4372373|-9.793741|0.24869186|1395690093061
ST Gravity|-0.3965762|-9.795154|0.26094374|1395690093083
ST Gravity|-0.4363272|-9.793143|0.27268416|1395690093102
ST Gravity|-0.49964902|-9.791396|0.22206162|1395690093122
ST Gravity|-0.5452847|-9.790707|0.12299539|1395690093142
ST Gravity|-0.61795336|-9.787145|0.01816431|1395690093163
ST Gravity|-0.69863284|-9.781668|0.036027007|1395690093183
ST Gravity|-0.750885|-9.775995|0.19101182|1395690093205
ST Gravity|-0.7439751|-9.7672|0.46764675|1395690093223
ST Gravity|-0.7036463|-9.753591|0.73671603|1395690093243
ST Gravity|-0.63096535|-9.716254|1.1690538|1395690093264
ST Gravity|-0.50128424|-9.650137|1.6715152|1395690093283
ST Gravity|-0.23940352|-9.589109|2.040112|1395690093308
ST Gravity|0.114629716|-9.541412|2.2624497|1395690093322
ST Gravity|0.20840777|-9.483343|2.4886026|1395690093342
ST Gravity|0.30222997|-9.47805|2.4991229|1395690093363
ST Gravity|0.30898353|-9.547491|2.218188|1395690093382
ST Gravity|0.29071635|-9.612668|1.9189844|1395690093404
ST Gravity|0.23984395|-9.674167|1.588505|1395690093423
ST Gravity|0.18129706|-9.719078|1.2950097|1395690093446
ST Gravity|0.0786144|-9.758579|0.9666173|1395690093462
ST Gravity|-0.029569501|-9.777814|0.7509169|1395690093481
ST Gravity|-0.1394865|-9.784159|0.64898515|1395690093502
ST Gravity|-0.24183016|-9.7852335|0.6009328|1395690093521
ST Gravity|-0.32391894|-9.784422|0.5749543|1395690093542
ST Gravity|-0.42764792|-9.7817335|0.55246365|1395690093562
ST Gravity|-0.49822336|-9.778482|0.5508651|1395690093582
ST Gravity|-0.52436966|-9.775622|0.57672805|1395690093603
ST Gravity|-0.5021958|-9.773269|0.6335725|1395690093622
ST Gravity|-0.43711454|-9.770484|0.7189963|1395690093642
ST Gravity|-0.32105333|-9.76049|0.89450437|1395690093661
ST Gravity|-0.25977528|-9.753161|0.989324|1395690093682
ST Gravity|-0.20025662|-9.762297|0.9098669|1395690093702
ST Gravity|-0.19144787|-9.776697|0.7415772|1395690093723
ST Gravity|-0.19492695|-9.787749|0.576502|1395690093742
ST Gravity|-0.21175066|-9.797061|0.37834722|1395690093763
ST Gravity|-0.2710051|-9.798656|0.28859267|1395690093783
ST Gravity|-0.36742607|-9.7928705|0.3675218|1395690093802
ST Gravity|-0.47186026|-9.776337|0.6090754|1395690093823
ST Gravity|-0.5267777|-9.759293|0.8056743|1395690093843
ST Gravity|-0.52427346|-9.743908|0.9755945|1395690093862
ST Gravity|-0.36446592|-9.738447|1.0955355|1395690093882
ST Gravity|-0.1284861|-9.735892|1.1688774|1395690093902
ST Gravity|0.09013152|-9.76413|0.90777355|1395690093922
ST Gravity|0.2017819|-9.770078|0.8217452|1395690093942
ST Gravity|0.29697168|-9.767855|0.8192827|1395690093963
ST Gravity|0.30564058|-9.771764|0.7678539|1395690093982
ST Gravity|0.30299622|-9.775391|0.721338|1395690094002
ST Gravity|0.30025852|-9.769466|0.79860306|1395690094022
ST Gravity|0.4118727|-9.755391|0.9127467|1395690094041
ST Gravity|0.5021022|-9.744839|0.9779666|1395690094061
ST Gravity|0.48390335|-9.748963|0.94549316|1395690094082
ST Gravity|0.47737288|-9.75353|0.90064895|1395690094112
ST Gravity|0.47374654|-9.754229|0.8949776|1395690094132
ST Gravity|0.48094615|-9.748611|0.95060056|1395690094152
ST Gravity|0.5157234|-9.729203|1.1167202|1395690094172
ST Gravity|0.59890157|-9.695824|1.3426597|1395690094192
ST Gravity|0.77179426|-9.649862|1.5668092|1395690094212
ST Gravity|1.0077853|-9.598067|1.741222|1395690094232
ST Gravity|1.1494079|-9.556266|1.8780416|1395690094252
ST Gravity|1.1808401|-9.469329|2.2600477|1395690094272
ST Gravity|1.0610584|-9.394729|2.6045372|1395690094292
ST Gravity|0.94500035|-9.343104|2.8255568|1395690094312
ST Gravity|0.8967063|-9.265922|3.083671|1395690094332
ST Gravity|0.8794658|-9.221241|3.2195718|1395690094352
ST Gravity|0.7834192|-9.240331|3.1895037|1395690094372
ST Gravity|0.669014|-9.276952|3.1082115|1395690094392
ST Gravity|0.6345701|-9.267715|3.1427953|1395690094412
ST Gravity|0.7207377|-9.226987|3.242476|1395690094432
ST Gravity|0.98617786|-9.010418|3.74302|1395690094452
ST Gravity|1.1516812|-8.7681675|4.2383084|1395690094472
ST Gravity|1.0384108|-8.712903|4.3792014|1395690094492
ST Gravity|0.7001406|-8.732232|4.407758|1395690094512
ST Gravity|0.5316498|-8.598191|4.6860266|1395690094532
ST Gravity|0.38813394|-8.545403|4.7953973|1395690094552
ST Gravity|0.12516981|-8.665623|4.5893054|1395690094572
ST Gravity|-0.04352087|-8.891822|4.1357|1395690094592
ST Gravity|-0.24036096|-9.13125|3.5683177|1395690094612
ST Gravity|-0.46460462|-9.335828|2.96595|1395690094632
ST Gravity|-0.6304434|-9.448381|2.549708|1395690094653
ST Gravity|-0.81223905|-9.543977|2.1031332|1395690094672
ST Gravity|-0.91168875|-9.600872|1.7783363|1395690094692
ST Gravity|-0.94744104|-9.643895|1.506002|1395690094713
ST Gravity|-0.9502957|-9.683442|1.2240427|1395690094732
ST Gravity|-0.9329773|-9.710052|1.0073996|1395690094752
ST Gravity|-0.880871|-9.740681|0.71665514|1395690094771
ST Gravity|-0.8247613|-9.763765|0.39883858|1395690094801
ST Gravity|-0.7388195|-9.771023|0.38940147|1395690094822
ST Gravity|-0.4873108|-9.754323|0.8866274|1395690094842
ST Gravity|-0.22737895|-9.757201|0.9569182|1395690094862
ST Gravity|-0.20090346|-9.788041|0.5694544|1395690094880
ST Gravity|-0.3849195|-9.798185|0.13343759|1395690094902
ST Gravity|-0.5989838|-9.788331|0.0128811095|1395690094922
ST Gravity|-0.80624026|-9.7724|0.14345366|1395690094947
ST Gravity|-0.94495827|-9.755664|0.3232105|1395690094948
ST Gravity|-1.0866687|-9.728531|0.58756375|1395690094982
ST Gravity|-1.1670597|-9.700545|0.8413009|1395690095002
ST Gravity|-1.160747|-9.670752|1.1400118|1395690095022
ST Gravity|-1.0037895|-9.615823|1.6427929|1395690095042
ST Gravity|-0.8188512|-9.545977|2.0914595|1395690095060
ST Gravity|-0.49802464|-9.428124|2.651948|1395690095081
ST Gravity|-0.11033201|-9.31927|3.0511353|1395690095103
ST Gravity|0.16005115|-9.118827|3.6044126|1395690095122
ST Gravity|0.58301353|-8.896189|4.0851336|1395690095141
ST Gravity|0.76683545|-8.861177|4.130602|1395690095161
ST Gravity|0.61259997|-8.899676|4.0731893|1395690095181
ST Gravity|0.59683895|-9.020377|3.8009174|1395690095203
ST Gravity|0.5977271|-9.213605|3.3049324|1395690095222
ST Gravity|0.586542|-9.392925|2.7566845|1395690095243
ST Gravity|0.58959645|-9.490194|2.3997884|1395690095262
ST Gravity|0.58860654|-9.573778|2.0412548|1395690095283
ST Gravity|0.5927818|-9.620317|1.807902|1395690095307
ST Gravity|0.6137158|-9.642441|1.6784238|1395690095323
ST Gravity|0.65722096|-9.645215|1.6456864|1395690095344
ST Gravity|0.7207719|-9.63073|1.7029157|1395690095361
ST Gravity|0.85016227|-9.58055|1.9132911|1395690095382
ST Gravity|0.9908672|-9.4980135|2.2307599|1395690095403
ST Gravity|1.0468956|-9.396353|2.6044092|1395690095422
ST Gravity|0.8169506|-9.319927|2.939715|1395690095443
ST Gravity|0.6194456|-9.30286|3.0403092|1395690095462
ST Gravity|0.39089462|-9.27657|3.1563962|1395690095481
ST Gravity|0.14829|-9.248391|3.2581718|1395690095502
ST Gravity|-0.10439035|-9.255129|3.2406905|1395690095522
ST Gravity|-0.19246115|-9.164245|3.4856822|1395690095543
ST Gravity|-0.47781742|-9.117171|3.5804|1395690095561
ST Gravity|-0.7881799|-8.942931|3.9462821|1395690095582
ST Gravity|-0.97990596|-8.734957|4.348644|1395690095602
ST Gravity|-1.1593192|-8.707511|4.3595467|1395690095623
ST Gravity|-1.5033208|-8.794988|4.0692225|1395690095642
ST Gravity|-1.6827222|-8.898723|3.7618587|1395690095662
ST Gravity|-1.8128573|-9.036832|3.34957|1395690095682
ST Gravity|-1.9235367|-9.170541|2.8933685|1395690095703
ST Gravity|-1.9792527|-9.318591|2.3274019|1395690095723
ST Gravity|-2.018573|-9.4271145|1.7959046|1395690095745
ST Gravity|-1.9723336|-9.488289|1.5008866|1395690095762
ST Gravity|-1.8231497|-9.554567|1.2476974|1395690095782
ST Gravity|-1.6262516|-9.614013|1.0471257|1395690095802
ST Gravity|-1.4242084|-9.66913|0.80619746|1395690095822
ST Gravity|-1.1993119|-9.7165165|0.56688714|1395690095842
ST Gravity|-1.0047193|-9.74477|0.44766837|1395690095863
ST Gravity|-0.7075412|-9.773835|0.37674335|1395690095882
ST Gravity|-0.37418023|-9.793772|0.33531755|1395690095902
ST Gravity|0.0066936524|-9.802393|0.28887773|1395690095922
ST Gravity|0.4172548|-9.794828|0.24000615|1395690095942
ST Gravity|0.694751|-9.779306|0.22993733|1395690095962
ST Gravity|1.0015721|-9.750588|0.3053788|1395690095982
ST Gravity|1.2784882|-9.710503|0.49192998|1395690096002
ST Gravity|1.0516078|-9.629569|1.5283651|1395690096022
ST Gravity|1.0206714|-9.496476|2.2238567|1395690096043
ST Gravity|1.0641285|-9.434215|2.456342|1395690096062
ST Gravity|1.1173776|-9.35204|2.7315235|1395690096082
ST Gravity|1.1207211|-9.295055|2.9182694|1395690096102
ST Gravity|1.0322509|-9.2751465|3.0127223|1395690096122
ST Gravity|0.9030357|-9.285098|3.0235524|1395690096143
ST Gravity|0.84157693|-9.207791|3.26783|1395690096162
ST Gravity|0.79859346|-8.926804|3.9805553|1395690096182
ST Gravity|0.72354764|-8.763522|4.341376|1395690096202
ST Gravity|0.6613822|-8.87914|4.1102114|1395690096222
ST Gravity|0.62757295|-9.061604|3.6964674|1395690096261
ST Gravity|0.5467473|-9.143095|3.5036101|1395690096262
ST Gravity|0.364967|-9.220661|3.319126|1395690096282
ST Gravity|0.1825643|-9.283419|3.1551864|1395690096303
ST Gravity|-0.012043782|-9.068736|3.7320619|1395690096322
ST Gravity|-0.19030513|-9.16928|3.4725294|1395690096361
ST Gravity|-0.2710542|-9.244193|3.2621784|1395690096362
ST Gravity|-0.32835343|-9.320489|3.0316753|1395690096382
ST Gravity|-0.32885405|-9.370083|2.874685|1395690096403
ST Gravity|-0.30123803|-9.389974|2.8121226|1395690096441
ST Gravity|-0.32255468|-9.337931|2.978158|1395690096461
ST Gravity|-0.38169572|-9.245661|3.246915|1395690096462
ST Gravity|-0.34690118|-9.143043|3.529141|1395690096482
ST Gravity|0.06481617|-9.132279|3.5731876|1395690096503
ST Gravity|0.4015835|-9.101083|3.6303463|1395690096541
ST Gravity|0.35478258|-9.137153|3.5435786|1395690096561
ST Gravity|0.25429186|-9.225813|3.3151376|1395690096562
ST Gravity|0.20303749|-9.328909|3.0167272|1395690096583
ST Gravity|0.3751625|-9.178777|3.4321556|1395690096621
ST Gravity|0.8476053|-8.636938|4.566755|1395690096642
ST Gravity|1.3397557|-8.512712|4.6807256|1395690096661
ST Gravity|1.7309625|-8.456991|4.6533294|1395690096663
ST Gravity|2.2436721|-8.446145|4.449601|1395690096703
ST Gravity|2.4984941|-8.381169|4.4366546|1395690096723
ST Gravity|2.9977684|-8.303489|4.270346|1395690096742
ST Gravity|3.3801498|-8.189943|4.203549|1395690096762
ST Gravity|3.5991073|-8.083992|4.226808|1395690096783
ST Gravity|3.973817|-7.913931|4.212939|1395690096803
ST Gravity|4.1766005|-7.9452004|3.9497092|1395690096822
ST Gravity|4.264035|-8.183919|3.3184144|1395690096842
ST Gravity|4.3464947|-8.401651|2.5866234|1395690096862
ST Gravity|4.370308|-8.517777|2.125622|1395690096883
ST Gravity|4.332613|-8.6391535|1.6624984|1395690096903
ST Gravity|4.238519|-8.759152|1.2176198|1395690096922
ST Gravity|4.106782|-8.878312|0.6930554|1395690096943
ST Gravity|3.9221396|-8.825476|1.7024064|1395690096962
ST Gravity|3.9157488|-8.8941765|1.3156539|1395690096984
ST Gravity|3.8978806|-8.959438|0.83986706|1395690097003
ST Gravity|3.9012115|-8.987327|0.42297918|1395690097023
ST Gravity|3.937138|-8.981442|0.054938775|1395690097042
ST Gravity|3.9440255|-8.972949|-0.31818378|1395690097062
ST Gravity|3.8506196|-8.999874|-0.5877086|1395690097082
ST Gravity|3.5708137|-9.085457|-0.93496615|1395690097102
ST Gravity|3.1591427|-9.178729|-1.3932542|1395690097122
ST Gravity|2.7961903|-9.340921|-1.0482866|1395690097143
ST Gravity|2.3997738|-9.508235|0.07025544|1395690097163
ST Gravity|2.1549907|-9.566039|0.13164836|1395690097182
ST Gravity|1.9022567|-9.618995|0.16361967|1395690097202
ST Gravity|1.7142107|-9.655559|0.04561346|1395690097222
ST Gravity|1.5806314|-9.675576|-0.23500527|1395690097242
ST Gravity|1.4682897|-9.6810665|-0.5398776|1395690097262
ST Gravity|1.4164263|-9.680159|-0.6772426|1395690097281
ST Gravity|1.3262928|-9.692593|-0.6819129|1395690097303
ST Gravity|1.147912|-9.72563|-0.51461715|1395690097322
ST Gravity|0.9262996|-9.75072|-0.48561496|1395690097342
ST Gravity|0.6693715|-9.768693|-0.5431068|1395690097362
ST Gravity|0.4593035|-9.777475|-0.6003373|1395690097382
ST Gravity|0.15504026|-9.784791|-0.6357967|1395690097402
ST Gravity|-0.1333361|-9.788086|-0.58821344|1395690097423
ST Gravity|-0.33785847|-9.7862015|-0.5352739|1395690097443
ST Gravity|-0.43678546|-9.783538|-0.5118714|1395690097464
ST Gravity|-0.46794236|-9.783108|-0.49214756|1395690097483
ST Gravity|-0.4998219|-9.782854|-0.46512893|1395690097503
ST Gravity|-0.5125779|-9.781751|-0.47433573|1395690097523
ST Gravity|-0.4821201|-9.781077|-0.51813865|1395690097542
ST Gravity|-0.38408452|-9.783256|-0.5574729|1395690097563
ST Gravity|-0.3032339|-9.786553|-0.5493904|1395690097581
ST Gravity|-0.26886457|-9.79691|-0.34445614|1395690097602
ST Gravity|-0.3090759|-9.798786|0.24216041|1395690097623
ST Gravity|-0.310261|-9.768736|0.80368227|1395690097643
ST Gravity|-0.35476708|-9.725997|1.2039517|1395690097663
ST Gravity|-0.35337913|-9.691147|1.458492|1395690097682
ST Gravity|-0.38082275|-9.676466|1.546415|1395690097702
ST Gravity|-0.4130948|-9.717086|1.2561837|1395690097723
ST Gravity|-0.4216706|-9.7629|0.82363784|1395690097742
ST Gravity|-0.34239423|-9.789962|0.45806292|1395690097763
ST Gravity|-0.21880408|-9.798717|0.32815292|1395690097783
ST Gravity|-0.0034603695|-9.798366|0.40300798|1395690097803
ST Gravity|0.20471564|-9.779507|0.6997955|1395690097822
ST Gravity|0.2518892|-9.717886|1.2921438|1395690097842
ST Gravity|0.2615981|-9.665674|1.6360595|1395690097863
ST Gravity|0.2437126|-9.673595|1.5914018|1395690097882
ST Gravity|0.23881008|-9.69706|1.4423578|1395690097902
ST Gravity|0.22774434|-9.727907|1.2191607|1395690097923
ST Gravity|0.175835|-9.765017|0.8853987|1395690097942
ST Gravity|0.08994389|-9.792641|0.51622725|1395690097963
ST Gravity|0.06044877|-9.802151|0.29081777|1395690097982
ST Gravity|0.087558895|-9.806049|0.064342126|1395690098002
ST Gravity|0.1847548|-9.803945|-0.1375649|1395690098022
ST Gravity|0.35981384|-9.795005|-0.31432694|1395690098043
ST Gravity|0.57512164|-9.780726|-0.42074618|1395690098063
ST Gravity|0.732192|-9.76931|-0.4414476|1395690098082
ST Gravity|0.92163014|-9.754787|-0.40632427|1395690098102
ST Gravity|1.1328521|-9.733508|-0.3819196|1395690098122
ST Gravity|1.3945541|-9.697507|-0.42891428|1395690098142
ST Gravity|1.7614502|-9.639025|-0.3960928|1395690098162
ST Gravity|2.229242|-9.547421|-0.2181912|1395690098182
ST Gravity|2.8698332|-9.377333|-0.009399696|1395690098202
ST Gravity|3.1701643|-9.27896|-0.14614041|1395690098223
ST Gravity|3.0602717|-9.307506|-0.41890112|1395690098242
ST Gravity|2.7938998|-9.383676|-0.5578335|1395690098262
ST Gravity|2.580529|-9.441394|-0.609379|1395690098281
ST Gravity|2.303476|-9.510588|-0.64272773|1395690098302
ST Gravity|2.0586197|-9.566538|-0.6432956|1395690098322
ST Gravity|1.8465312|-9.611566|-0.61523443|1395690098343
ST Gravity|1.6720997|-9.644887|-0.5921239|1395690098382
ST Gravity|1.568831|-9.662864|-0.58157676|1395690098383
ST Gravity|1.4715085|-9.682976|-0.49501318|1395690098403
ST Gravity|1.461311|-9.694567|-0.22442572|1395690098423
ST Gravity|1.4812357|-9.691631|0.22047961|1395690098443
ST Gravity|1.3661022|-9.65885|1.0053759|1395690098484
ST Gravity|1.2950643|-9.609227|1.4683167|1395690098484
ST Gravity|1.0271441|-9.608757|1.6694822|1395690098502
ST Gravity|0.7231316|-9.640779|1.6440412|1395690098533
ST Gravity|0.48178926|-9.667718|1.5727447|1395690098553
ST Gravity|0.28717357|-9.667022|1.6237675|1395690098573
ST Gravity|0.17154665|-9.647988|1.7485061|1395690098592
ST Gravity|0.054178458|-9.61991|1.9038898|1395690098613
ST Gravity|-0.03739888|-9.6136465|1.9356622|1395690098633
ST Gravity|0.8428584|-9.197497|3.2963638|1395690098654
ST Gravity|1.276684|-8.726114|4.288985|1395690098674
ST Gravity|1.5900481|-8.549893|4.5322714|1395690098693
ST Gravity|2.0042088|-8.307403|4.8104687|1395690098713
ST Gravity|2.6018019|-8.101596|4.8749537|1395690098733
ST Gravity|3.2731571|-7.8780966|4.8365726|1395690098755
ST Gravity|3.9408495|-7.806914|4.4375877|1395690098774
ST Gravity|4.343555|-7.8976145|3.8641446|1395690098792
ST Gravity|4.7023273|-7.854407|3.5166497|1395690098814
ST Gravity|4.9171443|-7.7792244|3.3875897|1395690098834
ST Gravity|4.9673886|-7.7206197|3.447824|1395690098856
ST Gravity|4.9910507|-7.5457635|3.7843437|1395690098875
ST Gravity|5.084901|-7.5279536|3.6937916|1395690098894
ST Gravity|5.2163916|-7.597354|3.3525925|1395690098914
ST Gravity|5.423139|-7.7078204|2.710991|1395690098933
ST Gravity|5.671088|-7.7467194|1.9993737|1395690098953
ST Gravity|5.8649287|-7.73144|1.4134468|1395690098972
ST Gravity|5.957816|-7.722285|1.0203689|1395690098993
ST Gravity|6.0056777|-7.7272162|0.62639034|1395690099013
ST Gravity|5.986526|-7.762139|0.28479218|1395690099033
ST Gravity|5.934573|-7.806824|-0.068796545|1395690099053
ST Gravity|5.825402|-7.8715405|-0.52339244|1395690099073
ST Gravity|5.7229757|-7.9215407|-0.81679195|1395690099093
ST Gravity|5.60065|-7.991479|-0.9692075|1395690099113
ST Gravity|5.5330048|-8.052374|-0.845896|1395690099132
ST Gravity|5.525784|-8.077324|-0.6268579|1395690099154
ST Gravity|4.747486|-8.572389|-0.3819695|1395690099175
ST Gravity|4.7483854|-8.576269|-0.26614642|1395690099192
ST Gravity|4.766471|-8.568687|-0.1694703|1395690099213
ST Gravity|4.8228884|-8.536219|-0.20765096|1395690099231
ST Gravity|4.9354925|-8.465189|-0.38973463|1395690099252
ST Gravity|5.0993714|-8.361097|-0.5087973|1395690099276
ST Gravity|5.219488|-8.292965|-0.39251187|1395690099293
ST Gravity|5.2752213|-8.266946|-0.007653296|1395690099313
ST Gravity|5.2561665|-8.266232|0.4609905|1395690099333
ST Gravity|5.1915927|-8.26569|0.94664615|1395690099353
ST Gravity|5.1510186|-8.210229|1.4931672|1395690099391
ST Gravity|5.1736474|-8.156973|1.6933858|1395690099392
ST Gravity|5.1951537|-8.101939|1.8813199|1395690099413
ST Gravity|5.164|-8.037059|2.2156653|1395690099433
ST Gravity|5.0863857|-7.951994|2.6579845|1395690099453
ST Gravity|4.9799795|-7.832618|3.1654856|1395690099491
ST Gravity|4.9044943|-7.732785|3.5100415|1395690099493
ST Gravity|4.8217616|-7.669543|3.7548776|1395690099514
ST Gravity|4.6412616|-7.6945333|3.9272416|1395690099533
ST Gravity|4.4138055|-7.452275|4.5991635|1395690099572
ST Gravity|4.175324|-7.4292026|4.852216|1395690099592
ST Gravity|4.019132|-7.4705324|4.9201746|1395690099595
ST Gravity|3.902361|-7.5117674|4.9512944|1395690099613
ST Gravity|3.8295662|-7.686261|4.7356305|1395690099655
ST Gravity|3.676561|-7.9653125|4.382591|1395690099657
ST Gravity|3.4040558|-8.2317|4.1014524|1395690099692
ST Gravity|3.1712902|-8.392596|3.9595017|1395690099693
ST Gravity|2.8780496|-8.556027|3.8316615|1395690099732
ST Gravity|2.5778375|-8.664336|3.8018954|1395690099752
ST Gravity|2.1893086|-8.714308|3.9291415|1395690099772
ST Gravity|1.8191733|-8.699386|4.1450825|1395690099792
ST Gravity|1.6242089|-8.668181|4.2889338|1395690099797
ST Gravity|1.5776114|-8.639941|4.362677|1395690099831
ST Gravity|1.985224|-8.523825|4.4242167|1395690099863
ST Gravity|2.3349123|-8.314348|4.6465254|1395690099864
ST Gravity|2.4285693|-8.274683|4.6692686|1395690099882
ST Gravity|2.5116296|-8.382691|4.426354|1395690099903
ST Gravity|2.5632122|-8.504409|4.156365|1395690099922
ST Gravity|2.596449|-8.545664|4.0497518|1395690099942
ST Gravity|2.662264|-8.545572|4.0069857|1395690099962
ST Gravity|2.824127|-8.531819|3.9246328|1395690099982
ST Gravity|3.017095|-8.514167|3.817916|1395690100002
ST Gravity|3.3291848|-8.475177|3.641195|1395690100023
ST Gravity|3.644504|-8.408024|3.4918613|1395690100042
ST Gravity|3.9477055|-8.295469|3.4309204|1395690100062
ST Gravity|4.2888927|-8.09974|3.4885538|1395690100083
ST Gravity|4.5769734|-7.886762|3.6084208|1395690100102
ST Gravity|4.989226|-7.622577|3.6296463|1395690100122
ST Gravity|5.342443|-7.466864|3.4459581|1395690100142
ST Gravity|5.493437|-7.357314|3.4441965|1395690100162
ST Gravity|5.586777|-7.3279595|3.3554897|1395690100184
ST Gravity|5.5082364|-7.4336123|3.2513294|1395690100203
ST Gravity|5.3618712|-7.6928353|2.8707147|1395690100223
ST Gravity|5.2574487|-7.96972|2.2390158|1395690100242
ST Gravity|5.1350713|-8.182957|1.6854254|1395690100263
ST Gravity|4.988407|-8.332355|1.3631089|1395690100281
ST Gravity|4.884103|-8.412703|1.2419255|1395690100302
ST Gravity|4.781991|-8.486056|1.1357013|1395690100322
ST Gravity|4.726237|-8.528139|1.0506846|1395690100342
ST Gravity|4.7240787|-8.528383|1.0583717|1395690100362
ST Gravity|4.7904816|-8.472448|1.1997046|1395690100403
ST Gravity|4.86371|-8.400038|1.3978919|1395690100404
ST Gravity|4.9596562|-8.281358|1.7295387|1395690100424
ST Gravity|5.0283046|-8.121648|2.2193215|1395690100444
ST Gravity|5.0935946|-7.941774|2.6746817|1395690100465
ST Gravity|4.976181|-7.889627|3.026845|1395690100501
ST Gravity|4.767984|-7.96328|3.1658955|1395690100502
ST Gravity|4.529011|-8.155156|3.0252068|1395690100534
ST Gravity|4.329189|-8.230685|3.1119602|1395690100552
ST Gravity|4.1357074|-8.027397|3.8245554|1395690100572
ST Gravity|4.082366|-7.689019|4.5148287|1395690100593
ST Gravity|3.849984|-7.644489|4.7864203|1395690100612
ST Gravity|3.4755898|-7.7725086|4.866085|1395690100632
ST Gravity|3.0408168|-7.90077|4.949913|1395690100653
ST Gravity|2.3736403|-8.065064|5.0488563|1395690100673
ST Gravity|1.7252164|-8.342081|4.8583655|1395690100692
ST Gravity|1.2572578|-8.572779|4.593166|1395690100712
ST Gravity|0.70552117|-8.798984|4.272065|1395690100733
ST Gravity|0.24196371|-8.923892|4.0590672|1395690100753
ST Gravity|-0.100856625|-9.027469|3.829496|1395690100772
ST Gravity|-0.3643325|-9.159611|3.4841352|1395690100794
ST Gravity|-0.5531243|-9.265836|3.1636565|1395690100811
ST Gravity|-0.8164272|-9.3969555|2.6834824|1395690100832
ST Gravity|-1.0751085|-9.497494|2.1936636|1395690100852
ST Gravity|-1.2490575|-9.568692|1.7465316|1395690100873
ST Gravity|-1.2812672|-9.632814|1.3181951|1395690100892
ST Gravity|-1.2436855|-9.670879|1.0477309|1395690100913
ST Gravity|-1.1364073|-9.699894|0.88939536|1395690100933
ST Gravity|-0.9568405|-9.726588|0.8052|1395690100954
ST Gravity|-0.76258516|-9.758489|0.60063803|1395690100974
ST Gravity|-0.5355956|-9.78421|0.3908657|1395690100994
ST Gravity|-0.31737688|-9.797511|0.2800684|1395690101015
ST Gravity|0.064703286|-9.805596|0.12844782|1395690101035
ST Gravity|0.43773815|-9.793392|-0.2612465|1395690101053
ST Gravity|0.6888574|-9.78148|0.13614304|1395690101073
ST Gravity|1.1837109|-9.716401|0.6006489|1395690101095
ST Gravity|1.4438785|-9.688052|0.47670946|1395690101114
ST Gravity|1.7522985|-9.648467|0.08332886|1395690101134
ST Gravity|2.1428733|-9.55706|-0.49102557|1395690101153
ST Gravity|2.5359178|-9.4249735|-0.9536182|1395690101174
ST Gravity|2.9655437|-9.291586|-1.0209669|1395690101193
ST Gravity|3.2921522|-9.191673|-0.9193965|1395690101213
ST Gravity|3.6664288|-9.073582|-0.63070524|1395690101233
ST Gravity|3.936565|-8.975811|-0.32964754|1395690101253
ST Gravity|4.1235514|-8.895937|-0.17030352|1395690101274
ST Gravity|4.2578397|-8.833817|-0.06982523|1395690101292
ST Gravity|4.3282466|-8.799789|-0.019631753|1395690101312
ST Gravity|4.438077|-8.744136|-0.118147515|1395690101332
ST Gravity|4.6029077|-8.653055|-0.3290815|1395690101352
ST Gravity|4.365011|-8.77539|0.3311147|1395690101375
ST Gravity|4.544355|-8.68128|0.39321315|1395690101393
ST Gravity|4.6374526|-8.62116|0.5831526|1395690101415
ST Gravity|4.6617947|-8.576918|0.93517923|1395690101434
ST Gravity|4.637864|-8.550213|1.2467835|1395690101455
ST Gravity|4.634888|-8.524705|1.4204315|1395690101475
ST Gravity|4.6170387|-8.528904|1.452971|1395690101512
ST Gravity|4.651824|-8.515575|1.4198254|1395690101515
ST Gravity|4.819826|-8.414867|1.4593354|1395690101534
ST Gravity|4.924727|-8.333741|1.5704204|1395690101555
ST Gravity|4.88712|-8.365228|1.5196846|1395690101591
ST Gravity|4.8478622|-8.414461|1.3658266|1395690101612
ST Gravity|4.8537297|-8.437288|1.1932678|1395690101613
ST Gravity|4.8512344|-8.470192|0.9443358|1395690101634
ST Gravity|4.812085|-8.5101|0.76968604|1395690101657
ST Gravity|4.7329|-8.565844|0.6295707|1395690101692
ST Gravity|4.606239|-8.645086|0.46418083|1395690101711
ST Gravity|4.4656887|-8.7245865|0.33109015|1395690101712
ST Gravity|4.2152905|-8.85355|0.12796558|1395690101752
ST Gravity|3.9188704|-8.988662|-0.12964024|1395690101772
ST Gravity|3.5661793|-9.124439|-0.44422466|1395690101798
ST Gravity|3.1706212|-9.250433|-0.7396087|1395690101800
ST Gravity|2.8988702|-9.328139|-0.8676105|1395690101824
ST Gravity|2.1990397|-9.394049|1.7568413|1395690101842
ST Gravity|2.069863|-8.876694|3.61806|1395690101862
ST Gravity|2.7556221|-8.413794|4.2172294|1395690101882
ST Gravity|3.510531|-7.965391|4.516535|1395690101903
ST Gravity|3.7033226|-7.609371|4.9551253|1395690101923
ST Gravity|3.8931925|-7.3165207|5.242324|1395690101942
ST Gravity|4.290861|-7.3048077|4.9395027|1395690101982
ST Gravity|4.600631|-7.40938|4.4839363|1395690101983
ST Gravity|4.840249|-7.4996977|4.0616403|1395690102003
ST Gravity|4.2811637|-7.261374|5.0114336|1395690102023
ST Gravity|4.618663|-7.3276525|4.5982447|1395690102042
ST Gravity|4.9009366|-7.405229|4.1609864|1395690102062
ST Gravity|5.163559|-7.4561644|3.7301035|1395690102082
ST Gravity|5.410896|-7.4258204|3.4277937|1395690102113
ST Gravity|5.599894|-7.338067|3.3112462|1395690102132
ST Gravity|5.922659|-7.1109867|3.244438|1395690102151
ST Gravity|6.2706857|-6.8553767|3.138901|1395690102172
ST Gravity|6.534821|-6.7626476|2.7808478|1395690102192
ST Gravity|6.7075295|-6.7955527|2.2360475|1395690102212
ST Gravity|6.7742534|-6.8585644|1.7999952|1395690102232
ST Gravity|6.787762|-6.9601502|1.2856826|1395690102252
ST Gravity|6.733948|-7.0751376|0.8756439|1395690102272
ST Gravity|6.6236205|-7.2051187|0.61992055|1395690102292
ST Gravity|6.513514|-7.3177423|0.44179216|1395690102312
ST Gravity|6.4495573|-7.382075|0.28030893|1395690102331
ST Gravity|6.3530836|-7.4704604|-0.030927638|1395690102352
ST Gravity|6.2128563|-7.568813|-0.5328186|1395690102371
ST Gravity|6.0838876|-7.6358323|-0.92237526|1395690102391
ST Gravity|6.1654043|-7.560437|-0.9989728|1395690102411
ST Gravity|6.2237444|-7.5268393|-0.88436353|1395690102431
ST Gravity|6.1236|-7.599354|-0.96006|1395690102452
ST Gravity|5.9720764|-7.669678|-1.2964305|1395690102472
ST Gravity|5.7327223|-7.775101|-1.6894015|1395690102492
ST Gravity|5.4149604|-7.9391856|-1.9539521|1395690102512
ST Gravity|5.158734|-8.078464|-2.0727491|1395690102532
ST Gravity|4.839715|-8.247057|-2.1756868|1395690102552
ST Gravity|4.5553417|-8.389255|-2.2449193|1395690102572
ST Gravity|4.321947|-8.503921|-2.2747529|1395690102591
ST Gravity|4.149924|-8.58938|-2.2739997|1395690102623
ST Gravity|4.0523214|-8.632939|-2.2850473|1395690102625
ST Gravity|3.9514294|-8.662035|-2.3506935|1395690102643
ST Gravity|3.9003303|-8.642866|-2.5017378|1395690102682
ST Gravity|3.91689|-8.60072|-2.6183896|1395690102703
ST Gravity|4.040847|-8.622436|-2.344258|1395690102722
ST Gravity|4.1472316|-8.655584|-2.0128906|1395690102742
ST Gravity|4.18989|-8.69315|-1.7448046|1395690102762
ST Gravity|4.0998716|-8.769496|-1.567607|1395690102782
ST Gravity|3.9517956|-8.872145|-1.3560051|1395690102802
ST Gravity|3.790081|-8.954545|-1.2734978|1395690102822
ST Gravity|3.6786804|-8.987539|-1.3644923|1395690102841
ST Gravity|3.5762703|-8.989085|-1.605315|1395690102862
ST Gravity|3.586362|-8.950463|-1.7881879|1395690102882
ST Gravity|3.7702396|-8.884231|-1.7395823|1395690102902
ST Gravity|4.105868|-8.782505|-1.4764326|1395690102922
ST Gravity|4.401248|-8.669872|-1.277785|1395690102942
ST Gravity|4.703024|-8.531445|-1.125351|1395690102962
ST Gravity|4.8135524|-8.478168|-1.0586766|1395690102982
ST Gravity|4.771497|-8.504624|-1.0366132|1395690103003
ST Gravity|4.5446906|-8.64664|-0.8670763|1395690103023
ST Gravity|4.408572|-8.723899|-0.79276526|1395690103043
ST Gravity|4.231031|-8.787134|-1.0271497|1395690103063
ST Gravity|4.0647244|-8.817796|-1.3765414|1395690103082
ST Gravity|4.0426364|-8.763101|-1.7422829|1395690103103
ST Gravity|4.1282115|-8.617094|-2.207706|1395690103123
ST Gravity|4.076485|-8.556959|-2.5161698|1395690103142
ST Gravity|4.122456|-8.426552|-2.8581426|1395690103163
ST Gravity|4.1354904|-8.330543|-3.109688|1395690103183
ST Gravity|4.1868005|-8.222026|-3.3225594|1395690103204
ST Gravity|4.289764|-8.101278|-3.4839072|1395690103223
ST Gravity|4.3624873|-8.013024|-3.5959063|1395690103243
ST Gravity|4.4523616|-7.9131866|-3.7051792|1395690103263
ST Gravity|4.5552316|-7.8021774|-3.813957|1395690103284
ST Gravity|4.659078|-7.71194|-3.8716118|1395690103303
ST Gravity|4.978186|-7.6414475|-3.6050441|1395690103324
ST Gravity|5.273598|-7.4869423|-3.5078843|1395690103343
ST Gravity|5.4421306|-7.298788|-3.644353|1395690103363
ST Gravity|5.3909416|-7.2879033|-3.7409348|1395690103384
ST Gravity|5.2888513|-7.3547316|-3.7558448|1395690103403
ST Gravity|5.1553|-7.487561|-3.6782744|1395690103423
ST Gravity|5.0338855|-7.6375294|-3.5353272|1395690103443
ST Gravity|4.8712835|-7.8683176|-3.2450836|1395690103463
ST Gravity|4.7665305|-8.088045|-2.8344502|1395690103483
ST Gravity|4.810527|-8.25306|-2.2172544|1395690103502
ST Gravity|5.0412126|-8.288761|-1.4328386|1395690103523
ST Gravity|5.2157464|-8.242271|-1.0155588|1395690103542
ST Gravity|5.247485|-8.226165|-0.98208284|1395690103562
ST Gravity|5.33864|-8.129044|-1.2601492|1395690103582
ST Gravity|5.3466134|-8.077949|-1.5267172|1395690103603
ST Gravity|5.3262725|-8.024468|-1.846387|1395690103622
ST Gravity|5.285197|-8.011996|-2.0112214|1395690103643
ST Gravity|5.2266846|-8.046595|-2.0259516|1395690103662
ST Gravity|5.2199464|-8.078991|-1.9111385|1395690103682
ST Gravity|5.2490096|-8.089919|-1.7808663|1395690103703
ST Gravity|5.275283|-8.084517|-1.7269523|1395690103722
ST Gravity|5.275661|-8.075647|-1.766837|1395690103742
ST Gravity|5.2534385|-8.056839|-1.9128824|1395690103763
ST Gravity|5.2017245|-8.04244|-2.1051395|1395690103783
ST Gravity|5.019468|-8.259318|-1.6610249|1395690103803
ST Gravity|4.978303|-8.268319|-1.7383299|1395690103824
ST Gravity|4.9605827|-8.27336|-1.7648046|1395690103842
ST Gravity|4.9292083|-8.300165|-1.7264327|1395690103862
ST Gravity|4.9844556|-8.317659|-1.4636085|1395690103883
ST Gravity|5.177758|-8.263631|-1.0361593|1395690103903
ST Gravity|5.3704653|-8.177536|-0.67557055|1395690103942
ST Gravity|5.506317|-8.099152|-0.5045818|1395690103942
ST Gravity|5.667341|-7.9904447|-0.45215517|1395690103962
ST Gravity|5.7954793|-7.9030423|-0.3532102|1395690103985
ST Gravity|5.9289727|-7.809938|-0.15021804|1395690104004
ST Gravity|6.017854|-7.7430186|-0.03847966|1395690104041
ST Gravity|6.0738325|-7.6990476|0.059993282|1395690104043
ST Gravity|6.0732403|-7.699107|0.0995435|1395690104063
ST Gravity|6.0603147|-7.7067895|0.21989918|1395690104102
ST Gravity|6.041269|-7.7174296|0.3387357|1395690104122
ST Gravity|6.019419|-7.7331533|0.3678446|1395690104141
ST Gravity|5.7381153|-7.9477706|-0.27816227|1395690104141
ST Gravity|5.802874|-7.902649|-0.21255876|1395690104162
ST Gravity|5.889755|-7.8405166|-0.08652239|1395690104202
ST Gravity|5.970354|-7.7795253|0.06529606|1395690104222
ST Gravity|6.0188675|-7.7382803|0.25030017|1395690104242
ST Gravity|6.034061|-7.7196083|0.41008684|1395690104242
ST Gravity|6.0336027|-7.706746|0.61000824|1395690104281
ST Gravity|6.0216045|-7.702679|0.7611951|1395690104302
ST Gravity|6.0202355|-7.694694|0.847842|1395690104321
ST Gravity|6.0764184|-7.653172|0.82248425|1395690104341
ST Gravity|6.1715913|-7.5835366|0.7561799|1395690104362
ST Gravity|6.3318276|-7.425068|0.9729884|1395690104381
ST Gravity|6.420169|-7.267143|1.4630373|1395690104401
ST Gravity|6.402044|-7.181452|1.9002596|1395690104421
ST Gravity|6.3263874|-7.134342|2.290936|1395690104441
ST Gravity|5.921022|-7.6547685|1.5863231|1395690104462
ST Gravity|5.9480047|-7.601539|1.734429|1395690104481
ST Gravity|5.9756336|-7.584458|1.7141213|1395690104501
ST Gravity|5.9662924|-7.590739|1.7188451|1395690104522
ST Gravity|5.899108|-7.59187|1.9324659|1395690104542
ST Gravity|5.799762|-7.576017|2.2665253|1395690104561
ST Gravity|5.639442|-7.5012784|2.8456798|1395690104582
ST Gravity|5.5535226|-7.3776736|3.3013191|1395690104602
ST Gravity|5.6162868|-7.2181673|3.5391748|1395690104623
ST Gravity|5.5293145|-7.247406|3.6155453|1395690104643
ST Gravity|5.4281416|-7.3273826|3.607651|1395690104661
ST Gravity|5.3402348|-7.432335|3.5231636|1395690104681
ST Gravity|5.247433|-7.560617|3.3870213|1395690104702
ST Gravity|5.150309|-7.7133193|3.1858158|1395690104722
ST Gravity|5.051501|-7.8646836|2.9663916|1395690104742
ST Gravity|4.955066|-7.9728427|2.8375156|1395690104761
ST Gravity|4.8057413|-8.095254|2.7462916|1395690104782
ST Gravity|4.669722|-8.18397|2.717852|1395690104803
ST Gravity|4.5425863|-8.279312|2.6435344|1395690104822
ST Gravity|4.3890314|-8.412853|2.4760275|1395690104842
ST Gravity|4.2551455|-8.517317|2.3493457|1395690104863
ST Gravity|4.064014|-8.620074|2.3126817|1395690104884
ST Gravity|3.8350449|-8.710469|2.3644307|1395690104903
ST Gravity|3.6240916|-8.767643|2.482898|1395690104922
ST Gravity|3.5274317|-8.73506|2.7251358|1395690104942
ST Gravity|3.52538|-8.716494|2.7865465|1395690104963
ST Gravity|3.5973544|-8.742936|2.6058588|1395690104983
ST Gravity|3.6907356|-8.781835|2.3298607|1395690105003
ST Gravity|3.7690299|-8.673279|2.5959635|1395690105023
ST Gravity|3.8391986|-8.662761|2.5273588|1395690105043
ST Gravity|3.899071|-8.629849|2.5481985|1395690105064
ST Gravity|4.0118046|-8.539276|2.67518|1395690105084
ST Gravity|4.1795697|-8.390699|2.8805838|1395690105105
ST Gravity|4.3534985|-8.213625|3.12311|1395690105123
ST Gravity|4.52319|-8.015377|3.3859804|1395690105144
ST Gravity|4.6831055|-7.8507996|3.5501926|1395690105163
ST Gravity|4.830827|-7.528854|4.018691|1395690105184
ST Gravity|4.973434|-7.1792197|4.460285|1395690105204
ST Gravity|5.384652|-6.995344|4.270957|1395690105223
ST Gravity|5.5253468|-7.010377|4.0614705|1395690105243
ST Gravity|5.618574|-7.0478096|3.8639872|1395690105263
ST Gravity|5.7889705|-7.129963|3.4382906|1395690105283
ST Gravity|5.967817|-7.1551104|3.0594037|1395690105303
ST Gravity|6.1210256|-7.143766|2.769484|1395690105322
ST Gravity|6.238151|-7.16873|2.421814|1395690105344
ST Gravity|6.3171983|-7.203595|2.0908363|1395690105363
ST Gravity|6.393608|-7.2590036|1.6121482|1395690105383
ST Gravity|6.4556193|-7.2895865|1.1650238|1395690105407
ST Gravity|6.5175266|-7.276063|0.866675|1395690105423
ST Gravity|6.569983|-7.241851|0.74920976|1395690105443
ST Gravity|6.607129|-7.20805|0.7485025|1395690105463
ST Gravity|6.6594796|-7.1549397|0.79281217|1395690105483
ST Gravity|6.6962185|-7.1207438|0.79123133|1395690105503
ST Gravity|6.7339063|-7.10594|0.5749188|1395690105522
ST Gravity|6.7493877|-7.1127086|-0.15977146|1395690105543
ST Gravity|6.709756|-7.1066513|-0.8031676|1395690105563
ST Gravity|6.6875863|-7.130371|-0.7774235|1395690105583
ST Gravity|6.597858|-7.22528|-0.6587813|1395690105603
ST Gravity|6.4019785|-7.3926806|-0.7302993|1395690105623
ST Gravity|6.1594677|-7.581168|-0.870202|1395690105643
ST Gravity|5.9662733|-7.7273054|-0.9288243|1395690105662
ST Gravity|5.7146235|-7.9212255|-0.87615246|1395690105682
ST Gravity|5.4667525|-8.106285|-0.7570666|1395690105702
ST Gravity|5.2224693|-8.273493|-0.66747254|1395690105723
ST Gravity|5.0248613|-8.395905|-0.6557248|1395690105744
ST Gravity|4.9172072|-8.455539|-0.7038132|1395690105763
ST Gravity|4.8623905|-8.478917|-0.7971993|1395690105783
ST Gravity|4.90862|-8.437182|-0.9432982|1395690105803
ST Gravity|5.020804|-8.371712|-0.9361469|1395690105823
ST Gravity|5.1691895|-8.327729|-0.31429303|1395690105843
ST Gravity|5.1758676|-8.329173|-0.07530776|1395690105862
ST Gravity|5.128954|-8.357034|-0.15563129|1395690105883
ST Gravity|5.0427938|-8.398225|-0.4587509|1395690105904
ST Gravity|4.8468304|-8.484393|-0.8329037|1395690105923
ST Gravity|4.569843|-8.61302|-1.0501494|1395690105964
ST Gravity|4.3839397|-8.696312|-1.1513549|1395690105964
ST Gravity|4.229245|-8.759174|-1.2493002|1395690105983
ST Gravity|4.192751|-8.771803|-1.283238|1395690106013
ST Gravity|4.22451|-8.757987|-1.2734091|1395690106031
ST Gravity|4.270641|-8.7300825|-1.3105999|1395690106055
ST Gravity|4.3075037|-8.699065|-1.393576|1395690106072
ST Gravity|4.366285|-8.647647|-1.5245094|1395690106095
ST Gravity|4.4488792|-8.601711|-1.545456|1395690106112
ST Gravity|4.41677|-8.634964|-1.4491199|1395690106133
ST Gravity|4.2271776|-8.74212|-1.3699323|1395690106152
ST Gravity|4.0741644|-8.812667|-1.3814812|1395690106172
ST Gravity|3.794854|-8.909595|-1.5455127|1395690106192
ST Gravity|3.4889886|-8.990548|-1.7797198|1395690106213
ST Gravity|3.2325592|-9.059809|-1.9080987|1395690106233
ST Gravity|3.0501258|-9.14005|-1.8238971|1395690106253
ST Gravity|2.9584215|-9.198347|-1.6758689|1395690106272
ST Gravity|2.9149132|-9.246683|-1.4739527|1395690106292
ST Gravity|2.9618263|-9.260644|-1.2800162|1395690106312
ST Gravity|3.1108537|-9.242462|-1.0343544|1395690106331
ST Gravity|3.2790294|-9.214021|-0.7212388|1395690106360
ST Gravity|3.512846|-9.135988|-0.6033427|1395690106372
ST Gravity|3.8444436|-9.004771|-0.5520287|1395690106393
ST Gravity|3.831682|-9.008542|-0.5785872|1395690106412
ST Gravity|3.7692602|-9.031051|-0.63496935|1395690106432
ST Gravity|3.6353471|-9.081245|-0.6968769|1395690106452
ST Gravity|3.477019|-9.142469|-0.7042584|1395690106472
ST Gravity|3.2774806|-9.218962|-0.6627691|1395690106491
ST Gravity|3.1405625|-9.269124|-0.62499917|1395690106511
ST Gravity|3.0380707|-9.305695|-0.5869752|1395690106533
ST Gravity|2.9253957|-9.345787|-0.5183719|1395690106553
ST Gravity|2.8248248|-9.381072|-0.4315516|1395690106572
ST Gravity|2.6760573|-9.429731|-0.2987949|1395690106592
ST Gravity|2.5408897|-9.469484|-0.20766833|1395690106612
ST Gravity|2.448362|-9.494347|-0.1824729|1395690106633
ST Gravity|2.4162714|-9.501045|-0.24934289|1395690106653
ST Gravity|2.443471|-9.49034|-0.36506322|1395690106672
ST Gravity|2.5209203|-9.46417|-0.49482077|1395690106693
ST Gravity|2.5704591|-9.454721|-0.4139563|1395690106712
ST Gravity|2.579721|-9.457805|-0.25563002|1395690106735
ST Gravity|2.5658638|-9.463884|-0.14705484|1395690106752
ST Gravity|2.5183115|-9.477619|-0.056870062|1395690106772
ST Gravity|2.4227571|-9.502248|0.08901995|1395690106793
ST Gravity|2.3696976|-9.51137|0.29795307|1395690106813
ST Gravity|2.4731226|-9.472733|0.56692487|1395690106832
ST Gravity|2.6372764|-9.417497|0.7252058|1395690106852
ST Gravity|2.7725062|-9.381303|0.68903583|1395690106872
ST Gravity|2.9549901|-9.341096|0.4270471|1395690106892
ST Gravity|3.121545|-9.29647|-0.044770796|1395690106913
ST Gravity|3.194252|-9.270161|0.17680374|1395690106932
ST Gravity|3.4108162|-9.18783|0.3471257|1395690106971
ST Gravity|3.518961|-9.152501|0.13784963|1395690106972
ST Gravity|3.6788673|-9.087893|-0.21577647|1395690106992
ST Gravity|3.8217862|-9.023584|-0.3731921|1395690107012
ST Gravity|3.8688312|-8.998536|-0.47842103|1395690107052
ST Gravity|3.895842|-8.974483|-0.6719159|1395690107072
ST Gravity|3.925421|-8.948352|-0.8297349|1395690107073
ST Gravity|3.9783006|-8.9044075|-1.0271561|1395690107093
ST Gravity|4.039004|-8.845604|-1.2696986|1395690107132
ST Gravity|4.0853014|-8.7722|-1.5903554|1395690107153
ST Gravity|4.1083064|-8.699219|-1.9015272|1395690107172
ST Gravity|4.124386|-8.654874|-2.0622752|1395690107173
ST Gravity|4.178992|-8.606906|-2.1511872|1395690107192
ST Gravity|4.2873735|-8.562656|-2.1141744|1395690107231
ST Gravity|4.4882727|-8.480107|-2.028196|1395690107256
ST Gravity|4.6852264|-8.3841|-1.9813855|1395690107273
ST Gravity|4.7104874|-8.360702|-2.0199914|1395690107273
ST Gravity|4.695906|-8.502901|-1.3488927|1395690107312
ST Gravity|4.533318|-8.657578|-0.8159432|1395690107332
ST Gravity|4.247111|-8.810474|-0.7127216|1395690107352
ST Gravity|3.9904819|-8.944327|-0.4954279|1395690107372
ST Gravity|3.842334|-9.017838|-0.2923807|1395690107392
ST Gravity|3.7166328|-9.0750675|-0.014155659|1395690107411
ST Gravity|3.66258|-9.093034|0.2694901|1395690107433
ST Gravity|3.7772772|-9.030042|0.60074955|1395690107452
ST Gravity|4.0164413|-8.910747|0.7982303|1395690107473
ST Gravity|4.223253|-8.807985|0.86828494|1395690107492
ST Gravity|4.5095205|-8.6225395|1.2191902|1395690107512
ST Gravity|4.569805|-8.533199|1.5721881|1395690107532
ST Gravity|4.506607|-8.556048|1.6293967|1395690107554
ST Gravity|4.369308|-8.626919|1.6296635|1395690107573
ST Gravity|4.2784324|-8.701351|1.4669389|1395690107593
ST Gravity|4.1501594|-8.813482|1.1265364|1395690107612
ST Gravity|3.994183|-8.9171915|0.83700556|1395690107631
ST Gravity|3.8520706|-8.99432|0.65890175|1395690107653
ST Gravity|3.7380524|-9.051335|0.52027494|1395690107672
ST Gravity|3.6809752|-9.080916|0.3971868|1395690107692
ST Gravity|3.6575997|-9.096642|0.20853162|1395690107711
ST Gravity|3.6673338|-9.09494|0.05593057|1395690107731
ST Gravity|3.6937017|-9.084405|0.023237221|1395690107752
ST Gravity|3.7290106|-9.06934|0.10932527|1395690107772
ST Gravity|3.7806509|-9.046149|0.21035631|1395690107791
ST Gravity|3.8888907|-8.9978695|0.29199237|1395690107812
ST Gravity|3.9932432|-8.954175|0.21712127|1395690107832
ST Gravity|4.053932|-8.929252|0.06697662|1395690107853
ST Gravity|4.12155|-8.898467|0.022898681|1395690107872
ST Gravity|4.037089|-8.922846|0.5051164|1395690107892
ST Gravity|4.0897045|-8.895676|0.5582825|1395690107912
ST Gravity|4.139542|-8.865404|0.66271|1395690107933
ST Gravity|4.182154|-8.83555|0.78296894|1395690107952
ST Gravity|4.2510424|-8.804682|0.7593482|1395690107972
ST Gravity|4.3454547|-8.771023|0.5971385|1395690107993
ST Gravity|4.487982|-8.713851|0.31180692|1395690108012
ST Gravity|4.614593|-8.651532|0.16396672|1395690108034
ST Gravity|4.710635|-8.59884|0.20062429|1395690108052
ST Gravity|4.7876844|-8.554496|0.26282415|1395690108074
ST Gravity|4.8415313|-8.52427|0.25843263|1395690108092
ST Gravity|4.913461|-8.484595|0.19988662|1395690108112
ST Gravity|4.5611324|-8.597747|1.2021657|1395690108132
ST Gravity|4.2763042|-8.56651|2.1209657|1395690108153
ST Gravity|4.1498637|-8.647371|2.0425508|1395690108172
ST Gravity|4.0640707|-8.700376|1.9892695|1395690108192
ST Gravity|3.9680226|-8.762846|1.9072789|1395690108212
ST Gravity|3.8950737|-8.813513|1.8223042|1395690108232
ST Gravity|3.8304515|-8.853404|1.7650188|1395690108253
ST Gravity|3.7630365|-8.890723|1.7219182|1395690108272
ST Gravity|4.102357|-8.742291|1.7068726|1395690108291
ST Gravity|4.339545|-8.628374|1.6999702|1395690108312
ST Gravity|4.2991266|-8.66328|1.6234207|1395690108332
ST Gravity|4.2559886|-8.693719|1.5735931|1395690108351
ST Gravity|4.253312|-8.710579|1.4851094|1395690108371
ST Gravity|4.261554|-8.713561|1.4433973|1395690108392
ST Gravity|4.274164|-8.709649|1.4296594|1395690108411
ST Gravity|4.274174|-8.705336|1.4556586|1395690108432
ST Gravity|4.244737|-8.71209|1.5006953|1395690108451
ST Gravity|4.1731663|-8.735625|1.5633097|1395690108472
ST Gravity|4.2408566|-8.71227|1.5105937|1395690108492
ST Gravity|4.362272|-8.672293|1.390075|1395690108512
ST Gravity|4.3611636|-8.67809|1.3569776|1395690108531
ST Gravity|4.304256|-8.707664|1.3492156|1395690108552
ST Gravity|4.289167|-8.724351|1.2880782|1395690108571
ST Gravity|4.303072|-8.727348|1.2195742|1395690108591
ST Gravity|4.353886|-8.717196|1.1066034|1395690108611
ST Gravity|4.5471225|-8.624801|1.0520897|1395690108632
ST Gravity|4.6660104|-8.572497|0.9544775|1395690108653
ST Gravity|4.795212|-8.51077|0.8620468|1395690108672
ST Gravity|4.8669624|-8.476107|0.7991858|1395690108692
ST Gravity|4.91627|-8.453206|0.73756|1395690108713
ST Gravity|4.9335184|-8.4462185|0.7015698|1395690108732
ST Gravity|4.93689|-8.444218|0.70194066|1395690108754
ST Gravity|4.9371085|-8.442109|0.72536564|1395690108773
ST Gravity|5.167056|-8.281359|0.9439324|1395690108795
ST Gravity|5.404555|-8.101267|1.1535425|1395690108812
ST Gravity|5.5944695|-7.9409795|1.3465353|1395690108832
ST Gravity|5.78173|-7.7691665|1.5433792|1395690108853
ST Gravity|5.985199|-7.597159|1.6220152|1395690108884
ST Gravity|5.977742|-7.605476|1.6105071|1395690108902
ST Gravity|5.9516997|-7.6374836|1.5545182|1395690108922
ST Gravity|5.8868113|-7.6963973|1.5104034|1395690108942
ST Gravity|5.788117|-7.7705927|1.511944|1395690108962
ST Gravity|5.6696963|-7.868081|1.4554158|1395690108982
ST Gravity|5.5686398|-7.947863|1.4114286|1395690109002
ST Gravity|5.4499903|-8.039936|1.3518312|1395690109022
ST Gravity|5.392315|-8.075023|1.373802|1395690109042
ST Gravity|5.397132|-8.057785|1.4537748|1395690109062
ST Gravity|5.473188|-7.997694|1.5004989|1395690109081
ST Gravity|5.5918775|-7.913875|1.5072781|1395690109102
ST Gravity|5.786886|-7.7561417|1.5889088|1395690109121
ST Gravity|5.887797|-7.6584053|1.6891073|1395690109142
ST Gravity|5.8350277|-7.684808|1.7511662|1395690109162
ST Gravity|5.6685677|-7.7824445|1.8631439|1395690109183
ST Gravity|5.504895|-7.876341|1.9569861|1395690109202
ST Gravity|5.2923923|-8.003892|2.0245235|1395690109222
ST Gravity|5.141467|-8.105354|2.0097122|1395690109242
ST Gravity|5.066037|-8.1697235|1.9394052|1395690109262
ST Gravity|5.0464234|-8.201949|1.8525788|1395690109283
ST Gravity|5.051454|-8.2124815|1.791191|1395690109303
ST Gravity|5.0710745|-8.213584|1.729626|1395690109323
ST Gravity|5.0843153|-8.210398|1.705729|1395690109343
ST Gravity|5.097467|-8.196755|1.7318882|1395690109363
ST Gravity|5.0947328|-8.182218|1.8070463|1395690109383
ST Gravity|5.0255313|-8.205641|1.8925881|1395690109403
ST Gravity|4.9656105|-8.231677|1.9371579|1395690109422
ST Gravity|4.956072|-8.241401|1.9201676|1395690109443
ST Gravity|4.9712276|-8.238321|1.8940319|1395690109464
ST Gravity|4.9998493|-8.219804|1.899136|1395690109483
ST Gravity|5.000764|-8.204583|1.9615254|1395690109503
ST Gravity|4.9638996|-8.19524|2.0900114|1395690109523
ST Gravity|4.9120717|-8.209331|2.1561131|1395690109542
ST Gravity|4.898127|-8.238455|2.0752409|1395690109562
ST Gravity|4.8947124|-8.272963|1.9417195|1395690109584
ST Gravity|4.7579513|-8.35644|1.9241096|1395690109603
ST Gravity|4.5981984|-8.454117|1.8854374|1395690109622
ST Gravity|4.5671926|-8.481099|1.8390447|1395690109643
ST Gravity|4.5778413|-8.475056|1.8404282|1395690109662
ST Gravity|4.586244|-8.463714|1.8714416|1395690109683
ST Gravity|4.626422|-8.440549|1.8771702|1395690109703
ST Gravity|4.686123|-8.409761|1.867226|1395690109722
ST Gravity|4.658711|-8.42119|1.8842428|1395690109743
ST Gravity|4.6025195|-8.441084|1.9326897|1395690109763
ST Gravity|4.535291|-8.46487|1.9868296|1395690109784
ST Gravity|4.5679183|-8.450138|1.9747484|1395690109803
ST Gravity|4.5832095|-8.44722|1.9516802|1395690109822
ST Gravity|4.6047277|-8.440056|1.9319195|1395690109843
ST Gravity|4.541882|-8.487553|1.8716697|1395690109864
ST Gravity|4.479632|-8.521698|1.8665344|1395690109884
ST Gravity|4.453926|-8.521374|1.9285032|1395690109903
ST Gravity|4.445943|-8.515554|1.9721296|1395690109923
ST Gravity|4.4368277|-8.514597|1.9966444|1395690109943
ST Gravity|4.4456463|-8.522652|1.9419156|1395690109982
ST Gravity|4.482391|-8.521892|1.8590089|1395690110002
ST Gravity|4.5142837|-8.5141115|1.8170124|1395690110007
ST Gravity|4.55381|-8.504983|1.7602443|1395690110023
ST Gravity|4.567508|-8.511396|1.6924504|1395690110043
ST Gravity|4.60462|-8.500205|1.6475352|1395690110082
ST Gravity|4.6340814|-8.486028|1.6379927|1395690110102
ST Gravity|4.642116|-8.476986|1.66189|1395690110103
ST Gravity|4.6330595|-8.465621|1.7431016|1395690110122
ST Gravity|4.6006293|-8.448538|1.9044151|1395690110161
ST Gravity|4.517767|-8.4631|2.03374|1395690110181
ST Gravity|4.436799|-8.496979|2.0704064|1395690110200
ST Gravity|4.42143|-8.508918|2.054183|1395690110202
ST Gravity|4.485955|-8.492319|1.9816988|1395690110242
ST Gravity|4.557419|-8.449216|2.0027688|1395690110261
ST Gravity|4.597322|-8.403217|2.1026032|1395690110281
ST Gravity|4.625563|-8.359809|2.2109091|1395690110301
ST Gravity|4.668205|-8.326085|2.2482324|1395690110321
ST Gravity|4.693841|-8.295425|2.3074133|1395690110341
ST Gravity|4.7136955|-8.2759|2.3368666|1395690110361
ST Gravity|4.7437644|-8.256701|2.34392|1395690110381
ST Gravity|4.7947445|-8.217045|2.379285|1395690110402
ST Gravity|4.8348236|-8.177428|2.434041|1395690110422
ST Gravity|4.877013|-8.121455|2.5351727|1395690110441
ST Gravity|4.888911|-8.09303|2.6022704|1395690110462
ST Gravity|4.8679743|-8.124608|2.542433|1395690110482
ST Gravity|4.784211|-8.219421|2.3922405|1395690110502
ST Gravity|4.6923747|-8.294398|2.3140752|1395690110521
ST Gravity|4.5715127|-8.3904|2.2074554|1395690110541
ST Gravity|4.444713|-8.489029|2.0859792|1395690110562
ST Gravity|4.3159337|-8.584519|1.9619267|1395690110582
ST Gravity|4.2346272|-8.634519|1.9192213|1395690110602
ST Gravity|4.2336116|-8.635567|1.9167507|1395690110621
ST Gravity|4.3107867|-8.602586|1.8928978|1395690110641
ST Gravity|4.4281006|-8.560586|1.8107148|1395690110661
ST Gravity|4.560018|-8.506608|1.7361525|1395690110681
ST Gravity|4.654021|-8.454607|1.7407188|1395690110702
ST Gravity|4.689773|-8.434779|1.7409489|1395690110722
ST Gravity|4.7125454|-8.424922|1.7271363|1395690110742
ST Gravity|4.732722|-8.418054|1.7053173|1395690110762
ST Gravity|4.7535806|-8.404029|1.7164369|1395690110782
ST Gravity|4.761967|-8.393696|1.743536|1395690110801
ST Gravity|4.7457004|-8.396213|1.7754815|1395690110821
ST Gravity|4.704626|-8.411217|1.8133712|1395690110841
ST Gravity|4.6653457|-8.425612|1.8476965|1395690110863
ST Gravity|4.6571846|-8.424548|1.872975|1395690110883
ST Gravity|4.665221|-8.4187|1.8792493|1395690110904
ST Gravity|4.6856318|-8.402765|1.8996743|1395690110922
ST Gravity|4.7390985|-8.370147|1.9110185|1395690110942
ST Gravity|4.7899237|-8.339416|1.9186344|1395690110962
ST Gravity|4.826124|-8.321004|1.9078275|1395690110982
ST Gravity|4.818728|-8.320243|1.9297216|1395690111004
ST Gravity|4.784147|-8.332018|1.9646399|1395690111023
ST Gravity|4.7679105|-8.335308|1.9899867|1395690111043
ST Gravity|4.7878623|-8.307395|2.0576596|1395690111063
ST Gravity|4.8498635|-8.227526|2.2264428|1395690111083
ST Gravity|4.936843|-8.105095|2.4709115|1395690111103
ST Gravity|4.9886594|-8.019023|2.6417668|1395690111122
ST Gravity|5.0320168|-7.9346943|2.808882|1395690111143
ST Gravity|5.0431356|-7.9122906|2.8518121|1395690111162
ST Gravity|5.051126|-7.9359093|2.7708964|1395690111183
ST Gravity|5.046161|-7.9880586|2.626326|1395690111203
ST Gravity|5.028115|-8.044593|2.4845455|1395690111222
ST Gravity|4.9842134|-8.129574|2.2886763|1395690111242
ST Gravity|4.928059|-8.210606|2.1143763|1395690111263
ST Gravity|4.827682|-8.30283|1.9816403|1395690111283
ST Gravity|4.6616926|-8.423756|1.8653041|1395690111303
ST Gravity|4.518399|-8.515275|1.801266|1395690111323
ST Gravity|4.29169|-8.64104|1.7561935|1395690111343
ST Gravity|4.020715|-8.776969|1.7230921|1395690111363
ST Gravity|3.6737046|-8.931056|1.7060264|1395690111383
ST Gravity|3.3071356|-9.078003|1.680213|1395690111404
ST Gravity|3.0213635|-9.184591|1.638611|1395690111422
ST Gravity|2.6005628|-9.32898|1.5419495|1395690111443
ST Gravity|2.1104062|-9.468386|1.4374375|1395690111462
ST Gravity|1.5839138|-9.586635|1.3259118|1395690111482
ST Gravity|1.1168331|-9.665613|1.2243354|1395690111508
ST Gravity|0.80217797|-9.710659|1.1090719|1395690111524
ST Gravity|0.44655603|-9.74856|0.9677558|1395690111544
ST Gravity|0.11833704|-9.763015|0.9164845|1395690111564
ST Gravity|-0.22328444|-9.763933|0.8866452|1395690111587
ST Gravity|-0.57120913|-9.75774|0.79412794|1395690111604
ST Gravity|-0.8237395|-9.746396|0.70684594|1395690111622
ST Gravity|-1.1267366|-9.72108|0.63361734|1395690111644
ST Gravity|-1.484005|-9.673924|0.61913127|1395690111671
ST Gravity|-1.8644646|-9.606306|0.6426938|1395690111693
ST Gravity|-2.2438288|-9.523668|0.6598317|1395690111713
ST Gravity|-2.5012116|-9.459877|0.6519787|1395690111732
ST Gravity|-2.7783234|-9.3875|0.57108986|1395690111754
ST Gravity|-2.9584389|-9.340944|0.40596214|1395690111772
ST Gravity|-3.0243912|-9.321818|0.3565905|1395690111792
ST Gravity|-2.9851258|-9.330844|0.4413459|1395690111812
ST Gravity|-2.8642771|-9.36176|0.56901354|1395690111833
ST Gravity|-2.5952091|-9.41513|0.8891623|1395690111854
ST Gravity|-2.251098|-9.455354|1.3035523|1395690111873
ST Gravity|-1.8829008|-9.451973|1.812537|1395690111893
ST Gravity|-1.5486534|-9.345404|2.5368257|1395690111912
ST Gravity|-1.3130834|-9.17129|3.2146022|1395690111933
ST Gravity|-1.0311463|-8.810686|4.180784|1395690111953
ST Gravity|-0.8752339|-8.330312|5.100028|1395690111972
ST Gravity|-0.8819459|-7.742338|5.9538884|1395690111992
ST Gravity|-0.96561617|-7.01596|6.7833824|1395690112012
ST Gravity|-1.0104636|-6.381538|7.3773527|1395690112032
ST Gravity|-1.058102|-5.5027776|8.047998|1395690112052
ST Gravity|-1.1341237|-4.704506|8.529467|1395690112072
ST Gravity|-1.214677|-3.9789753|8.880468|1395690112092
ST Gravity|-1.2647943|-3.2317088|9.172063|1395690112113
ST Gravity|-1.313256|-2.632351|9.355025|1395690112131
ST Gravity|-1.4151273|-1.8552773|9.525007|1395690112152
ST Gravity|-1.5250523|-1.1834662|9.614781|1395690112172
ST Gravity|-1.6910298|-0.61315155|9.640273|1395690112192
ST Gravity|-1.9458822|-0.08139051|9.611312|1395690112212
ST Gravity|-2.154836|0.33162382|9.56123|1395690112232
ST Gravity|-2.4327292|0.921191|9.455349|1395690112253
ST Gravity|-2.748587|1.5202848|9.290016|1395690112272
ST Gravity|-3.07367|2.0702176|9.079491|1395690112292
ST Gravity|-3.3214731|2.5283055|8.873888|1395690112312
ST Gravity|-3.4516308|2.7878315|8.745549|1395690112331
ST Gravity|-3.568135|3.0976043|8.593233|1395690112352
ST Gravity|-3.6886468|3.4994023|8.385611|1395690112372
ST Gravity|-3.8421695|3.7995427|8.183618|1395690112392
ST Gravity|-4.030116|3.9235425|8.033329|1395690112412
ST Gravity|-4.1730113|3.9170372|7.96324|1395690112432
ST Gravity|-4.3138347|3.8218725|7.9343886|1395690112451
ST Gravity|-4.415323|3.6969953|7.937729|1395690112472
ST Gravity|-4.5076866|3.5915773|7.934212|1395690112491
ST Gravity|-4.3151813|3.9571433|7.8670588|1395690112512
ST Gravity|-4.3406773|4.0488563|7.8061295|1395690112532
ST Gravity|-4.5087857|4.066566|7.700927|1395690112562
ST Gravity|-4.569536|4.0380783|7.6800823|1395690112590
ST Gravity|-4.5499616|4.048443|7.686245|1395690112592
ST Gravity|-4.5293665|4.09896|7.671621|1395690112623
ST Gravity|-4.518772|4.130536|7.6609244|1395690112641
ST Gravity|-4.5031896|4.1543894|7.657202|1395690112661
ST Gravity|-4.463388|4.173286|7.670218|1395690112682
ST Gravity|-4.4184604|4.178206|7.6935163|1395690112701
ST Gravity|-4.390418|4.174044|7.7118073|1395690112721
ST Gravity|-4.3460746|4.1699767|7.7390757|1395690112741
ST Gravity|-4.266949|4.1601124|7.7882586|1395690112762
ST Gravity|-4.1559424|4.1480856|7.8544197|1395690112782
ST Gravity|-4.0941186|4.133793|7.8943243|1395690112802
ST Gravity|-4.0323396|4.10783|7.9395432|1395690112823
ST Gravity|-3.992016|4.068847|7.9798923|1395690112842
ST Gravity|-3.9461977|3.9964926|8.039026|1395690112862
ST Gravity|-3.949898|3.9101906|8.079549|1395690112882
ST Gravity|-3.9952025|3.8553867|8.083609|1395690112904
ST Gravity|-4.0014887|3.8813791|8.068045|1395690113102
ST Gravity|-3.8946817|3.8208659|8.148793|1395690113103
ST Gravity|-3.6665893|3.7523463|8.285313|1395690113164
ST Gravity|-3.4174125|3.6721609|8.42656|1395690113164
ST Gravity|-3.2004158|3.6325216|8.528337|1395690113165
ST Gravity|-3.0473552|3.6592886|8.572842|1395690113181
ST Gravity|-2.9678047|3.649035|8.605061|1395690113202
ST Gravity|-2.9232578|3.6230938|8.63123|1395690113221
ST Gravity|-2.8922145|3.5392313|8.676366|1395690113241
ST Gravity|-2.8610833|3.460113|8.718499|1395690113261
ST Gravity|-2.8743665|3.4073215|8.734904|1395690113282
ST Gravity|-2.892613|3.3519592|8.750289|1395690113301
ST Gravity|-2.8303869|3.3065968|8.787817|1395690113321
ST Gravity|-2.7603538|3.2585297|8.827957|1395690113342
ST Gravity|-2.6454906|3.2647219|8.860777|1395690113362
ST Gravity|-2.5048358|3.3347206|8.875575|1395690113381
ST Gravity|-2.4128895|3.411523|8.871859|1395690113402
ST Gravity|-2.3152192|3.5173197|8.856559|1395690113421
ST Gravity|-2.2632706|3.5956845|8.838498|1395690113441
ST Gravity|-2.2025046|3.6505027|8.831376|1395690113462
ST Gravity|-2.109622|3.7006743|8.833169|1395690113482
ST Gravity|-2.0301044|3.736781|8.836601|1395690113501
ST Gravity|-1.9294653|3.7785156|8.841402|1395690113532
ST Gravity|-1.823424|3.8133326|8.848955|1395690113551
ST Gravity|-1.7111275|3.841535|8.859179|1395690113571
ST Gravity|-1.6173959|3.8820946|8.859105|1395690113591
ST Gravity|-1.5454593|3.9305766|8.850567|1395690113611
ST Gravity|-1.448873|4.02244|8.825595|1395690113631
ST Gravity|-1.3678818|4.138487|8.784771|1395690113652
ST Gravity|-1.3092437|4.2575836|8.736662|1395690113670
ST Gravity|-1.2442129|4.377843|8.686588|1395690113691
ST Gravity|-1.1871479|4.456803|8.654363|1395690113711
ST Gravity|-1.1072679|4.53765|8.622882|1395690113730
ST Gravity|-1.0424848|4.582194|8.607388|1395690113753
ST Gravity|-1.014027|4.603307|8.599518|1395690113773
ST Gravity|-1.0027845|4.576163|8.615309|1395690113791
ST Gravity|-1.004368|4.5421853|8.633088|1395690113812
ST Gravity|-1.0084922|4.49772|8.655857|1395690113832
ST Gravity|-0.9906778|4.4663796|8.674124|1395690113852
ST Gravity|-0.9470509|4.442716|8.691131|1395690113871
ST Gravity|-0.9144379|4.4076223|8.712466|1395690113891
ST Gravity|-0.8952421|4.366929|8.734922|1395690113911
ST Gravity|-0.8493532|4.3228827|8.761374|1395690113932
ST Gravity|-0.7872515|4.2892113|8.783693|1395690113951
ST Gravity|-0.71522737|4.2595487|8.804265|1395690113972
ST Gravity|-0.66044676|4.2239814|8.825653|1395690113992
ST Gravity|-0.6402224|4.1774383|8.849268|1395690114012
ST Gravity|-0.65278727|4.094764|8.88691|1395690114031
ST Gravity|-0.6839919|3.9876025|8.933172|1395690114052
ST Gravity|-0.71546704|3.907275|8.966141|1395690114071
ST Gravity|-0.7330911|3.8641326|8.9834|1395690114091
ST Gravity|-0.73118544|3.850762|8.989291|1395690114112
ST Gravity|-0.72455627|3.8453422|8.99215|1395690114131
ST Gravity|-0.7222119|3.8384287|8.995291|1395690114152
ST Gravity|-0.70115924|3.841153|8.995793|1395690114183
ST Gravity|-0.6661046|3.8554387|8.992345|1395690114202
ST Gravity|-0.63290036|3.8589737|8.993228|1395690114203
ST Gravity|-0.58561474|3.857281|8.997157|1395690114221
ST Gravity|-0.5509592|3.8395712|9.006914|1395690114260
ST Gravity|-0.5237636|3.7987797|9.025815|1395690114281
ST Gravity|-0.4965485|3.7666068|9.040824|1395690114302
ST Gravity|-0.47516742|3.7600505|9.044702|1395690114303
ST Gravity|-0.44039312|3.7722754|9.041371|1395690114341
ST Gravity|-0.40181452|3.8099427|9.027361|1395690114361
ST Gravity|-0.37182987|3.8579898|9.008223|1395690114382
ST Gravity|-0.36040947|3.8930366|8.993595|1395690114401
ST Gravity|-0.36269408|3.9081655|8.986938|1395690114402
ST Gravity|-0.37375835|3.91887|8.981823|1395690114440
ST Gravity|-0.38709438|3.9259303|8.978174|1395690114461
ST Gravity|-0.40896425|3.9345274|8.97344|1395690114481
ST Gravity|-0.46001157|3.939452|8.968806|1395690114502
ST Gravity|-0.5066609|3.9435112|8.964508|1395690114504
ST Gravity|-0.57379514|3.944363|8.960086|1395690114540
ST Gravity|-0.61820453|3.954754|8.952549|1395690114560
ST Gravity|-0.6424071|3.9755628|8.941622|1395690114581
ST Gravity|-0.6598977|3.986164|8.935626|1395690114601
ST Gravity|-0.6717592|3.995199|8.930707|1395690114620
ST Gravity|-0.69759864|4.017933|8.918519|1395690114640
ST Gravity|-0.7285747|4.079572|8.888006|1395690114660
ST Gravity|-0.7649454|4.1717014|8.842069|1395690114680
ST Gravity|-0.8132517|4.257786|8.796606|1395690114702
ST Gravity|-0.87823737|4.3053265|8.767169|1395690114721
ST Gravity|-0.8972974|4.34762|8.744338|1395690114740
ST Gravity|-0.8487474|4.4829493|8.680621|1395690114760
ST Gravity|-0.6403308|4.6787763|8.594733|1395690114781
ST Gravity|-0.3555676|4.891805|8.492008|1395690114800
ST Gravity|-0.14993279|5.068348|8.394032|1395690114820
ST Gravity|-0.09590967|5.1358194|8.353715|1395690114841
ST Gravity|-0.06910291|5.121823|8.362567|1395690114861
ST Gravity|-0.03621683|5.0501823|8.406233|1395690114880
ST Gravity|0.03783917|4.978622|8.448804|1395690114901
ST Gravity|0.15382104|4.9293947|8.476309|1395690114921
ST Gravity|0.22713995|4.9015374|8.490803|1395690114941
ST Gravity|0.28504428|4.8640018|8.510619|1395690114961
ST Gravity|0.30314183|4.815318|8.537635|1395690114980
ST Gravity|0.30285817|4.7608004|8.568164|1395690115001
ST Gravity|0.2862601|4.703986|8.600058|1395690115020
ST Gravity|0.2587677|4.653114|8.628555|1395690115040
ST Gravity|0.2147244|4.5771933|8.670271|1395690115061
ST Gravity|0.16522987|4.502735|8.71025|1395690115080
ST Gravity|0.10704817|4.4304295|8.748157|1395690115102
ST Gravity|0.031822834|4.34965|8.789191|1395690115121
ST Gravity|-0.024564095|4.279766|8.823456|1395690115140
ST Gravity|-0.08681436|4.181074|8.870257|1395690115161
ST Gravity|-0.1200586|4.0960693|8.909444|1395690115181
ST Gravity|-0.13688773|4.0342855|8.937348|1395690115201
ST Gravity|-0.14940964|3.9888282|8.957527|1395690115221
ST Gravity|-0.15945698|3.9593744|8.970413|1395690115240
ST Gravity|-0.15526348|3.9215174|8.987101|1395690115261
ST Gravity|-0.13358371|3.8879328|9.002029|1395690115281
ST Gravity|-0.08395357|3.8648674|9.012556|1395690115301
ST Gravity|-0.012525427|3.8564434|9.016543|1395690115321
ST Gravity|0.057987932|3.8561802|9.0164795|1395690115341
ST Gravity|0.17292291|3.8725972|9.007967|1395690115361
ST Gravity|0.27545696|3.9242935|8.983008|1395690115381
ST Gravity|0.35157472|3.982044|8.954892|1395690115402
ST Gravity|0.40475935|4.0306635|8.930864|1395690115421
ST Gravity|0.4446125|4.0621543|8.914686|1395690115441
ST Gravity|0.49743325|4.091831|8.898306|1395690115461
ST Gravity|0.5412223|4.1080427|8.888277|1395690115481
ST Gravity|0.5757631|4.120439|8.880365|1395690115501
ST Gravity|0.6150931|4.1292076|8.873652|1395690115522
ST Gravity|0.6505271|4.134614|8.868606|1395690115542
ST Gravity|0.69633013|4.138213|8.863447|1395690115561
ST Gravity|0.72262937|4.1338377|8.863385|1395690115580
ST Gravity|0.7364704|4.1230793|8.867255|1395690115602
ST Gravity|0.7477005|4.111997|8.871461|1395690115621
ST Gravity|0.76054174|4.1101403|8.87123|1395690115641
ST Gravity|0.79436237|4.112388|8.867223|1395690115661
ST Gravity|0.84811527|4.1204844|8.858481|1395690115681
ST Gravity|0.89116573|4.1235304|8.852837|1395690115703
ST Gravity|0.92132723|4.109938|8.85607|1395690115722
ST Gravity|0.9306303|4.095422|8.86182|1395690115741
ST Gravity|0.9298881|4.081981|8.868095|1395690115761
ST Gravity|0.90623397|4.079146|8.871847|1395690115781
ST Gravity|0.84951854|4.073399|8.8800955|1395690115803
ST Gravity|0.8009905|4.0567966|8.8921995|1395690115822
ST Gravity|0.7698406|4.0432415|8.901119|1395690115841
ST Gravity|0.74289507|4.029261|8.909746|1395690115864
ST Gravity|0.73258233|4.0282664|8.911048|1395690115882
ST Gravity|0.7412943|4.0339293|8.907765|1395690115903
ST Gravity|0.76683927|4.0398445|8.902922|1395690115941
ST Gravity|0.79315674|4.0406404|8.900255|1395690115941
ST Gravity|0.83606344|4.037349|8.897819|1395690115962
ST Gravity|0.88072705|4.038736|8.8928795|1395690115982
ST Gravity|0.9223164|4.050635|8.883245|1395690116003
ST Gravity|0.9618178|4.0730677|8.868789|1395690116041
ST Gravity|0.99363333|4.0858283|8.859406|1395690116041
ST Gravity|1.0371523|4.088484|8.853192|1395690116062
ST Gravity|1.0852662|4.082331|8.850265|1395690116082
ST Gravity|1.1318172|4.084282|8.84353|1395690116121
ST Gravity|1.174065|4.0985646|8.831406|1395690116141
ST Gravity|1.2053331|4.1109934|8.821412|1395690116143
ST Gravity|1.2448148|4.125979|8.808923|1395690116162
ST Gravity|1.2974876|4.1382575|8.795552|1395690116202
ST Gravity|1.3707323|4.151004|8.778419|1395690116222
ST Gravity|1.4080212|4.186069|8.755838|1395690116241
ST Gravity|1.4038099|4.2112904|8.744412|1395690116242
ST Gravity|1.3511295|4.210516|8.753079|1395690116281
ST Gravity|1.2690374|4.1634583|8.7878065|1395690116302
ST Gravity|1.1790086|4.103256|8.8285675|1395690116322
ST Gravity|1.1129906|4.058337|8.857851|1395690116341
ST Gravity|1.0861754|4.042137|8.868582|1395690116342
