BOSCH BMA250 3-axis Accelerometer|-0.842759|2.7581203|11.262324|1395861575396
BOSCH BMA250 3-axis Accelerometer|-1.0342951|2.9113493|10.726024|1395861575416
BOSCH BMA250 3-axis Accelerometer|-0.7661445|2.6048915|10.151415|1395861575437
BOSCH BMA250 3-axis Accelerometer|-0.91937345|3.1794999|8.619126|1395861575461
BOSCH BMA250 3-axis Accelerometer|-1.0342951|3.2944214|8.734048|1395861575477
BOSCH BMA250 3-axis Accelerometer|-0.49799395|2.681506|8.42759|1395861575499
BOSCH BMA250 3-axis Accelerometer|-0.9959879|2.566584|6.933608|1395861575517
BOSCH BMA250 3-axis Accelerometer|-2.183512|3.6008794|6.5505357|1395861575538
BOSCH BMA250 3-axis Accelerometer|-2.2218192|4.367024|6.9719152|1395861575556
BOSCH BMA250 3-axis Accelerometer|-2.7581203|3.9456444|8.465898|1395861575577
BOSCH BMA250 3-axis Accelerometer|-2.9113493|2.7964275|10.726024|1395861575597
BOSCH BMA250 3-axis Accelerometer|-0.19153613|0.22984336|12.871228|1395861575617
BOSCH BMA250 3-axis Accelerometer|-0.38307226|-0.38307226|11.453861|1395861575637
BOSCH BMA250 3-axis Accelerometer|-1.1492168|0.842759|9.768343|1395861575661
BOSCH BMA250 3-axis Accelerometer|-1.685518|2.6048915|9.768343|1395861575677
BOSCH BMA250 3-axis Accelerometer|-1.8387469|1.685518|8.389283|1395861575697
BOSCH BMA250 3-axis Accelerometer|-2.030283|2.4516625|7.967903|1395861575717
BOSCH BMA250 3-axis Accelerometer|-2.183512|2.6431987|8.121132|1395861575738
BOSCH BMA250 3-axis Accelerometer|-2.7964275|1.3024458|8.389283|1395861575757
BOSCH BMA250 3-axis Accelerometer|-1.8387469|1.3790601|8.350976|1395861575777
BOSCH BMA250 3-axis Accelerometer|-1.2258313|0.9576807|9.730036|1395861575797
BOSCH BMA250 3-axis Accelerometer|-2.0685902|0.842759|8.734048|1395861575817
BOSCH BMA250 3-axis Accelerometer|-3.064578|1.8387469|10.0748005|1395861575838
BOSCH BMA250 3-axis Accelerometer|-2.7964275|1.8004397|9.653421|1395861575859
BOSCH BMA250 3-axis Accelerometer|-2.9879637|1.6472107|9.002198|1395861575877
BOSCH BMA250 3-axis Accelerometer|-4.405331|2.9879637|9.959879|1395861575897
BOSCH BMA250 3-axis Accelerometer|-5.171476|2.6431987|10.266336|1395861575917
BOSCH BMA250 3-axis Accelerometer|-3.0262709|1.1492168|9.423578|1395861575938
BOSCH BMA250 3-axis Accelerometer|-2.719813|0.30645782|10.649409|1395861575957
BOSCH BMA250 3-axis Accelerometer|-3.8307228|1.9153614|10.228029|1395861575977
BOSCH BMA250 3-axis Accelerometer|-1.3790601|1.4173675|8.465898|1395861575997
BOSCH BMA250 3-axis Accelerometer|-0.2681506|1.0726024|9.193734|1395861576017
BOSCH BMA250 3-axis Accelerometer|-3.2561142|1.340753|10.91756|1395861576038
BOSCH BMA250 3-axis Accelerometer|-2.719813|0.7278373|10.726024|1395861576061
BOSCH BMA250 3-axis Accelerometer|-0.61291564|-0.30645782|10.228029|1395861576076
BOSCH BMA250 3-axis Accelerometer|-0.5363012|1.2641385|11.300632|1395861576096
BOSCH BMA250 3-axis Accelerometer|-1.7621324|0.49799395|9.232041|1395861576116
BOSCH BMA250 3-axis Accelerometer|-3.4093432|-1.685518|9.730036|1395861576136
BOSCH BMA250 3-axis Accelerometer|-1.9153614|-0.15322891|9.921572|1395861576157
BOSCH BMA250 3-axis Accelerometer|-1.5705963|0.11492168|9.768343|1395861576177
BOSCH BMA250 3-axis Accelerometer|-2.681506|0.0|9.155427|1395861576196
BOSCH BMA250 3-axis Accelerometer|-2.2601264|1.4173675|8.887277|1395861576216
BOSCH BMA250 3-axis Accelerometer|-1.6472107|1.1109096|9.270349|1395861576237
BOSCH BMA250 3-axis Accelerometer|-0.49799395|0.45968673|9.155427|1395861576256
BOSCH BMA250 3-axis Accelerometer|-0.6512229|-0.19153613|8.42759|1395861576276
BOSCH BMA250 3-axis Accelerometer|-1.6472107|-1.0342951|8.42759|1395861576297
BOSCH BMA250 3-axis Accelerometer|-1.4173675|-2.2984335|8.963891|1395861576316
BOSCH BMA250 3-axis Accelerometer|-1.3024458|-1.9153614|12.98615|1395861576337
BOSCH BMA250 3-axis Accelerometer|-1.340753|-0.61291564|8.772355|1395861576357
BOSCH BMA250 3-axis Accelerometer|-1.9153614|-1.2258313|10.381259|1395861576377
BOSCH BMA250 3-axis Accelerometer|-3.1794999|-2.9496565|8.121132|1395861576398
BOSCH BMA250 3-axis Accelerometer|-3.9839516|-2.6431987|7.5848308|1395861576418
BOSCH BMA250 3-axis Accelerometer|-4.4436383|-2.183512|6.9719152|1395861576438
BOSCH BMA250 3-axis Accelerometer|-4.2521024|-1.4556746|5.899313|1395861576458
BOSCH BMA250 3-axis Accelerometer|-2.681506|-0.842759|11.415554|1395861576477
BOSCH BMA250 3-axis Accelerometer|-2.566584|0.8810662|11.18571|1395861576497
BOSCH BMA250 3-axis Accelerometer|-1.8004397|1.1492168|10.764331|1395861576517
BOSCH BMA250 3-axis Accelerometer|-1.1875241|0.6895301|9.691729|1395861576539
BOSCH BMA250 3-axis Accelerometer|2.873042|-1.340753|6.9719152|1395861576558
BOSCH BMA250 3-axis Accelerometer|0.6512229|0.34476504|6.588843|1395861576578
BOSCH BMA250 3-axis Accelerometer|-1.1875241|2.528277|6.8569937|1395861576596
BOSCH BMA250 3-axis Accelerometer|-2.4133554|3.4476504|7.1634517|1395861576616
BOSCH BMA250 3-axis Accelerometer|-1.7621324|3.86903|6.588843|1395861576637
BOSCH BMA250 3-axis Accelerometer|-1.3790601|3.6391866|7.201759|1395861576658
BOSCH BMA250 3-axis Accelerometer|-1.2641385|3.9456444|8.121132|1395861576677
BOSCH BMA250 3-axis Accelerometer|-0.6895301|4.213795|6.9719152|1395861576697
BOSCH BMA250 3-axis Accelerometer|-0.30645782|5.363012|4.5202527|1395861576717
BOSCH BMA250 3-axis Accelerometer|-1.340753|6.244078|4.405331|1395861576738
BOSCH BMA250 3-axis Accelerometer|-1.685518|6.8569937|5.2863975|1395861576759
BOSCH BMA250 3-axis Accelerometer|-0.9959879|8.695741|7.086837|1395861576777
BOSCH BMA250 3-axis Accelerometer|0.49799395|10.266336|10.228029|1395861576798
BOSCH BMA250 3-axis Accelerometer|0.38307226|10.419566|9.232041|1395861576821
BOSCH BMA250 3-axis Accelerometer|-2.030283|8.963891|10.91756|1395861576838
BOSCH BMA250 3-axis Accelerometer|-4.060566|8.465898|13.67568|1395861576859
BOSCH BMA250 3-axis Accelerometer|-3.1794999|8.810662|16.4338|1395861576877
BOSCH BMA250 3-axis Accelerometer|-1.3024458|7.6614456|14.748282|1395861576897
BOSCH BMA250 3-axis Accelerometer|-1.5705963|6.703765|13.790602|1395861576917
BOSCH BMA250 3-axis Accelerometer|-1.7621324|6.167464|13.599066|1395861576937
BOSCH BMA250 3-axis Accelerometer|-0.7278373|7.201759|11.836933|1395861576957
BOSCH BMA250 3-axis Accelerometer|-1.1492168|7.5082164|9.959879|1395861576977
BOSCH BMA250 3-axis Accelerometer|-2.1452048|6.6271505|7.8912888|1395861576997
BOSCH BMA250 3-axis Accelerometer|-2.0685902|6.703765|6.8186865|1395861577017
BOSCH BMA250 3-axis Accelerometer|-1.5705963|8.542512|6.6654577|1395861577037
BOSCH BMA250 3-axis Accelerometer|-2.183512|8.0445175|6.205771|1395861577057
BOSCH BMA250 3-axis Accelerometer|-2.4899697|8.925584|6.6654577|1395861577077
BOSCH BMA250 3-axis Accelerometer|-3.2561142|8.925584|6.2823853|1395861577096
BOSCH BMA250 3-axis Accelerometer|-3.6774938|7.8146744|5.133168|1395861577117
BOSCH BMA250 3-axis Accelerometer|-3.7924154|7.776367|4.405331|1395861577139
BOSCH BMA250 3-axis Accelerometer|-3.2944214|8.121132|3.9073372|1395861577159
BOSCH BMA250 3-axis Accelerometer|-2.3750482|8.6574335|4.1371803|1395861577177
BOSCH BMA250 3-axis Accelerometer|2.2218192|9.615114|3.9456444|1395861577197
BOSCH BMA250 3-axis Accelerometer|4.8267107|9.883265|3.6391866|1395861577218
BOSCH BMA250 3-axis Accelerometer|5.554548|9.11712|2.9113493|1395861577237
BOSCH BMA250 3-axis Accelerometer|4.9416323|8.580819|1.9919758|1395861577259
BOSCH BMA250 3-axis Accelerometer|4.55856|10.381259|5.363012|1395861577277
BOSCH BMA250 3-axis Accelerometer|4.7884035|10.649409|6.205771|1395861577298
BOSCH BMA250 3-axis Accelerometer|3.4476504|8.772355|6.0142345|1395861577317
BOSCH BMA250 3-axis Accelerometer|2.4133554|6.895301|5.2480903|1395861577337
BOSCH BMA250 3-axis Accelerometer|1.3024458|4.55856|3.4093432|1395861577357
BOSCH BMA250 3-axis Accelerometer|1.2641385|5.7843914|4.175488|1395861577376
BOSCH BMA250 3-axis Accelerometer|1.1109096|7.1251445|5.133168|1395861577397
BOSCH BMA250 3-axis Accelerometer|0.9576807|8.42759|5.554548|1395861577417
BOSCH BMA250 3-axis Accelerometer|2.030283|8.963891|6.435614|1395861577437
BOSCH BMA250 3-axis Accelerometer|2.2984335|9.998186|4.7500963|1395861577457
BOSCH BMA250 3-axis Accelerometer|1.4173675|9.308656|3.217807|1395861577477
BOSCH BMA250 3-axis Accelerometer|2.834735|9.80665|3.5625722|1395861577497
BOSCH BMA250 3-axis Accelerometer|3.4859576|9.002198|2.4899697|1395861577517
BOSCH BMA250 3-axis Accelerometer|3.4859576|7.6231384|0.8810662|1395861577538
BOSCH BMA250 3-axis Accelerometer|2.183512|7.1634517|1.4939818|1395861577560
BOSCH BMA250 3-axis Accelerometer|1.5705963|7.73806|0.80445176|1395861577577
BOSCH BMA250 3-axis Accelerometer|-1.1875241|6.933608|2.6048915|1395861577597
BOSCH BMA250 3-axis Accelerometer|-2.834735|5.66947|2.9879637|1395861577617
BOSCH BMA250 3-axis Accelerometer|0.6512229|10.534488|1.2258313|1395861577636
BOSCH BMA250 3-axis Accelerometer|0.9576807|10.036493|1.685518|1395861577657
BOSCH BMA250 3-axis Accelerometer|0.0|11.224017|2.9879637|1395861577677
BOSCH BMA250 3-axis Accelerometer|-0.34476504|9.959879|0.6512229|1395861577697
BOSCH BMA250 3-axis Accelerometer|0.6895301|10.036493|-0.11492168|1395861577717
BOSCH BMA250 3-axis Accelerometer|0.15322891|8.42759|-0.9576807|1395861577739
BOSCH BMA250 3-axis Accelerometer|-0.2681506|8.848969|1.6472107|1395861577757
BOSCH BMA250 3-axis Accelerometer|-0.11492168|9.998186|0.9959879|1395861577776
BOSCH BMA250 3-axis Accelerometer|-1.4939818|11.453861|0.11492168|1395861577796
BOSCH BMA250 3-axis Accelerometer|-1.8770541|13.484144|0.34476504|1395861577816
BOSCH BMA250 3-axis Accelerometer|-1.5705963|10.649409|-1.0726024|1395861577836
BOSCH BMA250 3-axis Accelerometer|-3.3327289|7.967903|-1.8387469|1395861577857
BOSCH BMA250 3-axis Accelerometer|-4.213795|6.0142345|-0.9576807|1395861577877
BOSCH BMA250 3-axis Accelerometer|-5.363012|4.1371803|5.554548|1395861577897
BOSCH BMA250 3-axis Accelerometer|-9.653421|7.929596|-1.6089035|1395861577917
BOSCH BMA250 3-axis Accelerometer|-8.312668|10.381259|-3.9073372|1395861577938
BOSCH BMA250 3-axis Accelerometer|-5.363012|9.844957|-3.2944214|1395861577956
BOSCH BMA250 3-axis Accelerometer|-5.209783|9.002198|-4.060566|1395861577976
BOSCH BMA250 3-axis Accelerometer|-4.6351743|8.197746|-1.1875241|1395861577997
BOSCH BMA250 3-axis Accelerometer|-4.213795|7.6231384|0.076614454|1395861578017
BOSCH BMA250 3-axis Accelerometer|-4.098873|7.776367|-0.6512229|1395861578036
BOSCH BMA250 3-axis Accelerometer|-4.5202527|8.121132|-1.685518|1395861578056
BOSCH BMA250 3-axis Accelerometer|-5.592855|7.5082164|-0.7661445|1395861578081
BOSCH BMA250 3-axis Accelerometer|-5.094861|7.6231384|0.0|1395861578096
BOSCH BMA250 3-axis Accelerometer|-4.865018|7.8529816|-0.19153613|1395861578116
BOSCH BMA250 3-axis Accelerometer|-4.9416323|7.929596|-1.0726024|1395861578137
BOSCH BMA250 3-axis Accelerometer|-4.4819455|8.42759|-1.6472107|1395861578156
BOSCH BMA250 3-axis Accelerometer|-4.673482|8.504205|-1.3790601|1395861578176
BOSCH BMA250 3-axis Accelerometer|-4.596867|8.734048|-0.19153613|1395861578196
BOSCH BMA250 3-axis Accelerometer|-5.5162406|9.270349|0.38307226|1395861578216
BOSCH BMA250 3-axis Accelerometer|-5.5162406|7.699753|0.61291564|1395861578236
BOSCH BMA250 3-axis Accelerometer|-5.171476|7.699753|-0.8810662|1395861578256
BOSCH BMA250 3-axis Accelerometer|-5.401319|7.8146744|-1.4556746|1395861578276
BOSCH BMA250 3-axis Accelerometer|-5.707777|7.929596|-1.3790601|1395861578296
BOSCH BMA250 3-axis Accelerometer|-5.5162406|8.274361|-1.1875241|1395861578316
BOSCH BMA250 3-axis Accelerometer|-5.5162406|8.389283|-0.7661445|1395861578336
BOSCH BMA250 3-axis Accelerometer|-5.401319|8.350976|-0.15322891|1395861578356
BOSCH BMA250 3-axis Accelerometer|-4.7884035|8.197746|0.61291564|1395861578376
BOSCH BMA250 3-axis Accelerometer|-3.6008794|1.2258313|-0.842759|1395861578396
BOSCH BMA250 3-axis Accelerometer|-5.5162406|7.776367|-0.19153613|1395861578416
BOSCH BMA250 3-axis Accelerometer|-6.0142345|11.262324|-1.2258313|1395861578436
BOSCH BMA250 3-axis Accelerometer|-4.55856|9.040505|-1.4556746|1395861578456
BOSCH BMA250 3-axis Accelerometer|-3.9073372|9.040505|-0.6512229|1395861578476
BOSCH BMA250 3-axis Accelerometer|-4.711789|7.8146744|0.076614454|1395861578496
BOSCH BMA250 3-axis Accelerometer|-3.6008794|4.865018|-0.49799395|1395861578516
BOSCH BMA250 3-axis Accelerometer|-4.6351743|7.8912888|-0.45968673|1395861578536
BOSCH BMA250 3-axis Accelerometer|-4.2904096|6.397307|-0.6895301|1395861578556
BOSCH BMA250 3-axis Accelerometer|-3.371036|8.542512|-0.4213795|1395861578576
BOSCH BMA250 3-axis Accelerometer|-2.834735|9.155427|-0.30645782|1395861578596
BOSCH BMA250 3-axis Accelerometer|-3.0262709|8.350976|0.22984336|1395861578616
BOSCH BMA250 3-axis Accelerometer|-2.7581203|9.691729|0.19153613|1395861578636
BOSCH BMA250 3-axis Accelerometer|-2.183512|10.113108|-0.076614454|1395861578656
BOSCH BMA250 3-axis Accelerometer|-1.7238252|9.844957|0.38307226|1395861578676
BOSCH BMA250 3-axis Accelerometer|-1.1875241|11.645397|0.38307226|1395861578696
BOSCH BMA250 3-axis Accelerometer|-0.9959879|9.500193|0.8810662|1395861578716
BOSCH BMA250 3-axis Accelerometer|-1.2258313|9.385271|0.6512229|1395861578756
BOSCH BMA250 3-axis Accelerometer|-1.2641385|10.840945|0.5363012|1395861578776
BOSCH BMA250 3-axis Accelerometer|-1.8387469|11.377247|-0.038307227|1395861578796
BOSCH BMA250 3-axis Accelerometer|-2.566584|11.9135475|-0.076614454|1395861578816
BOSCH BMA250 3-axis Accelerometer|-3.1028855|11.377247|0.0|1395861578836
BOSCH BMA250 3-axis Accelerometer|-3.3327289|10.840945|0.19153613|1395861578856
BOSCH BMA250 3-axis Accelerometer|-2.7964275|9.883265|0.38307226|1395861578876
BOSCH BMA250 3-axis Accelerometer|-2.3750482|9.691729|0.19153613|1395861578896
BOSCH BMA250 3-axis Accelerometer|-2.2601264|9.691729|0.38307226|1395861578916
BOSCH BMA250 3-axis Accelerometer|-2.2218192|9.80665|0.30645782|1395861578936
BOSCH BMA250 3-axis Accelerometer|-2.183512|9.193734|-0.15322891|1395861578956
BOSCH BMA250 3-axis Accelerometer|-2.1068976|8.963891|-0.49799395|1395861578976
BOSCH BMA250 3-axis Accelerometer|-1.7238252|9.346964|-0.5746084|1395861578996
BOSCH BMA250 3-axis Accelerometer|-1.2641385|9.270349|-0.076614454|1395861579016
BOSCH BMA250 3-axis Accelerometer|-1.8770541|9.308656|1.0342951|1395861579036
BOSCH BMA250 3-axis Accelerometer|-2.183512|9.040505|1.3790601|1395861579056
BOSCH BMA250 3-axis Accelerometer|-2.183512|9.040505|1.2641385|1395861579076
BOSCH BMA250 3-axis Accelerometer|-2.1068976|9.385271|0.7661445|1395861579096
BOSCH BMA250 3-axis Accelerometer|-2.183512|9.461885|0.4213795|1395861579116
BOSCH BMA250 3-axis Accelerometer|-2.2218192|9.500193|0.30645782|1395861579136
BOSCH BMA250 3-axis Accelerometer|-2.2601264|9.5385|0.2681506|1395861579156
BOSCH BMA250 3-axis Accelerometer|-2.2984335|9.5385|0.2681506|1395861579176
BOSCH BMA250 3-axis Accelerometer|-2.336741|9.346964|0.49799395|1395861579196
BOSCH BMA250 3-axis Accelerometer|-2.3750482|9.232041|0.61291564|1395861579216
BOSCH BMA250 3-axis Accelerometer|-2.4133554|9.232041|0.6512229|1395861579237
BOSCH BMA250 3-axis Accelerometer|-2.4516625|9.232041|0.6512229|1395861579256
BOSCH BMA250 3-axis Accelerometer|-2.4899697|9.308656|0.6895301|1395861579276
BOSCH BMA250 3-axis Accelerometer|-2.528277|9.461885|0.7661445|1395861579296
BOSCH BMA250 3-axis Accelerometer|-2.528277|9.615114|0.80445176|1395861579316
BOSCH BMA250 3-axis Accelerometer|-2.566584|9.691729|0.842759|1395861579336
BOSCH BMA250 3-axis Accelerometer|-2.6431987|9.653421|0.9576807|1395861579356
BOSCH BMA250 3-axis Accelerometer|-2.681506|9.5385|0.9959879|1395861579376
BOSCH BMA250 3-axis Accelerometer|-2.7964275|9.385271|1.0342951|1395861579396
BOSCH BMA250 3-axis Accelerometer|-2.873042|9.270349|0.9959879|1395861579416
BOSCH BMA250 3-axis Accelerometer|-2.9879637|9.385271|0.80445176|1395861579436
BOSCH BMA250 3-axis Accelerometer|-2.834735|9.270349|0.6512229|1395861579458
BOSCH BMA250 3-axis Accelerometer|-2.681506|9.078813|0.5746084|1395861579478
BOSCH BMA250 3-axis Accelerometer|-2.3750482|9.002198|0.49799395|1395861579498
BOSCH BMA250 3-axis Accelerometer|-1.8387469|9.193734|0.4213795|1395861579518
BOSCH BMA250 3-axis Accelerometer|-1.7238252|9.346964|0.4213795|1395861579536
BOSCH BMA250 3-axis Accelerometer|-1.7238252|9.500193|0.4213795|1395861579559
BOSCH BMA250 3-axis Accelerometer|-1.7621324|9.615114|0.4213795|1395861579576
BOSCH BMA250 3-axis Accelerometer|-1.9153614|9.730036|0.4213795|1395861579597
BOSCH BMA250 3-axis Accelerometer|-1.9919758|9.653421|0.4213795|1395861579616
BOSCH BMA250 3-axis Accelerometer|-2.030283|9.576807|0.4213795|1395861579637
BOSCH BMA250 3-axis Accelerometer|-2.030283|9.500193|0.45968673|1395861579660
BOSCH BMA250 3-axis Accelerometer|-2.030283|9.423578|0.4213795|1395861579677
BOSCH BMA250 3-axis Accelerometer|-1.9919758|9.423578|0.30645782|1395861579697
BOSCH BMA250 3-axis Accelerometer|-1.9153614|9.461885|0.2681506|1395861579717
BOSCH BMA250 3-axis Accelerometer|-1.8387469|9.423578|0.2681506|1395861579737
BOSCH BMA250 3-axis Accelerometer|-1.6472107|9.193734|0.22984336|1395861579757
BOSCH BMA250 3-axis Accelerometer|-1.4939818|9.193734|0.19153613|1395861579776
BOSCH BMA250 3-axis Accelerometer|-1.4173675|9.193734|0.22984336|1395861579797
BOSCH BMA250 3-axis Accelerometer|-1.4939818|9.346964|0.22984336|1395861579817
BOSCH BMA250 3-axis Accelerometer|-1.5705963|9.883265|0.15322891|1395861579837
BOSCH BMA250 3-axis Accelerometer|-1.685518|10.036493|0.22984336|1395861579856
BOSCH BMA250 3-axis Accelerometer|-1.9153614|10.151415|0.4213795|1395861579876
BOSCH BMA250 3-axis Accelerometer|-2.2984335|10.151415|0.5746084|1395861579897
BOSCH BMA250 3-axis Accelerometer|-2.9879637|9.921572|0.8810662|1395861579918
BOSCH BMA250 3-axis Accelerometer|-3.1794999|9.653421|0.842759|1395861579937
BOSCH BMA250 3-axis Accelerometer|-3.2944214|9.308656|0.61291564|1395861579956
BOSCH BMA250 3-axis Accelerometer|-3.1028855|9.040505|0.2681506|1395861579976
BOSCH BMA250 3-axis Accelerometer|-2.4516625|8.848969|0.15322891|1395861579996
BOSCH BMA250 3-axis Accelerometer|-2.2601264|8.619126|0.2681506|1395861580015
BOSCH BMA250 3-axis Accelerometer|-2.1068976|8.465898|0.4213795|1395861580036
BOSCH BMA250 3-axis Accelerometer|-1.9153614|8.274361|0.49799395|1395861580057
BOSCH BMA250 3-axis Accelerometer|-1.9153614|7.699753|0.8810662|1395861580078
BOSCH BMA250 3-axis Accelerometer|-2.0685902|7.393295|0.91937345|1395861580097
BOSCH BMA250 3-axis Accelerometer|-2.1068976|7.1251445|0.842759|1395861580118
BOSCH BMA250 3-axis Accelerometer|-1.6472107|6.167464|0.9576807|1395861580138
BOSCH BMA250 3-axis Accelerometer|-1.2641385|5.401319|1.1109096|1395861580156
BOSCH BMA250 3-axis Accelerometer|-0.80445176|4.711789|1.2641385|1395861580178
BOSCH BMA250 3-axis Accelerometer|-0.5746084|4.2521024|1.4556746|1395861580199
BOSCH BMA250 3-axis Accelerometer|-0.49799395|4.8267107|1.6089035|1395861580218
BOSCH BMA250 3-axis Accelerometer|-0.34476504|5.631162|1.7621324|1395861580239
BOSCH BMA250 3-axis Accelerometer|-0.34476504|6.3589997|1.9153614|1395861580258
BOSCH BMA250 3-axis Accelerometer|-0.6895301|6.7803793|2.681506|1395861580279
BOSCH BMA250 3-axis Accelerometer|-2.0685902|10.840945|4.175488|1395861580299
BOSCH BMA250 3-axis Accelerometer|-3.3327289|15.7825775|2.834735|1395861580319
BOSCH BMA250 3-axis Accelerometer|-4.4436383|17.238253|1.2258313|1395861580339
BOSCH BMA250 3-axis Accelerometer|-4.3287168|12.603078|0.8810662|1395861580361
BOSCH BMA250 3-axis Accelerometer|-3.9839516|8.619126|2.7964275|1395861580377
BOSCH BMA250 3-axis Accelerometer|-4.4819455|13.292608|6.4739213|1395861580397
BOSCH BMA250 3-axis Accelerometer|-4.2904096|18.004396|6.895301|1395861580417
BOSCH BMA250 3-axis Accelerometer|-4.711789|19.34515|6.703765|1395861580438
BOSCH BMA250 3-axis Accelerometer|-5.4779334|15.246277|5.66947|1395861580461
BOSCH BMA250 3-axis Accelerometer|-5.3247046|15.399506|5.899313|1395861580478
BOSCH BMA250 3-axis Accelerometer|-4.7500963|15.322891|5.746084|1395861580498
BOSCH BMA250 3-axis Accelerometer|-4.175488|14.978126|5.401319|1395861580518
BOSCH BMA250 3-axis Accelerometer|-3.7541082|13.713987|4.2521024|1395861580538
BOSCH BMA250 3-axis Accelerometer|-3.5242648|12.909535|3.6008794|1395861580558
BOSCH BMA250 3-axis Accelerometer|-3.2561142|11.990162|2.9496565|1395861580578
BOSCH BMA250 3-axis Accelerometer|-3.0262709|10.955867|2.4516625|1395861580598
BOSCH BMA250 3-axis Accelerometer|-2.7581203|8.887277|1.685518|1395861580618
BOSCH BMA250 3-axis Accelerometer|-2.566584|7.776367|1.3790601|1395861580638
BOSCH BMA250 3-axis Accelerometer|-2.336741|6.6654577|1.1109096|1395861580659
BOSCH BMA250 3-axis Accelerometer|-2.0685902|5.66947|0.8810662|1395861580677
BOSCH BMA250 3-axis Accelerometer|-1.8004397|4.865018|0.6512229|1395861580696
BOSCH BMA250 3-axis Accelerometer|-1.4556746|3.6008794|0.4213795|1395861580717
BOSCH BMA250 3-axis Accelerometer|-1.340753|2.9496565|0.34476504|1395861580738
BOSCH BMA250 3-axis Accelerometer|-1.2258313|2.336741|0.30645782|1395861580758
BOSCH BMA250 3-axis Accelerometer|-0.9959879|1.4939818|0.15322891|1395861580779
BOSCH BMA250 3-axis Accelerometer|-0.8810662|1.1875241|-0.038307227|1395861580798
BOSCH BMA250 3-axis Accelerometer|-0.80445176|0.9959879|-0.2681506|1395861580817
BOSCH BMA250 3-axis Accelerometer|-0.6512229|0.8810662|-0.34476504|1395861580839
BOSCH BMA250 3-axis Accelerometer|0.0|1.2641385|-0.2681506|1395861580861
BOSCH BMA250 3-axis Accelerometer|0.15322891|1.7621324|-0.19153613|1395861580877
BOSCH BMA250 3-axis Accelerometer|0.076614454|2.4899697|0.19153613|1395861580899
BOSCH BMA250 3-axis Accelerometer|-0.15322891|3.4093432|1.1109096|1395861580919
BOSCH BMA250 3-axis Accelerometer|-1.2258313|6.8186865|4.0222588|1395861580940
BOSCH BMA250 3-axis Accelerometer|-2.1452048|10.457873|5.209783|1395861580957
BOSCH BMA250 3-axis Accelerometer|-2.7581203|17.81286|4.405331|1395861580977
BOSCH BMA250 3-axis Accelerometer|-3.5242648|18.732235|2.7581203|1395861580997
BOSCH BMA250 3-axis Accelerometer|-4.213795|11.224017|2.336741|1395861581017
BOSCH BMA250 3-axis Accelerometer|-5.171476|12.29662|5.5162406|1395861581037
BOSCH BMA250 3-axis Accelerometer|-5.899313|15.74427|6.9719152|1395861581060
BOSCH BMA250 3-axis Accelerometer|-6.3206925|18.65562|7.1251445|1395861581080
BOSCH BMA250 3-axis Accelerometer|-5.554548|16.970102|6.397307|1395861581098
BOSCH BMA250 3-axis Accelerometer|-5.66947|16.587029|7.201759|1395861581118
BOSCH BMA250 3-axis Accelerometer|-5.401319|16.625336|7.8146744|1395861581139
BOSCH BMA250 3-axis Accelerometer|-4.4819455|16.663643|8.00621|1395861581158
BOSCH BMA250 3-axis Accelerometer|-3.6391866|16.01242|6.090849|1395861581178
BOSCH BMA250 3-axis Accelerometer|-3.6774938|15.897499|4.55856|1395861581198
BOSCH BMA250 3-axis Accelerometer|-3.4859576|15.47612|3.217807|1395861581219
BOSCH BMA250 3-axis Accelerometer|-3.1411927|14.595054|2.6431987|1395861581238
BOSCH BMA250 3-axis Accelerometer|-2.0685902|11.951855|2.2984335|1395861581259
BOSCH BMA250 3-axis Accelerometer|-1.4939818|10.457873|2.0685902|1395861581279
BOSCH BMA250 3-axis Accelerometer|-0.9959879|8.963891|1.6472107|1395861581298
BOSCH BMA250 3-axis Accelerometer|-0.61291564|7.5082164|1.1875241|1395861581318
BOSCH BMA250 3-axis Accelerometer|-0.49799395|4.596867|0.5746084|1395861581339
BOSCH BMA250 3-axis Accelerometer|-0.49799395|3.2944214|0.38307226|1395861581358
BOSCH BMA250 3-axis Accelerometer|-0.45968673|2.1452048|0.22984336|1395861581378
BOSCH BMA250 3-axis Accelerometer|-0.34476504|1.1109096|0.19153613|1395861581399
BOSCH BMA250 3-axis Accelerometer|-0.34476504|-0.49799395|0.19153613|1395861581417
BOSCH BMA250 3-axis Accelerometer|-0.4213795|-0.8810662|0.19153613|1395861581439
BOSCH BMA250 3-axis Accelerometer|-0.5363012|-0.8810662|0.11492168|1395861581459
BOSCH BMA250 3-axis Accelerometer|-0.6512229|-0.842759|0.038307227|1395861581477
BOSCH BMA250 3-axis Accelerometer|-0.5746084|-0.5746084|0.11492168|1395861581499
BOSCH BMA250 3-axis Accelerometer|-0.2681506|-0.22984336|0.2681506|1395861581517
BOSCH BMA250 3-axis Accelerometer|-0.038307227|0.22984336|0.38307226|1395861581539
BOSCH BMA250 3-axis Accelerometer|0.0|0.7661445|0.49799395|1395861581559
BOSCH BMA250 3-axis Accelerometer|-0.5363012|2.681506|1.7621324|1395861581580
BOSCH BMA250 3-axis Accelerometer|-1.4939818|4.596867|2.9879637|1395861581596
BOSCH BMA250 3-axis Accelerometer|-2.7581203|7.6231384|4.9416323|1395861581616
BOSCH BMA250 3-axis Accelerometer|-4.4436383|13.905523|6.8569937|1395861581638
BOSCH BMA250 3-axis Accelerometer|-5.0182467|17.736246|1.8004397|1395861581659
BOSCH BMA250 3-axis Accelerometer|-4.3287168|7.469909|2.0685902|1395861581677
BOSCH BMA250 3-axis Accelerometer|-3.86903|7.5082164|5.439626|1395861581697
BOSCH BMA250 3-axis Accelerometer|-4.0222588|12.717999|7.8529816|1395861581717
BOSCH BMA250 3-axis Accelerometer|-3.6774938|19.383457|6.7803793|1395861581737
BOSCH BMA250 3-axis Accelerometer|-4.6351743|17.199945|5.5162406|1395861581757
BOSCH BMA250 3-axis Accelerometer|-5.8226986|15.47612|6.742072|1395861581777
BOSCH BMA250 3-axis Accelerometer|-6.3206925|14.901511|8.389283|1395861581797
BOSCH BMA250 3-axis Accelerometer|-4.9799395|16.16565|8.695741|1395861581817
BOSCH BMA250 3-axis Accelerometer|-4.711789|16.472107|7.3549876|1395861581836
BOSCH BMA250 3-axis Accelerometer|-4.367024|16.050728|6.0142345|1395861581857
BOSCH BMA250 3-axis Accelerometer|-4.213795|15.246277|5.2863975|1395861581876
BOSCH BMA250 3-axis Accelerometer|-3.4859576|13.599066|5.094861|1395861581897
BOSCH BMA250 3-axis Accelerometer|-3.217807|12.641385|5.094861|1395861581917
BOSCH BMA250 3-axis Accelerometer|-3.0262709|11.568783|4.7500963|1395861581936
BOSCH BMA250 3-axis Accelerometer|-2.681506|10.419566|4.0222588|1395861581957
BOSCH BMA250 3-axis Accelerometer|-1.9153614|8.121132|2.183512|1395861581977
BOSCH BMA250 3-axis Accelerometer|-1.5705963|7.0485296|1.4556746|1395861581997
BOSCH BMA250 3-axis Accelerometer|-1.340753|6.0525417|0.9576807|1395861582017
BOSCH BMA250 3-axis Accelerometer|-1.1492168|4.9799395|0.80445176|1395861582037
BOSCH BMA250 3-axis Accelerometer|-1.1109096|3.9456444|0.7278373|1395861582056
BOSCH BMA250 3-axis Accelerometer|-0.80445176|2.1068976|0.61291564|1395861582076
BOSCH BMA250 3-axis Accelerometer|-0.61291564|1.340753|0.49799395|1395861582096
BOSCH BMA250 3-axis Accelerometer|-0.49799395|0.842759|0.38307226|1395861582116
BOSCH BMA250 3-axis Accelerometer|-0.45968673|0.6895301|0.22984336|1395861582136
BOSCH BMA250 3-axis Accelerometer|-0.4213795|0.9959879|-0.22984336|1395861582159
BOSCH BMA250 3-axis Accelerometer|-0.2681506|1.1109096|-0.30645782|1395861582179
BOSCH BMA250 3-axis Accelerometer|-0.2681506|1.3024458|-0.15322891|1395861582199
BOSCH BMA250 3-axis Accelerometer|-0.38307226|1.685518|0.19153613|1395861582219
BOSCH BMA250 3-axis Accelerometer|-0.38307226|1.9536686|0.34476504|1395861582237
BOSCH BMA250 3-axis Accelerometer|-0.5363012|2.3750482|0.9576807|1395861582259
BOSCH BMA250 3-axis Accelerometer|-0.7661445|3.3327289|1.7238252|1395861582280
BOSCH BMA250 3-axis Accelerometer|-1.685518|7.6614456|3.86903|1395861582300
BOSCH BMA250 3-axis Accelerometer|-2.681506|11.87524|5.056554|1395861582317
BOSCH BMA250 3-axis Accelerometer|-3.3327289|18.195932|4.55856|1395861582340
BOSCH BMA250 3-axis Accelerometer|-3.4859576|18.157625|2.4133554|1395861582360
BOSCH BMA250 3-axis Accelerometer|-4.060566|9.346964|4.865018|1395861582381
BOSCH BMA250 3-axis Accelerometer|-4.1371803|11.722012|7.2783732|1395861582403
BOSCH BMA250 3-axis Accelerometer|-4.3287168|14.365211|7.8146744|1395861582419
BOSCH BMA250 3-axis Accelerometer|-4.5202527|15.399506|6.9719152|1395861582439
BOSCH BMA250 3-axis Accelerometer|-5.8226986|15.7825775|7.929596|1395861582461
BOSCH BMA250 3-axis Accelerometer|-6.0142345|16.242264|8.887277|1395861582478
BOSCH BMA250 3-axis Accelerometer|-5.401319|16.127342|8.963891|1395861582497
BOSCH BMA250 3-axis Accelerometer|-4.6351743|15.591042|8.350976|1395861582521
BOSCH BMA250 3-axis Accelerometer|-4.4436383|14.939818|6.588843|1395861582541
BOSCH BMA250 3-axis Accelerometer|-4.4819455|14.250289|5.9759274|1395861582560
BOSCH BMA250 3-axis Accelerometer|-4.4436383|13.560759|5.746084|1395861582579
BOSCH BMA250 3-axis Accelerometer|-4.367024|12.909535|5.554548|1395861582599
BOSCH BMA250 3-axis Accelerometer|-3.9073372|11.262324|4.711789|1395861582620
BOSCH BMA250 3-axis Accelerometer|-3.217807|10.381259|3.9073372|1395861582640
BOSCH BMA250 3-axis Accelerometer|-2.528277|9.461885|3.064578|1395861582658
BOSCH BMA250 3-axis Accelerometer|-1.9536686|8.465898|2.2984335|1395861582679
BOSCH BMA250 3-axis Accelerometer|-1.2641385|6.244078|1.1875241|1395861582698
BOSCH BMA250 3-axis Accelerometer|-1.0726024|5.133168|0.8810662|1395861582717
BOSCH BMA250 3-axis Accelerometer|-0.8810662|4.098873|0.61291564|1395861582739
BOSCH BMA250 3-axis Accelerometer|-0.6512229|3.064578|0.49799395|1395861582757
BOSCH BMA250 3-axis Accelerometer|-0.22984336|1.532289|0.4213795|1395861582780
BOSCH BMA250 3-axis Accelerometer|-0.076614454|1.1875241|0.34476504|1395861582800
BOSCH BMA250 3-axis Accelerometer|0.0|0.9576807|0.2681506|1395861582817
BOSCH BMA250 3-axis Accelerometer|-0.038307227|0.91937345|0.19153613|1395861582839
BOSCH BMA250 3-axis Accelerometer|0.076614454|1.0726024|-0.19153613|1395861582860
BOSCH BMA250 3-axis Accelerometer|0.11492168|1.1875241|-0.15322891|1395861582877
BOSCH BMA250 3-axis Accelerometer|0.038307227|1.340753|0.076614454|1395861582897
BOSCH BMA250 3-axis Accelerometer|0.0|1.6472107|0.30645782|1395861582918
BOSCH BMA250 3-axis Accelerometer|-0.076614454|3.064578|1.1109096|1395861582939
BOSCH BMA250 3-axis Accelerometer|-0.6895301|4.098873|2.1452048|1395861582961
BOSCH BMA250 3-axis Accelerometer|-1.7238252|5.592855|3.5625722|1395861582977
BOSCH BMA250 3-axis Accelerometer|-3.2944214|8.197746|4.9416323|1395861582997
BOSCH BMA250 3-axis Accelerometer|-3.9839516|19.498379|3.715801|1395861583019
BOSCH BMA250 3-axis Accelerometer|-3.4859576|14.901511|2.2601264|1395861583038
BOSCH BMA250 3-axis Accelerometer|-3.5242648|8.350976|4.213795|1395861583059
BOSCH BMA250 3-axis Accelerometer|-4.060566|11.224017|8.121132|1395861583078
BOSCH BMA250 3-axis Accelerometer|-4.673482|15.284584|7.699753|1395861583098
BOSCH BMA250 3-axis Accelerometer|-6.205771|16.01242|7.0485296|1395861583118
BOSCH BMA250 3-axis Accelerometer|-7.3166804|16.74026|7.201759|1395861583138
BOSCH BMA250 3-axis Accelerometer|-7.1634517|16.625336|7.8912888|1395861583158
BOSCH BMA250 3-axis Accelerometer|-5.3247046|15.284584|8.772355|1395861583177
BOSCH BMA250 3-axis Accelerometer|-4.55856|14.901511|8.121132|1395861583197
BOSCH BMA250 3-axis Accelerometer|-4.0222588|14.480132|7.240066|1395861583217
BOSCH BMA250 3-axis Accelerometer|-4.098873|13.982138|6.3589997|1395861583237
BOSCH BMA250 3-axis Accelerometer|-4.4436383|12.832921|5.5162406|1395861583258
BOSCH BMA250 3-axis Accelerometer|-4.2904096|12.29662|5.133168|1395861583277
BOSCH BMA250 3-axis Accelerometer|-3.8307228|11.722012|4.673482|1395861583297
BOSCH BMA250 3-axis Accelerometer|-3.2561142|10.955867|4.098873|1395861583319
BOSCH BMA250 3-axis Accelerometer|-1.9919758|8.963891|2.834735|1395861583337
BOSCH BMA250 3-axis Accelerometer|-1.532289|7.8912888|2.2218192|1395861583359
BOSCH BMA250 3-axis Accelerometer|-1.2258313|6.8186865|1.685518|1395861583379
BOSCH BMA250 3-axis Accelerometer|-1.0342951|5.66947|1.2258313|1395861583398
BOSCH BMA250 3-axis Accelerometer|-0.7661445|3.4476504|0.6895301|1395861583417
BOSCH BMA250 3-axis Accelerometer|-0.6895301|2.336741|0.7278373|1395861583438
BOSCH BMA250 3-axis Accelerometer|-0.6512229|1.4939818|0.6895301|1395861583460
BOSCH BMA250 3-axis Accelerometer|-0.5363012|0.9576807|0.6512229|1395861583479
BOSCH BMA250 3-axis Accelerometer|-0.34476504|0.45968673|0.34476504|1395861583499
BOSCH BMA250 3-axis Accelerometer|-0.22984336|0.30645782|0.19153613|1395861583519
BOSCH BMA250 3-axis Accelerometer|-0.038307227|0.45968673|0.076614454|1395861583537
BOSCH BMA250 3-axis Accelerometer|0.22984336|0.842759|0.0|1395861583557
BOSCH BMA250 3-axis Accelerometer|0.5746084|1.6472107|0.11492168|1395861583578
BOSCH BMA250 3-axis Accelerometer|0.5746084|2.0685902|0.22984336|1395861583597
BOSCH BMA250 3-axis Accelerometer|0.4213795|2.6048915|0.5363012|1395861583617
BOSCH BMA250 3-axis Accelerometer|0.0|3.5242648|1.1109096|1395861583640
BOSCH BMA250 3-axis Accelerometer|-1.8387469|6.5505357|2.719813|1395861583658
BOSCH BMA250 3-axis Accelerometer|-2.873042|9.346964|4.213795|1395861583678
BOSCH BMA250 3-axis Accelerometer|-3.3327289|14.403518|4.8267107|1395861583701
BOSCH BMA250 3-axis Accelerometer|-2.9113493|18.157625|4.4819455|1395861583718
BOSCH BMA250 3-axis Accelerometer|-3.4859576|10.534488|5.2480903|1395861583739
BOSCH BMA250 3-axis Accelerometer|-3.9456444|11.453861|6.167464|1395861583760
BOSCH BMA250 3-axis Accelerometer|-4.596867|13.215993|7.201759|1395861583778
BOSCH BMA250 3-axis Accelerometer|-5.554548|14.595054|7.469909|1395861583797
BOSCH BMA250 3-axis Accelerometer|-6.7803793|17.085024|7.086837|1395861583817
BOSCH BMA250 3-axis Accelerometer|-7.086837|17.00841|8.159439|1395861583837
BOSCH BMA250 3-axis Accelerometer|-7.0102224|16.318878|8.848969|1395861583857
BOSCH BMA250 3-axis Accelerometer|-6.167464|15.47612|8.925584|1395861583876
BOSCH BMA250 3-axis Accelerometer|-4.865018|15.20797|7.3166804|1395861583897
BOSCH BMA250 3-axis Accelerometer|-4.7500963|14.863204|6.397307|1395861583917
BOSCH BMA250 3-axis Accelerometer|-4.6351743|14.480132|5.7843914|1395861583937
BOSCH BMA250 3-axis Accelerometer|-4.2904096|13.982138|5.401319|1395861583957
BOSCH BMA250 3-axis Accelerometer|-3.6391866|12.066776|4.596867|1395861583977
BOSCH BMA250 3-axis Accelerometer|-3.2944214|10.840945|4.098873|1395861583996
BOSCH BMA250 3-axis Accelerometer|-2.9496565|9.576807|3.6391866|1395861584016
BOSCH BMA250 3-axis Accelerometer|-2.6048915|8.350976|3.217807|1395861584037
BOSCH BMA250 3-axis Accelerometer|-2.183512|6.129156|2.0685902|1395861584057
BOSCH BMA250 3-axis Accelerometer|-1.9919758|5.094861|1.4939818|1395861584077
BOSCH BMA250 3-axis Accelerometer|-1.7621324|4.098873|0.9576807|1395861584097
BOSCH BMA250 3-axis Accelerometer|-1.4939818|3.1028855|0.5746084|1395861584118
BOSCH BMA250 3-axis Accelerometer|-0.7278373|1.3024458|0.22984336|1395861584137
BOSCH BMA250 3-axis Accelerometer|-0.4213795|0.7661445|0.15322891|1395861584156
BOSCH BMA250 3-axis Accelerometer|-0.22984336|0.38307226|0.038307227|1395861584176
BOSCH BMA250 3-axis Accelerometer|-0.076614454|-0.076614454|-0.15322891|1395861584198
BOSCH BMA250 3-axis Accelerometer|0.22984336|-0.7661445|-0.45968673|1395861584216
BOSCH BMA250 3-axis Accelerometer|0.45968673|-0.6895301|-0.38307226|1395861584236
BOSCH BMA250 3-axis Accelerometer|0.6512229|-0.19153613|-0.11492168|1395861584259
BOSCH BMA250 3-axis Accelerometer|0.7661445|0.49799395|0.19153613|1395861584276
BOSCH BMA250 3-axis Accelerometer|0.2681506|3.0262709|1.4939818|1395861584297
BOSCH BMA250 3-axis Accelerometer|-0.80445176|5.094861|2.719813|1395861584316
BOSCH BMA250 3-axis Accelerometer|-2.2218192|8.197746|4.55856|1395861584337
BOSCH BMA250 3-axis Accelerometer|-3.9839516|13.215993|5.171476|1395861584357
BOSCH BMA250 3-axis Accelerometer|-4.4436383|14.441825|2.2984335|1395861584376
BOSCH BMA250 3-axis Accelerometer|-4.0222588|9.385271|4.2521024|1395861584396
BOSCH BMA250 3-axis Accelerometer|-4.7884035|10.802638|6.5122285|1395861584419
BOSCH BMA250 3-axis Accelerometer|-5.2480903|13.484144|7.6231384|1395861584437
BOSCH BMA250 3-axis Accelerometer|-5.133168|13.867216|6.8186865|1395861584458
BOSCH BMA250 3-axis Accelerometer|-6.0142345|14.633361|7.1251445|1395861584477
BOSCH BMA250 3-axis Accelerometer|-6.895301|15.897499|8.00621|1395861584496
BOSCH BMA250 3-axis Accelerometer|-7.201759|16.74026|8.504205|1395861584516
BOSCH BMA250 3-axis Accelerometer|-5.5162406|15.47612|8.465898|1395861584539
BOSCH BMA250 3-axis Accelerometer|-4.7500963|14.978126|7.8529816|1395861584557
BOSCH BMA250 3-axis Accelerometer|-4.4819455|14.518439|6.9719152|1395861584578
BOSCH BMA250 3-axis Accelerometer|-4.367024|14.250289|6.3589997|1395861584598
BOSCH BMA250 3-axis Accelerometer|-4.4436383|13.752295|5.592855|1395861584618
BOSCH BMA250 3-axis Accelerometer|-4.405331|13.139379|5.094861|1395861584638
BOSCH BMA250 3-axis Accelerometer|-3.9839516|12.488156|4.367024|1395861584658
BOSCH BMA250 3-axis Accelerometer|-3.2944214|11.453861|3.6008794|1395861584678
BOSCH BMA250 3-axis Accelerometer|-2.1068976|9.232041|2.2984335|1395861584697
BOSCH BMA250 3-axis Accelerometer|-1.685518|8.082825|1.8770541|1395861584720
BOSCH BMA250 3-axis Accelerometer|-1.340753|6.895301|1.4939818|1395861584738
BOSCH BMA250 3-axis Accelerometer|-1.0342951|5.592855|1.2258313|1395861584760
BOSCH BMA250 3-axis Accelerometer|-0.5746084|3.064578|0.9576807|1395861584780
BOSCH BMA250 3-axis Accelerometer|-0.38307226|1.8770541|0.8810662|1395861584799
BOSCH BMA250 3-axis Accelerometer|-0.19153613|0.842759|0.80445176|1395861584820
BOSCH BMA250 3-axis Accelerometer|0.0|0.038307227|0.61291564|1395861584837
BOSCH BMA250 3-axis Accelerometer|0.22984336|-1.1109096|0.34476504|1395861584859
BOSCH BMA250 3-axis Accelerometer|0.19153613|-1.3790601|0.19153613|1395861584879
BOSCH BMA250 3-axis Accelerometer|0.076614454|-1.2641385|0.0|1395861584898
BOSCH BMA250 3-axis Accelerometer|0.15322891|-0.91937345|-0.19153613|1395861584918
BOSCH BMA250 3-axis Accelerometer|0.2681506|0.15322891|0.15322891|1395861584937
BOSCH BMA250 3-axis Accelerometer|0.076614454|0.91937345|0.5363012|1395861584959
BOSCH BMA250 3-axis Accelerometer|-0.2681506|1.9536686|1.1492168|1395861584979
BOSCH BMA250 3-axis Accelerometer|-1.1109096|3.2944214|1.8770541|1395861584997
BOSCH BMA250 3-axis Accelerometer|-3.5242648|7.776367|4.9416323|1395861585016
BOSCH BMA250 3-axis Accelerometer|-4.7500963|11.87524|5.707777|1395861585038
BOSCH BMA250 3-axis Accelerometer|-5.094861|19.34515|4.2904096|1395861585059
BOSCH BMA250 3-axis Accelerometer|-4.175488|8.848969|3.1028855|1395861585081
BOSCH BMA250 3-axis Accelerometer|-3.9456444|7.8529816|5.209783|1395861585098
BOSCH BMA250 3-axis Accelerometer|-4.175488|12.220005|8.00621|1395861585119
BOSCH BMA250 3-axis Accelerometer|-3.7924154|15.667656|9.308656|1395861585137
BOSCH BMA250 3-axis Accelerometer|-4.9416323|17.468096|7.6614456|1395861585156
BOSCH BMA250 3-axis Accelerometer|-6.129156|17.621325|6.588843|1395861585177
BOSCH BMA250 3-axis Accelerometer|-5.861006|16.01242|8.542512|1395861585237
BOSCH BMA250 3-axis Accelerometer|-4.7884035|15.20797|6.933608|1395861585258
BOSCH BMA250 3-axis Accelerometer|-4.7500963|14.824897|6.0142345|1395861585278
BOSCH BMA250 3-axis Accelerometer|-5.0182467|14.518439|5.3247046|1395861585298
BOSCH BMA250 3-axis Accelerometer|-4.7884035|13.369223|4.7500963|1395861585317
BOSCH BMA250 3-axis Accelerometer|-4.098873|11.836933|4.6351743|1395861585338
BOSCH BMA250 3-axis Accelerometer|-3.371036|10.381259|4.367024|1395861585361
BOSCH BMA250 3-axis Accelerometer|-2.7581203|9.155427|3.86903|1395861585379
BOSCH BMA250 3-axis Accelerometer|-2.2984335|8.121132|3.1794999|1395861585399
BOSCH BMA250 3-axis Accelerometer|-1.7621324|6.167464|1.9153614|1395861585418
BOSCH BMA250 3-axis Accelerometer|-1.5705963|5.209783|1.4556746|1395861585437
BOSCH BMA250 3-axis Accelerometer|-1.3790601|4.175488|1.1109096|1395861585457
BOSCH BMA250 3-axis Accelerometer|-0.7278373|2.0685902|0.6512229|1395861585478
BOSCH BMA250 3-axis Accelerometer|-0.4213795|1.1109096|0.49799395|1395861585500
BOSCH BMA250 3-axis Accelerometer|-0.076614454|0.34476504|0.38307226|1395861585519
BOSCH BMA250 3-axis Accelerometer|0.11492168|-0.19153613|0.2681506|1395861585539
BOSCH BMA250 3-axis Accelerometer|0.34476504|-0.842759|-0.11492168|1395861585558
BOSCH BMA250 3-axis Accelerometer|0.4213795|-0.9576807|-0.19153613|1395861585576
BOSCH BMA250 3-axis Accelerometer|0.45968673|-0.9576807|-0.19153613|1395861585597
BOSCH BMA250 3-axis Accelerometer|0.45968673|-0.7278373|-0.076614454|1395861585616
BOSCH BMA250 3-axis Accelerometer|0.45968673|0.2681506|0.45968673|1395861585638
BOSCH BMA250 3-axis Accelerometer|0.22984336|1.0726024|0.9959879|1395861585660
BOSCH BMA250 3-axis Accelerometer|-0.4213795|2.2218192|1.532289|1395861585680
BOSCH BMA250 3-axis Accelerometer|-1.2258313|4.1371803|2.681506|1395861585699
BOSCH BMA250 3-axis Accelerometer|-2.4133554|6.6271505|4.596867|1395861585719
BOSCH BMA250 3-axis Accelerometer|-5.66947|18.617311|4.711789|1395861585738
BOSCH BMA250 3-axis Accelerometer|-5.707777|18.847157|1.8770541|1395861585759
BOSCH BMA250 3-axis Accelerometer|-3.9456444|9.653421|2.2601264|1395861585778
BOSCH BMA250 3-axis Accelerometer|-3.1028855|8.619126|5.209783|1395861585797
BOSCH BMA250 3-axis Accelerometer|-4.0222588|13.330915|8.925584|1395861585817
BOSCH BMA250 3-axis Accelerometer|-5.4779334|15.284584|8.121132|1395861585838
BOSCH BMA250 3-axis Accelerometer|-6.3589997|16.816874|6.6654577|1395861585860
BOSCH BMA250 3-axis Accelerometer|-7.1634517|16.778566|6.435614|1395861585877
BOSCH BMA250 3-axis Accelerometer|-7.0102224|16.050728|7.929596|1395861585897
BOSCH BMA250 3-axis Accelerometer|-6.0142345|15.7825775|8.504205|1395861585917
BOSCH BMA250 3-axis Accelerometer|-5.209783|15.897499|8.312668|1395861585937
BOSCH BMA250 3-axis Accelerometer|-4.4819455|15.667656|7.393295|1395861585956
BOSCH BMA250 3-axis Accelerometer|-4.55856|14.633361|6.0142345|1395861585977
BOSCH BMA250 3-axis Accelerometer|-4.9799395|14.5567465|5.66947|1395861585997
BOSCH BMA250 3-axis Accelerometer|-5.133168|14.365211|5.439626|1395861586017
BOSCH BMA250 3-axis Accelerometer|-4.9799395|13.67568|5.133168|1395861586037
BOSCH BMA250 3-axis Accelerometer|-4.0222588|11.032481|4.1371803|1395861586057
BOSCH BMA250 3-axis Accelerometer|-3.371036|9.730036|3.6774938|1395861586077
BOSCH BMA250 3-axis Accelerometer|-2.834735|8.6574335|3.1028855|1395861586097
BOSCH BMA250 3-axis Accelerometer|-2.3750482|7.8146744|2.528277|1395861586117
BOSCH BMA250 3-axis Accelerometer|-1.532289|6.090849|1.685518|1395861586137
BOSCH BMA250 3-axis Accelerometer|-1.1875241|5.056554|1.340753|1395861586157
BOSCH BMA250 3-axis Accelerometer|-0.8810662|3.9456444|1.1109096|1395861586176
BOSCH BMA250 3-axis Accelerometer|-0.5746084|2.873042|0.842759|1395861586196
BOSCH BMA250 3-axis Accelerometer|0.038307227|1.0342951|0.30645782|1395861586216
BOSCH BMA250 3-axis Accelerometer|0.2681506|0.38307226|0.11492168|1395861586236
BOSCH BMA250 3-axis Accelerometer|0.4213795|-0.076614454|-0.076614454|1395861586260
BOSCH BMA250 3-axis Accelerometer|0.5363012|-0.5746084|-0.4213795|1395861586281
BOSCH BMA250 3-axis Accelerometer|0.45968673|-0.5363012|-0.30645782|1395861586301
BOSCH BMA250 3-axis Accelerometer|0.38307226|-0.22984336|-0.15322891|1395861586320
BOSCH BMA250 3-axis Accelerometer|0.38307226|0.11492168|0.038307227|1395861586338
BOSCH BMA250 3-axis Accelerometer|0.2681506|1.0726024|0.4213795|1395861586362
BOSCH BMA250 3-axis Accelerometer|0.11492168|1.7621324|0.9959879|1395861586379
BOSCH BMA250 3-axis Accelerometer|-0.38307226|2.873042|1.4556746|1395861586398
BOSCH BMA250 3-axis Accelerometer|-1.2258313|4.367024|2.2218192|1395861586417
BOSCH BMA250 3-axis Accelerometer|-3.3327289|10.611102|5.209783|1395861586439
BOSCH BMA250 3-axis Accelerometer|-3.7541082|18.272547|4.7500963|1395861586461
BOSCH BMA250 3-axis Accelerometer|-3.6391866|18.885464|3.2561142|1395861586480
BOSCH BMA250 3-axis Accelerometer|-3.6774938|11.33894|3.371036|1395861586500
BOSCH BMA250 3-axis Accelerometer|-4.55856|11.990162|6.9719152|1395861586519
BOSCH BMA250 3-axis Accelerometer|-5.746084|14.173674|7.6231384|1395861586538
BOSCH BMA250 3-axis Accelerometer|-6.5505357|15.705963|6.703765|1395861586561
BOSCH BMA250 3-axis Accelerometer|-6.6271505|15.974113|6.167464|1395861586577
BOSCH BMA250 3-axis Accelerometer|-7.3166804|16.01242|8.312668|1395861586599
BOSCH BMA250 3-axis Accelerometer|-6.742072|16.050728|9.040505|1395861586619
BOSCH BMA250 3-axis Accelerometer|-5.707777|16.318878|8.580819|1395861586637
BOSCH BMA250 3-axis Accelerometer|-4.7500963|16.127342|7.2783732|1395861586658
BOSCH BMA250 3-axis Accelerometer|-4.405331|15.667656|5.4779334|1395861586679
BOSCH BMA250 3-axis Accelerometer|-4.3287168|15.016433|5.209783|1395861586699
BOSCH BMA250 3-axis Accelerometer|-4.2904096|14.173674|5.3247046|1395861586720
BOSCH BMA250 3-axis Accelerometer|-4.3287168|13.369223|5.5162406|1395861586738
BOSCH BMA250 3-axis Accelerometer|-4.060566|11.300632|5.2480903|1395861586760
BOSCH BMA250 3-axis Accelerometer|-3.7541082|10.266336|4.596867|1395861586781
BOSCH BMA250 3-axis Accelerometer|-3.371036|9.461885|3.7541082|1395861586796
BOSCH BMA250 3-axis Accelerometer|-2.873042|8.734048|2.7964275|1395861586816
BOSCH BMA250 3-axis Accelerometer|-1.7238252|7.086837|1.2641385|1395861586838
BOSCH BMA250 3-axis Accelerometer|-1.2641385|6.090849|0.8810662|1395861586856
BOSCH BMA250 3-axis Accelerometer|-0.9576807|4.903325|0.6895301|1395861586876
BOSCH BMA250 3-axis Accelerometer|-0.7661445|3.715801|0.6512229|1395861586896
BOSCH BMA250 3-axis Accelerometer|-0.5363012|2.4899697|0.61291564|1395861586916
BOSCH BMA250 3-axis Accelerometer|-0.076614454|0.15322891|0.5363012|1395861586936
BOSCH BMA250 3-axis Accelerometer|0.15322891|-0.5363012|0.4213795|1395861586960
BOSCH BMA250 3-axis Accelerometer|0.2681506|-1.0342951|0.34476504|1395861586979
BOSCH BMA250 3-axis Accelerometer|0.22984336|-1.4556746|0.19153613|1395861586997
BOSCH BMA250 3-axis Accelerometer|0.19153613|-1.1492168|0.038307227|1395861587016
BOSCH BMA250 3-axis Accelerometer|0.2681506|-0.6512229|0.15322891|1395861587036
BOSCH BMA250 3-axis Accelerometer|0.2681506|-0.038307227|0.45968673|1395861587056
BOSCH BMA250 3-axis Accelerometer|0.076614454|0.7661445|0.7661445|1395861587076
BOSCH BMA250 3-axis Accelerometer|-0.49799395|3.217807|1.7621324|1395861587096
BOSCH BMA250 3-axis Accelerometer|-1.1875241|4.8267107|2.7964275|1395861587116
BOSCH BMA250 3-axis Accelerometer|-2.7964275|6.8186865|4.2521024|1395861587136
BOSCH BMA250 3-axis Accelerometer|-4.9799395|18.004396|3.715801|1395861587156
BOSCH BMA250 3-axis Accelerometer|-4.405331|18.65562|1.7621324|1395861587176
BOSCH BMA250 3-axis Accelerometer|-3.8307228|10.304645|2.6431987|1395861587196
BOSCH BMA250 3-axis Accelerometer|-3.2944214|8.772355|4.711789|1395861587216
BOSCH BMA250 3-axis Accelerometer|-3.4476504|10.955867|6.6654577|1395861587236
BOSCH BMA250 3-axis Accelerometer|-5.2480903|15.131354|7.0485296|1395861587256
BOSCH BMA250 3-axis Accelerometer|-6.3206925|15.74427|6.8569937|1395861587276
BOSCH BMA250 3-axis Accelerometer|-7.1634517|16.203957|6.8569937|1395861587296
BOSCH BMA250 3-axis Accelerometer|-7.1634517|15.7825775|7.240066|1395861587316
BOSCH BMA250 3-axis Accelerometer|-5.209783|16.587029|8.159439|1395861587336
BOSCH BMA250 3-axis Accelerometer|-4.2904096|16.510414|7.2783732|1395861587356
BOSCH BMA250 3-axis Accelerometer|-3.9073372|15.7825775|6.5505357|1395861587376
BOSCH BMA250 3-axis Accelerometer|-4.1371803|15.246277|6.4739213|1395861587396
BOSCH BMA250 3-axis Accelerometer|-4.7500963|14.939818|6.397307|1395861587416
BOSCH BMA250 3-axis Accelerometer|-4.865018|14.211981|5.861006|1395861587437
BOSCH BMA250 3-axis Accelerometer|-4.7500963|12.98615|5.2863975|1395861587455
BOSCH BMA250 3-axis Accelerometer|-4.0222588|10.955867|4.405331|1395861587476
BOSCH BMA250 3-axis Accelerometer|-3.5242648|10.189722|3.9839516|1395861587496
BOSCH BMA250 3-axis Accelerometer|-3.064578|9.423578|3.5242648|1395861587516
BOSCH BMA250 3-axis Accelerometer|-2.6048915|8.695741|3.064578|1395861587536
BOSCH BMA250 3-axis Accelerometer|-1.7621324|7.086837|1.9536686|1395861587556
BOSCH BMA250 3-axis Accelerometer|-1.4939818|6.090849|1.532289|1395861587576
BOSCH BMA250 3-axis Accelerometer|-1.2258313|5.0182467|1.2258313|1395861587596
BOSCH BMA250 3-axis Accelerometer|-0.91937345|3.9073372|0.9576807|1395861587616
BOSCH BMA250 3-axis Accelerometer|-0.34476504|1.8770541|0.34476504|1395861587636
BOSCH BMA250 3-axis Accelerometer|-0.15322891|0.9959879|0.11492168|1395861587656
BOSCH BMA250 3-axis Accelerometer|0.038307227|0.4213795|0.0|1395861587676
BOSCH BMA250 3-axis Accelerometer|0.11492168|0.11492168|0.0|1395861587696
BOSCH BMA250 3-axis Accelerometer|0.38307226|-0.5363012|0.038307227|1395861587716
BOSCH BMA250 3-axis Accelerometer|0.45968673|-0.49799395|0.15322891|1395861587736
BOSCH BMA250 3-axis Accelerometer|0.45968673|-0.2681506|0.30645782|1395861587756
BOSCH BMA250 3-axis Accelerometer|0.5363012|0.038307227|0.38307226|1395861587776
BOSCH BMA250 3-axis Accelerometer|0.49799395|1.1109096|0.91937345|1395861587796
BOSCH BMA250 3-axis Accelerometer|0.076614454|2.1068976|1.6089035|1395861587816
BOSCH BMA250 3-axis Accelerometer|-0.7661445|3.6774938|2.681506|1395861587836
BOSCH BMA250 3-axis Accelerometer|-2.0685902|5.7843914|4.0222588|1395861587856
BOSCH BMA250 3-axis Accelerometer|-4.4819455|14.097059|5.094861|1395861587876
BOSCH BMA250 3-axis Accelerometer|-4.673482|19.498379|2.4133554|1395861587896
BOSCH BMA250 3-axis Accelerometer|-4.1371803|14.173674|1.6472107|1395861587916
BOSCH BMA250 3-axis Accelerometer|-3.715801|10.381259|3.86903|1395861587936
BOSCH BMA250 3-axis Accelerometer|-4.213795|15.935806|7.1634517|1395861587956
BOSCH BMA250 3-axis Accelerometer|-4.865018|15.859192|6.588843|1395861587976
BOSCH BMA250 3-axis Accelerometer|-5.8226986|14.480132|6.167464|1395861587995
BOSCH BMA250 3-axis Accelerometer|-6.4739213|15.016433|7.240066|1395861588015
BOSCH BMA250 3-axis Accelerometer|-6.4739213|16.587029|8.887277|1395861588036
BOSCH BMA250 3-axis Accelerometer|-5.592855|16.472107|8.42759|1395861588056
BOSCH BMA250 3-axis Accelerometer|-5.056554|16.050728|7.8912888|1395861588076
BOSCH BMA250 3-axis Accelerometer|-4.8267107|15.705963|6.8569937|1395861588096
BOSCH BMA250 3-axis Accelerometer|-4.711789|15.131354|5.66947|1395861588116
BOSCH BMA250 3-axis Accelerometer|-4.7884035|14.709975|5.631162|1395861588137
BOSCH BMA250 3-axis Accelerometer|-4.9416323|13.982138|5.5162406|1395861588156
BOSCH BMA250 3-axis Accelerometer|-4.903325|12.98615|5.2863975|1395861588176
BOSCH BMA250 3-axis Accelerometer|-4.213795|10.726024|4.596867|1395861588196
BOSCH BMA250 3-axis Accelerometer|-3.7541082|9.80665|4.060566|1395861588216
BOSCH BMA250 3-axis Accelerometer|-3.2944214|8.925584|3.371036|1395861588236
BOSCH BMA250 3-axis Accelerometer|-2.834735|8.121132|2.6431987|1395861588256
BOSCH BMA250 3-axis Accelerometer|-1.9919758|6.3589997|1.3790601|1395861588277
BOSCH BMA250 3-axis Accelerometer|-1.6472107|5.401319|0.9576807|1395861588296
BOSCH BMA250 3-axis Accelerometer|-1.2641385|4.367024|0.6512229|1395861588318
BOSCH BMA250 3-axis Accelerometer|-0.9576807|3.3327289|0.45968673|1395861588336
BOSCH BMA250 3-axis Accelerometer|-0.49799395|1.340753|0.30645782|1395861588358
BOSCH BMA250 3-axis Accelerometer|-0.22984336|0.5363012|0.2681506|1395861588378
BOSCH BMA250 3-axis Accelerometer|0.0|0.038307227|0.2681506|1395861588399
BOSCH BMA250 3-axis Accelerometer|0.22984336|-0.2681506|0.2681506|1395861588417
BOSCH BMA250 3-axis Accelerometer|0.5363012|-0.6512229|0.11492168|1395861588436
BOSCH BMA250 3-axis Accelerometer|0.6512229|-0.5363012|0.076614454|1395861588456
BOSCH BMA250 3-axis Accelerometer|0.6512229|-0.30645782|0.11492168|1395861588476
BOSCH BMA250 3-axis Accelerometer|0.49799395|0.6895301|0.49799395|1395861588499
BOSCH BMA250 3-axis Accelerometer|0.34476504|1.4556746|0.9959879|1395861588517
BOSCH BMA250 3-axis Accelerometer|-0.11492168|2.681506|1.8770541|1395861588537
BOSCH BMA250 3-axis Accelerometer|-1.0342951|4.367024|2.873042|1395861588557
BOSCH BMA250 3-axis Accelerometer|-2.2601264|6.2823853|4.0222588|1395861588577
BOSCH BMA250 3-axis Accelerometer|-4.903325|14.863204|5.056554|1395861588598
BOSCH BMA250 3-axis Accelerometer|-6.895301|19.498379|2.566584|1395861588618
BOSCH BMA250 3-axis Accelerometer|-6.129156|13.9438305|1.532289|1395861588636
BOSCH BMA250 3-axis Accelerometer|-3.6008794|9.921572|3.371036|1395861588660
BOSCH BMA250 3-axis Accelerometer|-2.7964275|14.595054|5.746084|1395861588678
BOSCH BMA250 3-axis Accelerometer|-3.6774938|16.16565|6.5505357|1395861588697
BOSCH BMA250 3-axis Accelerometer|-4.9416323|15.322891|6.7803793|1395861588716
BOSCH BMA250 3-axis Accelerometer|-6.3206925|14.595054|6.895301|1395861588737
BOSCH BMA250 3-axis Accelerometer|-7.240066|15.974113|8.082825|1395861588758
BOSCH BMA250 3-axis Accelerometer|-6.6654577|15.629349|8.274361|1395861588778
BOSCH BMA250 3-axis Accelerometer|-5.8226986|15.591042|7.5848308|1395861588796
BOSCH BMA250 3-axis Accelerometer|-5.209783|15.897499|6.6654577|1395861588818
BOSCH BMA250 3-axis Accelerometer|-4.1371803|14.671668|5.056554|1395861588838
BOSCH BMA250 3-axis Accelerometer|-4.1371803|13.982138|5.209783|1395861588863
BOSCH BMA250 3-axis Accelerometer|-4.060566|13.522451|5.4779334|1395861588877
BOSCH BMA250 3-axis Accelerometer|-3.9839516|13.024457|5.4779334|1395861588897
BOSCH BMA250 3-axis Accelerometer|-3.7924154|11.147403|4.7884035|1395861588917
BOSCH BMA250 3-axis Accelerometer|-3.5625722|10.228029|4.098873|1395861588938
BOSCH BMA250 3-axis Accelerometer|-3.217807|9.461885|3.371036|1395861588958
BOSCH BMA250 3-axis Accelerometer|-2.9113493|8.772355|2.7964275|1395861588977
BOSCH BMA250 3-axis Accelerometer|-2.4133554|7.393295|2.183512|1395861588997
BOSCH BMA250 3-axis Accelerometer|-2.183512|6.703765|1.9919758|1395861589017
BOSCH BMA250 3-axis Accelerometer|-2.030283|5.9759274|1.8770541|1395861589042
BOSCH BMA250 3-axis Accelerometer|-1.9153614|5.2480903|1.8387469|1395861589057
BOSCH BMA250 3-axis Accelerometer|-1.8004397|3.9456444|1.6472107|1395861589076
BOSCH BMA250 3-axis Accelerometer|-1.6472107|3.4859576|1.4173675|1395861589096
BOSCH BMA250 3-axis Accelerometer|-1.4556746|3.217807|1.2258313|1395861589117
BOSCH BMA250 3-axis Accelerometer|-1.340753|3.0262709|1.1109096|1395861589139
BOSCH BMA250 3-axis Accelerometer|-1.6089035|3.371036|0.8810662|1395861589171
BOSCH BMA250 3-axis Accelerometer|-1.7621324|5.2863975|0.7278373|1395861589191
BOSCH BMA250 3-axis Accelerometer|-1.9536686|6.4739213|0.6512229|1395861589206
BOSCH BMA250 3-axis Accelerometer|-2.1452048|7.776367|0.5746084|1395861589229
BOSCH BMA250 3-axis Accelerometer|-2.4516625|11.109096|0.0|1395861589253
BOSCH BMA250 3-axis Accelerometer|-2.4516625|12.220005|-0.4213795|1395861589270
BOSCH BMA250 3-axis Accelerometer|-2.4133554|12.411542|-0.5746084|1395861589288
BOSCH BMA250 3-axis Accelerometer|-2.336741|11.722012|-0.49799395|1395861589307
BOSCH BMA250 3-axis Accelerometer|-2.030283|10.726024|-0.30645782|1395861589328
BOSCH BMA250 3-axis Accelerometer|-1.9153614|9.768343|0.0|1395861589346
BOSCH BMA250 3-axis Accelerometer|-2.0685902|8.619126|1.2641385|1395861589367
BOSCH BMA250 3-axis Accelerometer|-2.1068976|8.542512|1.3024458|1395861589390
BOSCH BMA250 3-axis Accelerometer|-2.1452048|8.42759|0.9576807|1395861589409
BOSCH BMA250 3-axis Accelerometer|-2.3750482|8.389283|0.5363012|1395861589428
BOSCH BMA250 3-axis Accelerometer|-2.566584|8.695741|0.49799395|1395861589447
BOSCH BMA250 3-axis Accelerometer|-2.4899697|9.385271|0.0|1395861589477
BOSCH BMA250 3-axis Accelerometer|-2.528277|9.5385|-0.22984336|1395861589497
BOSCH BMA250 3-axis Accelerometer|-2.528277|9.80665|-0.22984336|1395861589518
BOSCH BMA250 3-axis Accelerometer|-2.4899697|9.998186|-0.038307227|1395861589537
BOSCH BMA250 3-axis Accelerometer|-2.4133554|10.151415|0.11492168|1395861589557
BOSCH BMA250 3-axis Accelerometer|-2.336741|9.11712|0.22984336|1395861589576
BOSCH BMA250 3-axis Accelerometer|-2.4899697|8.159439|0.15322891|1395861589598
BOSCH BMA250 3-axis Accelerometer|-1.9536686|8.465898|-0.038307227|1395861589618
BOSCH BMA250 3-axis Accelerometer|-2.4133554|8.925584|0.38307226|1395861589639
BOSCH BMA250 3-axis Accelerometer|-2.6431987|9.11712|0.34476504|1395861589661
BOSCH BMA250 3-axis Accelerometer|-2.873042|9.5385|0.038307227|1395861589677
BOSCH BMA250 3-axis Accelerometer|-2.9113493|10.036493|-0.15322891|1395861589699
BOSCH BMA250 3-axis Accelerometer|-3.1794999|9.691729|0.19153613|1395861589718
BOSCH BMA250 3-axis Accelerometer|-3.1411927|9.308656|0.19153613|1395861589739
BOSCH BMA250 3-axis Accelerometer|-2.873042|9.11712|0.11492168|1395861589760
BOSCH BMA250 3-axis Accelerometer|-2.873042|8.963891|0.19153613|1395861589779
BOSCH BMA250 3-axis Accelerometer|-3.1411927|9.232041|0.34476504|1395861589799
BOSCH BMA250 3-axis Accelerometer|-3.064578|9.461885|0.49799395|1395861589819
BOSCH BMA250 3-axis Accelerometer|-3.1028855|9.500193|0.4213795|1395861589839
BOSCH BMA250 3-axis Accelerometer|-3.217807|10.189722|0.6895301|1395861589858
BOSCH BMA250 3-axis Accelerometer|-4.060566|8.848969|-0.5363012|1395861589877
BOSCH BMA250 3-axis Accelerometer|-3.2561142|8.963891|-0.45968673|1395861589901
BOSCH BMA250 3-axis Accelerometer|-2.9113493|8.925584|0.11492168|1395861589920
BOSCH BMA250 3-axis Accelerometer|-3.1028855|8.810662|0.7661445|1395861589939
BOSCH BMA250 3-axis Accelerometer|-3.0262709|9.040505|0.45968673|1395861589958
BOSCH BMA250 3-axis Accelerometer|-2.9879637|9.11712|0.076614454|1395861589977
BOSCH BMA250 3-axis Accelerometer|-2.9496565|9.193734|0.076614454|1395861589997
BOSCH BMA250 3-axis Accelerometer|-2.9496565|9.232041|0.34476504|1395861590017
BOSCH BMA250 3-axis Accelerometer|-2.873042|9.270349|0.45968673|1395861590037
BOSCH BMA250 3-axis Accelerometer|-2.7964275|9.308656|0.38307226|1395861590061
BOSCH BMA250 3-axis Accelerometer|-2.873042|9.270349|0.38307226|1395861590077
BOSCH BMA250 3-axis Accelerometer|-2.9496565|9.308656|0.4213795|1395861590097
BOSCH BMA250 3-axis Accelerometer|-3.1028855|9.270349|0.34476504|1395861590117
BOSCH BMA250 3-axis Accelerometer|-3.217807|9.270349|0.19153613|1395861590137
BOSCH BMA250 3-axis Accelerometer|-3.1794999|9.193734|0.22984336|1395861590157
BOSCH BMA250 3-axis Accelerometer|-3.1411927|9.078813|0.2681506|1395861590177
BOSCH BMA250 3-axis Accelerometer|-3.0262709|9.078813|0.49799395|1395861590196
BOSCH BMA250 3-axis Accelerometer|-2.9496565|9.11712|0.5363012|1395861590217
BOSCH BMA250 3-axis Accelerometer|-2.9879637|9.11712|0.4213795|1395861590237
BOSCH BMA250 3-axis Accelerometer|-2.873042|9.11712|0.4213795|1395861590257
BOSCH BMA250 3-axis Accelerometer|-2.9879637|9.155427|0.5363012|1395861590277
BOSCH BMA250 3-axis Accelerometer|-3.1794999|9.040505|0.30645782|1395861590297
BOSCH BMA250 3-axis Accelerometer|-3.3327289|9.078813|0.15322891|1395861590317
BOSCH BMA250 3-axis Accelerometer|-3.1794999|9.308656|0.11492168|1395861590337
BOSCH BMA250 3-axis Accelerometer|-3.5242648|8.848969|0.15322891|1395861590356
BOSCH BMA250 3-axis Accelerometer|-2.9879637|9.11712|0.5363012|1395861590377
BOSCH BMA250 3-axis Accelerometer|-2.6048915|9.730036|1.1875241|1395861590396
BOSCH BMA250 3-axis Accelerometer|-3.4093432|10.151415|0.9576807|1395861590417
BOSCH BMA250 3-axis Accelerometer|-3.3327289|10.649409|0.49799395|1395861590437
BOSCH BMA250 3-axis Accelerometer|-2.7964275|10.151415|0.4213795|1395861590457
BOSCH BMA250 3-axis Accelerometer|-2.834735|10.0748005|0.038307227|1395861590478
BOSCH BMA250 3-axis Accelerometer|-1.9919758|10.496181|0.30645782|1395861590498
BOSCH BMA250 3-axis Accelerometer|-1.5705963|10.611102|0.45968673|1395861590517
BOSCH BMA250 3-axis Accelerometer|-0.9576807|10.534488|0.45968673|1395861590538
BOSCH BMA250 3-axis Accelerometer|-0.6895301|9.615114|0.842759|1395861590557
BOSCH BMA250 3-axis Accelerometer|-0.7661445|8.350976|0.80445176|1395861590577
BOSCH BMA250 3-axis Accelerometer|-0.49799395|10.151415|0.8810662|1395861590596
BOSCH BMA250 3-axis Accelerometer|-1.2258313|9.346964|1.5705963|1395861590617
BOSCH BMA250 3-axis Accelerometer|-0.61291564|9.883265|2.2601264|1395861590637
BOSCH BMA250 3-axis Accelerometer|0.91937345|11.070788|0.45968673|1395861590657
BOSCH BMA250 3-axis Accelerometer|1.532289|11.990162|1.8004397|1395861590677
BOSCH BMA250 3-axis Accelerometer|1.9919758|10.419566|0.4213795|1395861590697
BOSCH BMA250 3-axis Accelerometer|2.1452048|8.0445175|0.842759|1395861590716
BOSCH BMA250 3-axis Accelerometer|2.4516625|9.040505|0.6512229|1395861590736
BOSCH BMA250 3-axis Accelerometer|3.217807|10.304645|1.7621324|1395861590756
BOSCH BMA250 3-axis Accelerometer|3.4093432|11.147403|2.183512|1395861590781
BOSCH BMA250 3-axis Accelerometer|2.9496565|10.572795|1.7621324|1395861590796
BOSCH BMA250 3-axis Accelerometer|2.6048915|11.377247|2.0685902|1395861590816
BOSCH BMA250 3-axis Accelerometer|3.064578|11.262324|-0.19153613|1395861590836
BOSCH BMA250 3-axis Accelerometer|3.4859576|10.0748005|-3.2561142|1395861590858
BOSCH BMA250 3-axis Accelerometer|4.1371803|9.615114|-2.719813|1395861590877
BOSCH BMA250 3-axis Accelerometer|4.7884035|10.649409|0.11492168|1395861590897
BOSCH BMA250 3-axis Accelerometer|2.336741|10.764331|1.340753|1395861590920
BOSCH BMA250 3-axis Accelerometer|1.9919758|10.764331|1.2258313|1395861590937
BOSCH BMA250 3-axis Accelerometer|1.7238252|9.5385|0.7278373|1395861590959
BOSCH BMA250 3-axis Accelerometer|0.80445176|8.082825|0.5363012|1395861590976
BOSCH BMA250 3-axis Accelerometer|1.0726024|9.615114|1.532289|1395861590996
BOSCH BMA250 3-axis Accelerometer|1.8387469|9.883265|1.3790601|1395861591018
BOSCH BMA250 3-axis Accelerometer|1.8387469|9.11712|2.183512|1395861591037
BOSCH BMA250 3-axis Accelerometer|1.9153614|9.232041|2.6048915|1395861591056
BOSCH BMA250 3-axis Accelerometer|2.681506|9.270349|2.6048915|1395861591076
BOSCH BMA250 3-axis Accelerometer|2.834735|9.078813|3.0262709|1395861591100
BOSCH BMA250 3-axis Accelerometer|2.566584|9.576807|3.5242648|1395861591117
BOSCH BMA250 3-axis Accelerometer|2.6048915|10.457873|3.4859576|1395861591138
BOSCH BMA250 3-axis Accelerometer|3.0262709|10.381259|3.7541082|1395861591156
BOSCH BMA250 3-axis Accelerometer|2.7964275|9.998186|4.175488|1395861591176
BOSCH BMA250 3-axis Accelerometer|2.3750482|10.036493|4.213795|1395861591196
BOSCH BMA250 3-axis Accelerometer|2.336741|9.80665|4.098873|1395861591216
BOSCH BMA250 3-axis Accelerometer|1.6472107|9.155427|4.2521024|1395861591236
BOSCH BMA250 3-axis Accelerometer|1.4556746|9.730036|3.9839516|1395861591256
BOSCH BMA250 3-axis Accelerometer|1.532289|9.921572|3.6391866|1395861591276
BOSCH BMA250 3-axis Accelerometer|2.0685902|9.346964|3.6774938|1395861591297
BOSCH BMA250 3-axis Accelerometer|2.566584|10.151415|3.4859576|1395861591326
BOSCH BMA250 3-axis Accelerometer|2.336741|11.147403|3.3327289|1395861591347
BOSCH BMA250 3-axis Accelerometer|1.9536686|11.109096|4.4436383|1395861591367
BOSCH BMA250 3-axis Accelerometer|1.532289|10.802638|5.2863975|1395861591386
BOSCH BMA250 3-axis Accelerometer|1.8770541|10.91756|5.631162|1395861591406
BOSCH BMA250 3-axis Accelerometer|3.1794999|11.683704|4.3287168|1395861591426
BOSCH BMA250 3-axis Accelerometer|3.6008794|10.955867|4.2904096|1395861591446
BOSCH BMA250 3-axis Accelerometer|3.9839516|10.572795|4.2521024|1395861591466
BOSCH BMA250 3-axis Accelerometer|4.367024|10.0748005|3.6391866|1395861591489
BOSCH BMA250 3-axis Accelerometer|4.3287168|10.0748005|3.0262709|1395861591506
BOSCH BMA250 3-axis Accelerometer|4.0222588|10.381259|2.4899697|1395861591526
BOSCH BMA250 3-axis Accelerometer|3.715801|9.998186|2.1452048|1395861591546
BOSCH BMA250 3-axis Accelerometer|3.1028855|9.040505|1.9919758|1395861591566
BOSCH BMA250 3-axis Accelerometer|2.336741|9.5385|1.4556746|1395861591586
BOSCH BMA250 3-axis Accelerometer|1.7238252|9.500193|1.1109096|1395861591606
BOSCH BMA250 3-axis Accelerometer|0.4213795|8.542512|2.183512|1395861591626
BOSCH BMA250 3-axis Accelerometer|-0.38307226|8.00621|2.7964275|1395861591646
BOSCH BMA250 3-axis Accelerometer|0.61291564|8.00621|2.528277|1395861591666
BOSCH BMA250 3-axis Accelerometer|0.5746084|7.5465236|2.9879637|1395861591686
BOSCH BMA250 3-axis Accelerometer|0.0|7.5082164|3.5625722|1395861591706
BOSCH BMA250 3-axis Accelerometer|-0.842759|7.5082164|3.7541082|1395861591726
BOSCH BMA250 3-axis Accelerometer|-1.4556746|7.5848308|3.5625722|1395861591746
BOSCH BMA250 3-axis Accelerometer|-1.6089035|7.8146744|3.4859576|1395861591766
BOSCH BMA250 3-axis Accelerometer|-1.9919758|8.082825|3.6391866|1395861591786
BOSCH BMA250 3-axis Accelerometer|-2.183512|8.887277|8.695741|1395861591805
BOSCH BMA250 3-axis Accelerometer|-2.3750482|8.542512|4.9799395|1395861591825
BOSCH BMA250 3-axis Accelerometer|-2.566584|9.193734|3.86903|1395861591846
BOSCH BMA250 3-axis Accelerometer|-3.1028855|8.082825|5.631162|1395861591866
BOSCH BMA250 3-axis Accelerometer|0.45968673|6.205771|5.861006|1395861591896
BOSCH BMA250 3-axis Accelerometer|-1.6472107|5.4779334|5.707777|1395861591915
BOSCH BMA250 3-axis Accelerometer|-2.719813|4.1371803|6.703765|1395861591936
BOSCH BMA250 3-axis Accelerometer|-1.5705963|6.090849|8.312668|1395861591956
BOSCH BMA250 3-axis Accelerometer|-1.6472107|4.55856|8.00621|1395861591976
BOSCH BMA250 3-axis Accelerometer|-1.5705963|5.0182467|8.465898|1395861591996
BOSCH BMA250 3-axis Accelerometer|-1.3790601|5.056554|9.040505|1395861592016
BOSCH BMA250 3-axis Accelerometer|-1.340753|5.209783|9.11712|1395861592036
BOSCH BMA250 3-axis Accelerometer|-1.1875241|5.2480903|8.734048|1395861592056
BOSCH BMA250 3-axis Accelerometer|-0.9959879|4.9416323|8.504205|1395861592076
BOSCH BMA250 3-axis Accelerometer|-1.0726024|5.056554|8.504205|1395861592096
BOSCH BMA250 3-axis Accelerometer|-1.340753|5.2863975|8.197746|1395861592116
BOSCH BMA250 3-axis Accelerometer|-1.1492168|5.171476|8.42759|1395861592136
BOSCH BMA250 3-axis Accelerometer|-0.91937345|5.2480903|8.504205|1395861592156
BOSCH BMA250 3-axis Accelerometer|-0.61291564|5.056554|8.42759|1395861592176
BOSCH BMA250 3-axis Accelerometer|-0.2681506|4.9416323|8.121132|1395861592196
BOSCH BMA250 3-axis Accelerometer|-0.11492168|4.7500963|8.0445175|1395861592216
BOSCH BMA250 3-axis Accelerometer|-0.22984336|4.673482|8.312668|1395861592236
BOSCH BMA250 3-axis Accelerometer|-0.4213795|4.673482|8.350976|1395861592256
BOSCH BMA250 3-axis Accelerometer|-0.45968673|4.5202527|8.42759|1395861592276
BOSCH BMA250 3-axis Accelerometer|-0.6512229|4.5202527|8.504205|1395861592296
BOSCH BMA250 3-axis Accelerometer|-0.9576807|4.55856|8.504205|1395861592316
BOSCH BMA250 3-axis Accelerometer|-1.0726024|4.4436383|8.389283|1395861592336
BOSCH BMA250 3-axis Accelerometer|-0.842759|4.175488|8.695741|1395861592356
BOSCH BMA250 3-axis Accelerometer|-0.7661445|4.098873|8.925584|1395861592376
BOSCH BMA250 3-axis Accelerometer|-0.6512229|3.9456444|9.002198|1395861592396
BOSCH BMA250 3-axis Accelerometer|-0.49799395|3.9839516|9.002198|1395861592416
BOSCH BMA250 3-axis Accelerometer|-0.30645782|4.060566|8.6574335|1395861592436
BOSCH BMA250 3-axis Accelerometer|-0.4213795|4.060566|8.619126|1395861592456
BOSCH BMA250 3-axis Accelerometer|-0.5746084|4.175488|8.580819|1395861592476
BOSCH BMA250 3-axis Accelerometer|-0.80445176|4.2904096|8.542512|1395861592496
BOSCH BMA250 3-axis Accelerometer|-0.9959879|4.405331|8.580819|1395861592516
BOSCH BMA250 3-axis Accelerometer|-1.0342951|4.3287168|8.6574335|1395861592536
BOSCH BMA250 3-axis Accelerometer|-1.0726024|4.2904096|8.734048|1395861592556
BOSCH BMA250 3-axis Accelerometer|-1.1492168|4.405331|8.810662|1395861592576
BOSCH BMA250 3-axis Accelerometer|-1.2641385|4.596867|8.734048|1395861592596
BOSCH BMA250 3-axis Accelerometer|-1.2641385|4.6351743|8.6574335|1395861592616
BOSCH BMA250 3-axis Accelerometer|-1.2258313|4.6351743|8.504205|1395861592636
BOSCH BMA250 3-axis Accelerometer|-1.2641385|4.711789|8.350976|1395861592656
BOSCH BMA250 3-axis Accelerometer|-1.3790601|4.673482|8.312668|1395861592676
BOSCH BMA250 3-axis Accelerometer|-1.532289|4.711789|8.389283|1395861592700
BOSCH BMA250 3-axis Accelerometer|-1.6089035|4.673482|8.465898|1395861592716
BOSCH BMA250 3-axis Accelerometer|-1.532289|4.55856|8.580819|1395861592736
BOSCH BMA250 3-axis Accelerometer|-1.2641385|4.6351743|8.810662|1395861592756
BOSCH BMA250 3-axis Accelerometer|-1.4173675|4.673482|8.848969|1395861592776
BOSCH BMA250 3-axis Accelerometer|-1.5705963|4.711789|8.810662|1395861592796
BOSCH BMA250 3-axis Accelerometer|-1.6089035|4.711789|8.848969|1395861592816
BOSCH BMA250 3-axis Accelerometer|-1.4556746|4.673482|8.963891|1395861592837
BOSCH BMA250 3-axis Accelerometer|-1.2641385|4.596867|8.925584|1395861592857
BOSCH BMA250 3-axis Accelerometer|-1.1492168|4.5202527|8.963891|1395861592876
BOSCH BMA250 3-axis Accelerometer|-0.80445176|4.367024|8.925584|1395861592896
BOSCH BMA250 3-axis Accelerometer|-0.61291564|4.367024|8.848969|1395861592916
BOSCH BMA250 3-axis Accelerometer|-0.49799395|4.405331|8.734048|1395861592936
BOSCH BMA250 3-axis Accelerometer|-0.4213795|4.405331|8.695741|1395861592956
BOSCH BMA250 3-axis Accelerometer|-0.2681506|4.405331|8.6574335|1395861592976
BOSCH BMA250 3-axis Accelerometer|-0.22984336|4.405331|8.695741|1395861592996
BOSCH BMA250 3-axis Accelerometer|-0.30645782|4.367024|8.734048|1395861593016
BOSCH BMA250 3-axis Accelerometer|-0.4213795|4.4436383|8.772355|1395861593036
BOSCH BMA250 3-axis Accelerometer|-0.5746084|4.596867|8.580819|1395861593057
BOSCH BMA250 3-axis Accelerometer|-0.7661445|4.55856|8.197746|1395861593077
BOSCH BMA250 3-axis Accelerometer|-1.0726024|4.8267107|8.312668|1395861593097
BOSCH BMA250 3-axis Accelerometer|-1.2258313|4.903325|8.312668|1395861593116
BOSCH BMA250 3-axis Accelerometer|-1.2258313|4.7500963|8.6574335|1395861593137
BOSCH BMA250 3-axis Accelerometer|-1.0726024|4.711789|8.810662|1395861593156
BOSCH BMA250 3-axis Accelerometer|-1.0342951|4.596867|8.925584|1395861593177
BOSCH BMA250 3-axis Accelerometer|-1.0342951|4.596867|8.963891|1395861593196
BOSCH BMA250 3-axis Accelerometer|-0.9959879|4.6351743|8.887277|1395861593216
BOSCH BMA250 3-axis Accelerometer|-0.80445176|4.8267107|8.695741|1395861593236
BOSCH BMA250 3-axis Accelerometer|-0.6895301|4.4436383|8.42759|1395861593256
BOSCH BMA250 3-axis Accelerometer|-0.7278373|4.6351743|8.580819|1395861593276
BOSCH BMA250 3-axis Accelerometer|-0.6512229|4.4436383|8.925584|1395861593296
BOSCH BMA250 3-axis Accelerometer|-0.7661445|4.4436383|8.810662|1395861593336
BOSCH BMA250 3-axis Accelerometer|-0.80445176|4.4819455|8.772355|1395861593356
BOSCH BMA250 3-axis Accelerometer|-0.842759|4.5202527|8.695741|1395861593376
BOSCH BMA250 3-axis Accelerometer|-0.842759|4.6351743|8.695741|1395861593396
BOSCH BMA250 3-axis Accelerometer|-0.842759|4.6351743|8.734048|1395861593416
BOSCH BMA250 3-axis Accelerometer|-0.842759|4.673482|8.695741|1395861593436
BOSCH BMA250 3-axis Accelerometer|-0.842759|4.673482|8.6574335|1395861593456
BOSCH BMA250 3-axis Accelerometer|-0.842759|4.6351743|8.6574335|1395861593476
BOSCH BMA250 3-axis Accelerometer|-0.91937345|4.711789|8.619126|1395861593536
BOSCH BMA250 3-axis Accelerometer|-0.8810662|4.711789|8.619126|1395861593556
BOSCH BMA250 3-axis Accelerometer|-0.8810662|4.673482|8.695741|1395861593576
BOSCH BMA250 3-axis Accelerometer|-0.8810662|4.6351743|8.772355|1395861593596
BOSCH BMA250 3-axis Accelerometer|-0.8810662|4.673482|8.734048|1395861593616
BOSCH BMA250 3-axis Accelerometer|-0.842759|4.673482|8.695741|1395861593636
BOSCH BMA250 3-axis Accelerometer|-0.80445176|4.673482|8.6574335|1395861593656
BOSCH BMA250 3-axis Accelerometer|-0.7278373|4.711789|8.580819|1395861593676
BOSCH BMA250 3-axis Accelerometer|-0.7278373|4.6351743|8.542512|1395861593696
BOSCH BMA250 3-axis Accelerometer|-0.7278373|4.673482|8.619126|1395861593716
BOSCH BMA250 3-axis Accelerometer|-0.7278373|4.711789|8.695741|1395861593736
BOSCH BMA250 3-axis Accelerometer|-0.842759|4.7500963|8.619126|1395861593776
BOSCH BMA250 3-axis Accelerometer|-0.8810662|4.7884035|8.619126|1395861593799
BOSCH BMA250 3-axis Accelerometer|-0.8810662|4.8267107|8.6574335|1395861593816
BOSCH BMA250 3-axis Accelerometer|-0.91937345|4.865018|8.6574335|1395861593836
BOSCH BMA250 3-axis Accelerometer|-0.842759|4.903325|8.504205|1395861593856
BOSCH BMA250 3-axis Accelerometer|-0.80445176|4.903325|8.465898|1395861593876
BOSCH BMA250 3-axis Accelerometer|-0.842759|4.9416323|8.42759|1395861593896
BOSCH BMA250 3-axis Accelerometer|-0.80445176|4.865018|8.542512|1395861593937
BOSCH BMA250 3-axis Accelerometer|-0.80445176|4.903325|8.580819|1395861593956
BOSCH BMA250 3-axis Accelerometer|-0.80445176|4.903325|8.542512|1395861593976
BOSCH BMA250 3-axis Accelerometer|-0.7661445|4.865018|8.42759|1395861593996
BOSCH BMA250 3-axis Accelerometer|-0.7661445|4.865018|8.350976|1395861594017
BOSCH BMA250 3-axis Accelerometer|-0.7661445|4.903325|8.42759|1395861594036
BOSCH BMA250 3-axis Accelerometer|-0.6895301|4.903325|8.465898|1395861594056
BOSCH BMA250 3-axis Accelerometer|-0.61291564|4.865018|8.389283|1395861594075
BOSCH BMA250 3-axis Accelerometer|-0.6895301|4.865018|8.274361|1395861594096
BOSCH BMA250 3-axis Accelerometer|-0.7661445|4.865018|8.312668|1395861594116
BOSCH BMA250 3-axis Accelerometer|-0.80445176|4.9416323|8.42759|1395861594136
BOSCH BMA250 3-axis Accelerometer|-0.8810662|5.0182467|8.542512|1395861594156
BOSCH BMA250 3-axis Accelerometer|-1.0726024|5.056554|8.695741|1395861594176
BOSCH BMA250 3-axis Accelerometer|-1.1109096|5.094861|8.6574335|1395861594196
BOSCH BMA250 3-axis Accelerometer|-1.1492168|5.133168|8.619126|1395861594216
BOSCH BMA250 3-axis Accelerometer|-1.1109096|5.171476|8.504205|1395861594236
BOSCH BMA250 3-axis Accelerometer|-1.1109096|5.171476|8.42759|1395861594256
BOSCH BMA250 3-axis Accelerometer|-1.0726024|5.171476|8.42759|1395861594276
BOSCH BMA250 3-axis Accelerometer|-1.0342951|5.209783|8.389283|1395861594296
BOSCH BMA250 3-axis Accelerometer|-1.1109096|5.171476|8.389283|1395861594316
BOSCH BMA250 3-axis Accelerometer|-1.1492168|5.171476|8.389283|1395861594336
BOSCH BMA250 3-axis Accelerometer|-1.1109096|5.171476|8.312668|1395861594355
BOSCH BMA250 3-axis Accelerometer|-1.1875241|5.171476|8.504205|1395861594376
BOSCH BMA250 3-axis Accelerometer|-1.1492168|5.133168|8.42759|1395861594396
BOSCH BMA250 3-axis Accelerometer|-1.0726024|5.133168|8.504205|1395861594416
BOSCH BMA250 3-axis Accelerometer|-1.0726024|5.171476|8.542512|1395861594436
BOSCH BMA250 3-axis Accelerometer|-1.0342951|5.171476|8.504205|1395861594456
BOSCH BMA250 3-axis Accelerometer|-1.0342951|5.133168|8.465898|1395861594476
BOSCH BMA250 3-axis Accelerometer|-0.9576807|5.171476|8.389283|1395861594496
BOSCH BMA250 3-axis Accelerometer|-0.91937345|5.171476|8.389283|1395861594516
BOSCH BMA250 3-axis Accelerometer|-0.8810662|5.133168|8.42759|1395861594536
BOSCH BMA250 3-axis Accelerometer|-0.8810662|5.094861|8.42759|1395861594556
BOSCH BMA250 3-axis Accelerometer|-0.80445176|5.0182467|8.542512|1395861594576
BOSCH BMA250 3-axis Accelerometer|-0.842759|4.9799395|8.580819|1395861594616
BOSCH BMA250 3-axis Accelerometer|-0.8810662|5.0182467|8.542512|1395861594646
BOSCH BMA250 3-axis Accelerometer|-0.8810662|4.9799395|8.542512|1395861594666
BOSCH BMA250 3-axis Accelerometer|-0.8810662|5.056554|8.542512|1395861594686
BOSCH BMA250 3-axis Accelerometer|-0.8810662|5.171476|8.42759|1395861594706
BOSCH BMA250 3-axis Accelerometer|-0.842759|5.171476|8.350976|1395861594726
BOSCH BMA250 3-axis Accelerometer|-0.842759|5.209783|8.312668|1395861594746
BOSCH BMA250 3-axis Accelerometer|-0.8810662|5.171476|8.236053|1395861594766
BOSCH BMA250 3-axis Accelerometer|-0.8810662|5.209783|8.197746|1395861594786
BOSCH BMA250 3-axis Accelerometer|-0.91937345|5.171476|8.274361|1395861594826
BOSCH BMA250 3-axis Accelerometer|-0.91937345|5.171476|8.312668|1395861594846
BOSCH BMA250 3-axis Accelerometer|-0.8810662|5.171476|8.312668|1395861594866
BOSCH BMA250 3-axis Accelerometer|-0.842759|5.171476|8.312668|1395861594887
BOSCH BMA250 3-axis Accelerometer|-0.842759|5.171476|8.274361|1395861594907
BOSCH BMA250 3-axis Accelerometer|-0.842759|5.171476|8.389283|1395861594927
BOSCH BMA250 3-axis Accelerometer|-0.842759|5.133168|8.389283|1395861594947
BOSCH BMA250 3-axis Accelerometer|-0.842759|5.133168|8.42759|1395861594967
BOSCH BMA250 3-axis Accelerometer|-0.8810662|5.133168|8.465898|1395861594986
BOSCH BMA250 3-axis Accelerometer|-0.8810662|5.171476|8.504205|1395861595007
BOSCH BMA250 3-axis Accelerometer|-0.842759|5.209783|8.42759|1395861595027
BOSCH BMA250 3-axis Accelerometer|-0.842759|5.209783|8.350976|1395861595047
BOSCH BMA250 3-axis Accelerometer|-0.8810662|5.171476|8.236053|1395861595066
BOSCH BMA250 3-axis Accelerometer|-0.91937345|5.2480903|8.350976|1395861595086
BOSCH BMA250 3-axis Accelerometer|-0.9959879|5.209783|8.389283|1395861595107
BOSCH BMA250 3-axis Accelerometer|-0.9959879|5.209783|8.350976|1395861595127
BOSCH BMA250 3-axis Accelerometer|-0.9959879|5.2863975|8.274361|1395861595167
BOSCH BMA250 3-axis Accelerometer|-0.9576807|5.209783|8.312668|1395861595206
BOSCH BMA250 3-axis Accelerometer|-0.9959879|5.171476|8.42759|1395861595226
BOSCH BMA250 3-axis Accelerometer|-0.9959879|5.171476|8.504205|1395861595246
BOSCH BMA250 3-axis Accelerometer|-0.91937345|5.171476|8.42759|1395861595266
BOSCH BMA250 3-axis Accelerometer|-0.8810662|5.171476|8.350976|1395861595286
BOSCH BMA250 3-axis Accelerometer|-0.91937345|5.171476|8.350976|1395861595326
BOSCH BMA250 3-axis Accelerometer|-0.9576807|5.209783|8.312668|1395861595347
BOSCH BMA250 3-axis Accelerometer|-0.9576807|5.2863975|8.236053|1395861595366
BOSCH BMA250 3-axis Accelerometer|-0.9576807|5.209783|8.236053|1395861595386
BOSCH BMA250 3-axis Accelerometer|-0.9576807|5.171476|8.350976|1395861595406
BOSCH BMA250 3-axis Accelerometer|-0.9959879|5.171476|8.42759|1395861595426
BOSCH BMA250 3-axis Accelerometer|-0.9959879|5.209783|8.504205|1395861595446
BOSCH BMA250 3-axis Accelerometer|-0.9576807|5.171476|8.504205|1395861595466
BOSCH BMA250 3-axis Accelerometer|-1.0342951|5.209783|8.350976|1395861595486
BOSCH BMA250 3-axis Accelerometer|-0.9959879|5.3247046|8.0445175|1395861595506
BOSCH BMA250 3-axis Accelerometer|-1.1109096|5.2863975|8.0445175|1395861595526
BOSCH BMA250 3-axis Accelerometer|-1.1875241|5.401319|8.159439|1395861595546
BOSCH BMA250 3-axis Accelerometer|-1.1875241|5.2480903|8.389283|1395861595566
BOSCH BMA250 3-axis Accelerometer|-1.1492168|5.2480903|8.42759|1395861595586
BOSCH BMA250 3-axis Accelerometer|-1.1109096|5.2863975|8.42759|1395861595606
BOSCH BMA250 3-axis Accelerometer|-1.0726024|5.2863975|8.350976|1395861595626
BOSCH BMA250 3-axis Accelerometer|-1.0342951|5.2863975|8.350976|1395861595646
BOSCH BMA250 3-axis Accelerometer|-0.9959879|5.2480903|8.389283|1395861595666
BOSCH BMA250 3-axis Accelerometer|-0.9576807|5.2480903|8.465898|1395861595686
BOSCH BMA250 3-axis Accelerometer|-0.9576807|5.2480903|8.504205|1395861595706
BOSCH BMA250 3-axis Accelerometer|-0.9576807|5.133168|8.542512|1395861595726
BOSCH BMA250 3-axis Accelerometer|-0.91937345|5.133168|8.542512|1395861595746
BOSCH BMA250 3-axis Accelerometer|-0.8810662|5.133168|8.504205|1395861595766
BOSCH BMA250 3-axis Accelerometer|-0.8810662|5.133168|8.465898|1395861595786
BOSCH BMA250 3-axis Accelerometer|-0.9959879|5.133168|8.389283|1395861595806
BOSCH BMA250 3-axis Accelerometer|-1.0342951|5.133168|8.389283|1395861595826
BOSCH BMA250 3-axis Accelerometer|-0.9959879|5.171476|8.389283|1395861595846
BOSCH BMA250 3-axis Accelerometer|-0.9959879|5.209783|8.312668|1395861595865
BOSCH BMA250 3-axis Accelerometer|-1.0342951|5.2480903|8.350976|1395861595886
BOSCH BMA250 3-axis Accelerometer|-0.9959879|5.2480903|8.350976|1395861595916
BOSCH BMA250 3-axis Accelerometer|-0.9959879|5.209783|8.350976|1395861595936
BOSCH BMA250 3-axis Accelerometer|-1.0342951|5.209783|8.389283|1395861595957
BOSCH BMA250 3-axis Accelerometer|-0.9959879|5.209783|8.389283|1395861595996
BOSCH BMA250 3-axis Accelerometer|-0.9576807|5.2480903|8.389283|1395861596016
BOSCH BMA250 3-axis Accelerometer|-0.9576807|5.209783|8.42759|1395861596038
BOSCH BMA250 3-axis Accelerometer|-0.91937345|5.2480903|8.389283|1395861596056
BOSCH BMA250 3-axis Accelerometer|-0.91937345|5.209783|8.389283|1395861596076
BOSCH BMA250 3-axis Accelerometer|-0.8810662|5.2480903|8.274361|1395861596096
BOSCH BMA250 3-axis Accelerometer|-0.91937345|5.2480903|8.236053|1395861596116
BOSCH BMA250 3-axis Accelerometer|-0.91937345|5.2863975|8.236053|1395861596136
BOSCH BMA250 3-axis Accelerometer|-0.8810662|5.2863975|8.236053|1395861596156
BOSCH BMA250 3-axis Accelerometer|-0.8810662|5.2480903|8.236053|1395861596176
BOSCH BMA250 3-axis Accelerometer|-0.91937345|5.2863975|8.274361|1395861596196
BOSCH BMA250 3-axis Accelerometer|-0.9576807|5.2863975|8.312668|1395861596216
BOSCH BMA250 3-axis Accelerometer|-0.9959879|5.209783|8.350976|1395861596236
BOSCH BMA250 3-axis Accelerometer|-1.0342951|5.4779334|8.197746|1395861596256
BOSCH BMA250 3-axis Accelerometer|-1.1109096|5.401319|8.082825|1395861596276
BOSCH BMA250 3-axis Accelerometer|-1.1492168|5.401319|8.121132|1395861596296
BOSCH BMA250 3-axis Accelerometer|-1.1492168|5.401319|8.159439|1395861596316
BOSCH BMA250 3-axis Accelerometer|-0.9959879|5.363012|8.236053|1395861596336
BOSCH BMA250 3-axis Accelerometer|-1.0342951|5.401319|8.274361|1395861596356
BOSCH BMA250 3-axis Accelerometer|-1.0342951|5.439626|8.236053|1395861596396
BOSCH BMA250 3-axis Accelerometer|-1.1109096|5.439626|8.312668|1395861596416
BOSCH BMA250 3-axis Accelerometer|-1.1109096|5.4779334|8.312668|1395861596439
BOSCH BMA250 3-axis Accelerometer|-1.1109096|5.5162406|8.274361|1395861596456
BOSCH BMA250 3-axis Accelerometer|-1.3024458|5.592855|7.8146744|1395861596476
BOSCH BMA250 3-axis Accelerometer|-1.2641385|5.592855|8.312668|1395861596496
BOSCH BMA250 3-axis Accelerometer|-1.2641385|5.4779334|8.312668|1395861596516
BOSCH BMA250 3-axis Accelerometer|-1.2258313|5.401319|8.197746|1395861596536
BOSCH BMA250 3-axis Accelerometer|-1.3024458|5.4779334|8.236053|1395861596556
