ST 9-axis Orientation Sensor|132.03767|-28.784853|-16.284634|1395861575552
ST 9-axis Orientation Sensor|132.03766|-28.786873|-16.291075|1395861575554
ST 9-axis Orientation Sensor|132.03764|-28.788391|-16.295908|1395861575557
ST 9-axis Orientation Sensor|126.622086|-32.048996|-15.085463|1395861575563
ST 9-axis Orientation Sensor|126.607445|-32.05693|-15.103902|1395861575566
ST 9-axis Orientation Sensor|127.82308|-29.711016|-15.592987|1395861575582
ST 9-axis Orientation Sensor|129.26337|-27.237635|-15.68265|1395861575600
ST 9-axis Orientation Sensor|129.71278|-26.496431|-15.6642475|1395861575618
ST 9-axis Orientation Sensor|131.239|-23.536173|-14.475969|1395861575638
ST 9-axis Orientation Sensor|134.44708|-19.789808|-13.031838|1395861575663
ST 9-axis Orientation Sensor|137.43164|-18.430815|-12.475124|1395861575679
ST 9-axis Orientation Sensor|140.0337|-17.71844|-12.477215|1395861575699
ST 9-axis Orientation Sensor|141.73126|-17.54066|-12.620053|1395861575719
ST 9-axis Orientation Sensor|143.41774|-17.43981|-13.113872|1395861575740
ST 9-axis Orientation Sensor|145.15257|-16.29643|-15.5863495|1395861575758
ST 9-axis Orientation Sensor|148.42897|-14.720804|-16.525309|1395861575779
ST 9-axis Orientation Sensor|152.08157|-13.265192|-15.4156885|1395861575800
ST 9-axis Orientation Sensor|154.1072|-12.199741|-14.635219|1395861575818
ST 9-axis Orientation Sensor|156.27942|-11.0281515|-14.457984|1395861575839
ST 9-axis Orientation Sensor|158.62105|-10.583117|-15.069971|1395861575862
ST 9-axis Orientation Sensor|161.26315|-10.743325|-15.091922|1395861575879
ST 9-axis Orientation Sensor|163.64789|-10.330476|-13.409614|1395861575901
ST 9-axis Orientation Sensor|165.01195|-9.916788|-11.847427|1395861575920
ST 9-axis Orientation Sensor|167.09943|-9.763062|-11.087256|1395861575941
ST 9-axis Orientation Sensor|169.20206|-9.2031|-11.245764|1395861575961
ST 9-axis Orientation Sensor|169.54889|-8.158382|-11.192648|1395861575981
ST 9-axis Orientation Sensor|169.04285|-6.833177|-10.183399|1395861576001
ST 9-axis Orientation Sensor|169.89018|-6.419281|-8.795326|1395861576020
ST 9-axis Orientation Sensor|171.24936|-6.126273|-7.4478617|1395861576042
ST 9-axis Orientation Sensor|173.71045|-5.507438|-7.8425026|1395861576064
ST 9-axis Orientation Sensor|177.66335|-4.338628|-9.703425|1395861576077
ST 9-axis Orientation Sensor|181.40005|-3.4050827|-11.195914|1395861576098
ST 9-axis Orientation Sensor|184.66994|-2.4936488|-12.436857|1395861576118
ST 9-axis Orientation Sensor|188.37354|-1.2994233|-14.08415|1395861576138
ST 9-axis Orientation Sensor|190.38257|-1.5642518|-15.086406|1395861576160
ST 9-axis Orientation Sensor|192.22244|-2.3597817|-15.880114|1395861576178
ST 9-axis Orientation Sensor|195.38403|-1.8018364|-17.886786|1395861576199
ST 9-axis Orientation Sensor|197.82985|-0.92815137|-18.553774|1395861576218
ST 9-axis Orientation Sensor|200.25587|-0.25017646|-17.936184|1395861576241
ST 9-axis Orientation Sensor|202.43079|0.9067013|-17.366304|1395861576259
ST 9-axis Orientation Sensor|204.64355|2.4676528|-16.852385|1395861576279
ST 9-axis Orientation Sensor|206.40341|3.2909303|-15.918183|1395861576299
ST 9-axis Orientation Sensor|207.24622|3.3635046|-15.45884|1395861576319
ST 9-axis Orientation Sensor|207.97205|2.9871154|-14.986749|1395861576339
ST 9-axis Orientation Sensor|208.07207|3.2242181|-13.907555|1395861576358
ST 9-axis Orientation Sensor|208.8354|4.07118|-14.143076|1395861576380
ST 9-axis Orientation Sensor|209.27203|4.8644714|-15.934888|1395861576401
ST 9-axis Orientation Sensor|209.6826|5.3627176|-17.602962|1395861576420
ST 9-axis Orientation Sensor|210.25565|5.390074|-18.995745|1395861576442
ST 9-axis Orientation Sensor|210.90114|3.715192|-17.419893|1395861576459
ST 9-axis Orientation Sensor|212.33235|1.2845085|-14.816519|1395861576481
ST 9-axis Orientation Sensor|214.68791|0.880852|-14.074702|1395861576500
ST 9-axis Orientation Sensor|217.42781|1.287305|-13.752863|1395861576520
ST 9-axis Orientation Sensor|220.90926|1.8288267|-12.967944|1395861576553
ST 9-axis Orientation Sensor|223.47209|2.1014214|-12.016913|1395861576561
ST 9-axis Orientation Sensor|225.12321|1.6763918|-10.111034|1395861576583
ST 9-axis Orientation Sensor|226.54213|0.5219082|-8.143726|1395861576618
ST 9-axis Orientation Sensor|227.51637|-0.42550194|-8.083364|1395861576618
ST 9-axis Orientation Sensor|227.94824|-1.6394074|-10.382244|1395861576639
ST 9-axis Orientation Sensor|227.40288|-3.8701491|-13.526387|1395861576660
ST 9-axis Orientation Sensor|226.57277|-6.968281|-16.452715|1395861576699
ST 9-axis Orientation Sensor|225.47314|-9.881963|-18.848104|1395861576718
ST 9-axis Orientation Sensor|224.16214|-12.281618|-20.474907|1395861576719
ST 9-axis Orientation Sensor|221.64255|-16.87675|-22.818903|1395861576740
ST 9-axis Orientation Sensor|218.93077|-23.281351|-24.757551|1395861576763
ST 9-axis Orientation Sensor|215.98384|-30.977932|-25.817177|1395861576802
ST 9-axis Orientation Sensor|212.10622|-38.525265|-26.812876|1395861576824
ST 9-axis Orientation Sensor|208.52477|-42.989407|-26.90862|1395861576825
ST 9-axis Orientation Sensor|203.91425|-47.718426|-25.103302|1395861576847
ST 9-axis Orientation Sensor|200.49028|-52.58797|-22.222494|1395861576860
ST 9-axis Orientation Sensor|198.9381|-56.505764|-18.465029|1395861576898
ST 9-axis Orientation Sensor|199.29764|-58.63111|-13.104398|1395861576919
ST 9-axis Orientation Sensor|200.14919|-59.662094|-8.706696|1395861576919
ST 9-axis Orientation Sensor|200.88586|-60.633648|-3.545259|1395861576960
ST 9-axis Orientation Sensor|200.90775|-60.737732|0.46034262|1395861576978
ST 9-axis Orientation Sensor|200.79643|-59.96325|4.0485744|1395861576998
ST 9-axis Orientation Sensor|201.07655|-59.245625|7.59236|1395861577018
ST 9-axis Orientation Sensor|201.34004|-58.681442|10.056651|1395861577038
ST 9-axis Orientation Sensor|201.30261|-57.498978|12.855991|1395861577057
ST 9-axis Orientation Sensor|201.03223|-56.16398|14.989559|1395861577077
ST 9-axis Orientation Sensor|201.40889|-54.65967|17.063517|1395861577098
ST 9-axis Orientation Sensor|202.72539|-53.23965|18.71395|1395861577118
ST 9-axis Orientation Sensor|204.09912|-52.33648|19.44592|1395861577140
ST 9-axis Orientation Sensor|206.17758|-51.365646|19.48832|1395861577162
ST 9-axis Orientation Sensor|208.89275|-51.493176|19.28101|1395861577179
ST 9-axis Orientation Sensor|212.07687|-52.425926|19.358711|1395861577199
ST 9-axis Orientation Sensor|215.0708|-53.425854|19.056557|1395861577220
ST 9-axis Orientation Sensor|217.21652|-54.33159|19.0698|1395861577240
ST 9-axis Orientation Sensor|219.60269|-55.63525|19.19439|1395861577268
ST 9-axis Orientation Sensor|221.23915|-57.05848|18.718493|1395861577289
ST 9-axis Orientation Sensor|222.46266|-58.394756|18.025213|1395861577291
ST 9-axis Orientation Sensor|223.41475|-59.093464|17.482|1395861577311
ST 9-axis Orientation Sensor|224.1275|-59.354607|17.103537|1395861577328
ST 9-axis Orientation Sensor|225.22198|-59.90653|16.170086|1395861577350
ST 9-axis Orientation Sensor|226.38951|-61.147915|14.859995|1395861577388
ST 9-axis Orientation Sensor|227.67046|-63.107925|13.320995|1395861577408
ST 9-axis Orientation Sensor|229.54088|-65.39073|12.242329|1395861577428
ST 9-axis Orientation Sensor|231.39441|-66.95425|11.61247|1395861577447
ST 9-axis Orientation Sensor|233.91129|-68.46105|10.421123|1395861577468
ST 9-axis Orientation Sensor|235.9391|-69.65837|8.85093|1395861577488
ST 9-axis Orientation Sensor|237.3614|-70.84613|7.429118|1395861577510
ST 9-axis Orientation Sensor|238.28494|-71.843735|6.7481694|1395861577529
ST 9-axis Orientation Sensor|241.13608|-73.5897|6.7992554|1395861577550
ST 9-axis Orientation Sensor|243.97926|-75.74742|6.31577|1395861577567
ST 9-axis Orientation Sensor|244.50159|-77.505356|4.6734834|1395861577587
ST 9-axis Orientation Sensor|245.54245|-79.501564|3.1206117|1395861577611
ST 9-axis Orientation Sensor|246.45741|-81.54451|1.2984653|1395861577627
ST 9-axis Orientation Sensor|245.94366|-82.43012|-0.6675517|1395861577648
ST 9-axis Orientation Sensor|244.43326|-84.012535|-3.1879125|1395861577667
ST 9-axis Orientation Sensor|243.84174|-85.5933|-5.0195775|1395861577688
ST 9-axis Orientation Sensor|244.1557|-86.64919|-6.303423|1395861577708
ST 9-axis Orientation Sensor|243.14706|-87.623245|-7.68061|1395861577727
ST 9-axis Orientation Sensor|241.08179|-88.39655|-8.760914|1395861577748
ST 9-axis Orientation Sensor|242.09518|-89.432205|-10.24071|1395861577767
ST 9-axis Orientation Sensor|242.6871|-90.389465|-11.823726|1395861577787
ST 9-axis Orientation Sensor|245.9564|-91.43822|-13.128337|1395861577808
ST 9-axis Orientation Sensor|248.94205|-92.84451|-14.985114|1395861577827
ST 9-axis Orientation Sensor|249.73778|-94.070816|-17.648684|1395861577847
ST 9-axis Orientation Sensor|250.65414|-95.3608|-21.88807|1395861577868
ST 9-axis Orientation Sensor|252.06168|-95.377716|-26.201105|1395861577888
ST 9-axis Orientation Sensor|250.44678|-97.34305|-29.893738|1395861577908
ST 9-axis Orientation Sensor|249.9098|-100.826164|-32.771713|1395861577928
ST 9-axis Orientation Sensor|251.24118|-102.21452|-34.10579|1395861577947
ST 9-axis Orientation Sensor|251.82706|-103.0439|-34.51872|1395861577967
ST 9-axis Orientation Sensor|252.09903|-102.93365|-34.697044|1395861577989
ST 9-axis Orientation Sensor|251.84378|-102.88809|-34.73951|1395861578008
ST 9-axis Orientation Sensor|251.33696|-103.29412|-34.641815|1395861578029
ST 9-axis Orientation Sensor|251.87007|-103.286415|-34.746807|1395861578047
ST 9-axis Orientation Sensor|254.83878|-101.314865|-35.238693|1395861578067
ST 9-axis Orientation Sensor|258.026|-98.7967|-35.44554|1395861578087
ST 9-axis Orientation Sensor|259.48682|-97.36663|-35.066383|1395861578107
ST 9-axis Orientation Sensor|259.54413|-97.30379|-34.328274|1395861578127
ST 9-axis Orientation Sensor|259.19064|-97.50129|-33.727764|1395861578148
ST 9-axis Orientation Sensor|258.5417|-97.48023|-33.119526|1395861578167
ST 9-axis Orientation Sensor|257.77277|-97.1214|-32.93|1395861578187
ST 9-axis Orientation Sensor|256.88818|-96.65818|-32.937977|1395861578207
ST 9-axis Orientation Sensor|257.07135|-96.37585|-33.261215|1395861578227
ST 9-axis Orientation Sensor|257.69897|-96.61482|-33.48319|1395861578247
ST 9-axis Orientation Sensor|261.33575|-95.57709|-33.99686|1395861578267
ST 9-axis Orientation Sensor|261.5857|-95.76652|-34.288532|1395861578287
ST 9-axis Orientation Sensor|261.2754|-95.54047|-34.4872|1395861578307
ST 9-axis Orientation Sensor|260.97827|-94.967415|-34.633923|1395861578327
ST 9-axis Orientation Sensor|264.92932|-92.47287|-34.927216|1395861578348
ST 9-axis Orientation Sensor|265.60934|-91.83917|-35.07188|1395861578367
ST 9-axis Orientation Sensor|265.43454|-92.09497|-35.289154|1395861578388
ST 9-axis Orientation Sensor|265.4489|-92.57418|-35.765114|1395861578407
ST 9-axis Orientation Sensor|264.96436|-93.000496|-35.993282|1395861578427
ST 9-axis Orientation Sensor|263.70197|-93.47063|-35.857574|1395861578447
ST 9-axis Orientation Sensor|261.675|-93.8247|-35.261353|1395861578467
ST 9-axis Orientation Sensor|260.83298|-93.944695|-34.487457|1395861578489
ST 9-axis Orientation Sensor|260.50903|-93.87867|-33.388367|1395861578507
ST 9-axis Orientation Sensor|261.31946|-93.45736|-31.76269|1395861578527
ST 9-axis Orientation Sensor|262.151|-93.02974|-30.154634|1395861578548
ST 9-axis Orientation Sensor|263.2249|-92.2481|-27.612032|1395861578568
ST 9-axis Orientation Sensor|263.78238|-91.46302|-24.79129|1395861578588
ST 9-axis Orientation Sensor|264.10687|-90.43804|-22.404772|1395861578607
ST 9-axis Orientation Sensor|265.4758|-89.10838|-20.082563|1395861578628
ST 9-axis Orientation Sensor|265.73175|-88.516304|-18.091726|1395861578647
ST 9-axis Orientation Sensor|266.70093|-87.97315|-15.267376|1395861578667
ST 9-axis Orientation Sensor|266.83148|-87.37851|-13.27524|1395861578688
ST 9-axis Orientation Sensor|267.21277|-86.93308|-12.184449|1395861578707
ST 9-axis Orientation Sensor|268.05188|-86.95043|-12.301523|1395861578749
ST 9-axis Orientation Sensor|268.5314|-86.81308|-12.916125|1395861578768
ST 9-axis Orientation Sensor|269.37943|-86.645615|-13.562821|1395861578787
ST 9-axis Orientation Sensor|271.18375|-86.871544|-13.960554|1395861578808
ST 9-axis Orientation Sensor|271.5417|-86.93998|-14.719637|1395861578827
ST 9-axis Orientation Sensor|271.76645|-87.04413|-15.053811|1395861578847
ST 9-axis Orientation Sensor|272.06387|-87.1992|-15.199995|1395861578868
ST 9-axis Orientation Sensor|272.18973|-87.274704|-15.150566|1395861578888
ST 9-axis Orientation Sensor|272.92328|-87.36077|-15.0066395|1395861578907
ST 9-axis Orientation Sensor|273.37665|-87.452736|-14.801649|1395861578947
ST 9-axis Orientation Sensor|273.77155|-87.60745|-14.621822|1395861578949
ST 9-axis Orientation Sensor|274.2683|-87.95796|-14.468734|1395861578967
ST 9-axis Orientation Sensor|274.12277|-87.77231|-14.346745|1395861578987
ST 9-axis Orientation Sensor|273.88928|-86.95767|-14.349367|1395861579026
ST 9-axis Orientation Sensor|274.2489|-86.0494|-14.410455|1395861579046
ST 9-axis Orientation Sensor|274.63138|-85.42417|-14.539513|1395861579047
ST 9-axis Orientation Sensor|274.6145|-85.050255|-14.752504|1395861579068
ST 9-axis Orientation Sensor|274.6775|-85.04907|-14.808003|1395861579087
ST 9-axis Orientation Sensor|275.6336|-85.12982|-14.726025|1395861579127
ST 9-axis Orientation Sensor|276.72223|-85.34169|-14.611369|1395861579147
ST 9-axis Orientation Sensor|277.46747|-85.50113|-14.5191765|1395861579148
ST 9-axis Orientation Sensor|278.4485|-85.66226|-14.41151|1395861579167
ST 9-axis Orientation Sensor|279.32242|-85.75058|-14.340516|1395861579206
ST 9-axis Orientation Sensor|280.14063|-85.759415|-14.336551|1395861579227
ST 9-axis Orientation Sensor|280.92773|-85.738144|-14.371855|1395861579246
ST 9-axis Orientation Sensor|281.51984|-85.723946|-14.404071|1395861579247
ST 9-axis Orientation Sensor|282.22784|-85.712555|-14.445502|1395861579287
ST 9-axis Orientation Sensor|282.83197|-85.69526|-14.478067|1395861579311
ST 9-axis Orientation Sensor|283.28244|-85.65446|-14.498418|1395861579327
ST 9-axis Orientation Sensor|283.638|-85.60392|-14.501609|1395861579347
ST 9-axis Orientation Sensor|283.85452|-85.56547|-14.497589|1395861579366
ST 9-axis Orientation Sensor|284.10107|-85.518364|-14.494263|1395861579386
ST 9-axis Orientation Sensor|284.2865|-85.4966|-14.497686|1395861579406
ST 9-axis Orientation Sensor|284.43524|-85.486206|-14.547111|1395861579426
ST 9-axis Orientation Sensor|284.56638|-85.5276|-14.633532|1395861579450
ST 9-axis Orientation Sensor|284.66354|-85.6076|-14.713479|1395861579469
ST 9-axis Orientation Sensor|284.8418|-85.74284|-14.800528|1395861579490
ST 9-axis Orientation Sensor|285.0481|-85.868164|-14.871572|1395861579510
ST 9-axis Orientation Sensor|285.29587|-85.966324|-14.890426|1395861579531
ST 9-axis Orientation Sensor|285.56702|-86.03487|-14.841352|1395861579551
ST 9-axis Orientation Sensor|285.7597|-86.06343|-14.793241|1395861579555
ST 9-axis Orientation Sensor|286.00854|-86.08769|-14.706066|1395861579593
ST 9-axis Orientation Sensor|286.25616|-86.1098|-14.6124115|1395861579610
ST 9-axis Orientation Sensor|286.49765|-86.12953|-14.5209875|1395861579627
ST 9-axis Orientation Sensor|286.73584|-86.15255|-14.4283495|1395861579649
ST 9-axis Orientation Sensor|286.9311|-86.17786|-14.361258|1395861579667
ST 9-axis Orientation Sensor|287.1778|-86.2256|-14.2840805|1395861579688
ST 9-axis Orientation Sensor|287.40265|-86.29076|-14.220375|1395861579708
ST 9-axis Orientation Sensor|287.63385|-86.370285|-14.159191|1395861579727
ST 9-axis Orientation Sensor|287.84756|-86.45354|-14.100795|1395861579748
ST 9-axis Orientation Sensor|288.01227|-86.50715|-14.05697|1395861579767
ST 9-axis Orientation Sensor|288.28238|-86.536644|-13.998873|1395861579788
ST 9-axis Orientation Sensor|288.6113|-86.50242|-13.9452305|1395861579808
ST 9-axis Orientation Sensor|288.93884|-86.421234|-13.924024|1395861579828
ST 9-axis Orientation Sensor|289.23578|-86.3196|-13.907474|1395861579848
ST 9-axis Orientation Sensor|289.45026|-86.245926|-13.85801|1395861579869
ST 9-axis Orientation Sensor|289.71497|-86.16548|-13.763413|1395861579888
ST 9-axis Orientation Sensor|289.90787|-86.1511|-13.625728|1395861579907
ST 9-axis Orientation Sensor|289.94574|-86.1836|-13.50394|1395861579928
ST 9-axis Orientation Sensor|289.8841|-86.22342|-13.452671|1395861579948
ST 9-axis Orientation Sensor|289.88168|-86.247665|-13.459696|1395861579967
ST 9-axis Orientation Sensor|289.99646|-86.288765|-13.51618|1395861579988
ST 9-axis Orientation Sensor|290.2082|-86.3577|-13.575223|1395861580007
ST 9-axis Orientation Sensor|290.42072|-86.41585|-13.61447|1395861580027
ST 9-axis Orientation Sensor|290.5507|-86.39224|-13.658623|1395861580047
ST 9-axis Orientation Sensor|290.54883|-86.28525|-13.705699|1395861580068
ST 9-axis Orientation Sensor|290.28067|-85.965675|-13.790859|1395861580089
ST 9-axis Orientation Sensor|289.7973|-85.45838|-13.906736|1395861580108
ST 9-axis Orientation Sensor|289.2163|-84.77284|-14.090427|1395861580128
ST 9-axis Orientation Sensor|288.6964|-83.87902|-14.4114895|1395861580156
ST 9-axis Orientation Sensor|288.4353|-83.05976|-14.760637|1395861580179
ST 9-axis Orientation Sensor|288.4322|-81.75985|-15.318127|1395861580180
ST 9-axis Orientation Sensor|288.86774|-80.22198|-15.878253|1395861580200
ST 9-axis Orientation Sensor|289.53366|-78.52578|-16.416601|1395861580221
ST 9-axis Orientation Sensor|290.21112|-76.830635|-16.913074|1395861580242
ST 9-axis Orientation Sensor|290.62268|-75.670166|-17.245405|1395861580261
ST 9-axis Orientation Sensor|290.99036|-74.34429|-17.540154|1395861580280
ST 9-axis Orientation Sensor|291.02148|-73.34205|-17.581755|1395861580301
ST 9-axis Orientation Sensor|290.58646|-72.39252|-17.477968|1395861580340
ST 9-axis Orientation Sensor|290.0091|-71.013176|-17.429815|1395861580363
ST 9-axis Orientation Sensor|290.2091|-69.95853|-17.239103|1395861580364
ST 9-axis Orientation Sensor|291.14893|-69.12315|-16.780453|1395861580399
ST 9-axis Orientation Sensor|291.9089|-68.667755|-16.214424|1395861580419
ST 9-axis Orientation Sensor|292.20465|-68.46394|-15.903786|1395861580440
ST 9-axis Orientation Sensor|292.0013|-68.51865|-16.06319|1395861580463
ST 9-axis Orientation Sensor|291.9274|-68.60161|-16.126263|1395861580463
ST 9-axis Orientation Sensor|292.0013|-68.849075|-16.136728|1395861580499
ST 9-axis Orientation Sensor|292.06818|-69.37224|-16.081932|1395861580519
ST 9-axis Orientation Sensor|291.91736|-70.15085|-15.984897|1395861580539
ST 9-axis Orientation Sensor|291.5779|-71.21634|-15.846326|1395861580559
ST 9-axis Orientation Sensor|291.29895|-72.188385|-15.698609|1395861580561
ST 9-axis Orientation Sensor|291.0324|-73.673706|-15.473858|1395861580601
ST 9-axis Orientation Sensor|291.0519|-75.33081|-15.2531805|1395861580620
ST 9-axis Orientation Sensor|291.1206|-77.02707|-15.065795|1395861580640
ST 9-axis Orientation Sensor|291.10385|-78.684425|-14.852124|1395861580662
ST 9-axis Orientation Sensor|290.86407|-79.88164|-14.611884|1395861580662
ST 9-axis Orientation Sensor|290.53613|-81.40431|-14.197855|1395861580699
ST 9-axis Orientation Sensor|290.22394|-82.757774|-13.696114|1395861580717
ST 9-axis Orientation Sensor|289.93893|-83.81962|-13.169013|1395861580739
ST 9-axis Orientation Sensor|289.69147|-84.51659|-12.699523|1395861580759
ST 9-axis Orientation Sensor|289.54752|-84.79807|-12.42303|1395861580780
ST 9-axis Orientation Sensor|289.44318|-84.86214|-12.210237|1395861580799
ST 9-axis Orientation Sensor|289.42862|-84.58927|-12.186686|1395861580819
ST 9-axis Orientation Sensor|289.4958|-83.98574|-12.304838|1395861580841
ST 9-axis Orientation Sensor|289.61682|-83.09338|-12.5292635|1395861580863
ST 9-axis Orientation Sensor|289.73633|-82.27315|-12.764372|1395861580880
ST 9-axis Orientation Sensor|289.95813|-80.98604|-13.17057|1395861580901
ST 9-axis Orientation Sensor|290.21198|-79.43347|-13.675166|1395861580921
ST 9-axis Orientation Sensor|290.35748|-77.59327|-14.280227|1395861580943
ST 9-axis Orientation Sensor|290.36002|-75.656395|-14.993375|1395861580959
ST 9-axis Orientation Sensor|290.34393|-74.335396|-15.528935|1395861580979
ST 9-axis Orientation Sensor|290.6266|-72.38441|-16.053522|1395861580999
ST 9-axis Orientation Sensor|291.2254|-69.96232|-16.26892|1395861581019
ST 9-axis Orientation Sensor|292.5153|-68.22575|-15.882932|1395861581039
ST 9-axis Orientation Sensor|293.49536|-67.39918|-15.4317875|1395861581062
ST 9-axis Orientation Sensor|293.61243|-67.09178|-15.268036|1395861581082
ST 9-axis Orientation Sensor|293.0921|-66.9148|-15.3192|1395861581100
ST 9-axis Orientation Sensor|292.4127|-66.853775|-15.462377|1395861581121
ST 9-axis Orientation Sensor|291.92627|-67.05997|-15.559636|1395861581142
ST 9-axis Orientation Sensor|291.69196|-67.59634|-15.493999|1395861581159
ST 9-axis Orientation Sensor|291.44855|-68.06867|-15.418937|1395861581181
ST 9-axis Orientation Sensor|290.8916|-68.79426|-15.353533|1395861581201
ST 9-axis Orientation Sensor|290.1913|-69.63033|-15.262288|1395861581222
ST 9-axis Orientation Sensor|289.43292|-70.577156|-15.11719|1395861581240
ST 9-axis Orientation Sensor|288.7375|-71.864586|-14.891342|1395861581261
ST 9-axis Orientation Sensor|288.29053|-73.113365|-14.657643|1395861581282
ST 9-axis Orientation Sensor|287.78238|-75.04659|-14.292838|1395861581301
ST 9-axis Orientation Sensor|287.46896|-77.11087|-13.839513|1395861581321
ST 9-axis Orientation Sensor|287.1519|-79.02493|-13.408803|1395861581342
ST 9-axis Orientation Sensor|286.97092|-80.68349|-12.995792|1395861581362
ST 9-axis Orientation Sensor|286.93585|-81.69859|-12.733298|1395861581381
ST 9-axis Orientation Sensor|287.04523|-82.72056|-12.4840355|1395861581401
ST 9-axis Orientation Sensor|287.36646|-83.32884|-12.369936|1395861581420
ST 9-axis Orientation Sensor|287.84515|-83.5296|-12.358107|1395861581442
ST 9-axis Orientation Sensor|288.35913|-83.387856|-12.426655|1395861581461
ST 9-axis Orientation Sensor|288.69897|-83.10082|-12.526876|1395861581479
ST 9-axis Orientation Sensor|289.07065|-82.49873|-12.708503|1395861581504
ST 9-axis Orientation Sensor|289.38486|-81.65206|-12.93046|1395861581519
ST 9-axis Orientation Sensor|289.66687|-80.59099|-13.234625|1395861581542
ST 9-axis Orientation Sensor|289.94247|-79.25816|-13.638713|1395861581562
ST 9-axis Orientation Sensor|290.16742|-77.98728|-13.994241|1395861581582
ST 9-axis Orientation Sensor|290.4744|-75.79172|-14.586233|1395861581599
ST 9-axis Orientation Sensor|290.8176|-73.0581|-15.354969|1395861581621
ST 9-axis Orientation Sensor|291.18665|-70.251625|-16.166277|1395861581641
ST 9-axis Orientation Sensor|291.80237|-67.5784|-16.739435|1395861581662
ST 9-axis Orientation Sensor|292.34753|-65.77754|-16.942894|1395861581679
ST 9-axis Orientation Sensor|293.7466|-64.11668|-16.696617|1395861581699
ST 9-axis Orientation Sensor|294.755|-63.64531|-16.246572|1395861581719
ST 9-axis Orientation Sensor|294.4897|-63.81875|-15.964821|1395861581739
ST 9-axis Orientation Sensor|293.4925|-63.42064|-16.092766|1395861581759
ST 9-axis Orientation Sensor|292.96857|-62.93377|-16.22943|1395861581778
ST 9-axis Orientation Sensor|292.9834|-62.600914|-16.135532|1395861581798
ST 9-axis Orientation Sensor|293.37955|-62.680344|-15.794149|1395861581819
ST 9-axis Orientation Sensor|293.46143|-63.008415|-15.609428|1395861581838
ST 9-axis Orientation Sensor|292.96423|-63.628056|-15.669145|1395861581859
ST 9-axis Orientation Sensor|292.4059|-64.33907|-15.787645|1395861581879
ST 9-axis Orientation Sensor|291.77667|-65.41811|-15.852688|1395861581898
ST 9-axis Orientation Sensor|291.34564|-66.53869|-15.782561|1395861581918
ST 9-axis Orientation Sensor|290.95276|-67.82107|-15.650693|1395861581938
ST 9-axis Orientation Sensor|290.74545|-69.304375|-15.431088|1395861581959
ST 9-axis Orientation Sensor|290.56177|-70.79869|-15.241227|1395861581978
ST 9-axis Orientation Sensor|290.05502|-72.5137|-15.01933|1395861581999
ST 9-axis Orientation Sensor|289.67316|-74.194435|-14.769004|1395861582018
ST 9-axis Orientation Sensor|289.47955|-75.755745|-14.499401|1395861582038
ST 9-axis Orientation Sensor|289.41678|-77.147545|-14.226042|1395861582077
ST 9-axis Orientation Sensor|289.40482|-78.06397|-14.015047|1395861582077
ST 9-axis Orientation Sensor|289.3886|-79.07508|-13.73275|1395861582098
ST 9-axis Orientation Sensor|289.38617|-79.76955|-13.466348|1395861582118
ST 9-axis Orientation Sensor|289.40314|-80.10364|-13.265487|1395861582160
ST 9-axis Orientation Sensor|289.45642|-80.06255|-13.165725|1395861582161
ST 9-axis Orientation Sensor|289.5498|-79.76962|-13.167636|1395861582180
ST 9-axis Orientation Sensor|289.77893|-79.033646|-13.287072|1395861582200
ST 9-axis Orientation Sensor|290.0662|-77.9926|-13.53843|1395861582221
ST 9-axis Orientation Sensor|290.3873|-76.68762|-13.8997755|1395861582260
ST 9-axis Orientation Sensor|290.7729|-75.04709|-14.362254|1395861582281
ST 9-axis Orientation Sensor|291.10867|-73.59528|-14.781622|1395861582281
ST 9-axis Orientation Sensor|291.47336|-70.997116|-15.343511|1395861582302
ST 9-axis Orientation Sensor|291.95508|-69.118904|-15.963865|1395861582340
ST 9-axis Orientation Sensor|292.64847|-67.18194|-16.302105|1395861582342
ST 9-axis Orientation Sensor|293.64554|-64.89551|-16.340275|1395861582363
ST 9-axis Orientation Sensor|294.78632|-63.43135|-16.164394|1395861582383
ST 9-axis Orientation Sensor|296.0823|-62.509865|-15.933891|1395861582405
ST 9-axis Orientation Sensor|296.29135|-62.52217|-16.05815|1395861582422
ST 9-axis Orientation Sensor|295.91284|-62.304256|-16.43207|1395861582462
ST 9-axis Orientation Sensor|295.6057|-61.823082|-16.729738|1395861582480
ST 9-axis Orientation Sensor|295.57852|-61.638454|-16.749018|1395861582481
ST 9-axis Orientation Sensor|295.77783|-61.567505|-16.56606|1395861582524
ST 9-axis Orientation Sensor|295.92017|-61.753845|-16.377922|1395861582524
ST 9-axis Orientation Sensor|295.79465|-62.290276|-16.273525|1395861582544
ST 9-axis Orientation Sensor|295.44788|-63.136765|-16.204557|1395861582580
ST 9-axis Orientation Sensor|295.16916|-63.86613|-16.119616|1395861582581
ST 9-axis Orientation Sensor|294.80835|-64.92774|-15.955129|1395861582621
ST 9-axis Orientation Sensor|294.57153|-66.158615|-15.749221|1395861582642
ST 9-axis Orientation Sensor|294.68286|-67.63004|-15.475054|1395861582660
ST 9-axis Orientation Sensor|294.72638|-69.338806|-15.127681|1395861582682
ST 9-axis Orientation Sensor|294.5976|-70.60134|-14.853728|1395861582699
ST 9-axis Orientation Sensor|293.99777|-72.1615|-14.532778|1395861582721
ST 9-axis Orientation Sensor|293.35867|-73.755806|-14.205908|1395861582740
ST 9-axis Orientation Sensor|292.73547|-75.26434|-13.857666|1395861582759
ST 9-axis Orientation Sensor|292.17416|-76.57004|-13.526624|1395861582782
ST 9-axis Orientation Sensor|291.83017|-77.34179|-13.3089075|1395861582802
ST 9-axis Orientation Sensor|291.5485|-78.006615|-13.080183|1395861582820
ST 9-axis Orientation Sensor|291.49213|-78.218094|-12.953007|1395861582841
ST 9-axis Orientation Sensor|291.63657|-78.02125|-12.955017|1395861582862
ST 9-axis Orientation Sensor|291.9635|-77.39551|-13.106427|1395861582887
ST 9-axis Orientation Sensor|292.25912|-76.67058|-13.328473|1395861582900
ST 9-axis Orientation Sensor|292.57764|-75.45751|-13.780357|1395861582920
ST 9-axis Orientation Sensor|292.84912|-73.996155|-14.364963|1395861582941
ST 9-axis Orientation Sensor|293.21527|-72.250465|-15.015677|1395861582963
ST 9-axis Orientation Sensor|293.67538|-70.275276|-15.639431|1395861582980
ST 9-axis Orientation Sensor|294.01093|-68.53607|-16.068018|1395861582999
ST 9-axis Orientation Sensor|294.51086|-66.32259|-16.390675|1395861583021
ST 9-axis Orientation Sensor|295.2285|-64.671974|-16.324636|1395861583041
ST 9-axis Orientation Sensor|295.75543|-62.877045|-16.406958|1395861583061
ST 9-axis Orientation Sensor|296.80637|-61.581776|-16.138805|1395861583080
ST 9-axis Orientation Sensor|297.24213|-61.250664|-15.931512|1395861583100
ST 9-axis Orientation Sensor|296.93164|-61.022312|-16.012928|1395861583120
ST 9-axis Orientation Sensor|296.27478|-60.593933|-16.323109|1395861583141
ST 9-axis Orientation Sensor|295.95117|-60.197178|-16.485489|1395861583161
ST 9-axis Orientation Sensor|296.08368|-60.15079|-16.446201|1395861583180
ST 9-axis Orientation Sensor|296.26376|-60.384136|-16.408718|1395861583199
ST 9-axis Orientation Sensor|296.2717|-60.82933|-16.431053|1395861583219
ST 9-axis Orientation Sensor|295.8457|-61.536808|-16.601337|1395861583239
ST 9-axis Orientation Sensor|295.2678|-62.522724|-16.72206|1395861583259
ST 9-axis Orientation Sensor|294.772|-63.62224|-16.663708|1395861583279
ST 9-axis Orientation Sensor|294.48804|-64.4997|-16.501604|1395861583299
ST 9-axis Orientation Sensor|294.11478|-65.79562|-16.186914|1395861583321
ST 9-axis Orientation Sensor|293.8251|-67.46065|-15.783742|1395861583340
ST 9-axis Orientation Sensor|293.5882|-69.43668|-15.285837|1395861583362
ST 9-axis Orientation Sensor|292.92917|-71.17449|-14.853218|1395861583381
ST 9-axis Orientation Sensor|292.3433|-72.39634|-14.533482|1395861583408
ST 9-axis Orientation Sensor|291.62802|-73.91336|-14.100122|1395861583419
ST 9-axis Orientation Sensor|291.01605|-75.23243|-13.689404|1395861583440
ST 9-axis Orientation Sensor|290.48468|-76.302536|-13.358883|1395861583462
ST 9-axis Orientation Sensor|290.0544|-77.05503|-13.137623|1395861583482
ST 9-axis Orientation Sensor|289.8252|-77.382355|-13.040079|1395861583501
ST 9-axis Orientation Sensor|289.6406|-77.50389|-13.019446|1395861583521
ST 9-axis Orientation Sensor|289.59915|-77.26767|-13.105202|1395861583540
ST 9-axis Orientation Sensor|289.69952|-76.704056|-13.321303|1395861583560
ST 9-axis Orientation Sensor|289.91235|-75.84857|-13.7284975|1395861583579
ST 9-axis Orientation Sensor|290.1012|-75.02506|-14.149791|1395861583600
ST 9-axis Orientation Sensor|290.3557|-73.68413|-14.851065|1395861583618
ST 9-axis Orientation Sensor|290.6306|-72.04259|-15.699492|1395861583643
ST 9-axis Orientation Sensor|291.06824|-70.09681|-16.56418|1395861583659
ST 9-axis Orientation Sensor|291.76254|-67.989105|-17.27144|1395861583680
ST 9-axis Orientation Sensor|292.42902|-66.506805|-17.536179|1395861583703
ST 9-axis Orientation Sensor|293.3227|-64.75131|-17.495459|1395861583720
ST 9-axis Orientation Sensor|294.2434|-63.05412|-17.371473|1395861583742
ST 9-axis Orientation Sensor|295.26117|-61.79439|-17.226551|1395861583762
ST 9-axis Orientation Sensor|295.79095|-61.17596|-17.187138|1395861583779
ST 9-axis Orientation Sensor|295.67212|-60.942352|-17.325748|1395861583799
ST 9-axis Orientation Sensor|295.32532|-60.413246|-17.587105|1395861583819
ST 9-axis Orientation Sensor|295.30002|-59.7343|-17.73269|1395861583839
ST 9-axis Orientation Sensor|295.5163|-59.5487|-17.822105|1395861583859
ST 9-axis Orientation Sensor|295.70947|-59.875|-17.889273|1395861583879
ST 9-axis Orientation Sensor|295.71646|-60.2146|-17.928396|1395861583899
ST 9-axis Orientation Sensor|295.42303|-60.802258|-18.061438|1395861583919
ST 9-axis Orientation Sensor|294.9777|-61.58957|-18.173418|1395861583939
ST 9-axis Orientation Sensor|294.59604|-62.58258|-18.187263|1395861583959
ST 9-axis Orientation Sensor|294.3569|-63.800804|-18.08783|1395861583979
ST 9-axis Orientation Sensor|294.23273|-64.856636|-17.943695|1395861583999
ST 9-axis Orientation Sensor|294.22534|-66.61261|-17.615776|1395861584019
ST 9-axis Orientation Sensor|294.099|-68.26995|-17.235023|1395861584038
ST 9-axis Orientation Sensor|293.6184|-69.90592|-16.848532|1395861584059
ST 9-axis Orientation Sensor|293.0093|-71.496605|-16.418314|1395861584098
ST 9-axis Orientation Sensor|292.52008|-72.609764|-16.064726|1395861584099
ST 9-axis Orientation Sensor|291.87042|-73.92611|-15.601319|1395861584126
ST 9-axis Orientation Sensor|291.26868|-75.04373|-15.199828|1395861584139
ST 9-axis Orientation Sensor|290.78113|-75.90341|-14.893783|1395861584177
ST 9-axis Orientation Sensor|290.43042|-76.45697|-14.707358|1395861584199
ST 9-axis Orientation Sensor|290.26553|-76.66623|-14.643683|1395861584200
ST 9-axis Orientation Sensor|290.22958|-76.62686|-14.635588|1395861584217
ST 9-axis Orientation Sensor|290.41162|-76.16368|-14.734685|1395861584259
ST 9-axis Orientation Sensor|290.72644|-75.25274|-15.008604|1395861584261
ST 9-axis Orientation Sensor|291.03525|-73.9244|-15.48605|1395861584297
ST 9-axis Orientation Sensor|291.24805|-72.63685|-15.974651|1395861584298
ST 9-axis Orientation Sensor|291.5412|-70.62919|-16.727182|1395861584338
ST 9-axis Orientation Sensor|291.7001|-68.09151|-17.392473|1395861584359
ST 9-axis Orientation Sensor|292.57028|-66.23488|-17.689644|1395861584378
ST 9-axis Orientation Sensor|293.57272|-64.21567|-17.632475|1395861584399
ST 9-axis Orientation Sensor|294.54327|-62.89562|-17.581322|1395861584421
ST 9-axis Orientation Sensor|296.12375|-61.71077|-17.38248|1395861584423
ST 9-axis Orientation Sensor|296.93027|-60.96396|-17.371918|1395861584460
ST 9-axis Orientation Sensor|296.71262|-60.381054|-17.635359|1395861584480
ST 9-axis Orientation Sensor|296.22107|-59.830967|-17.908848|1395861584499
ST 9-axis Orientation Sensor|295.97403|-59.51174|-18.035742|1395861584518
ST 9-axis Orientation Sensor|295.9473|-59.42809|-18.057072|1395861584541
ST 9-axis Orientation Sensor|296.0403|-59.72054|-18.004164|1395861584560
ST 9-axis Orientation Sensor|295.9243|-60.173763|-17.998945|1395861584579
ST 9-axis Orientation Sensor|295.4618|-60.809494|-18.055576|1395861584599
ST 9-axis Orientation Sensor|295.03406|-61.413876|-18.052538|1395861584619
ST 9-axis Orientation Sensor|294.48138|-62.40826|-17.97463|1395861584641
ST 9-axis Orientation Sensor|294.0266|-63.642937|-17.794321|1395861584660
ST 9-axis Orientation Sensor|293.6119|-65.11584|-17.517485|1395861584680
ST 9-axis Orientation Sensor|293.40802|-67.100685|-17.105804|1395861584700
ST 9-axis Orientation Sensor|293.42218|-68.835144|-16.70656|1395861584723
ST 9-axis Orientation Sensor|293.25482|-71.003426|-16.196064|1395861584740
ST 9-axis Orientation Sensor|292.61487|-72.87042|-15.788721|1395861584763
ST 9-axis Orientation Sensor|291.98676|-74.72802|-15.346259|1395861584782
ST 9-axis Orientation Sensor|291.43494|-76.45618|-14.895122|1395861584800
ST 9-axis Orientation Sensor|291.10858|-77.56437|-14.583964|1395861584823
ST 9-axis Orientation Sensor|290.86066|-78.67373|-14.231347|1395861584846
ST 9-axis Orientation Sensor|290.88647|-79.26972|-13.979005|1395861584861
ST 9-axis Orientation Sensor|291.1469|-79.33484|-13.841108|1395861584881
ST 9-axis Orientation Sensor|291.5563|-78.92041|-13.814496|1395861584901
ST 9-axis Orientation Sensor|291.9255|-78.300865|-13.884011|1395861584921
ST 9-axis Orientation Sensor|292.49133|-77.082|-14.086679|1395861584938
ST 9-axis Orientation Sensor|293.06116|-75.48382|-14.4345665|1395861584961
ST 9-axis Orientation Sensor|293.4936|-73.608|-14.972578|1395861584981
ST 9-axis Orientation Sensor|293.7754|-71.49767|-15.690026|1395861584999
ST 9-axis Orientation Sensor|293.90637|-69.8455|-16.306524|1395861585019
ST 9-axis Orientation Sensor|293.83868|-67.26652|-17.248764|1395861585039
ST 9-axis Orientation Sensor|294.0779|-65.43949|-17.870735|1395861585061
ST 9-axis Orientation Sensor|294.35632|-63.92806|-18.361841|1395861585084
ST 9-axis Orientation Sensor|294.9596|-62.546196|-18.384027|1395861585100
ST 9-axis Orientation Sensor|295.5282|-62.011845|-18.105427|1395861585120
ST 9-axis Orientation Sensor|296.01956|-61.55409|-17.85846|1395861585139
ST 9-axis Orientation Sensor|295.67944|-61.01041|-18.070171|1395861585158
ST 9-axis Orientation Sensor|294.95654|-60.247707|-18.540289|1395861585181
ST 9-axis Orientation Sensor|296.0001|-59.893353|-18.754917|1395861585239
ST 9-axis Orientation Sensor|296.48233|-60.45508|-18.65061|1395861585259
ST 9-axis Orientation Sensor|296.26614|-61.23541|-18.732666|1395861585280
ST 9-axis Orientation Sensor|295.71484|-62.13911|-18.827604|1395861585299
ST 9-axis Orientation Sensor|295.3421|-62.91004|-18.799091|1395861585319
ST 9-axis Orientation Sensor|295.0137|-64.16361|-18.605616|1395861585340
ST 9-axis Orientation Sensor|294.7116|-65.76895|-18.289917|1395861585364
ST 9-axis Orientation Sensor|294.43692|-67.598526|-17.900723|1395861585382
ST 9-axis Orientation Sensor|294.44897|-69.400826|-17.405254|1395861585402
ST 9-axis Orientation Sensor|294.05386|-70.81012|-17.077763|1395861585421
ST 9-axis Orientation Sensor|293.26123|-72.68134|-16.647121|1395861585439
ST 9-axis Orientation Sensor|292.4921|-74.444725|-16.162699|1395861585460
ST 9-axis Orientation Sensor|291.7895|-76.10078|-15.638269|1395861585480
ST 9-axis Orientation Sensor|291.16336|-77.58514|-15.104587|1395861585503
ST 9-axis Orientation Sensor|290.7776|-78.508125|-14.738171|1395861585522
ST 9-axis Orientation Sensor|290.45544|-79.377655|-14.33261|1395861585541
ST 9-axis Orientation Sensor|290.3908|-79.772675|-14.057482|1395861585562
ST 9-axis Orientation Sensor|290.58685|-79.657|-13.945185|1395861585578
ST 9-axis Orientation Sensor|291.0243|-78.999596|-13.994872|1395861585599
ST 9-axis Orientation Sensor|291.45142|-78.18462|-14.150747|1395861585618
ST 9-axis Orientation Sensor|292.0542|-76.69965|-14.530083|1395861585639
ST 9-axis Orientation Sensor|292.6112|-74.75483|-15.10835|1395861585662
ST 9-axis Orientation Sensor|293.05023|-72.40301|-15.887212|1395861585682
ST 9-axis Orientation Sensor|293.3854|-69.80592|-16.788431|1395861585702
ST 9-axis Orientation Sensor|293.42612|-67.65677|-17.46526|1395861585721
ST 9-axis Orientation Sensor|293.50323|-65.778404|-18.183393|1395861585740
ST 9-axis Orientation Sensor|293.979|-63.86715|-18.314718|1395861585763
ST 9-axis Orientation Sensor|295.00543|-61.77863|-18.102045|1395861585781
ST 9-axis Orientation Sensor|296.7459|-60.57861|-17.429358|1395861585800
ST 9-axis Orientation Sensor|297.63754|-60.12492|-17.111372|1395861585819
ST 9-axis Orientation Sensor|297.63425|-59.696766|-17.248951|1395861585840
ST 9-axis Orientation Sensor|296.81732|-59.11113|-17.834532|1395861585862
ST 9-axis Orientation Sensor|296.20972|-58.228786|-18.350138|1395861585879
ST 9-axis Orientation Sensor|296.37988|-57.798702|-18.445042|1395861585899
ST 9-axis Orientation Sensor|296.78366|-57.85258|-18.335176|1395861585918
ST 9-axis Orientation Sensor|297.09918|-58.139317|-18.230028|1395861585938
ST 9-axis Orientation Sensor|296.7257|-58.680916|-18.397621|1395861585958
ST 9-axis Orientation Sensor|295.91183|-59.581097|-18.696356|1395861585978
ST 9-axis Orientation Sensor|295.11578|-60.640236|-18.880161|1395861586017
ST 9-axis Orientation Sensor|294.68402|-61.474888|-18.882965|1395861586019
ST 9-axis Orientation Sensor|294.24963|-62.781265|-18.742786|1395861586039
ST 9-axis Orientation Sensor|293.75568|-64.38118|-18.516386|1395861586059
ST 9-axis Orientation Sensor|293.02298|-66.201866|-18.253988|1395861586078
ST 9-axis Orientation Sensor|292.41425|-68.30938|-17.90468|1395861586118
ST 9-axis Orientation Sensor|292.0071|-69.882866|-17.597157|1395861586119
ST 9-axis Orientation Sensor|291.04694|-71.71138|-17.254906|1395861586139
ST 9-axis Orientation Sensor|290.22803|-73.43805|-16.88499|1395861586158
ST 9-axis Orientation Sensor|289.54123|-75.06028|-16.476963|1395861586197
ST 9-axis Orientation Sensor|288.9303|-76.53798|-16.055504|1395861586217
ST 9-axis Orientation Sensor|288.5192|-77.50962|-15.741236|1395861586218
ST 9-axis Orientation Sensor|288.06458|-78.53665|-15.345239|1395861586261
ST 9-axis Orientation Sensor|287.76074|-79.149925|-15.040062|1395861586263
ST 9-axis Orientation Sensor|287.64764|-79.28396|-14.865994|1395861586282
ST 9-axis Orientation Sensor|287.77032|-78.9145|-14.859425|1395861586302
ST 9-axis Orientation Sensor|287.98325|-78.324455|-14.967533|1395861586322
ST 9-axis Orientation Sensor|288.31143|-77.24036|-15.279824|1395861586339
ST 9-axis Orientation Sensor|288.63058|-75.86039|-15.780893|1395861586364
ST 9-axis Orientation Sensor|288.96716|-74.13901|-16.4507|1395861586400
ST 9-axis Orientation Sensor|289.3598|-72.07387|-17.233166|1395861586418
ST 9-axis Orientation Sensor|289.7323|-70.34943|-17.839247|1395861586419
ST 9-axis Orientation Sensor|290.3647|-68.01593|-18.575129|1395861586441
ST 9-axis Orientation Sensor|291.35907|-65.81437|-18.966022|1395861586463
ST 9-axis Orientation Sensor|292.56235|-63.588924|-18.740847|1395861586502
ST 9-axis Orientation Sensor|294.0673|-61.76101|-18.221624|1395861586522
ST 9-axis Orientation Sensor|295.24326|-60.927483|-17.762468|1395861586523
ST 9-axis Orientation Sensor|295.83264|-60.64385|-17.53029|1395861586563
ST 9-axis Orientation Sensor|295.42383|-60.50377|-17.820074|1395861586565
ST 9-axis Orientation Sensor|295.09985|-59.786293|-18.2794|1395861586601
ST 9-axis Orientation Sensor|295.37598|-59.07909|-18.52704|1395861586622
ST 9-axis Orientation Sensor|295.7608|-58.869514|-18.508514|1395861586622
ST 9-axis Orientation Sensor|296.02338|-58.83086|-18.450668|1395861586661
ST 9-axis Orientation Sensor|295.82214|-59.022884|-18.531416|1395861586681
ST 9-axis Orientation Sensor|295.31937|-59.704857|-18.696|1395861586701
ST 9-axis Orientation Sensor|294.88687|-60.763435|-18.790497|1395861586721
ST 9-axis Orientation Sensor|294.64908|-61.677483|-18.780346|1395861586740
ST 9-axis Orientation Sensor|294.35196|-63.02658|-18.663494|1395861586762
ST 9-axis Orientation Sensor|293.9718|-64.486206|-18.463106|1395861586785
ST 9-axis Orientation Sensor|293.64484|-66.06735|-18.18995|1395861586798
ST 9-axis Orientation Sensor|293.69907|-67.95023|-17.819263|1395861586819
ST 9-axis Orientation Sensor|293.50525|-69.40672|-17.5387|1395861586839
ST 9-axis Orientation Sensor|292.72083|-71.25092|-17.170305|1395861586858
ST 9-axis Orientation Sensor|291.9928|-73.13512|-16.719658|1395861586879
ST 9-axis Orientation Sensor|291.3848|-75.01285|-16.18464|1395861586900
ST 9-axis Orientation Sensor|290.8683|-76.835945|-15.590154|1395861586917
ST 9-axis Orientation Sensor|290.53586|-78.09913|-15.126432|1395861586938
ST 9-axis Orientation Sensor|290.23782|-79.452675|-14.540982|1395861586962
ST 9-axis Orientation Sensor|290.18787|-80.28691|-14.072196|1395861586981
ST 9-axis Orientation Sensor|290.35565|-80.53051|-13.795329|1395861586999
ST 9-axis Orientation Sensor|290.6982|-80.14385|-13.751069|1395861587018
ST 9-axis Orientation Sensor|291.06454|-79.407745|-13.864435|1395861587039
ST 9-axis Orientation Sensor|291.62747|-77.90115|-14.240801|1395861587058
ST 9-axis Orientation Sensor|292.11316|-75.97373|-14.899547|1395861587078
ST 9-axis Orientation Sensor|292.43744|-73.756195|-15.805931|1395861587099
ST 9-axis Orientation Sensor|292.7005|-71.3192|-16.834225|1395861587117
ST 9-axis Orientation Sensor|292.61615|-68.85707|-17.61207|1395861587137
ST 9-axis Orientation Sensor|292.8499|-66.414665|-18.33414|1395861587158
ST 9-axis Orientation Sensor|293.48666|-64.50624|-18.290722|1395861587178
ST 9-axis Orientation Sensor|294.2749|-62.42062|-17.90536|1395861587197
ST 9-axis Orientation Sensor|295.6275|-60.72843|-17.505974|1395861587217
ST 9-axis Orientation Sensor|296.5951|-60.039078|-17.2319|1395861587236
ST 9-axis Orientation Sensor|296.91498|-59.584938|-17.310518|1395861587257
ST 9-axis Orientation Sensor|296.43103|-58.962914|-17.753275|1395861587277
ST 9-axis Orientation Sensor|295.94058|-58.06035|-18.23481|1395861587297
ST 9-axis Orientation Sensor|296.1461|-57.343094|-18.359203|1395861587317
ST 9-axis Orientation Sensor|296.54474|-57.119057|-18.285088|1395861587337
ST 9-axis Orientation Sensor|296.88208|-57.032333|-18.266567|1395861587358
ST 9-axis Orientation Sensor|296.72363|-57.08954|-18.460157|1395861587377
ST 9-axis Orientation Sensor|296.28867|-57.575584|-18.68642|1395861587397
ST 9-axis Orientation Sensor|295.82172|-58.517498|-18.76593|1395861587417
ST 9-axis Orientation Sensor|295.49585|-59.371876|-18.738705|1395861587437
ST 9-axis Orientation Sensor|295.09595|-60.60297|-18.602888|1395861587458
ST 9-axis Orientation Sensor|294.6492|-61.951706|-18.373611|1395861587477
ST 9-axis Orientation Sensor|294.09473|-63.850708|-18.130827|1395861587497
ST 9-axis Orientation Sensor|293.4055|-65.85674|-17.86898|1395861587518
ST 9-axis Orientation Sensor|292.8468|-67.391136|-17.641817|1395861587537
ST 9-axis Orientation Sensor|291.82657|-69.3046|-17.379688|1395861587558
ST 9-axis Orientation Sensor|290.76724|-71.21802|-17.086243|1395861587577
ST 9-axis Orientation Sensor|289.84885|-73.07919|-16.75794|1395861587597
ST 9-axis Orientation Sensor|289.07797|-74.8333|-16.395245|1395861587617
ST 9-axis Orientation Sensor|288.60422|-76.03952|-16.10806|1395861587637
ST 9-axis Orientation Sensor|288.12463|-77.42373|-15.723976|1395861587658
ST 9-axis Orientation Sensor|287.89|-78.42234|-15.391889|1395861587677
ST 9-axis Orientation Sensor|287.9406|-78.96228|-15.177414|1395861587697
ST 9-axis Orientation Sensor|288.24823|-79.037834|-15.099471|1395861587717
ST 9-axis Orientation Sensor|288.6254|-78.77512|-15.115626|1395861587738
ST 9-axis Orientation Sensor|289.203|-77.99791|-15.284513|1395861587758
ST 9-axis Orientation Sensor|289.7293|-76.767426|-15.6498165|1395861587777
ST 9-axis Orientation Sensor|290.21432|-75.05201|-16.184174|1395861587797
ST 9-axis Orientation Sensor|290.70856|-72.84687|-16.880419|1395861587817
ST 9-axis Orientation Sensor|291.082|-70.9681|-17.48004|1395861587837
ST 9-axis Orientation Sensor|291.51904|-68.43994|-18.34137|1395861587858
ST 9-axis Orientation Sensor|291.89633|-66.36813|-19.046001|1395861587878
ST 9-axis Orientation Sensor|292.62506|-64.47549|-19.136633|1395861587897
ST 9-axis Orientation Sensor|293.83755|-62.02288|-18.863546|1395861587937
ST 9-axis Orientation Sensor|295.06842|-60.585625|-18.538086|1395861587938
ST 9-axis Orientation Sensor|296.41602|-59.84543|-18.114515|1395861587958
ST 9-axis Orientation Sensor|296.75464|-59.691994|-18.068722|1395861587978
ST 9-axis Orientation Sensor|296.43484|-59.356407|-18.313318|1395861587998
ST 9-axis Orientation Sensor|296.21713|-58.967716|-18.517239|1395861588037
ST 9-axis Orientation Sensor|296.32596|-58.70156|-18.569567|1395861588038
ST 9-axis Orientation Sensor|296.80475|-58.419174|-18.468994|1395861588058
ST 9-axis Orientation Sensor|297.20654|-58.356693|-18.374737|1395861588078
ST 9-axis Orientation Sensor|297.22324|-58.653366|-18.42464|1395861588117
ST 9-axis Orientation Sensor|297.00397|-59.30826|-18.507801|1395861588137
ST 9-axis Orientation Sensor|296.79065|-60.01027|-18.517326|1395861588138
ST 9-axis Orientation Sensor|296.4316|-61.233845|-18.48532|1395861588157
ST 9-axis Orientation Sensor|295.9643|-62.73439|-18.421633|1395861588197
ST 9-axis Orientation Sensor|295.4785|-64.468376|-18.322142|1395861588217
ST 9-axis Orientation Sensor|295.25653|-66.36268|-18.188011|1395861588237
ST 9-axis Orientation Sensor|295.06516|-67.778046|-18.0498|1395861588238
ST 9-axis Orientation Sensor|294.57104|-69.76881|-17.820143|1395861588278
ST 9-axis Orientation Sensor|293.56558|-71.67064|-17.567589|1395861588297
ST 9-axis Orientation Sensor|292.5467|-73.61558|-17.228683|1395861588319
ST 9-axis Orientation Sensor|291.60352|-75.51667|-16.803885|1395861588337
ST 9-axis Orientation Sensor|290.97754|-76.86189|-16.443928|1395861588359
ST 9-axis Orientation Sensor|290.27704|-78.45935|-15.94423|1395861588360
ST 9-axis Orientation Sensor|289.80093|-79.68499|-15.478872|1395861588400
ST 9-axis Orientation Sensor|289.6401|-80.4165|-15.132459|1395861588418
ST 9-axis Orientation Sensor|289.7584|-80.650185|-14.977236|1395861588437
ST 9-axis Orientation Sensor|289.98666|-80.50392|-14.990696|1395861588457
ST 9-axis Orientation Sensor|290.4123|-79.859795|-15.183947|1395861588477
ST 9-axis Orientation Sensor|290.87054|-78.7164|-15.591962|1395861588501
ST 9-axis Orientation Sensor|291.24765|-77.116844|-16.178791|1395861588518
ST 9-axis Orientation Sensor|291.5748|-75.126656|-16.913525|1395861588538
ST 9-axis Orientation Sensor|291.81726|-73.41932|-17.54431|1395861588560
ST 9-axis Orientation Sensor|292.15305|-70.96605|-18.446978|1395861588579
ST 9-axis Orientation Sensor|292.45264|-68.621284|-19.294258|1395861588600
ST 9-axis Orientation Sensor|292.803|-66.608665|-19.806868|1395861588620
ST 9-axis Orientation Sensor|293.38635|-64.1687|-19.937473|1395861588637
ST 9-axis Orientation Sensor|294.3275|-62.296978|-19.738697|1395861588661
ST 9-axis Orientation Sensor|295.79565|-60.846176|-19.085983|1395861588680
ST 9-axis Orientation Sensor|296.57526|-60.16125|-18.701656|1395861588700
ST 9-axis Orientation Sensor|296.4728|-59.890102|-18.815676|1395861588719
ST 9-axis Orientation Sensor|296.03064|-59.691113|-19.143064|1395861588740
ST 9-axis Orientation Sensor|295.84634|-59.35944|-19.287895|1395861588760
ST 9-axis Orientation Sensor|296.00818|-58.771248|-19.354132|1395861588779
ST 9-axis Orientation Sensor|296.46472|-58.441902|-19.323023|1395861588798
ST 9-axis Orientation Sensor|296.71964|-58.555702|-19.387323|1395861588819
ST 9-axis Orientation Sensor|296.6253|-58.990845|-19.584644|1395861588839
ST 9-axis Orientation Sensor|296.37946|-59.51099|-19.763922|1395861588866
ST 9-axis Orientation Sensor|296.02322|-60.438385|-19.902967|1395861588867
ST 9-axis Orientation Sensor|295.68958|-61.57946|-19.874462|1395861588891
ST 9-axis Orientation Sensor|295.37552|-62.85839|-19.754488|1395861588910
ST 9-axis Orientation Sensor|295.03482|-64.29389|-19.610443|1395861588929
ST 9-axis Orientation Sensor|295.1801|-65.604576|-19.402397|1395861588950
ST 9-axis Orientation Sensor|295.40103|-67.43136|-19.098228|1395861588973
ST 9-axis Orientation Sensor|295.60196|-69.19754|-18.761929|1395861588989
ST 9-axis Orientation Sensor|295.741|-70.95067|-18.399862|1395861589011
ST 9-axis Orientation Sensor|295.26978|-72.51491|-18.087921|1395861589051
ST 9-axis Orientation Sensor|294.87927|-73.72142|-17.828407|1395861589052
ST 9-axis Orientation Sensor|294.27307|-75.3445|-17.461214|1395861589067
ST 9-axis Orientation Sensor|293.5786|-76.91534|-17.065151|1395861589091
ST 9-axis Orientation Sensor|292.91568|-78.288826|-16.664566|1395861589127
ST 9-axis Orientation Sensor|292.3864|-79.34368|-16.315668|1395861589147
ST 9-axis Orientation Sensor|292.08585|-79.8836|-16.145222|1395861589149
ST 9-axis Orientation Sensor|291.75806|-80.3164|-16.09697|1395861589175
ST 9-axis Orientation Sensor|291.44385|-80.51256|-16.182371|1395861589193
ST 9-axis Orientation Sensor|291.14484|-80.706955|-16.351992|1395861589229
ST 9-axis Orientation Sensor|290.89893|-81.229126|-16.569296|1395861589254
ST 9-axis Orientation Sensor|290.68164|-81.730835|-16.67615|1395861589260
ST 9-axis Orientation Sensor|290.21155|-81.9252|-16.886408|1395861589286
ST 9-axis Orientation Sensor|289.73572|-81.9818|-17.05918|1395861589310
ST 9-axis Orientation Sensor|289.47906|-82.28261|-17.102877|1395861589330
ST 9-axis Orientation Sensor|289.70538|-83.1703|-16.92656|1395861589349
ST 9-axis Orientation Sensor|289.99857|-83.72977|-16.84639|1395861589356
ST 9-axis Orientation Sensor|290.38715|-83.87606|-16.874752|1395861589393
ST 9-axis Orientation Sensor|290.61023|-84.12201|-16.937885|1395861589395
ST 9-axis Orientation Sensor|290.90808|-84.46756|-17.0347|1395861589431
ST 9-axis Orientation Sensor|291.3838|-84.7528|-17.14113|1395861589449
ST 9-axis Orientation Sensor|291.79236|-84.89733|-17.224785|1395861589450
ST 9-axis Orientation Sensor|292.22693|-85.22587|-17.310408|1395861589483
ST 9-axis Orientation Sensor|292.65985|-85.56039|-17.40997|1395861589502
ST 9-axis Orientation Sensor|293.11417|-85.8899|-17.490656|1395861589521
ST 9-axis Orientation Sensor|293.55353|-86.2667|-17.55685|1395861589540
ST 9-axis Orientation Sensor|293.90018|-86.57241|-17.577312|1395861589561
ST 9-axis Orientation Sensor|294.4699|-86.87482|-17.67623|1395861589579
ST 9-axis Orientation Sensor|295.14853|-87.040596|-17.779293|1395861589600
ST 9-axis Orientation Sensor|295.94107|-87.15526|-17.749348|1395861589621
ST 9-axis Orientation Sensor|296.6218|-87.11653|-17.768696|1395861589641
ST 9-axis Orientation Sensor|296.9405|-87.11936|-17.8012|1395861589663
ST 9-axis Orientation Sensor|297.2549|-87.20081|-17.83264|1395861589679
ST 9-axis Orientation Sensor|297.52896|-87.27821|-17.844543|1395861589701
ST 9-axis Orientation Sensor|297.76443|-87.22524|-17.856462|1395861589721
ST 9-axis Orientation Sensor|298.03842|-87.16883|-17.834606|1395861589743
ST 9-axis Orientation Sensor|298.33292|-87.14136|-17.796085|1395861589763
ST 9-axis Orientation Sensor|298.8584|-87.013016|-17.791006|1395861589781
ST 9-axis Orientation Sensor|299.46204|-86.80745|-17.840143|1395861589802
ST 9-axis Orientation Sensor|299.99387|-86.588455|-17.93484|1395861589822
ST 9-axis Orientation Sensor|300.37994|-86.44699|-18.105507|1395861589843
ST 9-axis Orientation Sensor|300.52048|-86.393585|-18.269543|1395861589863
ST 9-axis Orientation Sensor|300.61935|-86.52997|-18.685926|1395861589880
ST 9-axis Orientation Sensor|300.91464|-86.56557|-18.744646|1395861589905
ST 9-axis Orientation Sensor|301.34583|-86.56715|-18.727184|1395861589922
ST 9-axis Orientation Sensor|301.55505|-86.51754|-18.73428|1395861589943
ST 9-axis Orientation Sensor|301.57913|-86.57364|-18.72992|1395861589960
ST 9-axis Orientation Sensor|301.6531|-86.66294|-18.722843|1395861589980
ST 9-axis Orientation Sensor|301.91406|-86.6329|-18.704046|1395861590000
ST 9-axis Orientation Sensor|302.2417|-86.56306|-18.668669|1395861590019
ST 9-axis Orientation Sensor|302.57925|-86.542206|-18.582365|1395861590070
ST 9-axis Orientation Sensor|302.80533|-86.55601|-18.507597|1395861590070
ST 9-axis Orientation Sensor|303.03372|-86.56634|-18.459614|1395861590088
ST 9-axis Orientation Sensor|303.1867|-86.586235|-18.438705|1395861590108
ST 9-axis Orientation Sensor|303.29297|-86.6281|-18.437244|1395861590128
ST 9-axis Orientation Sensor|303.38892|-86.65029|-18.445354|1395861590149
ST 9-axis Orientation Sensor|303.52905|-86.62027|-18.447086|1395861590168
ST 9-axis Orientation Sensor|303.7642|-86.557014|-18.433622|1395861590188
ST 9-axis Orientation Sensor|303.9979|-86.49594|-18.404428|1395861590207
ST 9-axis Orientation Sensor|304.18005|-86.448944|-18.367914|1395861590228
ST 9-axis Orientation Sensor|304.32953|-86.38502|-18.345951|1395861590247
ST 9-axis Orientation Sensor|304.46246|-86.31058|-18.341988|1395861590268
ST 9-axis Orientation Sensor|304.7015|-86.19699|-18.358618|1395861590288
ST 9-axis Orientation Sensor|304.9881|-86.10598|-18.400494|1395861590308
ST 9-axis Orientation Sensor|305.3093|-85.99076|-18.39756|1395861590328
ST 9-axis Orientation Sensor|305.66443|-85.83102|-18.357588|1395861590349
ST 9-axis Orientation Sensor|305.80725|-85.7067|-18.339779|1395861590367
ST 9-axis Orientation Sensor|305.6804|-85.435356|-18.26477|1395861590388
ST 9-axis Orientation Sensor|305.39108|-85.32606|-18.274363|1395861590408
ST 9-axis Orientation Sensor|305.0718|-85.43485|-18.211988|1395861590427
ST 9-axis Orientation Sensor|304.62305|-85.48832|-17.847734|1395861590447
ST 9-axis Orientation Sensor|304.2569|-85.52832|-17.36398|1395861590467
ST 9-axis Orientation Sensor|303.79636|-85.47045|-16.417751|1395861590489
ST 9-axis Orientation Sensor|303.302|-85.31745|-15.0659485|1395861590508
ST 9-axis Orientation Sensor|302.8739|-85.196495|-13.346196|1395861590528
ST 9-axis Orientation Sensor|302.66977|-85.03156|-11.087097|1395861590553
ST 9-axis Orientation Sensor|302.72763|-84.86691|-8.943417|1395861590568
ST 9-axis Orientation Sensor|303.43298|-84.55062|-5.50057|1395861590590
ST 9-axis Orientation Sensor|304.58524|-83.71445|-1.2540853|1395861590609
ST 9-axis Orientation Sensor|305.03445|-83.08797|3.1222174|1395861590629
ST 9-axis Orientation Sensor|304.94058|-83.03495|7.163506|1395861590649
ST 9-axis Orientation Sensor|304.86746|-83.05218|9.802823|1395861590670
ST 9-axis Orientation Sensor|304.33386|-82.964424|12.835747|1395861590688
ST 9-axis Orientation Sensor|303.44772|-82.81604|14.906466|1395861590708
ST 9-axis Orientation Sensor|303.03714|-82.70593|16.47882|1395861590727
ST 9-axis Orientation Sensor|302.93442|-82.50799|17.98374|1395861590748
ST 9-axis Orientation Sensor|302.57645|-82.215965|19.18064|1395861590767
ST 9-axis Orientation Sensor|302.2318|-82.33787|20.897589|1395861590788
ST 9-axis Orientation Sensor|301.63934|-82.84042|22.850103|1395861590807
ST 9-axis Orientation Sensor|301.28638|-84.03545|24.760681|1395861590827
ST 9-axis Orientation Sensor|299.66873|-84.334206|26.50604|1395861590849
ST 9-axis Orientation Sensor|298.0649|-83.31189|27.53378|1395861590869
ST 9-axis Orientation Sensor|295.598|-80.96695|28.79547|1395861590889
ST 9-axis Orientation Sensor|291.69617|-78.92909|30.17879|1395861590909
ST 9-axis Orientation Sensor|287.91534|-78.82495|31.88554|1395861590929
ST 9-axis Orientation Sensor|285.01694|-79.00567|33.011074|1395861590950
ST 9-axis Orientation Sensor|283.45966|-79.72959|33.398026|1395861590972
ST 9-axis Orientation Sensor|280.90295|-81.77816|33.091064|1395861590988
ST 9-axis Orientation Sensor|277.29388|-83.89442|32.42671|1395861591008
ST 9-axis Orientation Sensor|273.12036|-85.17707|31.465199|1395861591049
ST 9-axis Orientation Sensor|268.7568|-85.988815|30.219015|1395861591051
ST 9-axis Orientation Sensor|265.97467|-86.80955|28.988468|1395861591072
ST 9-axis Orientation Sensor|262.85635|-87.798386|26.989403|1395861591093
ST 9-axis Orientation Sensor|259.5205|-88.30904|24.910269|1395861591138
ST 9-axis Orientation Sensor|255.27606|-87.835|22.554758|1395861591157
ST 9-axis Orientation Sensor|250.11716|-86.313896|20.09857|1395861591158
ST 9-axis Orientation Sensor|245.83694|-84.99692|18.211603|1395861591177
ST 9-axis Orientation Sensor|241.14064|-84.63478|15.712793|1395861591197
ST 9-axis Orientation Sensor|235.41461|-83.96829|13.160885|1395861591217
ST 9-axis Orientation Sensor|231.3207|-84.312065|10.369547|1395861591238
ST 9-axis Orientation Sensor|228.21368|-85.03563|7.2452292|1395861591258
ST 9-axis Orientation Sensor|226.23848|-85.426506|4.761406|1395861591277
ST 9-axis Orientation Sensor|223.79732|-85.25608|1.4816827|1395861591297
ST 9-axis Orientation Sensor|220.7003|-84.61415|-1.4949737|1395861591317
ST 9-axis Orientation Sensor|217.61961|-84.4219|-4.160296|1395861591337
ST 9-axis Orientation Sensor|216.02855|-84.55088|-6.736042|1395861591368
ST 9-axis Orientation Sensor|215.51036|-84.53188|-8.71506|1395861591388
ST 9-axis Orientation Sensor|214.35103|-84.36484|-11.331678|1395861591407
ST 9-axis Orientation Sensor|212.34328|-83.98577|-13.975025|1395861591428
ST 9-axis Orientation Sensor|210.31693|-82.69736|-16.442272|1395861591447
ST 9-axis Orientation Sensor|209.28532|-80.10486|-18.776108|1395861591467
ST 9-axis Orientation Sensor|208.48499|-77.850716|-20.33851|1395861591491
ST 9-axis Orientation Sensor|207.06906|-74.68785|-22.15442|1395861591491
ST 9-axis Orientation Sensor|205.6545|-71.177|-23.681408|1395861591527
ST 9-axis Orientation Sensor|204.77419|-66.98045|-24.72177|1395861591548
ST 9-axis Orientation Sensor|204.2703|-62.229626|-24.922962|1395861591567
ST 9-axis Orientation Sensor|203.6768|-58.695324|-24.609154|1395861591587
ST 9-axis Orientation Sensor|202.1233|-54.46187|-23.973394|1395861591607
ST 9-axis Orientation Sensor|200.68277|-50.433018|-23.153439|1395861591627
ST 9-axis Orientation Sensor|199.69992|-47.32324|-22.17812|1395861591647
ST 9-axis Orientation Sensor|198.24666|-45.736637|-21.732546|1395861591667
ST 9-axis Orientation Sensor|197.14233|-45.056835|-21.504654|1395861591687
ST 9-axis Orientation Sensor|194.81737|-45.397938|-20.530823|1395861591706
ST 9-axis Orientation Sensor|192.98352|-44.842922|-20.079021|1395861591727
ST 9-axis Orientation Sensor|190.74507|-44.551697|-19.864115|1395861591748
ST 9-axis Orientation Sensor|186.33247|-47.187347|-19.036291|1395861591767
ST 9-axis Orientation Sensor|184.34184|-47.795692|-18.637283|1395861591786
ST 9-axis Orientation Sensor|182.74754|-47.710968|-18.253555|1395861591806
ST 9-axis Orientation Sensor|181.06668|-46.769497|-18.060827|1395861591826
ST 9-axis Orientation Sensor|178.84624|-43.835545|-18.038979|1395861591847
ST 9-axis Orientation Sensor|177.66899|-41.28507|-17.96066|1395861591867
ST 9-axis Orientation Sensor|177.49426|-39.698166|-17.660778|1395861591887
ST 9-axis Orientation Sensor|177.02646|-38.205517|-17.082596|1395861591908
ST 9-axis Orientation Sensor|174.8007|-37.82305|-16.4585|1395861591927
ST 9-axis Orientation Sensor|171.9315|-37.512558|-15.5421|1395861591947
ST 9-axis Orientation Sensor|168.57939|-37.06362|-14.426689|1395861591967
ST 9-axis Orientation Sensor|166.83835|-36.422535|-13.877248|1395861591987
ST 9-axis Orientation Sensor|164.74364|-35.172623|-12.948757|1395861592007
ST 9-axis Orientation Sensor|162.22954|-34.56552|-12.619087|1395861592026
ST 9-axis Orientation Sensor|158.83426|-35.374413|-13.382671|1395861592049
ST 9-axis Orientation Sensor|154.96548|-36.89953|-14.430939|1395861592067
ST 9-axis Orientation Sensor|152.47995|-37.572628|-14.592893|1395861592086
ST 9-axis Orientation Sensor|149.4835|-38.36516|-15.113482|1395861592112
ST 9-axis Orientation Sensor|147.28322|-38.42304|-15.02513|1395861592127
ST 9-axis Orientation Sensor|145.73894|-37.796776|-14.16006|1395861592148
ST 9-axis Orientation Sensor|144.5992|-36.941063|-12.817111|1395861592167
ST 9-axis Orientation Sensor|144.42332|-36.150734|-11.352432|1395861592186
ST 9-axis Orientation Sensor|142.65155|-35.72189|-10.618137|1395861592212
ST 9-axis Orientation Sensor|140.65381|-35.453068|-10.288317|1395861592227
ST 9-axis Orientation Sensor|138.37909|-35.404728|-10.461903|1395861592248
ST 9-axis Orientation Sensor|136.46213|-35.36867|-10.631674|1395861592267
ST 9-axis Orientation Sensor|136.11443|-34.96418|-10.222551|1395861592286
ST 9-axis Orientation Sensor|134.59013|-34.832863|-10.415033|1395861592307
ST 9-axis Orientation Sensor|133.03125|-34.66746|-10.600066|1395861592327
ST 9-axis Orientation Sensor|131.87819|-34.192463|-10.286616|1395861592348
ST 9-axis Orientation Sensor|131.43175|-33.374233|-9.614713|1395861592367
ST 9-axis Orientation Sensor|131.974|-32.444546|-8.950691|1395861592387
ST 9-axis Orientation Sensor|131.14113|-32.15573|-8.884914|1395861592407
ST 9-axis Orientation Sensor|130.3874|-32.159298|-9.015374|1395861592428
ST 9-axis Orientation Sensor|129.7408|-32.355343|-9.299801|1395861592447
ST 9-axis Orientation Sensor|129.17456|-32.680283|-9.822048|1395861592467
ST 9-axis Orientation Sensor|129.58018|-32.50178|-9.763134|1395861592487
ST 9-axis Orientation Sensor|129.85895|-32.335556|-9.772664|1395861592507
ST 9-axis Orientation Sensor|129.7019|-32.320923|-9.85578|1395861592527
ST 9-axis Orientation Sensor|129.8998|-32.044106|-9.619295|1395861592549
ST 9-axis Orientation Sensor|130.46567|-31.500418|-9.201528|1395861592567
ST 9-axis Orientation Sensor|130.74797|-31.223845|-8.996006|1395861592587
ST 9-axis Orientation Sensor|131.07225|-30.974173|-8.729763|1395861592607
ST 9-axis Orientation Sensor|131.33875|-30.818005|-8.468067|1395861592626
ST 9-axis Orientation Sensor|131.54803|-30.765066|-8.267052|1395861592648
ST 9-axis Orientation Sensor|131.6973|-30.793316|-8.197531|1395861592667
ST 9-axis Orientation Sensor|131.73167|-30.802929|-8.281325|1395861592691
ST 9-axis Orientation Sensor|131.64345|-30.806486|-8.473597|1395861592707
ST 9-axis Orientation Sensor|131.517|-30.730371|-8.604346|1395861592727
ST 9-axis Orientation Sensor|131.52654|-30.500572|-8.5727005|1395861592749
ST 9-axis Orientation Sensor|131.69507|-30.272198|-8.432265|1395861592768
ST 9-axis Orientation Sensor|131.86063|-30.125786|-8.354505|1395861592787
ST 9-axis Orientation Sensor|131.97562|-29.906174|-8.215615|1395861592807
ST 9-axis Orientation Sensor|131.95476|-29.656841|-7.9645014|1395861592827
ST 9-axis Orientation Sensor|131.87466|-29.4332|-7.6379576|1395861592847
ST 9-axis Orientation Sensor|131.83215|-29.237976|-7.21779|1395861592886
ST 9-axis Orientation Sensor|131.83241|-29.093433|-6.9015|1395861592888
ST 9-axis Orientation Sensor|131.84239|-28.920937|-6.477786|1395861592908
ST 9-axis Orientation Sensor|131.82797|-28.859566|-6.189883|1395861592928
ST 9-axis Orientation Sensor|131.79556|-28.863611|-6.015031|1395861592949
ST 9-axis Orientation Sensor|131.76352|-28.840591|-5.8143415|1395861592986
ST 9-axis Orientation Sensor|131.771|-28.804714|-5.6217375|1395861592988
ST 9-axis Orientation Sensor|131.76033|-28.769556|-5.4469466|1395861593008
ST 9-axis Orientation Sensor|131.70023|-28.775848|-5.440574|1395861593029
ST 9-axis Orientation Sensor|131.61853|-28.831024|-5.4857745|1395861593048
ST 9-axis Orientation Sensor|131.37654|-29.21369|-5.9895625|1395861593088
ST 9-axis Orientation Sensor|131.06982|-29.587393|-6.5882335|1395861593089
ST 9-axis Orientation Sensor|130.70294|-29.942719|-7.1806893|1395861593108
ST 9-axis Orientation Sensor|130.69437|-29.81377|-7.1274815|1395861593134
ST 9-axis Orientation Sensor|130.97295|-29.333595|-6.607844|1395861593168
ST 9-axis Orientation Sensor|131.24773|-28.922789|-6.194904|1395861593187
ST 9-axis Orientation Sensor|131.2992|-28.808636|-6.1164722|1395861593188
ST 9-axis Orientation Sensor|131.25745|-28.799416|-6.1892624|1395861593208
ST 9-axis Orientation Sensor|131.25511|-28.784157|-6.164118|1395861593246
ST 9-axis Orientation Sensor|131.24818|-28.898283|-6.2223763|1395861593266
ST 9-axis Orientation Sensor|131.32535|-28.819462|-6.1366453|1395861593286
ST 9-axis Orientation Sensor|131.5613|-28.545141|-5.8326726|1395861593307
ST 9-axis Orientation Sensor|132.01416|-28.161722|-5.364239|1395861593326
ST 9-axis Orientation Sensor|132.24467|-28.034481|-5.220927|1395861593347
ST 9-axis Orientation Sensor|132.17868|-28.140781|-5.349458|1395861593367
ST 9-axis Orientation Sensor|132.06302|-28.34551|-5.6246414|1395861593387
ST 9-axis Orientation Sensor|132.06906|-28.473505|-5.7956257|1395861593406
ST 9-axis Orientation Sensor|132.18224|-28.547512|-5.8803754|1395861593427
ST 9-axis Orientation Sensor|132.40324|-28.555939|-5.8434434|1395861593446
ST 9-axis Orientation Sensor|132.6292|-28.573164|-5.7906184|1395861593466
ST 9-axis Orientation Sensor|132.8213|-28.624521|-5.792652|1395861593487
ST 9-axis Orientation Sensor|132.94193|-28.685678|-5.840928|1395861593507
ST 9-axis Orientation Sensor|133.10367|-28.771345|-5.940345|1395861593526
ST 9-axis Orientation Sensor|133.27402|-28.837101|-6.0392876|1395861593547
ST 9-axis Orientation Sensor|133.46742|-28.853157|-6.0358124|1395861593567
ST 9-axis Orientation Sensor|133.68884|-28.817734|-5.9584227|1395861593587
ST 9-axis Orientation Sensor|133.83794|-28.808876|-5.9203706|1395861593607
ST 9-axis Orientation Sensor|134.01204|-28.840296|-5.927405|1395861593626
ST 9-axis Orientation Sensor|134.17775|-28.893452|-5.953559|1395861593647
ST 9-axis Orientation Sensor|134.38684|-28.92224|-5.922186|1395861593667
ST 9-axis Orientation Sensor|134.60413|-28.952583|-5.8753915|1395861593687
ST 9-axis Orientation Sensor|134.74074|-28.983442|-5.874998|1395861593707
ST 9-axis Orientation Sensor|134.92226|-29.004328|-5.886672|1395861593726
ST 9-axis Orientation Sensor|135.14215|-29.002325|-5.848219|1395861593748
ST 9-axis Orientation Sensor|135.39494|-29.01223|-5.801917|1395861593767
ST 9-axis Orientation Sensor|135.63332|-29.04934|-5.791387|1395861593787
ST 9-axis Orientation Sensor|135.77261|-29.09582|-5.8049426|1395861593806
ST 9-axis Orientation Sensor|135.92361|-29.188612|-5.8319254|1395861593826
ST 9-axis Orientation Sensor|136.05643|-29.298986|-5.87428|1395861593846
ST 9-axis Orientation Sensor|136.21074|-29.3998|-5.866674|1395861593867
ST 9-axis Orientation Sensor|136.39064|-29.466599|-5.804349|1395861593887
ST 9-axis Orientation Sensor|136.51671|-29.50819|-5.774456|1395861593907
ST 9-axis Orientation Sensor|136.64984|-29.533075|-5.751524|1395861593927
ST 9-axis Orientation Sensor|136.74025|-29.552485|-5.7431602|1395861593949
ST 9-axis Orientation Sensor|136.78656|-29.608637|-5.7690344|1395861593966
ST 9-axis Orientation Sensor|136.76764|-29.746132|-5.8707886|1395861593987
ST 9-axis Orientation Sensor|136.74431|-29.863733|-5.965376|1395861594007
ST 9-axis Orientation Sensor|136.71945|-29.979538|-6.0859528|1395861594028
ST 9-axis Orientation Sensor|136.73244|-30.008572|-6.118633|1395861594047
ST 9-axis Orientation Sensor|136.76414|-30.022923|-6.105547|1395861594067
ST 9-axis Orientation Sensor|136.77753|-30.080057|-6.1346416|1395861594087
ST 9-axis Orientation Sensor|136.7749|-30.139494|-6.2075|1395861594107
ST 9-axis Orientation Sensor|136.77185|-30.189083|-6.3205295|1395861594126
ST 9-axis Orientation Sensor|136.7713|-30.210114|-6.4350376|1395861594149
ST 9-axis Orientation Sensor|136.78862|-30.231426|-6.567251|1395861594168
ST 9-axis Orientation Sensor|136.85677|-30.244682|-6.6879716|1395861594188
ST 9-axis Orientation Sensor|136.92764|-30.269472|-6.7492185|1395861594207
ST 9-axis Orientation Sensor|137.03503|-30.308231|-6.799255|1395861594227
ST 9-axis Orientation Sensor|137.13867|-30.349295|-6.811914|1395861594247
ST 9-axis Orientation Sensor|137.20634|-30.392042|-6.816044|1395861594267
ST 9-axis Orientation Sensor|137.23763|-30.42922|-6.833188|1395861594287
ST 9-axis Orientation Sensor|137.2417|-30.476318|-6.8748717|1395861594306
ST 9-axis Orientation Sensor|137.26476|-30.540833|-6.938068|1395861594327
ST 9-axis Orientation Sensor|137.33418|-30.56087|-6.931831|1395861594348
ST 9-axis Orientation Sensor|137.41362|-30.560526|-6.901421|1395861594377
ST 9-axis Orientation Sensor|137.43585|-30.555256|-6.942457|1395861594397
ST 9-axis Orientation Sensor|137.47504|-30.540337|-6.9163475|1395861594417
ST 9-axis Orientation Sensor|137.55388|-30.50565|-6.874305|1395861594437
ST 9-axis Orientation Sensor|137.6276|-30.50289|-6.8497005|1395861594457
ST 9-axis Orientation Sensor|137.64516|-30.554483|-6.847914|1395861594477
ST 9-axis Orientation Sensor|137.6345|-30.61651|-6.8598466|1395861594497
ST 9-axis Orientation Sensor|137.64503|-30.636003|-6.8371844|1395861594518
ST 9-axis Orientation Sensor|137.68774|-30.636784|-6.7549844|1395861594538
ST 9-axis Orientation Sensor|137.73808|-30.611486|-6.667585|1395861594557
ST 9-axis Orientation Sensor|137.78464|-30.567394|-6.589658|1395861594578
ST 9-axis Orientation Sensor|137.8294|-30.544516|-6.5331974|1395861594598
ST 9-axis Orientation Sensor|137.87569|-30.545626|-6.4994335|1395861594617
ST 9-axis Orientation Sensor|137.94731|-30.563513|-6.452887|1395861594647
ST 9-axis Orientation Sensor|138.03363|-30.580116|-6.393271|1395861594667
ST 9-axis Orientation Sensor|138.14262|-30.584839|-6.3244715|1395861594687
ST 9-axis Orientation Sensor|138.25446|-30.613514|-6.2867093|1395861594708
ST 9-axis Orientation Sensor|138.32507|-30.668612|-6.266018|1395861594708
ST 9-axis Orientation Sensor|138.40538|-30.754742|-6.2366257|1395861594747
ST 9-axis Orientation Sensor|138.47842|-30.844748|-6.228305|1395861594767
ST 9-axis Orientation Sensor|138.55923|-30.91066|-6.2305713|1395861594787
ST 9-axis Orientation Sensor|138.64388|-30.944757|-6.215285|1395861594806
ST 9-axis Orientation Sensor|138.71326|-30.95155|-6.1986766|1395861594827
ST 9-axis Orientation Sensor|138.802|-30.928963|-6.183841|1395861594847
ST 9-axis Orientation Sensor|138.86551|-30.919094|-6.168403|1395861594866
ST 9-axis Orientation Sensor|138.90143|-30.937767|-6.183078|1395861594887
ST 9-axis Orientation Sensor|138.92459|-30.958828|-6.2057996|1395861594907
ST 9-axis Orientation Sensor|138.94913|-30.946724|-6.2053237|1395861594928
ST 9-axis Orientation Sensor|138.9861|-30.914352|-6.1874437|1395861594948
ST 9-axis Orientation Sensor|138.9978|-30.91053|-6.2057524|1395861594967
ST 9-axis Orientation Sensor|138.9793|-30.915049|-6.2525826|1395861594989
ST 9-axis Orientation Sensor|138.93797|-30.926525|-6.292984|1395861595007
ST 9-axis Orientation Sensor|138.90736|-30.938456|-6.317993|1395861595028
ST 9-axis Orientation Sensor|138.85475|-30.968164|-6.3661313|1395861595048
ST 9-axis Orientation Sensor|138.80743|-31.015165|-6.4243608|1395861595067
ST 9-axis Orientation Sensor|138.77473|-31.039665|-6.478493|1395861595087
ST 9-axis Orientation Sensor|138.76071|-31.03713|-6.528292|1395861595108
ST 9-axis Orientation Sensor|138.75656|-31.038275|-6.5620956|1395861595128
ST 9-axis Orientation Sensor|138.76361|-31.045208|-6.5906157|1395861595148
ST 9-axis Orientation Sensor|138.76688|-31.059523|-6.615294|1395861595167
ST 9-axis Orientation Sensor|138.75359|-31.078163|-6.653619|1395861595188
ST 9-axis Orientation Sensor|138.71979|-31.0713|-6.691346|1395861595207
ST 9-axis Orientation Sensor|138.6802|-31.036407|-6.7050543|1395861595227
ST 9-axis Orientation Sensor|138.62428|-30.99851|-6.73135|1395861595247
ST 9-axis Orientation Sensor|138.57806|-30.979862|-6.763577|1395861595267
ST 9-axis Orientation Sensor|138.53549|-30.980488|-6.7852964|1395861595288
ST 9-axis Orientation Sensor|138.4826|-30.99659|-6.822639|1395861595309
ST 9-axis Orientation Sensor|138.44955|-31.008907|-6.8610263|1395861595327
ST 9-axis Orientation Sensor|138.42871|-31.02341|-6.898887|1395861595349
ST 9-axis Orientation Sensor|138.41902|-31.045637|-6.9355564|1395861595367
ST 9-axis Orientation Sensor|138.40059|-31.062775|-6.9718356|1395861595387
ST 9-axis Orientation Sensor|138.36742|-31.05501|-7.0253873|1395861595407
ST 9-axis Orientation Sensor|138.34256|-31.031412|-7.0676627|1395861595427
ST 9-axis Orientation Sensor|138.31723|-30.990238|-7.120679|1395861595447
ST 9-axis Orientation Sensor|138.29668|-30.982595|-7.160546|1395861595467
ST 9-axis Orientation Sensor|138.28864|-31.005924|-7.196231|1395861595487
ST 9-axis Orientation Sensor|138.30006|-31.051659|-7.2154894|1395861595508
ST 9-axis Orientation Sensor|138.26851|-31.153492|-7.3017426|1395861595527
ST 9-axis Orientation Sensor|138.15652|-31.212482|-7.487013|1395861595548
ST 9-axis Orientation Sensor|138.13138|-31.132215|-7.4928927|1395861595567
ST 9-axis Orientation Sensor|138.15987|-30.983253|-7.4072466|1395861595589
ST 9-axis Orientation Sensor|138.16383|-30.895504|-7.3731127|1395861595607
ST 9-axis Orientation Sensor|138.13474|-30.87369|-7.383357|1395861595627
ST 9-axis Orientation Sensor|138.06886|-30.849728|-7.400166|1395861595647
ST 9-axis Orientation Sensor|138.02682|-30.78389|-7.356775|1395861595668
ST 9-axis Orientation Sensor|138.00977|-30.710037|-7.2904634|1395861595688
ST 9-axis Orientation Sensor|137.98537|-30.63649|-7.2451196|1395861595711
ST 9-axis Orientation Sensor|137.96185|-30.597633|-7.2156796|1395861595727
ST 9-axis Orientation Sensor|137.9403|-30.561352|-7.1725025|1395861595752
ST 9-axis Orientation Sensor|137.93355|-30.548637|-7.140956|1395861595768
ST 9-axis Orientation Sensor|137.95938|-30.557774|-7.115335|1395861595788
ST 9-axis Orientation Sensor|138.0095|-30.567928|-7.0998755|1395861595808
ST 9-axis Orientation Sensor|138.05405|-30.571619|-7.0902534|1395861595827
ST 9-axis Orientation Sensor|138.10281|-30.586401|-7.0742774|1395861595847
ST 9-axis Orientation Sensor|138.13507|-30.618977|-7.084636|1395861595869
ST 9-axis Orientation Sensor|138.16588|-30.650448|-7.1018095|1395861595888
ST 9-axis Orientation Sensor|138.21782|-30.662249|-7.085622|1395861595917
ST 9-axis Orientation Sensor|138.25476|-30.66904|-7.069057|1395861595937
ST 9-axis Orientation Sensor|138.29585|-30.683035|-7.0578732|1395861595958
ST 9-axis Orientation Sensor|138.32819|-30.698225|-7.0623846|1395861595976
ST 9-axis Orientation Sensor|138.37793|-30.715717|-7.038461|1395861595997
ST 9-axis Orientation Sensor|138.44505|-30.730223|-6.9948673|1395861596017
ST 9-axis Orientation Sensor|138.4961|-30.740553|-6.9553084|1395861596039
ST 9-axis Orientation Sensor|138.53755|-30.770805|-6.9251137|1395861596057
ST 9-axis Orientation Sensor|138.5334|-30.83142|-6.9418797|1395861596077
ST 9-axis Orientation Sensor|138.53763|-30.907076|-6.970997|1395861596096
ST 9-axis Orientation Sensor|138.56047|-31.001406|-7.000215|1395861596117
ST 9-axis Orientation Sensor|138.57623|-31.06616|-7.030239|1395861596136
ST 9-axis Orientation Sensor|138.59427|-31.124008|-7.0666423|1395861596157
ST 9-axis Orientation Sensor|138.58725|-31.190641|-7.1230993|1395861596177
ST 9-axis Orientation Sensor|138.56224|-31.257961|-7.2174897|1395861596197
ST 9-axis Orientation Sensor|138.54126|-31.305635|-7.3060875|1395861596217
ST 9-axis Orientation Sensor|138.52975|-31.347685|-7.3715|1395861596237
ST 9-axis Orientation Sensor|138.56197|-31.42335|-7.4393735|1395861596257
ST 9-axis Orientation Sensor|138.64934|-31.504368|-7.504517|1395861596277
ST 9-axis Orientation Sensor|138.6225|-31.646572|-7.6671095|1395861596297
ST 9-axis Orientation Sensor|138.60716|-31.698303|-7.729504|1395861596316
ST 9-axis Orientation Sensor|138.63304|-31.679676|-7.6994257|1395861596338
ST 9-axis Orientation Sensor|138.66193|-31.673624|-7.6702633|1395861596357
ST 9-axis Orientation Sensor|138.64885|-31.715921|-7.72906|1395861596377
ST 9-axis Orientation Sensor|138.61734|-31.775135|-7.8232594|1395861596397
ST 9-axis Orientation Sensor|138.56749|-31.85079|-7.95469|1395861596417
ST 9-axis Orientation Sensor|138.53801|-31.904716|-8.053761|1395861596439
ST 9-axis Orientation Sensor|138.54549|-31.953773|-8.1345825|1395861596457
ST 9-axis Orientation Sensor|138.57526|-32.005836|-8.209393|1395861596478
ST 9-axis Orientation Sensor|138.49097|-32.054417|-8.362432|1395861596497
ST 9-axis Orientation Sensor|138.48718|-32.0629|-8.347784|1395861596517
ST 9-axis Orientation Sensor|138.55563|-32.052803|-8.273437|1395861596538
ST 9-axis Orientation Sensor|138.64664|-32.02415|-8.191675|1395861596557
