ST Rotation Vector|0.2253788|-0.16905443|-0.89038897|4.2E-45|-1.0|1395861575553
ST Rotation Vector|0.22543359|-0.1690464|-0.8903845|4.2E-45|-1.0|1395861575556
ST Rotation Vector|0.2355353|-0.18784982|-0.8676028|4.2E-45|-1.0|1395861575562
ST Rotation Vector|0.23575266|-0.1878124|-0.8675521|4.2E-45|-1.0|1395861575565
ST Rotation Vector|0.23217687|-0.17718782|-0.87184954|4.2E-45|-1.0|1395861575581
ST Rotation Vector|0.22738454|-0.16587551|-0.878244|4.2E-45|-1.0|1395861575583
ST Rotation Vector|0.21652558|-0.14916316|-0.88620377|4.2E-45|-1.0|1395861575619
ST Rotation Vector|0.20570074|-0.14078061|-0.8908169|4.2E-45|-1.0|1395861575638
ST Rotation Vector|0.17882392|-0.12080805|-0.9031691|4.2E-45|-1.0|1395861575639
ST Rotation Vector|0.1610935|-0.10853422|-0.9159017|4.2E-45|-1.0|1395861575663
ST Rotation Vector|0.15513939|-0.10887146|-0.9249106|4.2E-45|-1.0|1395861575699
ST Rotation Vector|0.15233362|-0.107010685|-0.93210304|4.2E-45|-1.0|1395861575719
ST Rotation Vector|0.15233313|-0.10922335|-0.9373329|4.2E-45|-1.0|1395861575739
ST Rotation Vector|0.16287416|-0.100736216|-0.9395809|4.2E-45|-1.0|1395861575740
ST Rotation Vector|0.17320146|-0.08742635|-0.94494736|4.2E-45|-1.0|1395861575778
ST Rotation Vector|0.16573068|-0.08091387|-0.95414376|4.2E-45|-1.0|1395861575799
ST Rotation Vector|0.14977708|-0.07624588|-0.9627671|4.2E-45|-1.0|1395861575819
ST Rotation Vector|0.14234513|-0.06946465|-0.9678366|4.2E-45|-1.0|1395861575839
ST Rotation Vector|0.14313392|-0.065086424|-0.9706846|4.2E-45|-1.0|1395861575839
ST Rotation Vector|0.14631131|-0.06794798|-0.9738907|4.2E-45|-1.0|1395861575863
ST Rotation Vector|0.13767503|-0.07177158|-0.9780996|4.2E-45|-1.0|1395861575899
ST Rotation Vector|0.11763492|-0.0716905|-0.98275167|4.2E-45|-1.0|1395861575919
ST Rotation Vector|0.105433084|-0.07313622|-0.98572415|4.2E-45|-1.0|1395861575940
ST Rotation Vector|0.105445094|-0.07329081|-0.9873141|4.2E-45|-1.0|1395861575941
ST Rotation Vector|0.10428301|-0.0665223|-0.98890007|4.2E-45|-1.0|1395861575979
ST Rotation Vector|0.09966325|-0.05560693|-0.98972416|4.2E-45|-1.0|1395861576000
ST Rotation Vector|0.08579591|-0.049051113|-0.9913843|4.2E-45|-1.0|1395861576020
ST Rotation Vector|0.07086501|-0.048645813|-0.99339753|4.2E-45|-1.0|1395861576042
ST Rotation Vector|0.06760564|-0.04664355|-0.99460876|4.2E-45|-1.0|1395861576064
ST Rotation Vector|0.079601765|-0.04080831|-0.9954225|4.2E-45|-1.0|1395861576064
ST Rotation Vector|0.09205658|-0.033089183|-0.99520195|4.2E-45|-1.0|1395861576098
ST Rotation Vector|-0.10389598|0.027729813|0.9936394|4.2E-45|-1.0|1395861576118
ST Rotation Vector|-0.117990404|0.020554373|0.9905546|4.2E-45|-1.0|1395861576138
ST Rotation Vector|-0.12704375|0.021557193|0.98806906|4.2E-45|-1.0|1395861576159
ST Rotation Vector|-0.13062526|0.030520348|0.9859616|4.2E-45|-1.0|1395861576178
ST Rotation Vector|-0.14455767|0.036933668|0.98134905|4.2E-45|-1.0|1395861576197
ST Rotation Vector|-0.15679085|0.034104735|0.975922|4.2E-45|-1.0|1395861576219
ST Rotation Vector|-0.154829|0.030360434|0.97278404|4.2E-45|-1.0|1395861576240
ST Rotation Vector|-0.15048651|0.026405646|0.9712129|4.2E-45|-1.0|1395861576258
ST Rotation Vector|-0.14980938|0.01579702|0.96812713|4.2E-45|-1.0|1395861576279
ST Rotation Vector|-0.145232|0.0065210317|0.96556205|4.2E-45|-1.0|1395861576299
ST Rotation Vector|-0.13832921|0.0030127119|0.96394515|4.2E-45|-1.0|1395861576319
ST Rotation Vector|-0.13587406|0.0071676527|0.96241796|4.2E-45|-1.0|1395861576339
ST Rotation Vector|-0.12655976|0.0037226456|0.96313626|4.2E-45|-1.0|1395861576358
ST Rotation Vector|-0.12414513|-0.0010014066|0.96254|4.2E-45|-1.0|1395861576380
ST Rotation Vector|-0.13513944|-0.004911906|0.9604915|4.2E-45|-1.0|1395861576400
ST Rotation Vector|-0.1548299|-0.0057467776|0.9569606|4.2E-45|-1.0|1395861576420
ST Rotation Vector|-0.17011845|-0.0033472588|0.9536255|4.2E-45|-1.0|1395861576442
ST Rotation Vector|-0.16704659|0.0030543162|0.95284456|4.2E-45|-1.0|1395861576459
ST Rotation Vector|-0.13690315|0.016880713|0.9541216|4.2E-45|-1.0|1395861576480
ST Rotation Vector|-0.122952044|0.029726423|0.9503308|4.2E-45|-1.0|1395861576500
ST Rotation Vector|-0.117513046|0.028424934|0.9430378|4.2E-45|-1.0|1395861576520
ST Rotation Vector|-0.11317499|0.025294488|0.93369406|4.2E-45|-1.0|1395861576552
ST Rotation Vector|-0.10793239|0.02318281|0.92756146|4.2E-45|-1.0|1395861576560
ST Rotation Vector|-0.097136244|0.020825721|0.9219083|4.2E-45|-1.0|1395861576582
ST Rotation Vector|-0.07587526|0.02115081|0.9186236|4.2E-45|-1.0|1395861576599
ST Rotation Vector|-0.06279571|0.028637439|0.91402465|4.2E-45|-1.0|1395861576618
ST Rotation Vector|-0.072172426|0.04436726|0.91002536|4.2E-45|-1.0|1395861576638
ST Rotation Vector|-0.08634577|0.06270252|0.90829223|4.2E-45|-1.0|1395861576659
ST Rotation Vector|-0.10102975|0.09483345|0.90568864|4.2E-45|-1.0|1395861576679
ST Rotation Vector|-0.11295515|0.12719214|0.902317|4.2E-45|-1.0|1395861576699
ST Rotation Vector|-0.12200147|0.15597829|0.900003|4.2E-45|-1.0|1395861576719
ST Rotation Vector|-0.13020615|0.19274206|0.8972856|4.2E-45|-1.0|1395861576739
ST Rotation Vector|-0.1333492|0.22869524|0.89237213|4.2E-45|-1.0|1395861576764
ST Rotation Vector|-0.12879509|0.2846352|0.8817205|4.2E-45|-1.0|1395861576779
ST Rotation Vector|-0.12166901|0.3428667|0.86776984|4.2E-45|-1.0|1395861576802
ST Rotation Vector|-0.122295976|0.3900625|0.8571061|4.2E-45|-1.0|1395861576824
ST Rotation Vector|-0.11622056|0.42038295|0.85530955|4.2E-45|-1.0|1395861576846
ST Rotation Vector|-0.10366732|0.44261163|0.8535393|4.2E-45|-1.0|1395861576860
ST Rotation Vector|-0.07942417|0.47293082|0.84726197|4.2E-45|-1.0|1395861576878
ST Rotation Vector|-0.041283004|0.49162257|0.84442794|4.2E-45|-1.0|1395861576899
ST Rotation Vector|0.009317458|0.49894536|0.8449633|4.2E-45|-1.0|1395861576919
ST Rotation Vector|0.055666815|0.5011676|0.84540707|4.2E-45|-1.0|1395861576939
ST Rotation Vector|0.081531905|0.49963915|0.8468446|4.2E-45|-1.0|1395861576961
ST Rotation Vector|0.107606426|0.49165288|0.8516132|4.2E-45|-1.0|1395861576979
ST Rotation Vector|0.13341826|0.47978717|0.8570556|4.2E-45|-1.0|1395861576999
ST Rotation Vector|0.1595597|0.4686903|0.860333|4.2E-45|-1.0|1395861577019
ST Rotation Vector|0.18068436|0.45507714|0.8648788|4.2E-45|-1.0|1395861577041
ST Rotation Vector|0.19190724|0.4447616|0.868727|4.2E-45|-1.0|1395861577058
ST Rotation Vector|0.2054585|0.43038073|0.8736356|4.2E-45|-1.0|1395861577078
ST Rotation Vector|0.22204846|0.41286108|0.87782234|4.2E-45|-1.0|1395861577098
ST Rotation Vector|0.23620643|0.39713857|0.88021|4.2E-45|-1.0|1395861577119
ST Rotation Vector|0.24425508|0.38387275|0.88171285|4.2E-45|-1.0|1395861577143
ST Rotation Vector|0.24802002|0.3784368|0.8806745|4.2E-45|-1.0|1395861577163
ST Rotation Vector|0.25941944|0.37666276|0.874424|4.2E-45|-1.0|1395861577179
ST Rotation Vector|0.269884|0.37735876|0.8665517|4.2E-45|-1.0|1395861577199
ST Rotation Vector|0.2802215|0.37916556|0.8579583|4.2E-45|-1.0|1395861577221
ST Rotation Vector|0.2923309|0.38187084|0.84892356|4.2E-45|-1.0|1395861577241
ST Rotation Vector|0.29788217|0.38617533|0.84279495|4.2E-45|-1.0|1395861577268
ST Rotation Vector|0.30095202|0.395541|0.83473754|4.2E-45|-1.0|1395861577290
ST Rotation Vector|0.3024837|0.40249753|0.8286191|4.2E-45|-1.0|1395861577310
ST Rotation Vector|0.3036138|0.4046843|0.82487017|4.2E-45|-1.0|1395861577328
ST Rotation Vector|0.30294967|0.4080365|0.82032394|4.2E-45|-1.0|1395861577349
ST Rotation Vector|0.30175295|0.4135788|0.81537503|4.2E-45|-1.0|1395861577368
ST Rotation Vector|0.30022323|0.42747214|0.8049895|4.2E-45|-1.0|1395861577389
ST Rotation Vector|0.30254465|0.44313765|0.7917458|4.2E-45|-1.0|1395861577409
ST Rotation Vector|0.3115505|0.4556535|0.7758387|4.2E-45|-1.0|1395861577429
ST Rotation Vector|0.31967038|0.46353358|0.7607034|4.2E-45|-1.0|1395861577448
ST Rotation Vector|0.32229522|0.4690381|0.75015014|4.2E-45|-1.0|1395861577469
ST Rotation Vector|0.32342336|0.47786418|0.7369237|4.2E-45|-1.0|1395861577489
ST Rotation Vector|0.32521558|0.48537323|0.72688234|4.2E-45|-1.0|1395861577512
ST Rotation Vector|0.3285133|0.49131742|0.71892613|4.2E-45|-1.0|1395861577531
ST Rotation Vector|0.36143586|0.4939411|0.6891605|4.2E-45|-1.0|1395861577552
ST Rotation Vector|0.3612682|0.5041041|0.6800417|4.2E-45|-1.0|1395861577568
ST Rotation Vector|0.36127958|0.5192656|0.6644257|4.2E-45|-1.0|1395861577589
ST Rotation Vector|0.3662919|0.53338337|0.6459549|4.2E-45|-1.0|1395861577612
ST Rotation Vector|0.35877672|0.5503482|0.6316638|4.2E-45|-1.0|1395861577628
ST Rotation Vector|0.34279066|0.57152206|0.62111956|4.2E-45|-1.0|1395861577648
ST Rotation Vector|0.33383316|0.58640844|0.6127912|4.2E-45|-1.0|1395861577668
ST Rotation Vector|0.33090824|0.5978464|0.60049254|4.2E-45|-1.0|1395861577688
ST Rotation Vector|0.3270802|0.60654366|0.59140646|4.2E-45|-1.0|1395861577709
ST Rotation Vector|0.311158|0.6221632|0.58860445|4.2E-45|-1.0|1395861577728
ST Rotation Vector|0.3102438|0.6297002|0.5755021|4.2E-45|-1.0|1395861577750
ST Rotation Vector|0.30372852|0.6380821|0.5688666|4.2E-45|-1.0|1395861577768
ST Rotation Vector|0.31121323|0.64072055|0.54972565|4.2E-45|-1.0|1395861577789
ST Rotation Vector|0.32858175|0.64023614|0.5239501|4.2E-45|-1.0|1395861577807
ST Rotation Vector|0.33024225|0.6491826|0.49569103|4.2E-45|-1.0|1395861577828
ST Rotation Vector|0.31855616|0.6636271|0.4656779|4.2E-45|-1.0|1395861577867
ST Rotation Vector|0.30877486|0.66968614|0.4438918|4.2E-45|-1.0|1395861577868
ST Rotation Vector|0.2895912|0.67753756|0.42116383|4.2E-45|-1.0|1395861577889
ST Rotation Vector|0.2739758|0.70382786|0.39463905|4.2E-45|-1.0|1395861577909
ST Rotation Vector|0.28122342|0.7111618|0.36082837|4.2E-45|-1.0|1395861577929
ST Rotation Vector|0.28842604|0.7136162|0.34609598|4.2E-45|-1.0|1395861577967
ST Rotation Vector|0.2894538|0.71361476|0.34380904|4.2E-45|-1.0|1395861577967
ST Rotation Vector|0.28831634|0.7128879|0.3439804|4.2E-45|-1.0|1395861577990
ST Rotation Vector|0.28641084|0.7147864|0.34528166|4.2E-45|-1.0|1395861578008
ST Rotation Vector|0.28791106|0.71580267|0.34345436|4.2E-45|-1.0|1395861578046
ST Rotation Vector|0.29374006|0.7060457|0.3385868|4.2E-45|-1.0|1395861578066
ST Rotation Vector|0.2988269|0.69390154|0.33618483|4.2E-45|-1.0|1395861578067
ST Rotation Vector|0.30317566|0.6811651|0.33751556|4.2E-45|-1.0|1395861578106
ST Rotation Vector|0.30698857|0.6763655|0.34133455|4.2E-45|-1.0|1395861578126
ST Rotation Vector|0.31063965|0.6762143|0.34582075|4.2E-45|-1.0|1395861578147
ST Rotation Vector|0.31124246|0.67666036|0.35203117|4.2E-45|-1.0|1395861578166
ST Rotation Vector|0.3083769|0.67708075|0.3571519|4.2E-45|-1.0|1395861578186
ST Rotation Vector|0.30158284|0.6777608|0.36436263|4.2E-45|-1.0|1395861578206
ST Rotation Vector|0.29569528|0.677999|0.36846676|4.2E-45|-1.0|1395861578226
ST Rotation Vector|0.29774702|0.677125|0.3633054|4.2E-45|-1.0|1395861578246
ST Rotation Vector|0.30443677|0.6772174|0.35415244|4.2E-45|-1.0|1395861578266
ST Rotation Vector|0.31392545|0.6654082|0.34336886|4.2E-45|-1.0|1395861578287
ST Rotation Vector|0.3116967|0.6662219|0.3427416|4.2E-45|-1.0|1395861578307
ST Rotation Vector|0.3067521|0.6661086|0.34605336|4.2E-45|-1.0|1395861578326
ST Rotation Vector|0.3099255|0.652797|0.34247702|4.2E-45|-1.0|1395861578347
ST Rotation Vector|0.31219035|0.64491206|0.33942175|4.2E-45|-1.0|1395861578366
ST Rotation Vector|0.31104323|0.6454228|0.33935988|4.2E-45|-1.0|1395861578387
ST Rotation Vector|0.3109053|0.64843094|0.3353014|4.2E-45|-1.0|1395861578407
ST Rotation Vector|0.3103822|0.6501679|0.33095232|4.2E-45|-1.0|1395861578427
ST Rotation Vector|0.30669928|0.6553857|0.33402786|4.2E-45|-1.0|1395861578447
ST Rotation Vector|0.2998797|0.6607951|0.34502387|4.2E-45|-1.0|1395861578467
ST Rotation Vector|0.29776084|0.66283107|0.3521899|4.2E-45|-1.0|1395861578487
ST Rotation Vector|0.30027992|0.66212386|0.35979646|4.2E-45|-1.0|1395861578506
ST Rotation Vector|0.30705348|0.6578926|0.36657134|4.2E-45|-1.0|1395861578527
ST Rotation Vector|0.3215633|0.64848423|0.37459493|4.2E-45|-1.0|1395861578548
ST Rotation Vector|0.33700767|0.6365195|0.38545123|4.2E-45|-1.0|1395861578567
ST Rotation Vector|0.3490391|0.6268286|0.39670345|4.2E-45|-1.0|1395861578588
ST Rotation Vector|0.3604994|0.6146506|0.4129139|4.2E-45|-1.0|1395861578606
ST Rotation Vector|0.3706802|0.600586|0.42701674|4.2E-45|-1.0|1395861578627
ST Rotation Vector|0.38410524|0.58444184|0.43966657|4.2E-45|-1.0|1395861578646
ST Rotation Vector|0.39895338|0.56988204|0.45264086|4.2E-45|-1.0|1395861578667
ST Rotation Vector|0.40713105|0.56071645|0.46156403|4.2E-45|-1.0|1395861578688
ST Rotation Vector|0.41394272|0.55163234|0.47062704|4.2E-45|-1.0|1395861578707
ST Rotation Vector|0.41735628|0.5466671|0.47196692|4.2E-45|-1.0|1395861578726
ST Rotation Vector|0.41934064|0.54597616|0.46858707|4.2E-45|-1.0|1395861578747
ST Rotation Vector|0.418689|0.54592615|0.46418142|4.2E-45|-1.0|1395861578767
ST Rotation Vector|0.4167343|0.5463038|0.4602855|4.2E-45|-1.0|1395861578786
ST Rotation Vector|0.42212155|0.5424529|0.45034748|4.2E-45|-1.0|1395861578807
ST Rotation Vector|0.42472377|0.5416092|0.4416218|4.2E-45|-1.0|1395861578827
ST Rotation Vector|0.42389894|0.54320693|0.4366307|4.2E-45|-1.0|1395861578846
ST Rotation Vector|0.4250184|0.5435848|0.43327218|4.2E-45|-1.0|1395861578867
ST Rotation Vector|0.42627308|0.5432716|0.43201575|4.2E-45|-1.0|1395861578887
ST Rotation Vector|0.42843297|0.5419887|0.4307671|4.2E-45|-1.0|1395861578907
ST Rotation Vector|0.4324619|0.53944033|0.42814463|4.2E-45|-1.0|1395861578927
ST Rotation Vector|0.43730196|0.5367676|0.425531|4.2E-45|-1.0|1395861578948
ST Rotation Vector|0.44220445|0.5354311|0.42225808|4.2E-45|-1.0|1395861578967
ST Rotation Vector|0.4438972|0.53468746|0.42151618|4.2E-45|-1.0|1395861578987
ST Rotation Vector|0.43991438|0.53351575|0.4262826|4.2E-45|-1.0|1395861579007
ST Rotation Vector|0.43368715|0.53116685|0.43082398|4.2E-45|-1.0|1395861579027
ST Rotation Vector|0.43280584|0.5247615|0.43064636|4.2E-45|-1.0|1395861579047
ST Rotation Vector|0.42897534|0.5240868|0.43173683|4.2E-45|-1.0|1395861579067
ST Rotation Vector|0.42824683|0.52410907|0.431656|4.2E-45|-1.0|1395861579086
ST Rotation Vector|0.43041936|0.5226892|0.42937967|4.2E-45|-1.0|1395861579107
ST Rotation Vector|0.4370339|0.51844925|0.42314807|4.2E-45|-1.0|1395861579127
ST Rotation Vector|0.44345006|0.5147558|0.41730216|4.2E-45|-1.0|1395861579148
ST Rotation Vector|0.4493335|0.51106685|0.4118515|4.2E-45|-1.0|1395861579167
ST Rotation Vector|0.45316115|0.50843024|0.40818962|4.2E-45|-1.0|1395861579187
ST Rotation Vector|0.45728207|0.5050364|0.40372866|4.2E-45|-1.0|1395861579207
ST Rotation Vector|0.46062928|0.5019175|0.3994126|4.2E-45|-1.0|1395861579227
ST Rotation Vector|0.46377414|0.4988388|0.39504895|4.2E-45|-1.0|1395861579247
ST Rotation Vector|0.46670166|0.49601305|0.39094132|4.2E-45|-1.0|1395861579267
ST Rotation Vector|0.46864307|0.4940793|0.38817292|4.2E-45|-1.0|1395861579287
ST Rotation Vector|0.47061008|0.49196908|0.3853342|4.2E-45|-1.0|1395861579311
ST Rotation Vector|0.47202057|0.490212|0.38330176|4.2E-45|-1.0|1395861579327
ST Rotation Vector|0.47311223|0.48874772|0.3818185|4.2E-45|-1.0|1395861579348
ST Rotation Vector|0.47393703|0.48748344|0.38065302|4.2E-45|-1.0|1395861579367
ST Rotation Vector|0.4744926|0.48675135|0.3799002|4.2E-45|-1.0|1395861579387
ST Rotation Vector|0.47498366|0.48612547|0.37893075|4.2E-45|-1.0|1395861579407
ST Rotation Vector|0.47526434|0.4858783|0.3778546|4.2E-45|-1.0|1395861579427
ST Rotation Vector|0.47576907|0.48613882|0.37627894|4.2E-45|-1.0|1395861579450
ST Rotation Vector|0.47680977|0.4862768|0.37431672|4.2E-45|-1.0|1395861579469
ST Rotation Vector|0.47772768|0.48626727|0.37274274|4.2E-45|-1.0|1395861579490
ST Rotation Vector|0.47908363|0.48589924|0.37075925|4.2E-45|-1.0|1395861579511
ST Rotation Vector|0.48077863|0.48496404|0.36907095|4.2E-45|-1.0|1395861579531
ST Rotation Vector|0.48242417|0.4837481|0.36770454|4.2E-45|-1.0|1395861579552
ST Rotation Vector|0.48397988|0.48241496|0.36665636|4.2E-45|-1.0|1395861579570
ST Rotation Vector|0.48517337|0.48134694|0.3659165|4.2E-45|-1.0|1395861579595
ST Rotation Vector|0.48674145|0.47993806|0.36492634|4.2E-45|-1.0|1395861579611
ST Rotation Vector|0.48820484|0.478595|0.36407366|4.2E-45|-1.0|1395861579628
ST Rotation Vector|0.48982304|0.47719795|0.36302242|4.2E-45|-1.0|1395861579649
ST Rotation Vector|0.49148127|0.47584355|0.36186093|4.2E-45|-1.0|1395861579668
ST Rotation Vector|0.49264392|0.4750367|0.36100388|4.2E-45|-1.0|1395861579688
ST Rotation Vector|0.49426484|0.47398964|0.35972822|4.2E-45|-1.0|1395861579708
ST Rotation Vector|0.4959239|0.47298843|0.35845876|4.2E-45|-1.0|1395861579728
ST Rotation Vector|0.4974591|0.47206908|0.3572814|4.2E-45|-1.0|1395861579749
ST Rotation Vector|0.4990004|0.47082815|0.35600445|4.2E-45|-1.0|1395861579768
ST Rotation Vector|0.5001273|0.4695507|0.35496265|4.2E-45|-1.0|1395861579788
ST Rotation Vector|0.5013295|0.46770927|0.35355777|4.2E-45|-1.0|1395861579809
ST Rotation Vector|0.5021039|0.46600658|0.3522834|4.2E-45|-1.0|1395861579828
ST Rotation Vector|0.50290656|0.46422905|0.3512947|4.2E-45|-1.0|1395861579848
ST Rotation Vector|0.50387967|0.4623689|0.35058582|4.2E-45|-1.0|1395861579888
ST Rotation Vector|0.5047999|0.4610364|0.3502655|4.2E-45|-1.0|1395861579888
ST Rotation Vector|0.50604004|0.45984203|0.35027695|4.2E-45|-1.0|1395861579908
ST Rotation Vector|0.50641805|0.45972422|0.3507591|4.2E-45|-1.0|1395861579928
ST Rotation Vector|0.5065153|0.45992914|0.35091972|4.2E-45|-1.0|1395861579949
ST Rotation Vector|0.5068357|0.4599233|0.3500764|4.2E-45|-1.0|1395861579988
ST Rotation Vector|0.5074087|0.4597018|0.3487898|4.2E-45|-1.0|1395861579988
ST Rotation Vector|0.508559|0.4591286|0.3470284|4.2E-45|-1.0|1395861580008
ST Rotation Vector|0.5092723|0.458584|0.34571275|4.2E-45|-1.0|1395861580047
ST Rotation Vector|0.5087882|0.45832244|0.34545293|4.2E-45|-1.0|1395861580068
ST Rotation Vector|0.5062126|0.4587098|0.34714815|4.2E-45|-1.0|1395861580088
ST Rotation Vector|0.50278497|0.45944634|0.34983748|4.2E-45|-1.0|1395861580088
ST Rotation Vector|0.49661943|0.46070474|0.35457572|4.2E-45|-1.0|1395861580109
ST Rotation Vector|0.48885825|0.46187165|0.3596663|4.2E-45|-1.0|1395861580155
ST Rotation Vector|0.4796366|0.46249464|0.36409292|4.2E-45|-1.0|1395861580157
ST Rotation Vector|0.46972507|0.46161595|0.366981|4.2E-45|-1.0|1395861580180
ST Rotation Vector|0.4624186|0.45932457|0.36793655|4.2E-45|-1.0|1395861580199
ST Rotation Vector|0.45276245|0.4544631|0.36827636|4.2E-45|-1.0|1395861580221
ST Rotation Vector|0.44301867|0.4488048|0.3682939|4.2E-45|-1.0|1395861580242
ST Rotation Vector|0.43351972|0.44365355|0.3686207|4.2E-45|-1.0|1395861580261
ST Rotation Vector|0.42509544|0.43934903|0.3696791|4.2E-45|-1.0|1395861580281
ST Rotation Vector|0.42004064|0.43661794|0.3716135|4.2E-45|-1.0|1395861580301
ST Rotation Vector|0.41388848|0.43417203|0.37646016|4.2E-45|-1.0|1395861580320
ST Rotation Vector|0.40498185|0.4320768|0.38502437|4.2E-45|-1.0|1395861580341
ST Rotation Vector|0.39567456|0.42704377|0.39229804|4.2E-45|-1.0|1395861580364
ST Rotation Vector|0.3944877|0.41846442|0.3926615|4.2E-45|-1.0|1395861580379
ST Rotation Vector|0.39627403|0.4124547|0.39186662|4.2E-45|-1.0|1395861580400
ST Rotation Vector|0.3983615|0.40668264|0.3919182|4.2E-45|-1.0|1395861580419
ST Rotation Vector|0.39819166|0.40622172|0.39221317|4.2E-45|-1.0|1395861580439
ST Rotation Vector|0.3974078|0.4081663|0.3924545|4.2E-45|-1.0|1395861580462
ST Rotation Vector|0.39865094|0.40874255|0.3913543|4.2E-45|-1.0|1395861580480
ST Rotation Vector|0.40099603|0.40949813|0.38988158|4.2E-45|-1.0|1395861580499
ST Rotation Vector|0.40535676|0.41132393|0.38806918|4.2E-45|-1.0|1395861580520
ST Rotation Vector|0.41065538|0.41476184|0.38695657|4.2E-45|-1.0|1395861580540
ST Rotation Vector|0.41756186|0.41922012|0.38567382|4.2E-45|-1.0|1395861580562
ST Rotation Vector|0.42599508|0.42410618|0.3836353|4.2E-45|-1.0|1395861580580
ST Rotation Vector|0.43419617|0.4272692|0.3799837|4.2E-45|-1.0|1395861580600
ST Rotation Vector|0.44548276|0.43158087|0.37434757|4.2E-45|-1.0|1395861580621
ST Rotation Vector|0.45668346|0.43580127|0.36838892|4.2E-45|-1.0|1395861580641
ST Rotation Vector|0.46665782|0.4404297|0.36487037|4.2E-45|-1.0|1395861580663
ST Rotation Vector|0.47613254|0.44475263|0.36277476|4.2E-45|-1.0|1395861580679
ST Rotation Vector|0.48295742|0.4473599|0.36180022|4.2E-45|-1.0|1395861580699
ST Rotation Vector|0.49103734|0.44991624|0.36140588|4.2E-45|-1.0|1395861580717
ST Rotation Vector|0.49712977|0.45137757|0.3620912|4.2E-45|-1.0|1395861580739
ST Rotation Vector|0.5009154|0.45190984|0.36347282|4.2E-45|-1.0|1395861580759
ST Rotation Vector|0.5023409|0.45169443|0.3649515|4.2E-45|-1.0|1395861580781
ST Rotation Vector|0.5018744|0.45116538|0.36592472|4.2E-45|-1.0|1395861580800
ST Rotation Vector|0.4992934|0.44988465|0.3672294|4.2E-45|-1.0|1395861580820
ST Rotation Vector|0.49469438|0.44788933|0.36874604|4.2E-45|-1.0|1395861580842
ST Rotation Vector|0.48832974|0.44538462|0.37047577|4.2E-45|-1.0|1395861580864
ST Rotation Vector|0.48045334|0.44243407|0.3721608|4.2E-45|-1.0|1395861580881
ST Rotation Vector|0.47343126|0.43986642|0.37340724|4.2E-45|-1.0|1395861580901
ST Rotation Vector|0.46186042|0.43625692|0.375926|4.2E-45|-1.0|1395861580921
ST Rotation Vector|0.4477438|0.43300924|0.3795506|4.2E-45|-1.0|1395861580943
ST Rotation Vector|0.4332374|0.430837|0.38317427|4.2E-45|-1.0|1395861580961
ST Rotation Vector|0.420208|0.42698422|0.38605267|4.2E-45|-1.0|1395861580999
ST Rotation Vector|0.4091552|0.42147744|0.38936964|4.2E-45|-1.0|1395861581000
ST Rotation Vector|0.39942512|0.40988564|0.39156008|4.2E-45|-1.0|1395861581019
ST Rotation Vector|0.39835364|0.39856192|0.39022672|4.2E-45|-1.0|1395861581039
ST Rotation Vector|0.39817837|0.39286122|0.39020577|4.2E-45|-1.0|1395861581062
ST Rotation Vector|0.3954806|0.39336982|0.39348644|4.2E-45|-1.0|1395861581083
ST Rotation Vector|0.3927507|0.39539397|0.39656666|4.2E-45|-1.0|1395861581100
ST Rotation Vector|0.39027905|0.39843598|0.39969188|4.2E-45|-1.0|1395861581121
ST Rotation Vector|0.3915371|0.40104726|0.40037963|4.2E-45|-1.0|1395861581142
ST Rotation Vector|0.39493418|0.40342787|0.40029547|4.2E-45|-1.0|1395861581180
ST Rotation Vector|0.3978438|0.40719846|0.4012882|4.2E-45|-1.0|1395861581200
ST Rotation Vector|0.40010828|0.41072297|0.40247324|4.2E-45|-1.0|1395861581201
ST Rotation Vector|0.40339622|0.41577634|0.40447736|4.2E-45|-1.0|1395861581222
ST Rotation Vector|0.40821508|0.42125338|0.40587538|4.2E-45|-1.0|1395861581261
ST Rotation Vector|0.41628176|0.4274332|0.40547958|4.2E-45|-1.0|1395861581281
ST Rotation Vector|0.42714942|0.43415207|0.4032821|4.2E-45|-1.0|1395861581301
ST Rotation Vector|0.4370734|0.4387228|0.40033415|4.2E-45|-1.0|1395861581302
ST Rotation Vector|0.44914004|0.44496346|0.3969302|4.2E-45|-1.0|1395861581322
ST Rotation Vector|0.4604872|0.4500385|0.3934431|4.2E-45|-1.0|1395861581361
ST Rotation Vector|0.47026035|0.45366678|0.3900636|4.2E-45|-1.0|1395861581380
ST Rotation Vector|0.47804624|0.45583618|0.3866833|4.2E-45|-1.0|1395861581400
ST Rotation Vector|0.48252833|0.4564182|0.38398612|4.2E-45|-1.0|1395861581401
ST Rotation Vector|0.48665825|0.45572588|0.3804081|4.2E-45|-1.0|1395861581441
ST Rotation Vector|0.48866662|0.45373622|0.37728652|4.2E-45|-1.0|1395861581460
ST Rotation Vector|0.48853353|0.4512652|0.37513012|4.2E-45|-1.0|1395861581479
ST Rotation Vector|0.4863032|0.44865343|0.37416732|4.2E-45|-1.0|1395861581504
ST Rotation Vector|0.48336524|0.44651797|0.37419552|4.2E-45|-1.0|1395861581505
ST Rotation Vector|0.47794658|0.4434289|0.3749187|4.2E-45|-1.0|1395861581542
ST Rotation Vector|0.47061536|0.4402162|0.37609997|4.2E-45|-1.0|1395861581561
ST Rotation Vector|0.46087155|0.43628564|0.37802857|4.2E-45|-1.0|1395861581581
ST Rotation Vector|0.44747326|0.43116686|0.38123628|4.2E-45|-1.0|1395861581599
ST Rotation Vector|0.4344399|0.42654634|0.38438755|4.2E-45|-1.0|1395861581620
ST Rotation Vector|0.41461968|0.42005882|0.38888383|4.2E-45|-1.0|1395861581640
ST Rotation Vector|0.39625317|0.41282138|0.39234528|4.2E-45|-1.0|1395861581662
ST Rotation Vector|0.38019997|0.4042492|0.39565557|4.2E-45|-1.0|1395861581679
ST Rotation Vector|0.3728508|0.39295855|0.39448753|4.2E-45|-1.0|1395861581699
ST Rotation Vector|0.3732779|0.38529283|0.39199254|4.2E-45|-1.0|1395861581718
ST Rotation Vector|0.37640005|0.38170594|0.39098677|4.2E-45|-1.0|1395861581739
ST Rotation Vector|0.37404984|0.38374275|0.39654583|4.2E-45|-1.0|1395861581758
ST Rotation Vector|0.36589864|0.38565618|0.40363225|4.2E-45|-1.0|1395861581779
ST Rotation Vector|0.3624833|0.3846507|0.40631422|4.2E-45|-1.0|1395861581798
ST Rotation Vector|0.3640861|0.38234594|0.40566435|4.2E-45|-1.0|1395861581819
ST Rotation Vector|0.3679291|0.38043562|0.40424475|4.2E-45|-1.0|1395861581838
ST Rotation Vector|0.37041846|0.38233933|0.4043721|4.2E-45|-1.0|1395861581858
ST Rotation Vector|0.3727629|0.38823745|0.40545252|4.2E-45|-1.0|1395861581878
ST Rotation Vector|0.37679785|0.39478427|0.40576413|4.2E-45|-1.0|1395861581898
ST Rotation Vector|0.38084164|0.39883754|0.40533832|4.2E-45|-1.0|1395861581918
ST Rotation Vector|0.38752052|0.40365458|0.40416095|4.2E-45|-1.0|1395861581938
ST Rotation Vector|0.39604133|0.4086516|0.40191635|4.2E-45|-1.0|1395861581958
ST Rotation Vector|0.40721804|0.4143117|0.39814484|4.2E-45|-1.0|1395861581978
ST Rotation Vector|0.41760397|0.42083183|0.39547154|4.2E-45|-1.0|1395861581998
ST Rotation Vector|0.42499423|0.42549786|0.39364085|4.2E-45|-1.0|1395861582018
ST Rotation Vector|0.43494457|0.4307775|0.39051837|4.2E-45|-1.0|1395861582038
ST Rotation Vector|0.4445464|0.43484908|0.38695392|4.2E-45|-1.0|1395861582057
ST Rotation Vector|0.45335817|0.4378823|0.3835418|4.2E-45|-1.0|1395861582077
ST Rotation Vector|0.4608664|0.44010615|0.38090456|4.2E-45|-1.0|1395861582098
ST Rotation Vector|0.4653675|0.44111085|0.3796193|4.2E-45|-1.0|1395861582117
ST Rotation Vector|0.46944788|0.44159597|0.37877116|4.2E-45|-1.0|1395861582137
ST Rotation Vector|0.47108287|0.44117472|0.37879646|4.2E-45|-1.0|1395861582161
ST Rotation Vector|0.4702215|0.43983173|0.3794027|4.2E-45|-1.0|1395861582180
ST Rotation Vector|0.4669053|0.43729252|0.38026902|4.2E-45|-1.0|1395861582201
ST Rotation Vector|0.46288496|0.43489367|0.38099542|4.2E-45|-1.0|1395861582220
ST Rotation Vector|0.455795|0.4314023|0.38210547|4.2E-45|-1.0|1395861582238
ST Rotation Vector|0.44657055|0.4272578|0.38348696|4.2E-45|-1.0|1395861582261
ST Rotation Vector|0.43487567|0.42227533|0.38519722|4.2E-45|-1.0|1395861582280
ST Rotation Vector|0.41893655|0.41558212|0.3888115|4.2E-45|-1.0|1395861582301
ST Rotation Vector|0.40780002|0.41144323|0.39067173|4.2E-45|-1.0|1395861582318
ST Rotation Vector|0.39592472|0.40611273|0.39134493|4.2E-45|-1.0|1395861582341
ST Rotation Vector|0.38429242|0.39690262|0.3929336|4.2E-45|-1.0|1395861582363
ST Rotation Vector|0.37511712|0.38447726|0.39244616|4.2E-45|-1.0|1395861582383
ST Rotation Vector|0.37305892|0.37375504|0.38818818|4.2E-45|-1.0|1395861582405
ST Rotation Vector|0.37366998|0.37178645|0.38560817|4.2E-45|-1.0|1395861582422
ST Rotation Vector|0.37187952|0.37406316|0.38562194|4.2E-45|-1.0|1395861582441
ST Rotation Vector|0.3660046|0.37608334|0.38800818|4.2E-45|-1.0|1395861582463
ST Rotation Vector|0.36238042|0.3762824|0.389629|4.2E-45|-1.0|1395861582480
ST Rotation Vector|0.36276004|0.3745751|0.3896019|4.2E-45|-1.0|1395861582500
ST Rotation Vector|0.36431497|0.3732941|0.38910204|4.2E-45|-1.0|1395861582523
ST Rotation Vector|0.3673904|0.37357053|0.38842103|4.2E-45|-1.0|1395861582544
ST Rotation Vector|0.3715615|0.37638968|0.38813892|4.2E-45|-1.0|1395861582562
ST Rotation Vector|0.37684238|0.3802304|0.3879128|4.2E-45|-1.0|1395861582581
ST Rotation Vector|0.38306978|0.38403833|0.3875164|4.2E-45|-1.0|1395861582601
ST Rotation Vector|0.38831937|0.38699684|0.38701856|4.2E-45|-1.0|1395861582622
ST Rotation Vector|0.3982184|0.39022985|0.38341644|4.2E-45|-1.0|1395861582643
ST Rotation Vector|0.4098757|0.39338374|0.37896588|4.2E-45|-1.0|1395861582660
ST Rotation Vector|0.42295566|0.39707533|0.37443084|4.2E-45|-1.0|1395861582682
ST Rotation Vector|0.431983|0.4024703|0.3742233|4.2E-45|-1.0|1395861582700
ST Rotation Vector|0.4388095|0.4068563|0.3740866|4.2E-45|-1.0|1395861582721
ST Rotation Vector|0.4476119|0.4125863|0.37403196|4.2E-45|-1.0|1395861582741
ST Rotation Vector|0.45558906|0.41773614|0.37419865|4.2E-45|-1.0|1395861582760
ST Rotation Vector|0.4620048|0.42192024|0.37452942|4.2E-45|-1.0|1395861582783
ST Rotation Vector|0.4664403|0.42452157|0.37490258|4.2E-45|-1.0|1395861582803
ST Rotation Vector|0.46830952|0.4251965|0.37509957|4.2E-45|-1.0|1395861582820
ST Rotation Vector|0.4687464|0.42471552|0.37511817|4.2E-45|-1.0|1395861582841
ST Rotation Vector|0.46690366|0.42276007|0.3748522|4.2E-45|-1.0|1395861582862
ST Rotation Vector|0.46237525|0.41972712|0.3744714|4.2E-45|-1.0|1395861582888
ST Rotation Vector|0.45495448|0.41675302|0.37459645|4.2E-45|-1.0|1395861582920
ST Rotation Vector|0.44771948|0.4148046|0.37507987|4.2E-45|-1.0|1395861582920
ST Rotation Vector|0.43625227|0.411763|0.37596425|4.2E-45|-1.0|1395861582941
ST Rotation Vector|0.42331088|0.40755194|0.3769375|4.2E-45|-1.0|1395861582963
ST Rotation Vector|0.40952572|0.40235046|0.37840298|4.2E-45|-1.0|1395861582980
ST Rotation Vector|0.3931614|0.39508966|0.38234815|4.2E-45|-1.0|1395861583021
ST Rotation Vector|0.38694054|0.38910747|0.38310012|4.2E-45|-1.0|1395861583022
ST Rotation Vector|0.37773788|0.38087317|0.38479915|4.2E-45|-1.0|1395861583041
ST Rotation Vector|0.36949036|0.37281713|0.3855012|4.2E-45|-1.0|1395861583061
ST Rotation Vector|0.36862704|0.3652107|0.38357902|4.2E-45|-1.0|1395861583080
ST Rotation Vector|0.3669714|0.36472812|0.3849366|4.2E-45|-1.0|1395861583120
ST Rotation Vector|0.36265817|0.36646524|0.38816792|4.2E-45|-1.0|1395861583121
ST Rotation Vector|0.35671213|0.3684267|0.39208227|4.2E-45|-1.0|1395861583142
ST Rotation Vector|0.35456648|0.36786187|0.3932093|4.2E-45|-1.0|1395861583161
ST Rotation Vector|0.35676944|0.36749128|0.3913391|4.2E-45|-1.0|1395861583200
ST Rotation Vector|0.3598814|0.36846504|0.38937876|4.2E-45|-1.0|1395861583218
ST Rotation Vector|0.3616551|0.37125465|0.38894132|4.2E-45|-1.0|1395861583219
ST Rotation Vector|0.3648578|0.3768949|0.38897148|4.2E-45|-1.0|1395861583259
ST Rotation Vector|0.36982003|0.38251972|0.38898548|4.2E-45|-1.0|1395861583279
ST Rotation Vector|0.37650833|0.38685265|0.38860515|4.2E-45|-1.0|1395861583299
ST Rotation Vector|0.38475546|0.3906064|0.3880087|4.2E-45|-1.0|1395861583321
ST Rotation Vector|0.39158258|0.39386243|0.3876725|4.2E-45|-1.0|1395861583322
ST Rotation Vector|0.4054589|0.39821503|0.3842081|4.2E-45|-1.0|1395861583361
ST Rotation Vector|0.41823658|0.40331042|0.38233253|4.2E-45|-1.0|1395861583381
ST Rotation Vector|0.42756984|0.40945655|0.38332134|4.2E-45|-1.0|1395861583408
ST Rotation Vector|0.43639365|0.41510725|0.38431773|4.2E-45|-1.0|1395861583419
ST Rotation Vector|0.44240466|0.41878957|0.38500533|4.2E-45|-1.0|1395861583440
ST Rotation Vector|0.44922096|0.42304754|0.38583124|4.2E-45|-1.0|1395861583461
ST Rotation Vector|0.45410317|0.42661136|0.3866662|4.2E-45|-1.0|1395861583482
ST Rotation Vector|0.45690298|0.42910385|0.38747966|4.2E-45|-1.0|1395861583502
ST Rotation Vector|0.4575324|0.43042138|0.38824204|4.2E-45|-1.0|1395861583521
ST Rotation Vector|0.45668527|0.43062475|0.38877308|4.2E-45|-1.0|1395861583540
ST Rotation Vector|0.4537526|0.42987624|0.38942406|4.2E-45|-1.0|1395861583559
ST Rotation Vector|0.44880018|0.4284086|0.38961917|4.2E-45|-1.0|1395861583579
ST Rotation Vector|0.44152558|0.42671168|0.3894826|4.2E-45|-1.0|1395861583599
ST Rotation Vector|0.43187994|0.42488137|0.38949966|4.2E-45|-1.0|1395861583618
ST Rotation Vector|0.42289743|0.4234877|0.38967842|4.2E-45|-1.0|1395861583642
ST Rotation Vector|0.40908653|0.42083034|0.39011154|4.2E-45|-1.0|1395861583660
ST Rotation Vector|0.39456505|0.41626364|0.39032727|4.2E-45|-1.0|1395861583679
ST Rotation Vector|0.38198918|0.40938452|0.39014655|4.2E-45|-1.0|1395861583703
ST Rotation Vector|0.37346953|0.4005029|0.3904915|4.2E-45|-1.0|1395861583720
ST Rotation Vector|0.36769715|0.393454|0.39113262|4.2E-45|-1.0|1395861583741
ST Rotation Vector|0.36166984|0.3841639|0.39041555|4.2E-45|-1.0|1395861583761
ST Rotation Vector|0.3589108|0.37767497|0.38828322|4.2E-45|-1.0|1395861583779
ST Rotation Vector|0.35631737|0.37642223|0.38842016|4.2E-45|-1.0|1395861583798
ST Rotation Vector|0.3510564|0.37762272|0.39107776|4.2E-45|-1.0|1395861583819
ST Rotation Vector|0.34636727|0.37703177|0.3931194|4.2E-45|-1.0|1395861583839
ST Rotation Vector|0.34311226|0.37558606|0.3933195|4.2E-45|-1.0|1395861583859
ST Rotation Vector|0.3442367|0.37579608|0.39110643|4.2E-45|-1.0|1395861583879
ST Rotation Vector|0.34718144|0.3771823|0.3887792|4.2E-45|-1.0|1395861583898
ST Rotation Vector|0.34958446|0.3803425|0.38791728|4.2E-45|-1.0|1395861583919
ST Rotation Vector|0.35158682|0.38371667|0.3878215|4.2E-45|-1.0|1395861583939
ST Rotation Vector|0.35571262|0.388478|0.38739341|4.2E-45|-1.0|1395861583958
ST Rotation Vector|0.36210182|0.39290908|0.3858685|4.2E-45|-1.0|1395861583978
ST Rotation Vector|0.37087873|0.3970994|0.38319355|4.2E-45|-1.0|1395861583998
ST Rotation Vector|0.3830126|0.40119419|0.37893817|4.2E-45|-1.0|1395861584018
ST Rotation Vector|0.39224863|0.40401238|0.3760572|4.2E-45|-1.0|1395861584037
ST Rotation Vector|0.4033862|0.40822518|0.3739461|4.2E-45|-1.0|1395861584058
ST Rotation Vector|0.41348696|0.41326407|0.37355155|4.2E-45|-1.0|1395861584078
ST Rotation Vector|0.422817|0.4181276|0.374145|4.2E-45|-1.0|1395861584098
ST Rotation Vector|0.43095818|0.42250708|0.37542865|4.2E-45|-1.0|1395861584126
ST Rotation Vector|0.436138|0.42551294|0.3765523|4.2E-45|-1.0|1395861584138
ST Rotation Vector|0.4417157|0.4290333|0.37791556|4.2E-45|-1.0|1395861584157
ST Rotation Vector|0.44549948|0.43168378|0.37900278|4.2E-45|-1.0|1395861584177
ST Rotation Vector|0.44740173|0.43344685|0.37977847|4.2E-45|-1.0|1395861584200
ST Rotation Vector|0.44751614|0.43384898|0.3802445|4.2E-45|-1.0|1395861584218
ST Rotation Vector|0.44631055|0.4329918|0.380453|4.2E-45|-1.0|1395861584237
ST Rotation Vector|0.4423904|0.43060058|0.38055238|4.2E-45|-1.0|1395861584261
ST Rotation Vector|0.43516505|0.42760408|0.38099074|4.2E-45|-1.0|1395861584277
ST Rotation Vector|0.42419633|0.42442533|0.38217267|4.2E-45|-1.0|1395861584297
ST Rotation Vector|0.40994617|0.42080456|0.38406506|4.2E-45|-1.0|1395861584317
ST Rotation Vector|0.3958825|0.41677293|0.38786685|4.2E-45|-1.0|1395861584338
ST Rotation Vector|0.38195285|0.41142172|0.3898017|4.2E-45|-1.0|1395861584358
ST Rotation Vector|0.37322494|0.40110248|0.38968977|4.2E-45|-1.0|1395861584378
ST Rotation Vector|0.36450273|0.39107573|0.38962057|4.2E-45|-1.0|1395861584398
ST Rotation Vector|0.361763|0.38058713|0.38461465|4.2E-45|-1.0|1395861584422
ST Rotation Vector|0.36097988|0.3748134|0.38096532|4.2E-45|-1.0|1395861584440
ST Rotation Vector|0.35673457|0.37298325|0.38091987|4.2E-45|-1.0|1395861584461
ST Rotation Vector|0.35018742|0.37421033|0.38445464|4.2E-45|-1.0|1395861584480
ST Rotation Vector|0.34443066|0.37513345|0.38800845|4.2E-45|-1.0|1395861584498
ST Rotation Vector|0.34251177|0.37518474|0.38908064|4.2E-45|-1.0|1395861584519
ST Rotation Vector|0.34380507|0.3752441|0.3883137|4.2E-45|-1.0|1395861584541
ST Rotation Vector|0.34669182|0.37617037|0.3870152|4.2E-45|-1.0|1395861584560
ST Rotation Vector|0.34907457|0.3792016|0.38715047|4.2E-45|-1.0|1395861584580
ST Rotation Vector|0.352009|0.38350213|0.3881864|4.2E-45|-1.0|1395861584600
ST Rotation Vector|0.3565705|0.3880975|0.38902113|4.2E-45|-1.0|1395861584620
ST Rotation Vector|0.36141676|0.39158696|0.38899386|4.2E-45|-1.0|1395861584641
ST Rotation Vector|0.36993644|0.3961715|0.38809863|4.2E-45|-1.0|1395861584660
ST Rotation Vector|0.3798985|0.40110815|0.3868749|4.2E-45|-1.0|1395861584680
ST Rotation Vector|0.39736533|0.4059135|0.38073635|4.2E-45|-1.0|1395861584701
ST Rotation Vector|0.41431424|0.41049445|0.37522727|4.2E-45|-1.0|1395861584723
ST Rotation Vector|0.42257604|0.41516417|0.37463775|4.2E-45|-1.0|1395861584740
ST Rotation Vector|0.4337315|0.42136636|0.37377554|4.2E-45|-1.0|1395861584763
ST Rotation Vector|0.44456062|0.4271548|0.37293676|4.2E-45|-1.0|1395861584783
ST Rotation Vector|0.45426098|0.43201488|0.37201545|4.2E-45|-1.0|1395861584801
ST Rotation Vector|0.46199566|0.43530297|0.37108248|4.2E-45|-1.0|1395861584823
ST Rotation Vector|0.46626502|0.43632084|0.37027276|4.2E-45|-1.0|1395861584846
ST Rotation Vector|0.46961698|0.4357603|0.3690892|4.2E-45|-1.0|1395861584861
ST Rotation Vector|0.47022426|0.43335754|0.36815017|4.2E-45|-1.0|1395861584881
ST Rotation Vector|0.46794423|0.42958865|0.36769226|4.2E-45|-1.0|1395861584901
ST Rotation Vector|0.46263748|0.42470232|0.36771333|4.2E-45|-1.0|1395861584921
ST Rotation Vector|0.4566783|0.42052773|0.368055|4.2E-45|-1.0|1395861584939
ST Rotation Vector|0.44606432|0.41522747|0.36915475|4.2E-45|-1.0|1395861584961
ST Rotation Vector|0.432196|0.41086486|0.3711366|4.2E-45|-1.0|1395861584981
ST Rotation Vector|0.41590255|0.40724128|0.37380174|4.2E-45|-1.0|1395861585018
ST Rotation Vector|0.39483425|0.40395775|0.37894794|4.2E-45|-1.0|1395861585039
ST Rotation Vector|0.38322386|0.4023072|0.38095436|4.2E-45|-1.0|1395861585040
ST Rotation Vector|0.3709077|0.39735845|0.38250077|4.2E-45|-1.0|1395861585062
ST Rotation Vector|0.3609546|0.39410922|0.38372812|4.2E-45|-1.0|1395861585084
ST Rotation Vector|0.35823065|0.38710883|0.38322166|4.2E-45|-1.0|1395861585101
ST Rotation Vector|0.35853773|0.38151982|0.3822218|4.2E-45|-1.0|1395861585140
ST Rotation Vector|0.35603493|0.38062167|0.383328|4.2E-45|-1.0|1395861585140
ST Rotation Vector|0.3476309|0.38266712|0.38807702|4.2E-45|-1.0|1395861585179
ST Rotation Vector|0.3412647|0.38128063|0.38570428|4.2E-45|-1.0|1395861585237
ST Rotation Vector|0.34595317|0.3800877|0.38128874|4.2E-45|-1.0|1395861585238
ST Rotation Vector|0.35097232|0.38203526|0.37832332|4.2E-45|-1.0|1395861585279
ST Rotation Vector|0.35459843|0.38684615|0.37790465|4.2E-45|-1.0|1395861585300
ST Rotation Vector|0.35901853|0.39192694|0.37814644|4.2E-45|-1.0|1395861585319
ST Rotation Vector|0.36621475|0.3960902|0.37719604|4.2E-45|-1.0|1395861585340
ST Rotation Vector|0.3736542|0.3992165|0.37571308|4.2E-45|-1.0|1395861585340
ST Rotation Vector|0.38545394|0.40414786|0.37341878|4.2E-45|-1.0|1395861585365
ST Rotation Vector|0.39896402|0.4076533|0.36947677|4.2E-45|-1.0|1395861585401
ST Rotation Vector|0.4119611|0.41166598|0.3665635|4.2E-45|-1.0|1395861585421
ST Rotation Vector|0.42291468|0.41829252|0.3666372|4.2E-45|-1.0|1395861585439
ST Rotation Vector|0.43067816|0.422982|0.3670205|4.2E-45|-1.0|1395861585459
ST Rotation Vector|0.4407141|0.42854705|0.36766666|4.2E-45|-1.0|1395861585480
ST Rotation Vector|0.4501413|0.43342692|0.36839896|4.2E-45|-1.0|1395861585502
ST Rotation Vector|0.4583118|0.43739587|0.3692224|4.2E-45|-1.0|1395861585521
ST Rotation Vector|0.464521|0.43989474|0.36988845|4.2E-45|-1.0|1395861585541
ST Rotation Vector|0.4676839|0.44053137|0.37016517|4.2E-45|-1.0|1395861585561
ST Rotation Vector|0.46963316|0.43972698|0.37023327|4.2E-45|-1.0|1395861585578
ST Rotation Vector|0.46874812|0.4370096|0.36994585|4.2E-45|-1.0|1395861585599
ST Rotation Vector|0.46476904|0.43264183|0.3696297|4.2E-45|-1.0|1395861585618
ST Rotation Vector|0.4574269|0.42751858|0.3695651|4.2E-45|-1.0|1395861585639
ST Rotation Vector|0.44940218|0.423461|0.3699723|4.2E-45|-1.0|1395861585662
ST Rotation Vector|0.43505025|0.41817534|0.3715568|4.2E-45|-1.0|1395861585681
ST Rotation Vector|0.4170686|0.41321334|0.37412947|4.2E-45|-1.0|1395861585702
ST Rotation Vector|0.39536235|0.40815958|0.37908053|4.2E-45|-1.0|1395861585721
ST Rotation Vector|0.37880987|0.40580925|0.38229924|4.2E-45|-1.0|1395861585739
ST Rotation Vector|0.3702398|0.40196705|0.38401383|4.2E-45|-1.0|1395861585763
ST Rotation Vector|0.3584174|0.39260608|0.38748133|4.2E-45|-1.0|1395861585780
ST Rotation Vector|0.3546216|0.37924647|0.38527378|4.2E-45|-1.0|1395861585800
ST Rotation Vector|0.35704473|0.36813697|0.38009685|4.2E-45|-1.0|1395861585818
ST Rotation Vector|0.3550751|0.36549118|0.37947026|4.2E-45|-1.0|1395861585839
ST Rotation Vector|0.34965047|0.36799583|0.3822799|4.2E-45|-1.0|1395861585862
ST Rotation Vector|0.33884537|0.37157962|0.38786817|4.2E-45|-1.0|1395861585879
ST Rotation Vector|0.33164963|0.3716912|0.39039013|4.2E-45|-1.0|1395861585899
ST Rotation Vector|0.3326667|0.36953852|0.38811937|4.2E-45|-1.0|1395861585919
ST Rotation Vector|0.33631358|0.3682342|0.38502568|4.2E-45|-1.0|1395861585939
ST Rotation Vector|0.33800688|0.3697681|0.38433725|4.2E-45|-1.0|1395861585958
ST Rotation Vector|0.3395491|0.37580457|0.38529348|4.2E-45|-1.0|1395861585978
ST Rotation Vector|0.34232822|0.38329604|0.3865181|4.2E-45|-1.0|1395861585998
ST Rotation Vector|0.34687585|0.38947624|0.38702694|4.2E-45|-1.0|1395861586018
ST Rotation Vector|0.353975|0.3944465|0.38626757|4.2E-45|-1.0|1395861586038
ST Rotation Vector|0.36090526|0.3983752|0.38523453|4.2E-45|-1.0|1395861586058
ST Rotation Vector|0.3711536|0.4046633|0.38426|4.2E-45|-1.0|1395861586078
ST Rotation Vector|0.3824213|0.4119701|0.3833951|4.2E-45|-1.0|1395861586097
ST Rotation Vector|0.3959556|0.4188723|0.38088265|4.2E-45|-1.0|1395861586118
ST Rotation Vector|0.40624788|0.4262182|0.3809929|4.2E-45|-1.0|1395861586138
ST Rotation Vector|0.4132039|0.4315457|0.38138074|4.2E-45|-1.0|1395861586158
ST Rotation Vector|0.42240897|0.4377997|0.38147485|4.2E-45|-1.0|1395861586178
ST Rotation Vector|0.431256|0.4432318|0.38142672|4.2E-45|-1.0|1395861586197
ST Rotation Vector|0.4391504|0.44788492|0.38154832|4.2E-45|-1.0|1395861586217
ST Rotation Vector|0.44565773|0.4514195|0.38205114|4.2E-45|-1.0|1395861586237
ST Rotation Vector|0.4491754|0.45312968|0.38264585|4.2E-45|-1.0|1395861586262
ST Rotation Vector|0.45162016|0.45404622|0.38361034|4.2E-45|-1.0|1395861586281
ST Rotation Vector|0.45138153|0.45317647|0.38451204|4.2E-45|-1.0|1395861586301
ST Rotation Vector|0.44833732|0.4506161|0.3852348|4.2E-45|-1.0|1395861586321
ST Rotation Vector|0.4425148|0.4472837|0.38598236|4.2E-45|-1.0|1395861586340
ST Rotation Vector|0.4363518|0.44480217|0.38667065|4.2E-45|-1.0|1395861586364
ST Rotation Vector|0.4256929|0.44136855|0.38783532|4.2E-45|-1.0|1395861586381
ST Rotation Vector|0.41217327|0.43743977|0.38941345|4.2E-45|-1.0|1395861586401
ST Rotation Vector|0.39656484|0.43254873|0.3912235|4.2E-45|-1.0|1395861586419
ST Rotation Vector|0.3804902|0.42664298|0.39278808|4.2E-45|-1.0|1395861586441
ST Rotation Vector|0.3700899|0.42125413|0.39306265|4.2E-45|-1.0|1395861586464
ST Rotation Vector|0.3598272|0.4102685|0.3933595|4.2E-45|-1.0|1395861586482
ST Rotation Vector|0.35253647|0.39685068|0.39412776|4.2E-45|-1.0|1395861586502
ST Rotation Vector|0.3513744|0.3832631|0.390957|4.2E-45|-1.0|1395861586523
ST Rotation Vector|0.35287422|0.37656784|0.38804826|4.2E-45|-1.0|1395861586540
ST Rotation Vector|0.351892|0.37746006|0.38855928|4.2E-45|-1.0|1395861586564
ST Rotation Vector|0.34545603|0.3800398|0.39139894|4.2E-45|-1.0|1395861586579
ST Rotation Vector|0.33809027|0.3795888|0.39263606|4.2E-45|-1.0|1395861586601
ST Rotation Vector|0.3361277|0.37713096|0.39070827|4.2E-45|-1.0|1395861586622
ST Rotation Vector|0.33706385|0.375331|0.38885662|4.2E-45|-1.0|1395861586640
ST Rotation Vector|0.33730945|0.3756954|0.38873467|4.2E-45|-1.0|1395861586661
ST Rotation Vector|0.3381376|0.3791087|0.38943997|4.2E-45|-1.0|1395861586682
ST Rotation Vector|0.34185746|0.38455057|0.38912904|4.2E-45|-1.0|1395861586702
ST Rotation Vector|0.34821132|0.38974065|0.38744986|4.2E-45|-1.0|1395861586722
ST Rotation Vector|0.3562903|0.39455342|0.38529146|4.2E-45|-1.0|1395861586741
ST Rotation Vector|0.36302537|0.3981882|0.38386703|4.2E-45|-1.0|1395861586762
ST Rotation Vector|0.37235537|0.40330058|0.38247803|4.2E-45|-1.0|1395861586785
ST Rotation Vector|0.38439998|0.4071088|0.37837958|4.2E-45|-1.0|1395861586799
ST Rotation Vector|0.3993128|0.41161838|0.37287727|4.2E-45|-1.0|1395861586820
ST Rotation Vector|0.40962717|0.41841078|0.3728671|4.2E-45|-1.0|1395861586840
ST Rotation Vector|0.41772828|0.42334995|0.372768|4.2E-45|-1.0|1395861586859
ST Rotation Vector|0.4291211|0.42932484|0.3722606|4.2E-45|-1.0|1395861586880
ST Rotation Vector|0.44086394|0.43448818|0.37144896|4.2E-45|-1.0|1395861586900
ST Rotation Vector|0.4523174|0.43888938|0.37063375|4.2E-45|-1.0|1395861586938
ST Rotation Vector|0.462292|0.44194075|0.3700561|4.2E-45|-1.0|1395861586961
ST Rotation Vector|0.46816784|0.44292888|0.36967582|4.2E-45|-1.0|1395861586962
ST Rotation Vector|0.47327095|0.44249794|0.3690845|4.2E-45|-1.0|1395861586981
ST Rotation Vector|0.47456753|0.4403979|0.36866203|4.2E-45|-1.0|1395861587018
ST Rotation Vector|0.47168306|0.43664318|0.3685996|4.2E-45|-1.0|1395861587039
ST Rotation Vector|0.4643648|0.4315622|0.36898446|4.2E-45|-1.0|1395861587058
ST Rotation Vector|0.45603868|0.42777097|0.36955568|4.2E-45|-1.0|1395861587058
ST Rotation Vector|0.44148242|0.42361248|0.37097028|4.2E-45|-1.0|1395861587098
ST Rotation Vector|0.42368656|0.4203238|0.37311336|4.2E-45|-1.0|1395861587117
ST Rotation Vector|0.4019843|0.41618627|0.37751788|4.2E-45|-1.0|1395861587138
ST Rotation Vector|0.38012472|0.4114816|0.3837048|4.2E-45|-1.0|1395861587158
ST Rotation Vector|0.37123322|0.40643585|0.38508284|4.2E-45|-1.0|1395861587158
ST Rotation Vector|0.36235783|0.39548132|0.3893729|4.2E-45|-1.0|1395861587197
ST Rotation Vector|0.35438928|0.38341957|0.3906246|4.2E-45|-1.0|1395861587217
ST Rotation Vector|0.35267028|0.37211546|0.38703695|4.2E-45|-1.0|1395861587237
ST Rotation Vector|0.35140386|0.3681584|0.38490483|4.2E-45|-1.0|1395861587257
ST Rotation Vector|0.34702912|0.3691243|0.3863804|4.2E-45|-1.0|1395861587277
ST Rotation Vector|0.33746105|0.37129155|0.39084372|4.2E-45|-1.0|1395861587296
ST Rotation Vector|0.32945076|0.37080094|0.3933991|4.2E-45|-1.0|1395861587317
ST Rotation Vector|0.32784808|0.36764157|0.39205453|4.2E-45|-1.0|1395861587337
ST Rotation Vector|0.3286706|0.3656072|0.3897979|4.2E-45|-1.0|1395861587357
ST Rotation Vector|0.32819542|0.3660382|0.38931257|4.2E-45|-1.0|1395861587377
ST Rotation Vector|0.3276152|0.36932337|0.38987908|4.2E-45|-1.0|1395861587397
ST Rotation Vector|0.33037663|0.37414226|0.38995722|4.2E-45|-1.0|1395861587417
ST Rotation Vector|0.33608398|0.3791695|0.38942754|4.2E-45|-1.0|1395861587437
ST Rotation Vector|0.34329307|0.38382015|0.38860035|4.2E-45|-1.0|1395861587457
ST Rotation Vector|0.34946433|0.38715357|0.38801703|4.2E-45|-1.0|1395861587477
ST Rotation Vector|0.3592154|0.39266258|0.38709503|4.2E-45|-1.0|1395861587497
ST Rotation Vector|0.37152597|0.40004835|0.38524395|4.2E-45|-1.0|1395861587517
ST Rotation Vector|0.3832351|0.4076017|0.38410005|4.2E-45|-1.0|1395861587537
ST Rotation Vector|0.39357024|0.41572937|0.384271|4.2E-45|-1.0|1395861587557
ST Rotation Vector|0.40050718|0.42228964|0.38515687|4.2E-45|-1.0|1395861587576
ST Rotation Vector|0.41002548|0.43050528|0.3857371|4.2E-45|-1.0|1395861587596
ST Rotation Vector|0.41948408|0.43785223|0.3856929|4.2E-45|-1.0|1395861587617
ST Rotation Vector|0.42865998|0.44413295|0.38522622|4.2E-45|-1.0|1395861587637
ST Rotation Vector|0.43705907|0.4490521|0.38457254|4.2E-45|-1.0|1395861587657
ST Rotation Vector|0.44243595|0.45158556|0.3839788|4.2E-45|-1.0|1395861587677
ST Rotation Vector|0.4478515|0.45310766|0.3828672|4.2E-45|-1.0|1395861587697
ST Rotation Vector|0.45102423|0.45273837|0.38126498|4.2E-45|-1.0|1395861587717
ST Rotation Vector|0.45184988|0.4503883|0.3795497|4.2E-45|-1.0|1395861587737
ST Rotation Vector|0.4496645|0.44658327|0.37817648|4.2E-45|-1.0|1395861587757
ST Rotation Vector|0.44559285|0.44344172|0.37772307|4.2E-45|-1.0|1395861587776
ST Rotation Vector|0.4367041|0.43903184|0.37816238|4.2E-45|-1.0|1395861587797
ST Rotation Vector|0.42384833|0.43388483|0.37971798|4.2E-45|-1.0|1395861587817
ST Rotation Vector|0.40752327|0.4281142|0.38200846|4.2E-45|-1.0|1395861587837
ST Rotation Vector|0.38930422|0.4225226|0.38460305|4.2E-45|-1.0|1395861587857
ST Rotation Vector|0.37652895|0.4191767|0.38631877|4.2E-45|-1.0|1395861587877
ST Rotation Vector|0.36443773|0.4137358|0.38779885|4.2E-45|-1.0|1395861587897
ST Rotation Vector|0.35424498|0.40230072|0.3903118|4.2E-45|-1.0|1395861587917
ST Rotation Vector|0.34605613|0.3878796|0.3897772|4.2E-45|-1.0|1395861587938
ST Rotation Vector|0.3461249|0.3770442|0.38532078|4.2E-45|-1.0|1395861587957
ST Rotation Vector|0.34770313|0.37383282|0.38272485|4.2E-45|-1.0|1395861587977
ST Rotation Vector|0.34515524|0.37425157|0.3834995|4.2E-45|-1.0|1395861587997
ST Rotation Vector|0.34035683|0.3754793|0.38597468|4.2E-45|-1.0|1395861588017
ST Rotation Vector|0.33715126|0.37510115|0.3867706|4.2E-45|-1.0|1395861588038
ST Rotation Vector|0.33667293|0.3724751|0.3852698|4.2E-45|-1.0|1395861588057
ST Rotation Vector|0.33747226|0.3703581|0.38355458|4.2E-45|-1.0|1395861588077
ST Rotation Vector|0.3390161|0.3699453|0.38183087|4.2E-45|-1.0|1395861588097
ST Rotation Vector|0.34142005|0.37249866|0.38079828|4.2E-45|-1.0|1395861588118
ST Rotation Vector|0.34586537|0.3762566|0.37971368|4.2E-45|-1.0|1395861588138
ST Rotation Vector|0.35253924|0.38092166|0.3782761|4.2E-45|-1.0|1395861588157
ST Rotation Vector|0.35870272|0.38517535|0.37703398|4.2E-45|-1.0|1395861588177
ST Rotation Vector|0.36787203|0.39159366|0.37547314|4.2E-45|-1.0|1395861588197
ST Rotation Vector|0.37949312|0.39803913|0.37162733|4.2E-45|-1.0|1395861588217
ST Rotation Vector|0.39173996|0.40405256|0.36730018|4.2E-45|-1.0|1395861588237
ST Rotation Vector|0.40439495|0.41026|0.3633336|4.2E-45|-1.0|1395861588257
ST Rotation Vector|0.4114318|0.41639817|0.3637523|4.2E-45|-1.0|1395861588278
ST Rotation Vector|0.42112258|0.42462865|0.36450195|4.2E-45|-1.0|1395861588298
ST Rotation Vector|0.43108526|0.43245295|0.36526224|4.2E-45|-1.0|1395861588320
ST Rotation Vector|0.441029|0.43931994|0.3658824|4.2E-45|-1.0|1395861588337
ST Rotation Vector|0.45036346|0.4449783|0.36638808|4.2E-45|-1.0|1395861588360
ST Rotation Vector|0.45648682|0.44814202|0.36673403|4.2E-45|-1.0|1395861588379
ST Rotation Vector|0.46284506|0.4505338|0.36687776|4.2E-45|-1.0|1395861588400
ST Rotation Vector|0.4667333|0.45082515|0.3663517|4.2E-45|-1.0|1395861588418
ST Rotation Vector|0.46781722|0.44958922|0.3653281|4.2E-45|-1.0|1395861588437
ST Rotation Vector|0.46574187|0.44703266|0.364305|4.2E-45|-1.0|1395861588458
ST Rotation Vector|0.46177596|0.44455975|0.363799|4.2E-45|-1.0|1395861588477
ST Rotation Vector|0.45301336|0.44107068|0.36408147|4.2E-45|-1.0|1395861588500
ST Rotation Vector|0.4405491|0.43738174|0.3656233|4.2E-45|-1.0|1395861588517
ST Rotation Vector|0.4249911|0.43343386|0.367945|4.2E-45|-1.0|1395861588538
ST Rotation Vector|0.40721878|0.4291475|0.37064528|4.2E-45|-1.0|1395861588561
ST Rotation Vector|0.39346287|0.4259599|0.37279496|4.2E-45|-1.0|1395861588579
ST Rotation Vector|0.37749842|0.42190206|0.37547407|4.2E-45|-1.0|1395861588601
ST Rotation Vector|0.36424932|0.41503507|0.37897545|4.2E-45|-1.0|1395861588621
ST Rotation Vector|0.35053712|0.4032377|0.38269565|4.2E-45|-1.0|1395861588639
ST Rotation Vector|0.34693116|0.3892673|0.38137716|4.2E-45|-1.0|1395861588662
ST Rotation Vector|0.3472448|0.38213634|0.3798492|4.2E-45|-1.0|1395861588680
ST Rotation Vector|0.3457236|0.3788758|0.379896|4.2E-45|-1.0|1395861588700
ST Rotation Vector|0.3421314|0.38109222|0.38164067|4.2E-45|-1.0|1395861588719
ST Rotation Vector|0.33746818|0.38268128|0.38406315|4.2E-45|-1.0|1395861588741
ST Rotation Vector|0.33334526|0.38119584|0.38529027|4.2E-45|-1.0|1395861588760
ST Rotation Vector|0.33188185|0.37902504|0.38442492|4.2E-45|-1.0|1395861588780
ST Rotation Vector|0.33260927|0.3775312|0.38209888|4.2E-45|-1.0|1395861588799
ST Rotation Vector|0.33419532|0.37901884|0.37998348|4.2E-45|-1.0|1395861588820
ST Rotation Vector|0.33622777|0.3831062|0.37872902|4.2E-45|-1.0|1395861588841
ST Rotation Vector|0.34002742|0.38805577|0.3774566|4.2E-45|-1.0|1395861588868
ST Rotation Vector|0.3444312|0.39161637|0.3763464|4.2E-45|-1.0|1395861588890
ST Rotation Vector|0.35182464|0.3960573|0.37468252|4.2E-45|-1.0|1395861588908
ST Rotation Vector|0.360275|0.40069932|0.37271506|4.2E-45|-1.0|1395861588928
ST Rotation Vector|0.37160653|0.4049941|0.36852804|4.2E-45|-1.0|1395861588950
ST Rotation Vector|0.38554478|0.40842122|0.36205986|4.2E-45|-1.0|1395861588973
ST Rotation Vector|0.39579654|0.41061047|0.35739604|4.2E-45|-1.0|1395861588988
ST Rotation Vector|0.40934816|0.4136097|0.35162845|4.2E-45|-1.0|1395861589010
ST Rotation Vector|0.42067406|0.41731286|0.34833416|4.2E-45|-1.0|1395861589028
ST Rotation Vector|0.43033963|0.42218214|0.34726572|4.2E-45|-1.0|1395861589052
ST Rotation Vector|0.4398786|0.42736304|0.34665987|4.2E-45|-1.0|1395861589067
ST Rotation Vector|0.44670677|0.4314212|0.34668744|4.2E-45|-1.0|1395861589090
ST Rotation Vector|0.45490608|0.43658254|0.34732798|4.2E-45|-1.0|1395861589107
ST Rotation Vector|0.46166655|0.44072562|0.34822354|4.2E-45|-1.0|1395861589127
ST Rotation Vector|0.4663315|0.443729|0.34907135|4.2E-45|-1.0|1395861589149
ST Rotation Vector|0.46845612|0.44617364|0.34961587|4.2E-45|-1.0|1395861589172
ST Rotation Vector|0.46855575|0.44795474|0.35001895|4.2E-45|-1.0|1395861589193
ST Rotation Vector|0.46748453|0.45026067|0.3507348|4.2E-45|-1.0|1395861589208
ST Rotation Vector|0.46780312|0.45350352|0.3497521|4.2E-45|-1.0|1395861589230
ST Rotation Vector|0.4696083|0.45739955|0.34783873|4.2E-45|-1.0|1395861589260
ST Rotation Vector|0.46912873|0.46106318|0.3479347|4.2E-45|-1.0|1395861589285
ST Rotation Vector|0.46718815|0.46346107|0.349204|4.2E-45|-1.0|1395861589309
ST Rotation Vector|0.46526125|0.46609944|0.3506299|4.2E-45|-1.0|1395861589311
ST Rotation Vector|0.47000316|0.46762615|0.34814957|4.2E-45|-1.0|1395861589331
ST Rotation Vector|0.4766353|0.4680764|0.343723|4.2E-45|-1.0|1395861589355
ST Rotation Vector|0.47999385|0.4670953|0.34017214|4.2E-45|-1.0|1395861589370
ST Rotation Vector|0.4815471|0.46697345|0.3381905|4.2E-45|-1.0|1395861589394
ST Rotation Vector|0.48388657|0.46725786|0.33519942|4.2E-45|-1.0|1395861589411
ST Rotation Vector|0.48692545|0.46707955|0.33103743|4.2E-45|-1.0|1395861589432
ST Rotation Vector|0.48991942|0.46597376|0.32647267|4.2E-45|-1.0|1395861589450
ST Rotation Vector|0.49311414|0.46524045|0.32212356|4.2E-45|-1.0|1395861589483
ST Rotation Vector|0.49548256|0.46491924|0.31891394|4.2E-45|-1.0|1395861589501
ST Rotation Vector|0.49881533|0.46432322|0.3144878|4.2E-45|-1.0|1395861589521
ST Rotation Vector|0.5023402|0.46363774|0.3101012|4.2E-45|-1.0|1395861589540
ST Rotation Vector|0.5062271|0.46300638|0.30565026|4.2E-45|-1.0|1395861589559
ST Rotation Vector|0.5101588|0.46185488|0.30080032|4.2E-45|-1.0|1395861589579
ST Rotation Vector|0.51243526|0.46067947|0.29691422|4.2E-45|-1.0|1395861589600
ST Rotation Vector|0.51615804|0.45779195|0.29181945|4.2E-45|-1.0|1395861589620
ST Rotation Vector|0.5195866|0.45424628|0.28730243|4.2E-45|-1.0|1395861589641
ST Rotation Vector|0.5212929|0.451942|0.28414288|4.2E-45|-1.0|1395861589663
ST Rotation Vector|0.52284545|0.4507406|0.2817592|4.2E-45|-1.0|1395861589679
ST Rotation Vector|0.5240581|0.4500128|0.28013462|4.2E-45|-1.0|1395861589701
ST Rotation Vector|0.52509874|0.44897416|0.27853784|4.2E-45|-1.0|1395861589720
ST Rotation Vector|0.5256021|0.44768494|0.27741888|4.2E-45|-1.0|1395861589742
ST Rotation Vector|0.5268905|0.4458116|0.27586353|4.2E-45|-1.0|1395861589763
ST Rotation Vector|0.5282615|0.44324428|0.27349806|4.2E-45|-1.0|1395861589781
ST Rotation Vector|0.52910894|0.44096217|0.27128974|4.2E-45|-1.0|1395861589800
ST Rotation Vector|0.5297576|0.43808165|0.26831108|4.2E-45|-1.0|1395861589822
ST Rotation Vector|0.5298683|0.43623155|0.26557708|4.2E-45|-1.0|1395861589842
ST Rotation Vector|0.5296903|0.4353716|0.26305085|4.2E-45|-1.0|1395861589862
ST Rotation Vector|0.52886534|0.4373649|0.26019767|4.2E-45|-1.0|1395861589880
ST Rotation Vector|0.52971154|0.437346|0.2576634|4.2E-45|-1.0|1395861589905
ST Rotation Vector|0.53102803|0.4355598|0.255621|4.2E-45|-1.0|1395861589921
ST Rotation Vector|0.5320586|0.4338745|0.2538781|4.2E-45|-1.0|1395861589942
ST Rotation Vector|0.5325313|0.4335132|0.25320363|4.2E-45|-1.0|1395861589959
ST Rotation Vector|0.5333166|0.43350744|0.25262687|4.2E-45|-1.0|1395861589980
ST Rotation Vector|0.5339238|0.43279272|0.2517947|4.2E-45|-1.0|1395861590000
ST Rotation Vector|0.53481805|0.43107015|0.2503222|4.2E-45|-1.0|1395861590019
ST Rotation Vector|0.5360268|0.42907533|0.24881534|4.2E-45|-1.0|1395861590039
ST Rotation Vector|0.53765595|0.42709625|0.24746177|4.2E-45|-1.0|1395861590070
ST Rotation Vector|0.53890765|0.42561764|0.24626039|4.2E-45|-1.0|1395861590088
ST Rotation Vector|0.5395423|0.42492956|0.24557519|4.2E-45|-1.0|1395861590089
ST Rotation Vector|0.54024327|0.4243179|0.24474514|4.2E-45|-1.0|1395861590127
ST Rotation Vector|0.5407873|0.4240319|0.24403955|4.2E-45|-1.0|1395861590148
ST Rotation Vector|0.54121584|0.42334652|0.2431948|4.2E-45|-1.0|1395861590168
ST Rotation Vector|0.5417041|0.4221601|0.2421478|4.2E-45|-1.0|1395861590187
ST Rotation Vector|0.5422028|0.4210547|0.24128215|4.2E-45|-1.0|1395861590188
ST Rotation Vector|0.5427637|0.4197602|0.2404398|4.2E-45|-1.0|1395861590227
ST Rotation Vector|0.5431682|0.41875106|0.2398256|4.2E-45|-1.0|1395861590248
ST Rotation Vector|0.543278|0.41776776|0.23926716|4.2E-45|-1.0|1395861590268
ST Rotation Vector|0.5433857|0.41651535|0.23826905|4.2E-45|-1.0|1395861590287
ST Rotation Vector|0.54357076|0.4155536|0.23715542|4.2E-45|-1.0|1395861590307
ST Rotation Vector|0.544|0.4140239|0.2355362|4.2E-45|-1.0|1395861590327
ST Rotation Vector|0.54448354|0.41197947|0.23413378|4.2E-45|-1.0|1395861590348
ST Rotation Vector|0.54468685|0.4100676|0.23310338|4.2E-45|-1.0|1395861590367
ST Rotation Vector|0.543271|0.40940297|0.23467377|4.2E-45|-1.0|1395861590388
ST Rotation Vector|0.54160285|0.40998134|0.23656209|4.2E-45|-1.0|1395861590408
ST Rotation Vector|0.5407519|0.41144592|0.23830736|4.2E-45|-1.0|1395861590426
ST Rotation Vector|0.5406892|0.41242293|0.24114855|4.2E-45|-1.0|1395861590446
ST Rotation Vector|0.54122084|0.41209736|0.24699491|4.2E-45|-1.0|1395861590466
ST Rotation Vector|0.54263663|0.40984184|0.254595|4.2E-45|-1.0|1395861590488
ST Rotation Vector|0.5441097|0.40660885|0.2622185|4.2E-45|-1.0|1395861590508
ST Rotation Vector|0.54717827|0.40056112|0.27412012|4.2E-45|-1.0|1395861590527
ST Rotation Vector|0.55251676|0.39145604|0.28724277|4.2E-45|-1.0|1395861590552
ST Rotation Vector|0.56032014|0.37739703|0.30254644|4.2E-45|-1.0|1395861590568
ST Rotation Vector|0.5716084|0.3564447|0.31789428|4.2E-45|-1.0|1395861590589
ST Rotation Vector|0.58136576|0.33379313|0.33018062|4.2E-45|-1.0|1395861590608
ST Rotation Vector|0.5920311|0.30227464|0.3504718|4.2E-45|-1.0|1395861590628
ST Rotation Vector|0.60318995|0.2749755|0.37199783|4.2E-45|-1.0|1395861590649
ST Rotation Vector|0.6129718|0.25408643|0.391128|4.2E-45|-1.0|1395861590670
ST Rotation Vector|0.620178|0.23606905|0.40851387|4.2E-45|-1.0|1395861590687
ST Rotation Vector|0.62255055|0.22897388|0.42133316|4.2E-45|-1.0|1395861590707
ST Rotation Vector|0.6248669|0.22104794|0.43301767|4.2E-45|-1.0|1395861590726
ST Rotation Vector|0.62717396|0.21292077|0.44147527|4.2E-45|-1.0|1395861590748
ST Rotation Vector|0.62862456|0.20337869|0.4503635|4.2E-45|-1.0|1395861590767
ST Rotation Vector|0.631697|0.19499785|0.45969743|4.2E-45|-1.0|1395861590787
ST Rotation Vector|0.635267|0.18955867|0.46735504|4.2E-45|-1.0|1395861590806
ST Rotation Vector|0.643059|0.18419439|0.47710207|4.2E-45|-1.0|1395861590827
ST Rotation Vector|0.6502415|0.18136868|0.48761177|4.2E-45|-1.0|1395861590848
ST Rotation Vector|0.6474629|0.18046951|0.5042676|4.2E-45|-1.0|1395861590868
ST Rotation Vector|0.63612795|0.17614582|0.5238739|4.2E-45|-1.0|1395861590888
ST Rotation Vector|0.6259768|0.17503358|0.54147637|4.2E-45|-1.0|1395861590909
ST Rotation Vector|0.61890316|0.18260826|0.56782556|4.2E-45|-1.0|1395861590928
ST Rotation Vector|0.6177723|0.19257736|0.58684325|4.2E-45|-1.0|1395861590949
ST Rotation Vector|0.61786246|0.2030227|0.5984051|4.2E-45|-1.0|1395861590972
ST Rotation Vector|0.62060726|0.22572328|0.6037602|4.2E-45|-1.0|1395861590989
ST Rotation Vector|0.6207256|0.25049847|0.6083346|4.2E-45|-1.0|1395861591008
ST Rotation Vector|0.6154469|0.28578088|0.6160638|4.2E-45|-1.0|1395861591029
ST Rotation Vector|0.6037143|0.31998062|0.62510693|4.2E-45|-1.0|1395861591050
ST Rotation Vector|0.58992434|0.35432348|0.63130015|4.2E-45|-1.0|1395861591072
ST Rotation Vector|0.57613176|0.38664192|0.6321942|4.2E-45|-1.0|1395861591092
ST Rotation Vector|0.5636097|0.40916482|0.633303|4.2E-45|-1.0|1395861591107
ST Rotation Vector|0.5435761|0.43901587|0.6358883|4.2E-45|-1.0|1395861591140
ST Rotation Vector|0.50923735|0.46568015|0.64944947|4.2E-45|-1.0|1395861591157
ST Rotation Vector|0.47113177|0.49043265|0.66470945|4.2E-45|-1.0|1395861591177
ST Rotation Vector|0.43263128|0.5158609|0.677654|4.2E-45|-1.0|1395861591197
ST Rotation Vector|0.40799117|0.53619796|0.6815229|4.2E-45|-1.0|1395861591217
ST Rotation Vector|0.3650925|0.5611516|0.6926252|4.2E-45|-1.0|1395861591237
ST Rotation Vector|0.3340545|0.58532214|0.69052434|4.2E-45|-1.0|1395861591256
ST Rotation Vector|0.30207047|0.6068306|0.68705404|4.2E-45|-1.0|1395861591277
ST Rotation Vector|0.26996928|0.6219916|0.68538535|4.2E-45|-1.0|1395861591297
ST Rotation Vector|0.24336648|0.62971157|0.68787366|4.2E-45|-1.0|1395861591317
ST Rotation Vector|0.20719744|0.63929135|0.6921159|4.2E-45|-1.0|1395861591336
ST Rotation Vector|0.17754795|0.64858437|0.69205457|4.2E-45|-1.0|1395861591366
ST Rotation Vector|0.15612227|0.65470695|0.688088|4.2E-45|-1.0|1395861591368
ST Rotation Vector|0.13385157|0.65898097|0.68525934|4.2E-45|-1.0|1395861591387
ST Rotation Vector|0.11340544|0.6618821|0.6848692|4.2E-45|-1.0|1395861591407
ST Rotation Vector|0.08235955|0.66239965|0.6883199|4.2E-45|-1.0|1395861591428
ST Rotation Vector|0.05335103|0.65331936|0.6978371|4.2E-45|-1.0|1395861591448
ST Rotation Vector|0.025977615|0.63752705|0.71115226|4.2E-45|-1.0|1395861591468
ST Rotation Vector|-0.0021447397|0.6194526|0.726995|4.2E-45|-1.0|1395861591491
ST Rotation Vector|-0.02303121|0.60404736|0.7401126|4.2E-45|-1.0|1395861591509
ST Rotation Vector|-0.048376724|0.579353|0.7595697|4.2E-45|-1.0|1395861591527
ST Rotation Vector|-0.06724271|0.54886234|0.7818314|4.2E-45|-1.0|1395861591549
ST Rotation Vector|-0.08074407|0.5151597|0.8060343|4.2E-45|-1.0|1395861591567
ST Rotation Vector|-0.09231705|0.48262188|0.82971853|4.2E-45|-1.0|1395861591588
ST Rotation Vector|-0.10065621|0.45878303|0.84638363|4.2E-45|-1.0|1395861591607
ST Rotation Vector|-0.1050214|0.42929485|0.86532193|4.2E-45|-1.0|1395861591627
ST Rotation Vector|-0.10823432|0.41008207|0.87774557|4.2E-45|-1.0|1395861591648
ST Rotation Vector|-0.11343279|0.3999259|0.8851438|4.2E-45|-1.0|1395861591667
ST Rotation Vector|-0.116164505|0.3919319|0.8912225|4.2E-45|-1.0|1395861591687
ST Rotation Vector|-0.115465306|0.39429417|0.89423317|4.2E-45|-1.0|1395861591707
ST Rotation Vector|-0.120648585|0.38890275|0.8992779|4.2E-45|-1.0|1395861591727
ST Rotation Vector|-0.12675604|0.39169085|0.9011842|4.2E-45|-1.0|1395861591748
ST Rotation Vector|-0.13178656|0.40604645|0.89836407|4.2E-45|-1.0|1395861591767
ST Rotation Vector|-0.13524948|0.4030018|0.9007659|4.2E-45|-1.0|1395861591807
ST Rotation Vector|-0.13487367|0.40116173|0.902462|4.2E-45|-1.0|1395861591808
ST Rotation Vector|-0.14537083|0.38077742|0.91124177|4.2E-45|-1.0|1395861591827
ST Rotation Vector|-0.15194559|0.35505682|0.9214707|4.2E-45|-1.0|1395861591848
ST Rotation Vector|-0.15245995|0.33643138|0.92870605|4.2E-45|-1.0|1395861591886
ST Rotation Vector|-0.14913094|0.32217115|0.9344563|4.2E-45|-1.0|1395861591908
ST Rotation Vector|-0.14891666|0.31664833|0.936658|4.2E-45|-1.0|1395861591908
ST Rotation Vector|0.15031824|-0.31178957|-0.9381452|4.2E-45|-1.0|1395861591927
ST Rotation Vector|0.14993212|-0.30555758|-0.939472|4.2E-45|-1.0|1395861591966
ST Rotation Vector|0.14989817|-0.29752582|-0.9406201|4.2E-45|-1.0|1395861591987
ST Rotation Vector|0.14755316|-0.28694344|-0.94260705|4.2E-45|-1.0|1395861592006
ST Rotation Vector|0.1460138|-0.27806592|-0.9437832|4.2E-45|-1.0|1395861592008
ST Rotation Vector|0.1557947|-0.27502054|-0.9402832|4.2E-45|-1.0|1395861592046
ST Rotation Vector|0.17441097|-0.27841204|-0.9321696|4.2E-45|-1.0|1395861592067
ST Rotation Vector|0.18864927|-0.28111172|-0.92401457|4.2E-45|-1.0|1395861592087
ST Rotation Vector|0.20296392|-0.28191116|-0.91619235|4.2E-45|-1.0|1395861592106
ST Rotation Vector|0.20917432|-0.28024545|-0.91211504|4.2E-45|-1.0|1395861592112
ST Rotation Vector|0.20900986|-0.2756918|-0.90950793|4.2E-45|-1.0|1395861592147
ST Rotation Vector|0.20278609|-0.27000824|-0.9084131|4.2E-45|-1.0|1395861592167
ST Rotation Vector|0.18792243|-0.26604387|-0.90972865|4.2E-45|-1.0|1395861592187
ST Rotation Vector|0.18156911|-0.26215115|-0.90781313|4.2E-45|-1.0|1395861592212
ST Rotation Vector|0.18129337|-0.2589997|-0.9048707|4.2E-45|-1.0|1395861592212
ST Rotation Vector|0.1850246|-0.25451863|-0.8997526|4.2E-45|-1.0|1395861592247
ST Rotation Vector|0.19321871|-0.2499015|-0.89325714|4.2E-45|-1.0|1395861592267
ST Rotation Vector|0.19173631|-0.24665634|-0.891259|4.2E-45|-1.0|1395861592287
ST Rotation Vector|0.19327301|-0.24268128|-0.8883689|4.2E-45|-1.0|1395861592307
ST Rotation Vector|0.1976129|-0.23927087|-0.8847199|4.2E-45|-1.0|1395861592326
ST Rotation Vector|0.19902188|-0.23468953|-0.88117605|4.2E-45|-1.0|1395861592347
ST Rotation Vector|0.19550629|-0.23015478|-0.87906814|4.2E-45|-1.0|1395861592367
ST Rotation Vector|0.18448399|-0.22514494|-0.8822305|4.2E-45|-1.0|1395861592387
ST Rotation Vector|0.18166398|-0.2212874|-0.88168496|4.2E-45|-1.0|1395861592407
ST Rotation Vector|0.18293983|-0.21958297|-0.8798986|4.2E-45|-1.0|1395861592427
ST Rotation Vector|0.18619265|-0.21858966|-0.87742627|4.2E-45|-1.0|1395861592447
ST Rotation Vector|0.19121526|-0.21818434|-0.8750482|4.2E-45|-1.0|1395861592467
ST Rotation Vector|0.19330107|-0.21763103|-0.8750356|4.2E-45|-1.0|1395861592486
ST Rotation Vector|0.1908748|-0.21682605|-0.877122|4.2E-45|-1.0|1395861592507
ST Rotation Vector|0.19255772|-0.21629295|-0.87647235|4.2E-45|-1.0|1395861592526
ST Rotation Vector|0.19175926|-0.21561374|-0.87653697|4.2E-45|-1.0|1395861592548
ST Rotation Vector|0.18619297|-0.21416539|-0.87896305|4.2E-45|-1.0|1395861592566
ST Rotation Vector|0.18140921|-0.21267888|-0.8811689|4.2E-45|-1.0|1395861592587
ST Rotation Vector|0.1778615|-0.21201615|-0.88271344|4.2E-45|-1.0|1395861592607
ST Rotation Vector|0.17542437|-0.21199176|-0.88362813|4.2E-45|-1.0|1395861592627
ST Rotation Vector|0.1728561|-0.2124093|-0.88449806|4.2E-45|-1.0|1395861592646
ST Rotation Vector|0.17142391|-0.21317935|-0.88506866|4.2E-45|-1.0|1395861592667
ST Rotation Vector|0.17154829|-0.21337688|-0.8853505|4.2E-45|-1.0|1395861592690
ST Rotation Vector|0.17305005|-0.21270648|-0.8852269|4.2E-45|-1.0|1395861592707
ST Rotation Vector|0.17418116|-0.21186829|-0.8849831|4.2E-45|-1.0|1395861592726
ST Rotation Vector|0.17409612|-0.2103845|-0.88504994|4.2E-45|-1.0|1395861592748
ST Rotation Vector|0.17237738|-0.20899296|-0.8857666|4.2E-45|-1.0|1395861592767
ST Rotation Vector|0.17040439|-0.20816806|-0.88680255|4.2E-45|-1.0|1395861592787
ST Rotation Vector|0.16854158|-0.20719813|-0.8876238|4.2E-45|-1.0|1395861592808
ST Rotation Vector|0.1666486|-0.20635825|-0.8879614|4.2E-45|-1.0|1395861592827
ST Rotation Vector|0.16375329|-0.20545833|-0.88806707|4.2E-45|-1.0|1395861592846
ST Rotation Vector|0.1603244|-0.20507972|-0.8880997|4.2E-45|-1.0|1395861592867
ST Rotation Vector|0.15645348|-0.2051114|-0.8882012|4.2E-45|-1.0|1395861592887
ST Rotation Vector|0.15247983|-0.20524578|-0.8883731|4.2E-45|-1.0|1395861592907
ST Rotation Vector|0.15025935|-0.20554692|-0.88839406|4.2E-45|-1.0|1395861592928
ST Rotation Vector|0.14857629|-0.2061802|-0.88823|4.2E-45|-1.0|1395861592948
ST Rotation Vector|0.14733993|-0.20667061|-0.8880346|4.2E-45|-1.0|1395861592967
ST Rotation Vector|0.14538673|-0.20721224|-0.8879576|4.2E-45|-1.0|1395861592987
ST Rotation Vector|0.14362001|-0.20762362|-0.8879331|4.2E-45|-1.0|1395861593007
ST Rotation Vector|0.14334802|-0.20768467|-0.8878082|4.2E-45|-1.0|1395861593028
ST Rotation Vector|0.14374992|-0.20770164|-0.88754237|4.2E-45|-1.0|1395861593048
ST Rotation Vector|0.14627476|-0.20833345|-0.886854|4.2E-45|-1.0|1395861593067
ST Rotation Vector|0.15400217|-0.2089089|-0.8851518|4.2E-45|-1.0|1395861593088
ST Rotation Vector|0.16145161|-0.20919093|-0.8833098|4.2E-45|-1.0|1395861593108
ST Rotation Vector|0.16308571|-0.20881218|-0.8829012|4.2E-45|-1.0|1395861593128
ST Rotation Vector|0.15886444|-0.20760468|-0.8839583|4.2E-45|-1.0|1395861593148
ST Rotation Vector|0.15268719|-0.20614997|-0.8856212|4.2E-45|-1.0|1395861593169
ST Rotation Vector|0.1496374|-0.20515081|-0.88656193|4.2E-45|-1.0|1395861593188
ST Rotation Vector|0.14993174|-0.20472476|-0.8865448|4.2E-45|-1.0|1395861593207
ST Rotation Vector|0.15020153|-0.20451345|-0.88649595|4.2E-45|-1.0|1395861593228
ST Rotation Vector|0.15010265|-0.20505472|-0.88644797|4.2E-45|-1.0|1395861593248
ST Rotation Vector|0.15065326|-0.20520502|-0.8864066|4.2E-45|-1.0|1395861593268
ST Rotation Vector|0.14740007|-0.20459096|-0.8873813|4.2E-45|-1.0|1395861593287
ST Rotation Vector|0.14154929|-0.20370696|-0.88930315|4.2E-45|-1.0|1395861593308
ST Rotation Vector|0.13875128|-0.20338064|-0.89048356|4.2E-45|-1.0|1395861593327
ST Rotation Vector|0.13871473|-0.20348693|-0.8906737|4.2E-45|-1.0|1395861593348
ST Rotation Vector|0.14139007|-0.20387524|-0.88993937|4.2E-45|-1.0|1395861593367
ST Rotation Vector|0.1440671|-0.20440055|-0.8896564|4.2E-45|-1.0|1395861593387
ST Rotation Vector|0.14523523|-0.20486179|-0.88980067|4.2E-45|-1.0|1395861593408
ST Rotation Vector|0.145016|-0.20515119|-0.8902583|4.2E-45|-1.0|1395861593427
ST Rotation Vector|0.14417501|-0.2057312|-0.8909834|4.2E-45|-1.0|1395861593447
ST Rotation Vector|0.1436574|-0.20633946|-0.8916053|4.2E-45|-1.0|1395861593467
ST Rotation Vector|0.14387965|-0.20697998|-0.89206344|4.2E-45|-1.0|1395861593488
ST Rotation Vector|0.14457954|-0.2075298|-0.8924658|4.2E-45|-1.0|1395861593508
ST Rotation Vector|0.14515777|-0.20787147|-0.8928192|4.2E-45|-1.0|1395861593532
ST Rotation Vector|0.1454789|-0.20822035|-0.893326|4.2E-45|-1.0|1395861593548
ST Rotation Vector|0.1445625|-0.20856151|-0.89403003|4.2E-45|-1.0|1395861593568
ST Rotation Vector|0.14357224|-0.20884731|-0.8947243|4.2E-45|-1.0|1395861593587
ST Rotation Vector|0.14322257|-0.2092539|-0.8952686|4.2E-45|-1.0|1395861593608
ST Rotation Vector|0.14332822|-0.20964417|-0.8955915|4.2E-45|-1.0|1395861593627
ST Rotation Vector|0.14312232|-0.2101935|-0.8961015|4.2E-45|-1.0|1395861593647
ST Rotation Vector|0.14241873|-0.21081483|-0.8967498|4.2E-45|-1.0|1395861593668
ST Rotation Vector|0.14197491|-0.21146287|-0.8972828|4.2E-45|-1.0|1395861593688
ST Rotation Vector|0.1418618|-0.21186304|-0.89779925|4.2E-45|-1.0|1395861593707
ST Rotation Vector|0.14146917|-0.21210526|-0.8982613|4.2E-45|-1.0|1395861593727
ST Rotation Vector|0.14065635|-0.21256466|-0.8989868|4.2E-45|-1.0|1395861593748
ST Rotation Vector|0.13997185|-0.21317156|-0.8997169|4.2E-45|-1.0|1395861593767
ST Rotation Vector|0.13981235|-0.21378253|-0.90027606|4.2E-45|-1.0|1395861593788
ST Rotation Vector|0.13997088|-0.21456593|-0.9006135|4.2E-45|-1.0|1395861593827
ST Rotation Vector|0.14026725|-0.21523292|-0.9007808|4.2E-45|-1.0|1395861593827
ST Rotation Vector|0.14055197|-0.21615344|-0.9010171|4.2E-45|-1.0|1395861593847
ST Rotation Vector|0.1401551|-0.21719018|-0.90134716|4.2E-45|-1.0|1395861593868
ST Rotation Vector|0.13954945|-0.21804366|-0.90175635|4.2E-45|-1.0|1395861593906
ST Rotation Vector|0.1392018|-0.21855271|-0.90211374|4.2E-45|-1.0|1395861593926
ST Rotation Vector|0.1389609|-0.2188103|-0.9023299|4.2E-45|-1.0|1395861593927
ST Rotation Vector|0.1389763|-0.21909726|-0.90248114|4.2E-45|-1.0|1395861593949
ST Rotation Vector|0.1397226|-0.21970262|-0.9023549|4.2E-45|-1.0|1395861593986
ST Rotation Vector|0.14120422|-0.22048911|-0.90201557|4.2E-45|-1.0|1395861594006
ST Rotation Vector|0.14264297|-0.2210939|-0.90172625|4.2E-45|-1.0|1395861594026
ST Rotation Vector|0.1431959|-0.22125407|-0.9016669|4.2E-45|-1.0|1395861594027
ST Rotation Vector|0.14316405|-0.22138198|-0.9017189|4.2E-45|-1.0|1395861594067
ST Rotation Vector|0.14319424|-0.22166608|-0.90173095|4.2E-45|-1.0|1395861594087
ST Rotation Vector|0.14394043|-0.22204484|-0.901625|4.2E-45|-1.0|1395861594107
ST Rotation Vector|0.14502308|-0.22215648|-0.9015442|4.2E-45|-1.0|1395861594126
ST Rotation Vector|0.14573567|-0.22203225|-0.90152925|4.2E-45|-1.0|1395861594148
ST Rotation Vector|0.1467433|-0.22181499|-0.90155673|4.2E-45|-1.0|1395861594166
ST Rotation Vector|0.14773376|-0.22155765|-0.9016958|4.2E-45|-1.0|1395861594187
ST Rotation Vector|0.14841501|-0.22152981|-0.90194505|4.2E-45|-1.0|1395861594207
ST Rotation Vector|0.14877851|-0.2217871|-0.9022004|4.2E-45|-1.0|1395861594226
ST Rotation Vector|0.14886394|-0.22206265|-0.90239334|4.2E-45|-1.0|1395861594246
ST Rotation Vector|0.1488555|-0.22249383|-0.9025757|4.2E-45|-1.0|1395861594266
ST Rotation Vector|0.14893906|-0.22282594|-0.90263873|4.2E-45|-1.0|1395861594286
ST Rotation Vector|0.14933027|-0.22313024|-0.90260416|4.2E-45|-1.0|1395861594307
ST Rotation Vector|0.15003006|-0.22347952|-0.9025408|4.2E-45|-1.0|1395861594326
ST Rotation Vector|0.15020446|-0.22371003|-0.90259033|4.2E-45|-1.0|1395861594347
ST Rotation Vector|0.14974344|-0.22389473|-0.9028437|4.2E-45|-1.0|1395861594376
ST Rotation Vector|0.14981271|-0.22394556|-0.9029637|4.2E-45|-1.0|1395861594378
ST Rotation Vector|0.14970303|-0.22390105|-0.90309024|4.2E-45|-1.0|1395861594397
ST Rotation Vector|0.14912637|-0.22384773|-0.903359|4.2E-45|-1.0|1395861594418
ST Rotation Vector|0.14875789|-0.22390108|-0.9035634|4.2E-45|-1.0|1395861594437
ST Rotation Vector|0.14862029|-0.22419637|-0.9036501|4.2E-45|-1.0|1395861594458
ST Rotation Vector|0.14895435|-0.22467454|-0.90351146|4.2E-45|-1.0|1395861594477
ST Rotation Vector|0.14898375|-0.22504099|-0.9034284|4.2E-45|-1.0|1395861594517
ST Rotation Vector|0.14838557|-0.22538176|-0.90348285|4.2E-45|-1.0|1395861594537
ST Rotation Vector|0.14772213|-0.22554576|-0.90360576|4.2E-45|-1.0|1395861594539
ST Rotation Vector|0.14691275|-0.22555137|-0.9037793|4.2E-45|-1.0|1395861594577
ST Rotation Vector|0.14615898|-0.22555116|-0.903958|4.2E-45|-1.0|1395861594597
ST Rotation Vector|0.1456602|-0.225699|-0.90411216|4.2E-45|-1.0|1395861594617
ST Rotation Vector|0.145222|-0.22603998|-0.9042649|4.2E-45|-1.0|1395861594647
ST Rotation Vector|0.14481361|-0.22636159|-0.90439594|4.2E-45|-1.0|1395861594648
ST Rotation Vector|0.1441392|-0.22676027|-0.90463245|4.2E-45|-1.0|1395861594667
ST Rotation Vector|0.14349304|-0.22718135|-0.90491295|4.2E-45|-1.0|1395861594687
ST Rotation Vector|0.14323299|-0.2278175|-0.90509677|4.2E-45|-1.0|1395861594707
ST Rotation Vector|0.14307775|-0.22868615|-0.90515286|4.2E-45|-1.0|1395861594727
ST Rotation Vector|0.14304246|-0.22935|-0.9051729|4.2E-45|-1.0|1395861594748
ST Rotation Vector|0.14314467|-0.23005794|-0.90522915|4.2E-45|-1.0|1395861594767
ST Rotation Vector|0.14307204|-0.23058726|-0.90535486|4.2E-45|-1.0|1395861594787
ST Rotation Vector|0.14278616|-0.23092052|-0.9055643|4.2E-45|-1.0|1395861594807
ST Rotation Vector|0.1424289|-0.23096348|-0.9058552|4.2E-45|-1.0|1395861594828
ST Rotation Vector|0.14217044|-0.23093489|-0.9060357|4.2E-45|-1.0|1395861594847
ST Rotation Vector|0.14205047|-0.23107305|-0.9061675|4.2E-45|-1.0|1395861594867
ST Rotation Vector|0.14226937|-0.23120862|-0.906199|4.2E-45|-1.0|1395861594888
ST Rotation Vector|0.14232068|-0.23123378|-0.9062738|4.2E-45|-1.0|1395861594908
ST Rotation Vector|0.1420089|-0.2310719|-0.906443|4.2E-45|-1.0|1395861594928
ST Rotation Vector|0.14191853|-0.23101272|-0.90651697|4.2E-45|-1.0|1395861594950
ST Rotation Vector|0.1422692|-0.2309024|-0.9065044|4.2E-45|-1.0|1395861594968
ST Rotation Vector|0.14268103|-0.23078193|-0.9064318|4.2E-45|-1.0|1395861594988
ST Rotation Vector|0.1430957|-0.23073846|-0.906293|4.2E-45|-1.0|1395861595008
ST Rotation Vector|0.14360616|-0.23073377|-0.9061138|4.2E-45|-1.0|1395861595028
ST Rotation Vector|0.14411423|-0.23081861|-0.9059587|4.2E-45|-1.0|1395861595049
ST Rotation Vector|0.1447569|-0.23091541|-0.9057746|4.2E-45|-1.0|1395861595067
ST Rotation Vector|0.1452117|-0.2307885|-0.90572417|4.2E-45|-1.0|1395861595088
ST Rotation Vector|0.14561339|-0.23061012|-0.90571374|4.2E-45|-1.0|1395861595109
ST Rotation Vector|0.14586726|-0.23055592|-0.9057367|4.2E-45|-1.0|1395861595128
ST Rotation Vector|0.14602806|-0.23057584|-0.90573096|4.2E-45|-1.0|1395861595149
ST Rotation Vector|0.14633344|-0.23062347|-0.90570056|4.2E-45|-1.0|1395861595168
ST Rotation Vector|0.14673354|-0.23055698|-0.9056239|4.2E-45|-1.0|1395861595188
ST Rotation Vector|0.14693677|-0.23015718|-0.9055737|4.2E-45|-1.0|1395861595207
ST Rotation Vector|0.14708984|-0.2296728|-0.905506|4.2E-45|-1.0|1395861595247
ST Rotation Vector|0.14732802|-0.22939701|-0.90544844|4.2E-45|-1.0|1395861595248
ST Rotation Vector|0.14757167|-0.22918633|-0.90535194|4.2E-45|-1.0|1395861595267
ST Rotation Vector|0.14792979|-0.22912769|-0.9052009|4.2E-45|-1.0|1395861595288
ST Rotation Vector|0.14842926|-0.22905363|-0.90504545|4.2E-45|-1.0|1395861595309
ST Rotation Vector|0.14884858|-0.22899434|-0.90495414|4.2E-45|-1.0|1395861595349
ST Rotation Vector|0.14911576|-0.22901952|-0.90491205|4.2E-45|-1.0|1395861595349
ST Rotation Vector|0.14948358|-0.2290679|-0.90484047|4.2E-45|-1.0|1395861595367
ST Rotation Vector|0.14989337|-0.22895913|-0.90477365|4.2E-45|-1.0|1395861595387
ST Rotation Vector|0.15034294|-0.22855932|-0.90473694|4.2E-45|-1.0|1395861595427
ST Rotation Vector|0.15071578|-0.228014|-0.90475756|4.2E-45|-1.0|1395861595446
ST Rotation Vector|0.15094227|-0.22773203|-0.90476745|4.2E-45|-1.0|1395861595448
ST Rotation Vector|0.15131432|-0.22770981|-0.9046994|4.2E-45|-1.0|1395861595469
ST Rotation Vector|0.151609|-0.22787008|-0.9046595|4.2E-45|-1.0|1395861595507
ST Rotation Vector|0.15227406|-0.2284911|-0.90447354|4.2E-45|-1.0|1395861595527
ST Rotation Vector|0.15432611|-0.22836637|-0.90404534|4.2E-45|-1.0|1395861595547
ST Rotation Vector|0.15475257|-0.22803436|-0.9039673|4.2E-45|-1.0|1395861595549
ST Rotation Vector|0.15386692|-0.22718622|-0.9042422|4.2E-45|-1.0|1395861595587
ST Rotation Vector|0.15295498|-0.22640468|-0.9045428|4.2E-45|-1.0|1395861595607
ST Rotation Vector|0.15280953|-0.22598915|-0.9045891|4.2E-45|-1.0|1395861595627
ST Rotation Vector|0.15306352|-0.22567709|-0.90445393|4.2E-45|-1.0|1395861595647
ST Rotation Vector|0.15290193|-0.22537203|-0.9044082|4.2E-45|-1.0|1395861595667
ST Rotation Vector|0.15224828|-0.22495826|-0.9044597|4.2E-45|-1.0|1395861595686
ST Rotation Vector|0.15163217|-0.22451119|-0.90453225|4.2E-45|-1.0|1395861595706
ST Rotation Vector|0.15119636|-0.22411035|-0.9045564|4.2E-45|-1.0|1395861595727
ST Rotation Vector|0.1508092|-0.22389272|-0.90454763|4.2E-45|-1.0|1395861595751
ST Rotation Vector|0.15055627|-0.22384536|-0.9045403|4.2E-45|-1.0|1395861595766
ST Rotation Vector|0.15033028|-0.22393216|-0.9045609|4.2E-45|-1.0|1395861595787
ST Rotation Vector|0.15012425|-0.22413635|-0.9046402|4.2E-45|-1.0|1395861595807
ST Rotation Vector|0.14993203|-0.22430779|-0.90478826|4.2E-45|-1.0|1395861595827
ST Rotation Vector|0.14973219|-0.2245127|-0.9049136|4.2E-45|-1.0|1395861595847
ST Rotation Vector|0.14973192|-0.22470942|-0.90495163|4.2E-45|-1.0|1395861595869
ST Rotation Vector|0.14991733|-0.2249781|-0.90497226|4.2E-45|-1.0|1395861595887
ST Rotation Vector|0.14993058|-0.2251773|-0.90504456|4.2E-45|-1.0|1395861595917
ST Rotation Vector|0.14964916|-0.22539453|-0.9051773|4.2E-45|-1.0|1395861595918
ST Rotation Vector|0.14947456|-0.22560562|-0.9052738|4.2E-45|-1.0|1395861595937
ST Rotation Vector|0.14946933|-0.2257161|-0.90532154|4.2E-45|-1.0|1395861595957
ST Rotation Vector|0.14940102|-0.22591768|-0.90539896|4.2E-45|-1.0|1395861595978
ST Rotation Vector|0.14905913|-0.22623265|-0.90552324|4.2E-45|-1.0|1395861595998
ST Rotation Vector|0.14855929|-0.22659455|-0.905676|4.2E-45|-1.0|1395861596018
ST Rotation Vector|0.1482036|-0.22695997|-0.90577|4.2E-45|-1.0|1395861596040
ST Rotation Vector|0.14832294|-0.22728698|-0.9057024|4.2E-45|-1.0|1395861596058
ST Rotation Vector|0.14873642|-0.22770502|-0.9055721|4.2E-45|-1.0|1395861596078
ST Rotation Vector|0.14917576|-0.22833237|-0.90544975|4.2E-45|-1.0|1395861596098
ST Rotation Vector|0.14965731|-0.22900014|-0.90534|4.2E-45|-1.0|1395861596118
ST Rotation Vector|0.15009008|-0.22940479|-0.9052809|4.2E-45|-1.0|1395861596138
ST Rotation Vector|0.1504666|-0.22966275|-0.9052179|4.2E-45|-1.0|1395861596158
ST Rotation Vector|0.15133852|-0.22997178|-0.9050369|4.2E-45|-1.0|1395861596177
ST Rotation Vector|0.15225841|-0.23007417|-0.90489274|4.2E-45|-1.0|1395861596198
ST Rotation Vector|0.15311037|-0.2301733|-0.90477115|4.2E-45|-1.0|1395861596218
ST Rotation Vector|0.15393867|-0.23051944|-0.90467304|4.2E-45|-1.0|1395861596257
ST Rotation Vector|0.15412769|-0.23091154|-0.90479344|4.2E-45|-1.0|1395861596257
ST Rotation Vector|0.15542608|-0.23153025|-0.9046663|4.2E-45|-1.0|1395861596277
ST Rotation Vector|0.15682355|-0.23194492|-0.904382|4.2E-45|-1.0|1395861596298
ST Rotation Vector|0.15676151|-0.23198108|-0.90442103|4.2E-45|-1.0|1395861596338
ST Rotation Vector|0.15630893|-0.23201586|-0.90454483|4.2E-45|-1.0|1395861596357
ST Rotation Vector|0.15652858|-0.23211661|-0.90451235|4.2E-45|-1.0|1395861596358
ST Rotation Vector|0.15734674|-0.23224603|-0.9043638|4.2E-45|-1.0|1395861596377
ST Rotation Vector|0.15851134|-0.23238006|-0.90414643|4.2E-45|-1.0|1395861596416
ST Rotation Vector|0.15990268|-0.23247945|-0.9038899|4.2E-45|-1.0|1395861596440
ST Rotation Vector|0.16082516|-0.23259145|-0.90379316|4.2E-45|-1.0|1395861596440
ST Rotation Vector|0.16113332|-0.23279661|-0.9038123|4.2E-45|-1.0|1395861596457
ST Rotation Vector|0.16262773|-0.23271637|-0.90363055|4.2E-45|-1.0|1395861596478
ST Rotation Vector|0.16325909|-0.23265558|-0.9034291|4.2E-45|-1.0|1395861596517
ST Rotation Vector|0.16252995|-0.23294954|-0.90358496|4.2E-45|-1.0|1395861596538
ST Rotation Vector|0.1615815|-0.233149|-0.90389067|4.2E-45|-1.0|1395861596556
ST Rotation Vector|0.16109303|-0.23318085|-0.9040202|4.2E-45|-1.0|1395861596558
