ST Linear Acceleration|0.3709768|-1.3781154|-1.2433877|1395861575552
ST Linear Acceleration|0.27725077|-1.0544562|-1.0133711|1395861575554
ST Linear Acceleration|-0.38639393|0.19314328|0.7887215|1395861575559
ST Linear Acceleration|-0.32342243|0.26767838|0.73098224|1395861575563
ST Linear Acceleration|-0.25968155|0.32525718|0.7117636|1395861575566
ST Linear Acceleration|-0.33229786|-0.17307727|0.9264949|1395861575581
ST Linear Acceleration|0.07812333|-1.3172565|0.9393827|1395861575600
ST Linear Acceleration|2.1123517|-2.8697333|3.5374255|1395861575619
ST Linear Acceleration|1.437886|-2.384671|-0.1298381|1395861575639
ST Linear Acceleration|0.07435448|-0.032692894|-0.6746499|1395861575663
ST Linear Acceleration|-0.6692153|1.9828318|-1.1593134|1395861575679
ST Linear Acceleration|-1.1604705|1.4756683|-1.1119566|1395861575699
ST Linear Acceleration|-1.1027081|1.8961842|-0.90031433|1395861575720
ST Linear Acceleration|-0.51709396|1.1563078|-1.318132|1395861575740
ST Linear Acceleration|-0.3581873|-0.5364978|-0.65210134|1395861575759
ST Linear Acceleration|0.5922231|-0.1917983|0.47926342|1395861575780
ST Linear Acceleration|1.0748425|-0.5106841|0.56020415|1395861575799
ST Linear Acceleration|-0.06976141|-0.28412542|-0.395787|1395861575819
ST Linear Acceleration|-1.053951|0.8991438|0.8632402|1395861575840
ST Linear Acceleration|-0.5902749|0.8286528|0.16381234|1395861575862
ST Linear Acceleration|-0.6572974|0.43233484|-0.5165842|1395861575879
ST Linear Acceleration|-1.8054248|1.4345134|0.37258214|1395861575901
ST Linear Acceleration|-2.1392374|0.70221174|0.43812606|1395861575921
ST Linear Acceleration|0.27537456|-0.90418553|-0.6047389|1395861575941
ST Linear Acceleration|0.9109379|-1.4792902|-0.2417209|1395861575961
ST Linear Acceleration|-0.24452612|0.32359493|0.39127523|1395861575981
ST Linear Acceleration|1.8279219|0.09181356|-1.2703404|1395861576000
ST Linear Acceleration|1.890769|0.079442106|0.065023035|1395861576020
ST Linear Acceleration|-1.3187897|0.35263345|1.1015218|1395861576041
ST Linear Acceleration|-0.5900557|-0.27467802|0.6571312|1395861576064
ST Linear Acceleration|1.604666|-1.0428293|-0.17828429|1395861576077
ST Linear Acceleration|1.5690863|0.45867723|-0.49067056|1395861576098
ST Linear Acceleration|0.55282956|0.12304284|-0.557559|1395861576118
ST Linear Acceleration|-0.78772366|-1.6138982|-0.27022|1395861576138
ST Linear Acceleration|0.53282005|0.03772194|-0.13347213|1395861576160
ST Linear Acceleration|0.6576675|0.14313246|-0.040652275|1395861576178
ST Linear Acceleration|0.059387825|0.23429154|-0.16989763|1395861576198
ST Linear Acceleration|0.53991574|1.6222335|-0.3674869|1395861576219
ST Linear Acceleration|0.70303094|1.0722815|0.2513005|1395861576241
ST Linear Acceleration|1.3223908|0.23268549|0.37545165|1395861576259
ST Linear Acceleration|0.7633241|-0.30961314|0.31033424|1395861576279
ST Linear Acceleration|-0.4193993|-0.9460225|-0.9006414|1395861576299
ST Linear Acceleration|-0.36998233|-1.695414|-0.36443332|1395861576319
ST Linear Acceleration|-0.3401235|-0.9717771|3.1118858|1395861576340
ST Linear Acceleration|-0.3990173|0.62342733|-1.1439599|1395861576358
ST Linear Acceleration|-0.60331076|0.298006|0.51026684|1395861576380
ST Linear Acceleration|-1.1752207|-0.9348011|-1.5226195|1395861576401
ST Linear Acceleration|-1.1796728|-0.46914092|-1.7144955|1395861576421
ST Linear Acceleration|-1.1093948|-0.061416592|-1.6081263|1395861576442
ST Linear Acceleration|-0.70479363|0.4333522|-1.884172|1395861576460
ST Linear Acceleration|0.5865796|0.6679903|3.0711122|1395861576481
ST Linear Acceleration|0.53045875|1.76161|2.316707|1395861576501
ST Linear Acceleration|1.472295|1.062526|0.47296333|1395861576552
ST Linear Acceleration|1.0314049|0.7612935|0.11243311|1395861576553
ST Linear Acceleration|3.9017947|-1.3296859|-2.8397002|1395861576560
ST Linear Acceleration|0.7893764|0.0444458|-2.5546916|1395861576582
ST Linear Acceleration|-2.6336677|2.4899201|-1.1352686|1395861576618
ST Linear Acceleration|-1.6556447|2.2350261|-1.0656903|1395861576638
ST Linear Acceleration|-1.14877|1.6753312|-0.5208435|1395861576639
ST Linear Acceleration|0.21363413|0.44783115|0.4493398|1395861576660
ST Linear Acceleration|1.7203324|-0.034618016|0.12668869|1395861576699
ST Linear Acceleration|2.1771026|0.48775372|-2.138323|1395861576718
ST Linear Acceleration|0.72306836|0.8164736|-1.6257015|1395861576738
ST Linear Acceleration|0.61543083|0.27511752|-1.1805606|1395861576739
ST Linear Acceleration|0.2090924|-0.08531243|0.27652064|1395861576763
ST Linear Acceleration|2.074774|1.9220498|5.505356|1395861576802
ST Linear Acceleration|1.5941005|0.71247756|4.2006083|1395861576824
ST Linear Acceleration|1.2041259|-0.13899375|3.3067818|1395861576825
ST Linear Acceleration|-1.4393166|-1.8362138|3.9084682|1395861576847
ST Linear Acceleration|-3.4202852|-2.5218203|4.8454275|1395861576861
ST Linear Acceleration|-0.7918346|-3.1977618|3.8844924|1395861576898
ST Linear Acceleration|-1.2181516|-3.3618848|1.7760476|1395861576919
ST Linear Acceleration|-1.4177942|-2.869833|0.443966|1395861576939
ST Linear Acceleration|-0.46934888|-1.1695932|-1.8505309|1395861576959
ST Linear Acceleration|-1.3533348|-0.27655828|-3.6018314|1395861576979
ST Linear Acceleration|-2.5703874|-0.5679963|-4.613376|1395861576999
ST Linear Acceleration|-2.1589622|-0.0776099|-4.3575726|1395861577019
ST Linear Acceleration|-1.4578996|1.7254533|-3.1591635|1395861577038
ST Linear Acceleration|-1.9441917|0.98577523|-2.6096375|1395861577058
ST Linear Acceleration|-1.7494282|1.7275485|-1.0971973|1395861577077
ST Linear Acceleration|-2.062203|1.5062504|-0.8428142|1395861577097
ST Linear Acceleration|-2.0614817|0.07065476|-1.5749909|1395861577118
ST Linear Acceleration|-1.6078502|-0.13222119|-1.8959383|1395861577142
ST Linear Acceleration|-0.591279|0.23745076|-2.0189822|1395861577163
ST Linear Acceleration|0.72227854|0.556777|-1.2135298|1395861577179
ST Linear Acceleration|5.1713166|1.3323499|-0.69648105|1395861577198
ST Linear Acceleration|6.4942884|1.2365164|-0.4252888|1395861577220
ST Linear Acceleration|5.43035|0.04475772|-0.6904883|1395861577240
ST Linear Acceleration|3.425375|-0.69978464|-1.2743074|1395861577268
ST Linear Acceleration|1.4778739|0.87166697|2.3553607|1395861577289
ST Linear Acceleration|0.16917057|0.50272685|2.118781|1395861577290
ST Linear Acceleration|0.05321239|0.619324|2.4227517|1395861577310
ST Linear Acceleration|-1.925769|-2.7985868|0.8923469|1395861577349
ST Linear Acceleration|-1.399991|-2.4524906|0.5002306|1395861577350
ST Linear Acceleration|-1.7237229|-2.865158|-0.84984446|1395861577388
ST Linear Acceleration|-1.1052158|-0.76524746|0.4419075|1395861577408
ST Linear Acceleration|-0.51794344|1.0930626|1.1935376|1395861577428
ST Linear Acceleration|0.9725708|1.7317551|2.183584|1395861577448
ST Linear Acceleration|1.2974454|2.4332418|0.3854674|1395861577468
ST Linear Acceleration|0.37245864|0.86173743|-1.3227967|1395861577488
ST Linear Acceleration|1.715986|0.68384475|-0.87157404|1395861577510
ST Linear Acceleration|1.9061415|-0.55612993|-1.6416222|1395861577529
ST Linear Acceleration|1.7394618|-0.79058677|-2.040724|1395861577550
ST Linear Acceleration|-0.27419558|-2.2524877|-0.7856824|1395861577567
ST Linear Acceleration|-0.7064894|-1.1367887|-0.75460917|1395861577588
ST Linear Acceleration|-3.2489102|-1.5783485|1.4916234|1395861577611
ST Linear Acceleration|-3.870467|-2.1817179|2.0752144|1395861577628
ST Linear Acceleration|0.7725896|2.9143145|0.19963661|1395861577647
ST Linear Acceleration|1.5913944|2.1037922|0.5924562|1395861577667
ST Linear Acceleration|0.89280474|2.706815|1.7722167|1395861577688
ST Linear Acceleration|0.7771877|0.9132481|-0.859809|1395861577708
ST Linear Acceleration|1.4431287|0.40967628|-1.2270272|1395861577727
ST Linear Acceleration|0.3690246|-1.6419246|-1.4899251|1395861577750
ST Linear Acceleration|0.030857788|-0.97161543|1.2952794|1395861577767
ST Linear Acceleration|0.4325196|0.3274908|0.6935041|1395861577788
ST Linear Acceleration|-0.8265521|1.8362815|0.18751363|1395861577807
ST Linear Acceleration|-0.82879037|3.409778|0.5153763|1395861577827
ST Linear Acceleration|0.23946328|0.2173351|-0.8331505|1395861577848
ST Linear Acceleration|-0.8515991|-2.3428755|-1.5372038|1395861577867
ST Linear Acceleration|-0.7974387|-3.7192256|-0.28131893|1395861577888
ST Linear Acceleration|-1.0427983|-4.4150147|6.0296373|1395861577908
ST Linear Acceleration|-4.2955966|0.63578314|-1.249944|1395861577928
ST Linear Acceleration|-1.8453503|3.7164083|-3.008898|1395861577949
ST Linear Acceleration|1.4285945|2.9784453|-2.1649866|1395861577967
ST Linear Acceleration|1.6214626|1.5427313|-2.7311385|1395861577988
ST Linear Acceleration|2.0798054|-0.026846798|0.6056246|1395861578007
ST Linear Acceleration|1.9790266|-1.2527626|2.6848388|1395861578029
ST Linear Acceleration|1.0512711|-0.96075255|1.5274074|1395861578047
ST Linear Acceleration|0.22587314|-0.30638048|-0.081861034|1395861578067
ST Linear Acceleration|-0.8946684|-0.59414697|0.13078944|1395861578087
ST Linear Acceleration|-0.43360952|-0.28751254|0.2166781|1395861578107
ST Linear Acceleration|-0.22674416|-0.048247643|0.039403573|1395861578127
ST Linear Acceleration|-0.23802024|-0.038189337|-0.5261852|1395861578148
ST Linear Acceleration|0.25787616|0.40719706|-0.9339498|1395861578167
ST Linear Acceleration|0.07404289|0.41494226|-0.6378868|1395861578187
ST Linear Acceleration|0.074909255|0.46636504|0.53509843|1395861578207
ST Linear Acceleration|-0.6890715|0.78321713|1.0186235|1395861578227
ST Linear Acceleration|-0.5096|-0.7807985|1.0866503|1395861578247
ST Linear Acceleration|-0.29196218|-0.31532815|-0.7355207|1395861578267
ST Linear Acceleration|-0.08847363|-0.454938|-1.2313406|1395861578287
ST Linear Acceleration|-0.2105149|-0.20473617|-1.0262333|1395861578307
ST Linear Acceleration|0.05948528|0.28432915|-0.60975397|1395861578327
ST Linear Acceleration|0.18102194|0.2335367|-0.21263133|1395861578348
ST Linear Acceleration|0.13551855|0.31321943|0.50536186|1395861578367
ST Linear Acceleration|0.6658926|0.09315515|1.0929363|1395861578387
ST Linear Acceleration|1.5546061|-5.8651347|-0.3924358|1395861578408
ST Linear Acceleration|-0.48335817|1.0811609|0.20392409|1395861578427
ST Linear Acceleration|-0.9257686|3.9097364|-0.68950737|1395861578448
ST Linear Acceleration|0.32820013|1.5212796|-0.7523476|1395861578466
ST Linear Acceleration|0.6752127|1.2972786|0.23283571|1395861578488
ST Linear Acceleration|-0.17550366|-0.68620735|0.90963036|1395861578507
ST Linear Acceleration|0.6067435|-3.7976353|0.24963592|1395861578528
ST Linear Acceleration|-0.83935356|-0.36201158|0.1055471|1395861578549
ST Linear Acceleration|-0.7470998|-1.4147209|-0.28921792|1395861578567
ST Linear Acceleration|-0.11686909|0.88177085|-0.19324163|1395861578587
ST Linear Acceleration|0.101107016|1.3944014|-0.14118287|1395861578608
ST Linear Acceleration|-0.5353084|0.8204662|0.2055585|1395861578627
ST Linear Acceleration|-0.24994276|0.5870439|0.01832656|1395861578647
ST Linear Acceleration|-0.033142682|0.36433828|-0.27715|1395861578667
ST Linear Acceleration|-0.013964812|0.20333736|0.052247554|1395861578688
ST Linear Acceleration|0.32649875|1.5263824|-0.042144503|1395861578707
ST Linear Acceleration|-0.052398004|-2.337988|0.027761068|1395861578748
ST Linear Acceleration|0.16269583|-0.16473404|0.09985207|1395861578768
ST Linear Acceleration|0.25912455|0.06994918|-0.13530783|1395861578787
ST Linear Acceleration|-0.09138072|0.32995668|-0.5140734|1395861578808
ST Linear Acceleration|-0.7412926|2.200279|-0.38051847|1395861578827
ST Linear Acceleration|-1.1651587|0.4397468|0.017009003|1395861578867
ST Linear Acceleration|-0.9104897|0.10298253|0.09009839|1395861578868
ST Linear Acceleration|-0.13858348|-0.7541832|0.31250352|1395861578888
ST Linear Acceleration|0.43301374|-1.1063913|0.09256072|1395861578908
ST Linear Acceleration|0.5268296|-0.72968227|0.115435876|1395861578947
ST Linear Acceleration|0.24309696|-0.36647353|-0.35996416|1395861578967
ST Linear Acceleration|0.080426395|-0.17260793|-0.2860319|1395861578967
ST Linear Acceleration|0.08746515|-0.5414491|-0.51007056|1395861578988
ST Linear Acceleration|0.7861814|-0.15646237|-0.08563494|1395861579026
ST Linear Acceleration|-0.01213873|0.16875681|0.96077543|1395861579046
ST Linear Acceleration|-0.26675016|-0.29285854|1.0523007|1395861579066
ST Linear Acceleration|-0.2593335|-0.21359168|0.84950686|1395861579067
ST Linear Acceleration|-0.26189488|-0.17841062|0.49425024|1395861579087
ST Linear Acceleration|-0.24387668|0.2637532|-0.5007485|1395861579126
ST Linear Acceleration|-0.11438794|0.21541837|-0.63343704|1395861579147
ST Linear Acceleration|-0.09963275|0.1913245|-0.48012793|1395861579167
ST Linear Acceleration|-0.09598114|0.11399935|-0.3056952|1395861579168
ST Linear Acceleration|-0.18241163|-0.01883772|0.1172251|1395861579207
ST Linear Acceleration|-0.18142924|-0.060656637|0.29113376|1395861579226
ST Linear Acceleration|-0.1520518|-0.052361425|0.26581135|1395861579246
ST Linear Acceleration|-0.12569751|-0.041549377|0.18060233|1395861579266
ST Linear Acceleration|-0.09798416|-0.033764713|0.14759724|1395861579286
ST Linear Acceleration|-0.04384899|-0.020138863|0.12009461|1395861579311
ST Linear Acceleration|0.020206438|-0.0016044636|0.089231156|1395861579327
ST Linear Acceleration|0.01004689|-0.0040185973|0.08172052|1395861579347
ST Linear Acceleration|-0.057679772|-0.028969118|0.14869577|1395861579367
ST Linear Acceleration|-0.10932545|-0.044403654|0.152407|1395861579386
ST Linear Acceleration|-0.22419363|-0.07822125|0.14604633|1395861579406
ST Linear Acceleration|-0.262959|-0.08374259|0.070372|1395861579427
ST Linear Acceleration|-0.24096414|-0.058911897|-0.14276904|1395861579449
ST Linear Acceleration|-0.04837872|0.006482832|-0.24090049|1395861579470
ST Linear Acceleration|0.08188783|0.044579137|-0.24649665|1395861579489
ST Linear Acceleration|0.36911732|0.121880345|-0.22568923|1395861579510
ST Linear Acceleration|0.8503151|0.22586003|-0.20229311|1395861579531
ST Linear Acceleration|0.7727776|0.19044578|-0.11210399|1395861579552
ST Linear Acceleration|0.5511547|0.1302244|-0.06357972|1395861579570
ST Linear Acceleration|0.35784623|0.08285581|-0.041458495|1395861579594
ST Linear Acceleration|0.027236711|0.0084872125|-0.019539928|1395861579610
ST Linear Acceleration|-0.1769567|-0.037220784|2.8506402E-4|1395861579627
ST Linear Acceleration|-0.21365568|-0.045228623|0.006073402|1395861579648
ST Linear Acceleration|-0.17628592|-0.039918598|0.04790639|1395861579668
ST Linear Acceleration|-0.14513631|-0.032259993|0.012005477|1395861579688
ST Linear Acceleration|-0.047598932|-0.008099619|-0.094499074|1395861579707
ST Linear Acceleration|0.051873248|0.01253709|-0.10321316|1395861579728
ST Linear Acceleration|0.10544494|0.02193149|-0.06804277|1395861579748
ST Linear Acceleration|0.20836386|0.04039859|-0.065474145|1395861579767
ST Linear Acceleration|0.30974993|0.05657413|-0.07548439|1395861579788
ST Linear Acceleration|0.28349143|0.048122656|-0.008241174|1395861579808
ST Linear Acceleration|0.13809623|0.024147477|-0.017875666|1395861579827
ST Linear Acceleration|0.07415362|0.015164489|-0.10539029|1395861579848
ST Linear Acceleration|-0.067089155|-0.01019682|-0.026660264|1395861579870
ST Linear Acceleration|-0.26282632|-0.05055815|0.13546193|1395861579888
ST Linear Acceleration|-0.5340299|-0.11468716|0.23461084|1395861579907
ST Linear Acceleration|-1.0000597|-0.26428849|0.45131743|1395861579927
ST Linear Acceleration|-0.9546418|-0.26475334|0.32242352|1395861579948
ST Linear Acceleration|-0.82535046|-0.23151979|0.018263781|1395861579968
ST Linear Acceleration|-0.49844286|-0.12341532|-0.32597727|1395861579987
ST Linear Acceleration|0.28021866|0.10695299|-0.38838515|1395861580007
ST Linear Acceleration|0.46262738|0.14772567|-0.17829657|1395861580026
ST Linear Acceleration|0.4888925|0.14023925|0.068321206|1395861580047
ST Linear Acceleration|0.47703734|0.12303503|0.18157692|1395861580067
ST Linear Acceleration|0.5750548|-1.508627|0.4121064|1395861580088
ST Linear Acceleration|0.22073126|-1.4541872|0.2574658|1395861580108
ST Linear Acceleration|0.09942761|-1.272217|-0.024720093|1395861580128
ST Linear Acceleration|0.45810264|-1.5957391|-0.09305984|1395861580156
ST Linear Acceleration|1.1153532|-2.172538|0.009494832|1395861580179
ST Linear Acceleration|0.96890956|-1.5821155|-0.14421728|1395861580180
ST Linear Acceleration|0.9543819|-1.3375965|-0.15047438|1395861580200
ST Linear Acceleration|0.7291351|-0.23349224|-0.21320514|1395861580221
ST Linear Acceleration|0.5737629|0.7980352|-0.27461386|1395861580242
ST Linear Acceleration|0.031057987|1.7886326|0.4437469|1395861580280
ST Linear Acceleration|-0.013930034|1.4742683|0.26581156|1395861580281
ST Linear Acceleration|-1.1661576|4.2147274|1.285613|1395861580301
ST Linear Acceleration|-2.9867966|8.292723|-1.7724745|1395861580340
ST Linear Acceleration|-2.1008036|1.5334686|-2.0178356|1395861580363
ST Linear Acceleration|-1.0304445|-3.537163|-0.017635865|1395861580379
ST Linear Acceleration|-1.0553424|0.6035326|3.4999793|1395861580399
ST Linear Acceleration|-0.37710658|4.3449736|3.4488578|1395861580419
ST Linear Acceleration|-0.52230686|4.8920064|2.629165|1395861580439
ST Linear Acceleration|-1.1221764|0.5559534|0.67267466|1395861580462
ST Linear Acceleration|-0.6950389|0.15868425|0.014638767|1395861580479
ST Linear Acceleration|0.07447788|-0.94377726|-0.54511607|1395861580499
ST Linear Acceleration|0.6799737|-1.7037481|-0.65287995|1395861580519
ST Linear Acceleration|1.0425041|-2.3329203|-1.3661516|1395861580540
ST Linear Acceleration|1.0480201|-2.0080676|-1.4026845|1395861580559
ST Linear Acceleration|0.8911644|-2.4490268|-1.5097859|1395861580579
ST Linear Acceleration|1.2362206|-4.5712214|-1.8340486|1395861580600
ST Linear Acceleration|0.49386606|-3.3952167|-1.3167636|1395861580620
ST Linear Acceleration|0.06774214|-2.2760777|-0.6395475|1395861580640
ST Linear Acceleration|0.5800483|-3.7526739|-0.5776397|1395861580663
ST Linear Acceleration|0.57910585|-3.4374342|-0.29493695|1395861580678
ST Linear Acceleration|0.6343705|-3.2431722|-0.21438104|1395861580699
ST Linear Acceleration|0.77781636|-3.5542321|-0.18552952|1395861580717
ST Linear Acceleration|0.5728163|-2.999401|-0.057362862|1395861580738
ST Linear Acceleration|0.33058473|-2.2821472|0.06417827|1395861580759
ST Linear Acceleration|0.33256423|-2.1495068|-0.036596917|1395861580781
ST Linear Acceleration|0.31122518|-1.7937031|-0.21005869|1395861580799
ST Linear Acceleration|0.2572369|-1.2118583|-0.42670062|1395861580819
ST Linear Acceleration|0.33200413|-0.7992291|-0.4954578|1395861580842
ST Linear Acceleration|0.8418055|-0.044683777|-0.41536272|1395861580863
ST Linear Acceleration|0.79485774|0.6026035|-0.3482769|1395861580880
ST Linear Acceleration|0.5831031|1.2752701|-0.0060571083|1395861580901
ST Linear Acceleration|0.21416649|1.9212084|0.7257593|1395861580921
ST Linear Acceleration|-0.8340594|4.5420036|2.9700596|1395861580943
ST Linear Acceleration|-1.473772|6.6925583|3.1000323|1395861580959
ST Linear Acceleration|-1.5679371|11.528552|1.2721866|1395861580979
ST Linear Acceleration|-1.8335314|9.970899|-0.9255385|1395861580999
ST Linear Acceleration|-1.7937065|5.5412675E-4|-1.8918282|1395861581019
ST Linear Acceleration|-2.0323417|-0.4520669|0.9076216|1395861581040
ST Linear Acceleration|-2.0531359|1.6680315|2.1308355|1395861581061
ST Linear Acceleration|-1.7419119|3.5307512|2.0619943|1395861581082
ST Linear Acceleration|-0.49499887|1.808305|1.015284|1395861581100
ST Linear Acceleration|-0.17793986|1.4033049|1.1281569|1395861581121
ST Linear Acceleration|0.34330082|0.3871651|0.9704335|1395861581142
ST Linear Acceleration|1.175148|-0.31319734|0.85174984|1395861581159
ST Linear Acceleration|1.5687203|-0.93998367|-0.90245503|1395861581182
ST Linear Acceleration|1.1215559|-0.66812956|-2.0790017|1395861581201
ST Linear Acceleration|0.9000521|-0.87431735|-2.8243864|1395861581222
ST Linear Acceleration|0.77406776|-1.4598575|-2.4696848|1395861581240
ST Linear Acceleration|1.2609292|-3.32404|-1.6454574|1395861581262
ST Linear Acceleration|1.3229477|-3.7514486|-0.7804052|1395861581282
ST Linear Acceleration|1.4261769|-4.291516|-0.54324937|1395861581301
ST Linear Acceleration|1.2160447|-4.28596|-0.34484148|1395861581321
ST Linear Acceleration|0.74486625|-5.350559|-0.47355735|1395861581342
ST Linear Acceleration|0.3175066|-4.6967363|-0.2749932|1395861581361
ST Linear Acceleration|0.10360709|-4.053525|-0.12077713|1395861581381
ST Linear Acceleration|0.09616686|-3.7807107|0.015970599|1395861581401
ST Linear Acceleration|0.019728929|-3.6584985|0.15360366|1395861581419
ST Linear Acceleration|-0.0510859|-2.4920394|0.17153628|1395861581442
ST Linear Acceleration|-0.124083474|-1.4964439|0.016420389|1395861581461
ST Linear Acceleration|-0.17492723|-0.71877897|-0.1425773|1395861581479
ST Linear Acceleration|-0.053515024|-0.07812135|-0.1389806|1395861581504
ST Linear Acceleration|0.29154855|0.5092472|-0.09200755|1395861581520
ST Linear Acceleration|0.4894519|0.83034843|-0.1030499|1395861581541
ST Linear Acceleration|0.46438995|1.0922529|-0.14561734|1395861581562
ST Linear Acceleration|-0.077832304|2.4348161|0.72631025|1395861581582
ST Linear Acceleration|-0.9183685|3.7013948|1.4640988|1395861581598
ST Linear Acceleration|-1.7419063|5.3372784|2.390338|1395861581621
ST Linear Acceleration|-2.6139054|9.232042|2.98347|1395861581641
ST Linear Acceleration|-2.227893|9.860756|-2.6380641|1395861581661
ST Linear Acceleration|-0.76071644|-2.0599093|-2.500617|1395861581678
ST Linear Acceleration|0.048332363|-2.6979945|0.4889877|1395861581699
ST Linear Acceleration|0.14196941|1.3231086|2.5019522|1395861581718
ST Linear Acceleration|0.44316038|6.134964|1.522539|1395861581739
ST Linear Acceleration|-0.500152|3.6398962|0.13544884|1395861581758
ST Linear Acceleration|-1.4125907|1.3480034|0.42436802|1395861581779
ST Linear Acceleration|-1.5654488|-0.34525663|1.478246|1395861581798
ST Linear Acceleration|-0.0545489|-0.3249813|1.4175521|1395861581819
ST Linear Acceleration|0.38790423|0.18958968|0.086361945|1395861581838
ST Linear Acceleration|0.74852|0.061437927|-1.1860329|1395861581859
ST Linear Acceleration|0.67711425|-0.6561206|-1.5656787|1395861581878
ST Linear Acceleration|1.0194722|-2.105821|-1.2757114|1395861581898
ST Linear Acceleration|0.86294764|-2.448364|-0.5070204|1395861581919
ST Linear Acceleration|0.68240964|-2.5801983|-0.20682694|1395861581938
ST Linear Acceleration|0.9536295|-3.824866|-0.8819779|1395861581959
ST Linear Acceleration|1.2021896|-4.350184|-2.1148841|1395861581997
ST Linear Acceleration|0.8691319|-3.2884622|-1.5235261|1395861581998
ST Linear Acceleration|0.70084363|-2.9122264|-1.1672385|1395861582018
ST Linear Acceleration|0.50016797|-2.5946543|-0.5196005|1395861582038
ST Linear Acceleration|0.55275255|-4.224859|-0.13405192|1395861582077
ST Linear Acceleration|0.450325|-3.5152748|0.122834064|1395861582097
ST Linear Acceleration|0.30457917|-2.6377444|0.21380073|1395861582097
ST Linear Acceleration|0.24041167|-2.0145285|0.14726561|1395861582117
ST Linear Acceleration|0.1785143|-0.93384624|-0.43326312|1395861582160
ST Linear Acceleration|0.06209946|-0.25927112|-0.3674093|1395861582161
ST Linear Acceleration|0.14262305|0.27238077|-0.25735667|1395861582200
ST Linear Acceleration|0.123937786|0.30707332|-0.2701783|1395861582200
ST Linear Acceleration|0.028606355|0.5861428|-0.017568683|1395861582220
ST Linear Acceleration|-0.08650573|1.0503701|0.5823272|1395861582260
ST Linear Acceleration|-0.23709625|1.7310523|0.9555973|1395861582280
ST Linear Acceleration|-0.9748839|5.4481244|2.4791765|1395861582301
ST Linear Acceleration|-0.91829604|5.3463516|2.136169|1395861582302
ST Linear Acceleration|-1.8395401|12.612806|1.3869128|1395861582340
ST Linear Acceleration|-1.2780161|9.369014|0.54262966|1395861582342
ST Linear Acceleration|-0.91035956|6.19759|-1.9204347|1395861582363
ST Linear Acceleration|-0.99490654|-1.5788404|2.2435951|1395861582405
ST Linear Acceleration|-0.69432026|-2.1565275|1.9130963|1395861582405
ST Linear Acceleration|-0.5096128|-0.27728316|2.0995922|1395861582423
ST Linear Acceleration|-1.6448494|1.6294483|1.8390001|1395861582463
ST Linear Acceleration|-1.3128406|2.5283546|1.8167353|1395861582480
ST Linear Acceleration|-0.32891938|1.4560183|1.0008246|1395861582500
ST Linear Acceleration|0.5487588|0.26387247|0.18203211|1395861582523
ST Linear Acceleration|0.57275593|-0.15293139|0.09254268|1395861582524
ST Linear Acceleration|0.73756933|-0.81719905|-1.4635432|1395861582544
ST Linear Acceleration|0.46698478|-1.9087528|-1.8005688|1395861582580
ST Linear Acceleration|0.22565629|-2.0325212|-1.268224|1395861582600
ST Linear Acceleration|0.5029872|-3.1387067|-1.5053875|1395861582621
ST Linear Acceleration|1.4615504|-4.6261587|-2.0381901|1395861582642
ST Linear Acceleration|1.3894794|-3.18038|-1.5968494|1395861582660
ST Linear Acceleration|1.2092003|-1.9551024|-1.2572929|1395861582682
ST Linear Acceleration|1.5108402|-3.7920742|-1.7523885|1395861582700
ST Linear Acceleration|1.2228972|-3.842039|-1.3724223|1395861582720
ST Linear Acceleration|0.8350004|-3.5854292|-0.8483459|1395861582741
ST Linear Acceleration|0.68034506|-3.6043816|-0.42438307|1395861582759
ST Linear Acceleration|0.72223556|-3.7505322|-0.06401684|1395861582783
ST Linear Acceleration|0.53057826|-2.6359992|0.14885508|1395861582802
ST Linear Acceleration|0.4368509|-2.0659914|0.12200507|1395861582820
ST Linear Acceleration|0.21393077|-1.2210861|0.03790537|1395861582841
ST Linear Acceleration|0.18679114|-0.40154493|-0.37519628|1395861582861
ST Linear Acceleration|0.14508857|0.071406946|-0.36727455|1395861582887
ST Linear Acceleration|0.07213132|0.31085342|-0.20373964|1395861582900
ST Linear Acceleration|0.06772315|0.6014052|-0.057049338|1395861582920
ST Linear Acceleration|0.056741294|1.7879|0.5406212|1395861582941
ST Linear Acceleration|-0.43443114|2.3502438|1.1652143|1395861582963
ST Linear Acceleration|-1.1872002|3.1467748|1.8871094|1395861582979
ST Linear Acceleration|-2.1448295|4.4510274|2.1476495|1395861582999
ST Linear Acceleration|-2.4131603|13.893274|0.47240213|1395861583022
ST Linear Acceleration|-1.2608714|6.2382894|-1.4356724|1395861583041
ST Linear Acceleration|-0.6286224|-2.1151872|0.1053941|1395861583060
ST Linear Acceleration|-0.74015164|-0.19168986|3.449166|1395861583080
ST Linear Acceleration|-0.9378784|2.36176|2.403788|1395861583100
ST Linear Acceleration|-2.1107974|2.4474983|1.4409853|1395861583121
ST Linear Acceleration|-2.5848153|3.545399|0.93128484|1395861583141
ST Linear Acceleration|-1.6559765|2.7210984|0.7098887|1395861583161
ST Linear Acceleration|0.6924752|-0.038258128|1.013575|1395861583179
ST Linear Acceleration|1.5453637|-1.0218284|0.3830141|1395861583200
ST Linear Acceleration|1.9275583|-1.3422909|-0.44710225|1395861583219
ST Linear Acceleration|1.3808392|-1.4937615|-1.1778181|1395861583239
ST Linear Acceleration|0.4624632|-1.9709009|-1.595876|1395861583259
ST Linear Acceleration|0.12372473|-1.773717|-1.3326302|1395861583279
ST Linear Acceleration|0.34265888|-1.7361739|-1.0098257|1395861583299
ST Linear Acceleration|0.74062127|-1.9930598|-1.0178277|1395861583321
ST Linear Acceleration|1.6360848|-2.9800627|-1.441514|1395861583340
ST Linear Acceleration|1.3414311|-2.0534065|-0.97433275|1395861583361
ST Linear Acceleration|1.3027276|-3.4886937|-1.1799628|1395861583381
ST Linear Acceleration|0.89368975|-3.4109635|-0.92010653|1395861583408
ST Linear Acceleration|0.74340826|-4.520488|-0.92972386|1395861583419
ST Linear Acceleration|0.37661433|-4.017443|-0.32383186|1395861583440
ST Linear Acceleration|0.17910263|-3.318897|-0.019907063|1395861583462
ST Linear Acceleration|0.13047391|-2.42272|0.15148732|1395861583482
ST Linear Acceleration|0.20994945|-1.7454169|-0.05933774|1395861583502
ST Linear Acceleration|0.25508434|-1.180262|-0.18478067|1395861583522
ST Linear Acceleration|0.36182827|-0.49019584|-0.3105378|1395861583540
ST Linear Acceleration|0.51033276|0.16861644|-0.37970936|1395861583560
ST Linear Acceleration|0.69668144|0.9730776|-0.2693557|1395861583579
ST Linear Acceleration|0.5568372|1.169322|-0.21180736|1395861583599
ST Linear Acceleration|0.34335285|1.4143063|-0.019157559|1395861583618
ST Linear Acceleration|-0.063209616|1.8081361|0.28858736|1395861583642
ST Linear Acceleration|-1.5664876|3.8658888|1.3431218|1395861583660
ST Linear Acceleration|-1.9994868|5.2321773|2.0012162|1395861583680
ST Linear Acceleration|-1.7485657|7.813703|1.6635247|1395861583704
ST Linear Acceleration|-0.8832944|9.382974|0.7052126|1395861583720
ST Linear Acceleration|-0.84173626|-0.13303484|0.65236485|1395861583741
ST Linear Acceleration|-0.783807|-0.49120268|0.8511466|1395861583761
ST Linear Acceleration|-1.0368704|0.2407295|1.3351154|1395861583779
ST Linear Acceleration|-1.4892236|1.2755969|1.1871166|1395861583799
ST Linear Acceleration|-2.1452296|3.538948|0.50048214|1395861583818
ST Linear Acceleration|-1.673315|2.922523|0.9935677|1395861583838
ST Linear Acceleration|-0.9388071|1.1363094|1.1133237|1395861583859
ST Linear Acceleration|0.2722583|-0.39312956|0.83693045|1395861583879
ST Linear Acceleration|1.5823975|-1.2359675|-1.5380353|1395861583918
ST Linear Acceleration|1.3429116|-1.0636322|-1.3482085|1395861583918
ST Linear Acceleration|1.0005057|-0.97622174|-1.51308|1395861583939
ST Linear Acceleration|0.7859398|-1.0104221|-1.173633|1395861583958
ST Linear Acceleration|0.86397743|-2.2414|-1.0483276|1395861583979
ST Linear Acceleration|1.3442893|-4.5564904|-1.4545238|1395861584018
ST Linear Acceleration|1.0042943|-3.682912|-0.9311334|1395861584018
ST Linear Acceleration|0.5537621|-2.5703754|-0.3301756|1395861584039
ST Linear Acceleration|0.6479158|-3.6355083|-0.9313386|1395861584059
ST Linear Acceleration|0.67671305|-4.1164584|-1.3460312|1395861584098
ST Linear Acceleration|0.59215087|-3.6324813|-1.0740415|1395861584119
ST Linear Acceleration|0.40345243|-2.755862|-0.6857681|1395861584126
ST Linear Acceleration|0.7722061|-3.0265524|-0.45123717|1395861584139
ST Linear Acceleration|0.89859444|-2.683875|-0.25834113|1395861584177
ST Linear Acceleration|0.71471506|-2.0849094|-0.21017523|1395861584199
ST Linear Acceleration|0.7091712|-1.8622628|-0.3833242|1395861584217
ST Linear Acceleration|0.48033935|-1.2499206|-0.31729046|1395861584218
ST Linear Acceleration|0.65780985|-0.16624154|0.017827187|1395861584259
ST Linear Acceleration|0.47942603|0.10453414|-0.0749886|1395861584262
ST Linear Acceleration|-0.0148708215|3.2337446|1.2849795|1395861584297
ST Linear Acceleration|-1.0328552|4.649953|1.9665833|1395861584317
ST Linear Acceleration|-2.1774168|6.7743325|3.1353028|1395861584338
ST Linear Acceleration|-3.2937996|9.8206835|2.5666056|1395861584359
ST Linear Acceleration|-2.8473828|8.316588|-1.2245597|1395861584379
ST Linear Acceleration|-1.0678244|-0.31941232|-0.26910383|1395861584399
ST Linear Acceleration|-1.4316319|0.7259388|1.7523109|1395861584422
ST Linear Acceleration|-0.88649577|-0.1748197|1.2748069|1395861584422
ST Linear Acceleration|-0.6512429|1.7757494|1.1600955|1395861584460
ST Linear Acceleration|-1.214319|2.334807|1.2452341|1395861584480
ST Linear Acceleration|-1.6979071|3.4720745|1.2028542|1395861584498
ST Linear Acceleration|-1.403433|2.9187284|1.0512103|1395861584518
ST Linear Acceleration|0.5455755|0.7912585|0.7711355|1395861584541
ST Linear Acceleration|1.3193668|-0.27610126|0.0524699|1395861584560
ST Linear Acceleration|1.4793153|-0.9890783|-0.9091712|1395861584579
ST Linear Acceleration|1.281725|-1.2656623|-1.3816923|1395861584599
ST Linear Acceleration|0.6869243|-1.3823422|-1.6458068|1395861584619
ST Linear Acceleration|0.30033672|-1.5452684|-1.6312536|1395861584641
ST Linear Acceleration|0.45451635|-1.7378602|-1.5768019|1395861584659
ST Linear Acceleration|0.92314935|-2.2649956|-1.5299029|1395861584679
ST Linear Acceleration|1.6990997|-3.6566415|-1.8940256|1395861584700
ST Linear Acceleration|1.3514693|-2.676432|-1.1206123|1395861584722
ST Linear Acceleration|1.5392244|-4.368701|-1.2022729|1395861584741
ST Linear Acceleration|1.2150005|-4.3361154|-0.7247686|1395861584763
ST Linear Acceleration|1.0603561|-5.3289294|-0.35689357|1395861584783
ST Linear Acceleration|0.7589137|-4.84836|0.001576894|1395861584800
ST Linear Acceleration|0.59970015|-4.250287|0.14960743|1395861584822
ST Linear Acceleration|0.5274356|-3.7032092|0.10164339|1395861584845
ST Linear Acceleration|0.48980844|-3.3167403|-0.10002076|1395861584861
ST Linear Acceleration|0.23726416|-2.1653175|-0.23442309|1395861584881
ST Linear Acceleration|0.021243425|-1.1226053|-0.43908468|1395861584901
ST Linear Acceleration|0.054525957|-0.18516368|-0.6253372|1395861584921
ST Linear Acceleration|0.14849809|1.1372627|-0.28299993|1395861584939
ST Linear Acceleration|-0.013811668|1.8017584|-0.022362638|1395861584961
ST Linear Acceleration|-0.23404257|2.3736827|0.3500237|1395861584980
ST Linear Acceleration|-0.8404947|2.985317|0.6997604|1395861584999
ST Linear Acceleration|-2.5660539|5.935481|2.7928357|1395861585018
ST Linear Acceleration|-3.102381|8.415282|2.7145274|1395861585039
ST Linear Acceleration|-2.4312198|12.840931|0.3999781|1395861585061
ST Linear Acceleration|-0.45501414|-0.6164033|-1.4172641|1395861585084
ST Linear Acceleration|0.20365489|-2.4778147|0.3495765|1395861585101
ST Linear Acceleration|0.18994726|0.88921595|2.6497579|1395861585121
ST Linear Acceleration|0.5229238|3.4678595|3.4920113|1395861585140
ST Linear Acceleration|-0.6999991|4.675076|1.300389|1395861585159
ST Linear Acceleration|-1.6193129|4.6524467|-0.32646307|1395861585181
ST Linear Acceleration|-0.031652153|-1.0973996|0.7281959|1395861585239
ST Linear Acceleration|1.2479001|-1.876085|-0.5442402|1395861585259
ST Linear Acceleration|1.1299351|-1.793091|-1.1827441|1395861585280
ST Linear Acceleration|0.5725151|-1.4895009|-1.5057018|1395861585299
ST Linear Acceleration|0.4307494|-1.8723937|-1.4752887|1395861585320
ST Linear Acceleration|0.7993109|-2.7613487|-1.0181646|1395861585340
ST Linear Acceleration|1.1136359|-3.3241258|-0.47388718|1395861585364
ST Linear Acceleration|1.4713669|-3.9714456|-0.59386706|1395861585382
ST Linear Acceleration|1.0812559|-2.6933665|-0.32538706|1395861585402
ST Linear Acceleration|1.2115021|-3.9377575|-1.2696669|1395861585421
ST Linear Acceleration|0.9587233|-3.787658|-1.2432772|1395861585439
ST Linear Acceleration|0.6427625|-3.3935127|-0.911214|1395861585460
ST Linear Acceleration|0.81811666|-3.9794736|-0.68982095|1395861585480
ST Linear Acceleration|0.70316947|-3.425|-0.27135086|1395861585503
ST Linear Acceleration|0.65557784|-2.7632923|8.098551E-4|1395861585522
ST Linear Acceleration|0.59621644|-2.3895636|0.027516076|1395861585541
ST Linear Acceleration|0.5046419|-1.920449|-0.23027839|1395861585561
ST Linear Acceleration|0.3374258|-1.1754309|-0.2625893|1395861585578
ST Linear Acceleration|0.22588031|-0.6131401|-0.2982187|1395861585599
ST Linear Acceleration|0.14881168|-0.03617606|-0.27103317|1395861585618
ST Linear Acceleration|0.13094927|0.9902479|0.10987887|1395861585640
ST Linear Acceleration|-0.03650953|1.5863211|0.3131002|1395861585662
ST Linear Acceleration|-0.4831981|2.2491632|0.38159037|1395861585682
ST Linear Acceleration|-0.9270782|3.3253345|0.8947246|1395861585702
ST Linear Acceleration|-1.541944|4.476582|1.8608854|1395861585721
ST Linear Acceleration|-3.8884416|13.66508|1.3758316|1395861585740
ST Linear Acceleration|-2.8137834|10.251656|-1.7695997|1395861585763
ST Linear Acceleration|-0.32117674|-1.0222522|-1.5384431|1395861585781
ST Linear Acceleration|0.81966|-3.2325704|0.9100986|1395861585799
ST Linear Acceleration|0.2639369|-0.144744|3.767756|1395861585819
ST Linear Acceleration|-1.0142026|1.6710055|2.5588288|1395861585839
ST Linear Acceleration|-1.6880106|3.656717|0.45814475|1395861585862
ST Linear Acceleration|-1.9782892|3.1387973|-0.63727146|1395861585879
ST Linear Acceleration|-1.0894202|0.9572078|0.19946751|1395861585898
ST Linear Acceleration|1.0544775|0.004208558|0.56516516|1395861585938
ST Linear Acceleration|1.0492852|-0.2390373|0.6410384|1395861585938
ST Linear Acceleration|1.4889859|-0.4562404|-0.1737278|1395861585958
ST Linear Acceleration|1.0029627|-1.1161592|-1.3271027|1395861585978
ST Linear Acceleration|0.039016105|-1.0830109|-1.423315|1395861586017
ST Linear Acceleration|-0.06033318|-1.4773346|-1.0710461|1395861586037
ST Linear Acceleration|-0.1268202|-1.1755805|-0.54900885|1395861586038
ST Linear Acceleration|0.6549504|-2.9243934|-0.7774051|1395861586059
ST Linear Acceleration|1.0350071|-3.2310798|-0.62433296|1395861586078
ST Linear Acceleration|1.2407912|-2.8806784|-0.7732969|1395861586117
ST Linear Acceleration|1.8678498|-4.5374537|-1.3621058|1395861586137
ST Linear Acceleration|1.3443578|-3.3853676|-0.8394484|1395861586138
ST Linear Acceleration|1.0670501|-3.064135|-0.589714|1395861586159
ST Linear Acceleration|1.125493|-3.9401317|-0.56893384|1395861586197
ST Linear Acceleration|1.2171055|-4.42696|-0.63511723|1395861586217
ST Linear Acceleration|0.87845474|-3.428564|-0.35298738|1395861586237
ST Linear Acceleration|0.7545463|-2.9841158|-0.35707274|1395861586261
ST Linear Acceleration|0.43004534|-1.8669542|-0.16470045|1395861586262
ST Linear Acceleration|0.27714756|-1.3609084|-0.33435178|1395861586282
ST Linear Acceleration|0.04103519|-0.59124684|-0.15807606|1395861586302
ST Linear Acceleration|-0.04566636|0.3484674|0.09250044|1395861586339
ST Linear Acceleration|-0.012258593|0.42905894|-0.016070552|1395861586339
ST Linear Acceleration|-0.025704643|1.2119471|0.12805311|1395861586364
ST Linear Acceleration|-0.503729|2.5746038|0.7475908|1395861586400
ST Linear Acceleration|-1.0723976|3.3763647|1.0016053|1395861586418
ST Linear Acceleration|-2.7103498|8.440598|3.2598546|1395861586440
ST Linear Acceleration|-2.146478|6.9064045|2.4401705|1395861586441
ST Linear Acceleration|-1.8059328|11.103333|1.0784127|1395861586464
ST Linear Acceleration|-1.0980843|1.0816984|-0.79710025|1395861586503
ST Linear Acceleration|-1.4159577|-0.03261223|2.2893736|1395861586523
ST Linear Acceleration|-1.9807442|0.43098962|2.1044273|1395861586540
ST Linear Acceleration|-2.3858535|1.274498|1.0372014|1395861586563
ST Linear Acceleration|-1.7228636|1.3453082|0.8545488|1395861586565
ST Linear Acceleration|-1.7618346|2.2154858|1.9041265|1395861586602
ST Linear Acceleration|-0.44436845|1.3326112|1.6163974|1395861586622
ST Linear Acceleration|0.95118695|0.7492443|0.79703826|1395861586640
ST Linear Acceleration|1.828113|0.21571665|-0.5503984|1395861586661
ST Linear Acceleration|1.7800007|-0.35357496|-2.3035834|1395861586682
ST Linear Acceleration|1.4182378|-0.9930051|-2.273037|1395861586701
ST Linear Acceleration|0.86041987|-1.6645815|-1.4179461|1395861586721
ST Linear Acceleration|0.32244128|-2.0718863|-0.4007165|1395861586740
ST Linear Acceleration|0.34893605|-3.6319807|-0.13340762|1395861586762
ST Linear Acceleration|0.4672593|-3.685938|-0.28291327|1395861586785
ST Linear Acceleration|0.93968964|-4.16254|-1.1622913|1395861586798
ST Linear Acceleration|0.791539|-2.684348|-1.257459|1395861586819
ST Linear Acceleration|1.5845649|-3.3252566|-2.1291769|1395861586840
ST Linear Acceleration|1.6200233|-3.3256073|-1.8306552|1395861586858
ST Linear Acceleration|1.318096|-3.3437295|-1.1037161|1395861586880
ST Linear Acceleration|0.90802217|-3.3257291|-0.34353945|1395861586900
ST Linear Acceleration|0.6345881|-3.409229|0.14828941|1395861586918
ST Linear Acceleration|0.586176|-4.177836|0.4292204|1395861586939
ST Linear Acceleration|0.54023296|-3.732208|0.38447616|1395861586962
ST Linear Acceleration|0.39492083|-2.8940117|0.27537164|1395861586981
ST Linear Acceleration|0.16615327|-2.0912|0.033921998|1395861586998
ST Linear Acceleration|0.011800328|-0.79779524|-0.21590295|1395861587018
ST Linear Acceleration|0.05772592|0.18523148|-0.24731852|1395861587040
ST Linear Acceleration|0.08592676|0.87658644|-0.09598989|1395861587058
ST Linear Acceleration|-0.009570669|1.5775691|-0.032791533|1395861587078
ST Linear Acceleration|-0.36158788|3.3610969|0.56448567|1395861587099
ST Linear Acceleration|-0.72584105|3.9046786|1.0042192|1395861587118
ST Linear Acceleration|-2.1269207|5.448061|2.0890245|1395861587138
ST Linear Acceleration|-3.2306707|13.39615|0.3946829|1395861587158
ST Linear Acceleration|-1.809059|10.378519|-1.9231299|1395861587177
ST Linear Acceleration|-0.6364815|-0.08389716|-1.2305202|1395861587197
ST Linear Acceleration|0.30341634|-2.6902833|0.5446417|1395861587218
ST Linear Acceleration|0.33886012|-1.4048495|2.204409|1395861587237
ST Linear Acceleration|-1.2770029|2.2960346|2.3233156|1395861587257
ST Linear Acceleration|-2.0073526|3.405995|1.5115622|1395861587277
ST Linear Acceleration|-2.2028444|3.5592225|0.62056774|1395861587297
ST Linear Acceleration|-1.4812162|1.8624457|0.32877573|1395861587317
ST Linear Acceleration|0.8912495|1.3182296|0.84598744|1395861587337
ST Linear Acceleration|1.82252|0.5800117|-0.0619035|1395861587357
ST Linear Acceleration|1.8510195|-0.2976584|-0.6726934|1395861587377
ST Linear Acceleration|1.1038721|-0.7754794|-0.5719335|1395861587398
ST Linear Acceleration|-0.023528613|-0.9610931|-0.40327716|1395861587417
ST Linear Acceleration|-0.42472953|-1.36224|-0.47097135|1395861587437
ST Linear Acceleration|-0.3144434|-2.0981991|-0.6432082|1395861587458
ST Linear Acceleration|0.39281684|-3.2361324|-1.0041773|1395861587477
ST Linear Acceleration|1.2272637|-4.3020544|-1.3325641|1395861587497
ST Linear Acceleration|1.0414506|-2.9799564|-0.7277905|1395861587518
ST Linear Acceleration|0.78367656|-1.7816519|-0.23819855|1395861587537
ST Linear Acceleration|1.2342852|-2.6398437|-0.8722872|1395861587557
ST Linear Acceleration|0.9324354|-2.4912593|-0.63608295|1395861587577
ST Linear Acceleration|0.74817514|-2.6299312|-0.42640114|1395861587597
ST Linear Acceleration|0.6490252|-2.7420168|-0.2386882|1395861587617
ST Linear Acceleration|0.73879755|-3.3435993|-0.3187059|1395861587637
ST Linear Acceleration|0.63817066|-3.1954153|-0.25613588|1395861587658
ST Linear Acceleration|0.5091817|-2.5255625|-0.119955294|1395861587677
ST Linear Acceleration|0.31195146|-1.6981454|0.027032822|1395861587697
ST Linear Acceleration|0.3409148|-1.3561317|0.10800006|1395861587717
ST Linear Acceleration|0.272213|-0.691189|0.11921354|1395861587737
ST Linear Acceleration|0.2114391|-0.18790333|0.1208312|1395861587757
ST Linear Acceleration|0.23268531|0.3100304|-0.04360314|1395861587777
ST Linear Acceleration|0.17972645|1.2643589|0.13365561|1395861587797
ST Linear Acceleration|-0.1278516|1.8421652|0.33569518|1395861587817
ST Linear Acceleration|-1.9089366|4.6611195|2.0289197|1395861587858
ST Linear Acceleration|-1.4962252|3.7965877|1.4043853|1395861587858
ST Linear Acceleration|-2.9069104|9.310559|1.5510952|1395861587878
ST Linear Acceleration|-2.1559415|10.962671|-1.4069803|1395861587898
ST Linear Acceleration|-0.4824864|-0.42175272|-0.13269904|1395861587936
ST Linear Acceleration|-0.4424596|3.3925736|2.771064|1395861587957
ST Linear Acceleration|-0.17675899|1.7881086|2.4443617|1395861587958
ST Linear Acceleration|-0.619094|0.84646195|1.7262316|1395861587977
ST Linear Acceleration|-1.2677343|0.15643325|0.83075994|1395861587997
ST Linear Acceleration|-1.426117|2.2609336|2.4692101|1395861588038
ST Linear Acceleration|-0.025804888|0.9024071|1.0534327|1395861588057
ST Linear Acceleration|0.16148031|0.8134113|0.8662562|1395861588057
ST Linear Acceleration|0.74228376|0.33143735|0.12500907|1395861588078
ST Linear Acceleration|0.93023473|-0.7783108|-2.083466|1395861588117
ST Linear Acceleration|0.5483745|-1.2830086|-1.7615759|1395861588137
ST Linear Acceleration|0.06756284|-1.6608757|-1.1115876|1395861588157
ST Linear Acceleration|-0.033627693|-1.3345693|-0.5908933|1395861588158
ST Linear Acceleration|0.5911448|-3.9005258|-0.8213647|1395861588196
ST Linear Acceleration|1.33826|-5.008102|-1.2265556|1395861588217
ST Linear Acceleration|1.1010116|-3.597285|-0.9654262|1395861588236
ST Linear Acceleration|0.87232655|-2.232347|-0.81051505|1395861588257
ST Linear Acceleration|1.6237451|-3.8292685|-1.8112608|1395861588277
ST Linear Acceleration|1.3517874|-3.3514028|-1.4000589|1395861588297
ST Linear Acceleration|1.1803683|-3.2548077|-0.9492654|1395861588319
ST Linear Acceleration|1.0434444|-3.3855999|-0.55022466|1395861588337
ST Linear Acceleration|0.9818986|-4.089076|-0.13970527|1395861588359
ST Linear Acceleration|0.5773063|-2.9423378|0.21696284|1395861588360
ST Linear Acceleration|0.7030802|-3.01994|0.3226796|1395861588400
ST Linear Acceleration|0.6069741|-2.193623|0.3337031|1395861588418
ST Linear Acceleration|0.64131874|-1.5799154|0.10487185|1395861588437
ST Linear Acceleration|0.52968353|-0.72662675|-0.046954937|1395861588457
ST Linear Acceleration|0.41120327|-0.18578853|-0.11723361|1395861588477
ST Linear Acceleration|0.15455753|1.0269617|0.09051424|1395861588501
ST Linear Acceleration|-0.014141338|1.6866736|0.33755773|1395861588517
ST Linear Acceleration|-0.3819684|2.5126107|0.8231087|1395861588537
ST Linear Acceleration|-1.0151073|3.4413152|1.230051|1395861588560
ST Linear Acceleration|-1.8935398|4.5793376|1.8275597|1395861588579
ST Linear Acceleration|-3.8050578|11.46554|1.9930058|1395861588600
ST Linear Acceleration|-4.660178|13.042595|-1.2495013|1395861588621
ST Linear Acceleration|-2.598844|4.2338696|-2.5232563|1395861588638
ST Linear Acceleration|0.69485253|-1.5646427|-0.75490665|1395861588662
ST Linear Acceleration|1.7320349|1.9760865|1.518625|1395861588680
ST Linear Acceleration|0.939067|1.7102526|2.115337|1395861588700
ST Linear Acceleration|-0.3998159|0.61453825|2.2214391|1395861588719
ST Linear Acceleration|-1.9513391|0.74705756|1.639235|1395861588739
ST Linear Acceleration|-2.5674286|1.6513925|1.7768878|1395861588760
ST Linear Acceleration|-1.4671748|0.4252736|1.2449|1395861588778
ST Linear Acceleration|0.046048343|0.172697|0.12643121|1395861588798
ST Linear Acceleration|0.9531311|0.48304656|-0.83941436|1395861588819
ST Linear Acceleration|1.9169139|-0.8206582|-2.1674776|1395861588839
ST Linear Acceleration|1.4547313|-1.4428502|-1.4946724|1395861588866
ST Linear Acceleration|0.990296|-1.1877373|-0.9865336|1395861588867
ST Linear Acceleration|0.56570864|-1.282987|-0.10747122|1395861588891
ST Linear Acceleration|0.27079475|-1.2968869|0.33450815|1395861588909
ST Linear Acceleration|0.20234753|-2.3194127|-4.7441258E-4|1395861588929
ST Linear Acceleration|0.7401429|-3.5496619|-1.2322559|1395861588973
ST Linear Acceleration|0.54709506|-2.7887332|-0.8757276|1395861588974
ST Linear Acceleration|0.3377924|-1.7329527|-0.63098|1395861588989
ST Linear Acceleration|0.13300979|-0.8259067|-0.23208588|1395861589011
ST Linear Acceleration|0.6912157|-2.7817168|-0.41927552|1395861589051
ST Linear Acceleration|0.4513359|-2.0981486|-0.041561335|1395861589053
ST Linear Acceleration|0.40084758|-2.2794037|0.11400851|1395861589067
ST Linear Acceleration|0.27351028|-2.5818143|0.18538667|1395861589091
ST Linear Acceleration|0.34440783|-2.1793509|0.0023980741|1395861589127
ST Linear Acceleration|0.27377552|-1.5206677|0.015784794|1395861589148
ST Linear Acceleration|-0.093580276|-0.5640081|-0.14973234|1395861589172
ST Linear Acceleration|-0.10995354|-0.21331309|-0.09028613|1395861589174
ST Linear Acceleration|-0.22421266|1.5392181|-0.15987952|1395861589193
ST Linear Acceleration|-0.92881554|4.9885793|-0.09572109|1395861589229
ST Linear Acceleration|-0.19930428|3.8960664|-0.6397173|1395861589254
ST Linear Acceleration|-0.03729038|2.5831916|-0.37513235|1395861589260
ST Linear Acceleration|-0.23691724|3.9095666|-0.63873535|1395861589286
ST Linear Acceleration|0.0039605377|2.0008285|-0.50007105|1395861589310
ST Linear Acceleration|0.55652285|-1.099386|-0.057063073|1395861589330
ST Linear Acceleration|0.2932425|-1.1711954|0.4771439|1395861589349
ST Linear Acceleration|-0.13212708|-1.3625721|1.8185686|1395861589369
ST Linear Acceleration|-0.19599356|-1.0940677|1.5897177|1395861589393
ST Linear Acceleration|-0.1965414|-0.56634736|1.175721|1395861589394
ST Linear Acceleration|-0.49370348|-0.1011856|0.03256335|1395861589431
ST Linear Acceleration|-0.41020286|-0.076093204|-0.22307466|1395861589449
ST Linear Acceleration|0.017212782|0.056645606|-0.8506023|1395861589482
ST Linear Acceleration|0.05491923|0.05084177|-0.6363444|1395861589483
ST Linear Acceleration|0.09636589|0.03746222|-0.5365841|1395861589501
ST Linear Acceleration|0.1736876|0.043901164|-0.2489033|1395861589521
ST Linear Acceleration|0.1918653|0.04627763|0.08538696|1395861589540
ST Linear Acceleration|0.18389165|0.038041707|0.326636|1395861589561
ST Linear Acceleration|0.012349523|-0.004760639|0.41226703|1395861589578
ST Linear Acceleration|-0.36348152|-0.1060543|0.26147112|1395861589600
ST Linear Acceleration|0.25566095|0.063136004|-0.033701815|1395861589621
ST Linear Acceleration|-0.08922175|-0.028269835|0.28814426|1395861589641
ST Linear Acceleration|-0.18287016|-0.051322136|0.15847474|1395861589663
ST Linear Acceleration|-0.2213431|-0.057462193|-0.15107138|1395861589679
ST Linear Acceleration|-0.10510146|-0.025254916|-0.26887146|1395861589702
ST Linear Acceleration|-0.341896|-0.10071748|0.037858807|1395861589722
ST Linear Acceleration|-0.27647096|-0.085276105|0.0324756|1395861589742
ST Linear Acceleration|-0.035769198|-0.008288025|0.0029430313|1395861589763
ST Linear Acceleration|-0.04570933|-0.012800066|0.076895736|1395861589781
ST Linear Acceleration|-0.13418987|-0.04521718|0.12925614|1395861589802
ST Linear Acceleration|0.050442997|0.011755964|0.17050701|1395861589822
ST Linear Acceleration|0.033450976|0.011459611|0.048852075|1395861589843
ST Linear Acceleration|-0.0974333|0.8107938|0.23821175|1395861589863
ST Linear Acceleration|-0.76402813|-0.40385696|-0.8478356|1395861589879
ST Linear Acceleration|0.08777676|-0.30288914|-0.6031575|1395861589904
ST Linear Acceleration|0.27801934|0.04604568|0.07039522|1395861589923
ST Linear Acceleration|0.09163526|-0.045475863|0.66976243|1395861589943
ST Linear Acceleration|0.27664384|0.09657237|-9.805721E-4|1395861589980
ST Linear Acceleration|0.15886575|0.09576327|-0.028193062|1395861589981
ST Linear Acceleration|0.112254456|0.060559653|-0.14899485|1395861590000
ST Linear Acceleration|0.08382219|0.031603575|0.0056832517|1395861590019
ST Linear Acceleration|0.17371356|0.053706132|0.076899335|1395861590069
ST Linear Acceleration|0.10070618|0.028150685|0.11286614|1395861590070
ST Linear Acceleration|-0.0024427352|-0.002626412|0.0699973|1395861590089
ST Linear Acceleration|-0.071807764|-0.024516163|0.046538446|1395861590108
ST Linear Acceleration|-0.19748905|-0.06210545|-0.040707238|1395861590128
ST Linear Acceleration|-0.24045417|-0.07448472|-0.15332773|1395861590149
ST Linear Acceleration|-0.14873946|-0.04598326|-0.08963998|1395861590168
ST Linear Acceleration|-0.10112465|-0.031791624|-0.03698601|1395861590188
ST Linear Acceleration|0.050691675|0.009806024|0.19163938|1395861590207
ST Linear Acceleration|0.1294496|0.03514727|0.1958368|1395861590227
ST Linear Acceleration|0.06729607|0.022521392|0.036931645|1395861590248
ST Linear Acceleration|0.12918818|0.043833088|-0.011846596|1395861590268
ST Linear Acceleration|0.010841292|0.0015718045|0.057346813|1395861590288
ST Linear Acceleration|-0.19116901|-0.055679575|-0.18400712|1395861590308
ST Linear Acceleration|-0.26074067|-0.0796279|-0.27973145|1395861590328
ST Linear Acceleration|-0.020429466|0.003937715|-0.25633982|1395861590349
ST Linear Acceleration|-0.2833889|-0.37977356|-0.17123474|1395861590367
ST Linear Acceleration|0.24774033|-0.080393136|0.18659557|1395861590388
ST Linear Acceleration|0.6203193|0.19988063|0.6943204|1395861590408
ST Linear Acceleration|-0.046447396|0.03254249|0.3174987|1395861590427
ST Linear Acceleration|-0.31621644|1.1935133|-0.12703201|1395861590447
ST Linear Acceleration|0.017350875|0.47733042|-0.24790283|1395861590467
ST Linear Acceleration|-0.15345734|0.21991311|-0.58518887|1395861590489
ST Linear Acceleration|0.44375548|0.3815335|-0.22471704|1395861590509
ST Linear Acceleration|0.4913796|0.21612076|0.027852213|1395861590529
ST Linear Acceleration|0.5066536|-0.006415347|0.05479882|1395861590553
ST Linear Acceleration|0.12119316|-0.8558441|0.3572893|1395861590569
ST Linear Acceleration|-0.4502926|-1.8548559|0.20108737|1395861590589
ST Linear Acceleration|-0.8369719|0.10248006|0.045365967|1395861590609
ST Linear Acceleration|-1.921045|-0.4223977|0.49970785|1395861590629
ST Linear Acceleration|-1.5058341|0.34374744|0.90252167|1395861590649
ST Linear Acceleration|-0.24909554|1.420511|-0.78416365|1395861590669
ST Linear Acceleration|0.15139395|1.9090079|0.4482838|1395861590687
ST Linear Acceleration|0.35765186|0.13231486|-0.8200459|1395861590708
ST Linear Acceleration|0.17504005|-1.9042407|-0.3170066|1395861590728
ST Linear Acceleration|0.018052703|-0.77080476|-0.23909073|1395861590748
ST Linear Acceleration|0.5664079|1.5548538|1.1080406|1395861590787
ST Linear Acceleration|0.26891574|1.6433845|1.0232086|1395861590788
ST Linear Acceleration|-0.4411767|1.1407646|0.49670106|1395861590807
ST Linear Acceleration|-0.9103652|1.412162|0.7008134|1395861590827
ST Linear Acceleration|-0.57638633|0.82311904|-1.3881649|1395861590848
ST Linear Acceleration|0.3941966|-0.959422|-3.2968743|1395861590888
ST Linear Acceleration|0.33976665|-0.7052115|-2.817285|1395861590889
ST Linear Acceleration|0.68717164|0.37927976|0.15926702|1395861590909
ST Linear Acceleration|-1.7099435|0.5862682|1.6449103|1395861590929
ST Linear Acceleration|-1.8106376|0.6467568|1.5452557|1395861590950
ST Linear Acceleration|-1.6154588|-0.53291595|0.6840174|1395861590973
ST Linear Acceleration|-1.8806975|-1.8910106|0.23831075|1395861590989
ST Linear Acceleration|-0.7059271|-0.34905002|1.0060072|1395861591008
ST Linear Acceleration|0.45137775|-0.7354206|1.5502117|1395861591049
ST Linear Acceleration|0.6345026|-0.46847692|1.2823018|1395861591051
ST Linear Acceleration|1.5502491|-0.2503071|1.3046812|1395861591093
ST Linear Acceleration|1.4168744|-0.3912123|0.96074504|1395861591093
ST Linear Acceleration|1.0997177|0.72276676|1.4099488|1395861591138
ST Linear Acceleration|1.0221785|-0.8364258|0.5777758|1395861591157
ST Linear Acceleration|0.9558887|-0.77977884|0.08837094|1395861591158
ST Linear Acceleration|0.7572778|-0.79488087|0.07747399|1395861591177
ST Linear Acceleration|0.7531345|0.4439064|0.49616644|1395861591197
ST Linear Acceleration|0.6364019|-0.7111669|-0.22182868|1395861591217
ST Linear Acceleration|0.38610327|-0.1677317|0.3848463|1395861591238
ST Linear Acceleration|0.5054241|0.286488|0.15361586|1395861591257
ST Linear Acceleration|0.8823879|0.3070963|-0.16124679|1395861591277
ST Linear Acceleration|1.519964|-0.24363394|-0.15436669|1395861591298
ST Linear Acceleration|1.5495924|-0.15057704|-0.21179771|1395861591317
ST Linear Acceleration|1.8690418|0.53096056|-0.35931057|1395861591337
ST Linear Acceleration|1.0534333|1.2560861|0.6669211|1395861591367
ST Linear Acceleration|0.53694004|0.7750423|1.3193177|1395861591387
ST Linear Acceleration|0.896782|0.7314237|1.4108754|1395861591406
ST Linear Acceleration|2.1616218|1.1976166|-0.24634324|1395861591428
ST Linear Acceleration|2.3577547|0.18026596|-0.59789836|1395861591447
ST Linear Acceleration|2.406028|-0.14553602|-1.0541692|1395861591467
ST Linear Acceleration|2.2421908|-0.421371|-1.7875153|1395861591490
ST Linear Acceleration|1.7420652|-0.25644058|-1.687899|1395861591492
ST Linear Acceleration|0.81103873|0.27674305|-2.4390903|1395861591527
ST Linear Acceleration|0.22411796|0.274152|-2.526994|1395861591548
ST Linear Acceleration|-0.5420336|-0.33997458|-2.3864675|1395861591567
ST Linear Acceleration|-1.2713228|0.4407621|-2.5321944|1395861591587
ST Linear Acceleration|-1.6911902|0.50407636|-2.5195198|1395861591607
ST Linear Acceleration|-2.5577252|-0.267666|-1.0290432|1395861591627
ST Linear Acceleration|-2.680332|-0.4512433|-0.2639584|1395861591647
ST Linear Acceleration|-0.9712892|-0.24896584|-0.3321426|1395861591667
ST Linear Acceleration|-0.4967302|-0.6010721|0.24051264|1395861591687
ST Linear Acceleration|-0.83942634|0.6953126|1.4251406|1395861591706
ST Linear Acceleration|-1.2154934|-0.3448802|0.6022528|1395861591727
ST Linear Acceleration|-1.4987699|-0.14338279|0.23340894|1395861591748
ST Linear Acceleration|-1.5963844|0.6534648|0.67772394|1395861591767
ST Linear Acceleration|-1.2681851|-0.1276948|0.20041649|1395861591787
ST Linear Acceleration|-1.0342377|0.5771391|4.6026845|1395861591807
ST Linear Acceleration|-0.7677236|0.22249943|0.12158801|1395861591827
ST Linear Acceleration|-0.6055164|0.961606|-1.4640868|1395861591847
ST Linear Acceleration|-0.8551038|0.0028486676|-0.0966203|1395861591867
ST Linear Acceleration|-0.62946403|0.13186245|-0.5269797|1395861591887
ST Linear Acceleration|2.6893141|-1.5613977|-0.32610193|1395861591908
ST Linear Acceleration|0.19699185|-1.8887736|0.07807824|1395861591926
ST Linear Acceleration|-1.004116|-2.6188083|0.89957964|1395861591947
ST Linear Acceleration|-0.11150252|-0.056515414|1.8943659|1395861591967
ST Linear Acceleration|-0.48312175|-0.9370822|1.0909829|1395861591987
ST Linear Acceleration|-0.44593248|-0.09657405|0.98520124|1395861592007
ST Linear Acceleration|0.085486986|0.23153472|1.1431584|1395861592027
ST Linear Acceleration|0.24106823|0.2279577|0.76840985|1395861592048
ST Linear Acceleration|0.42867717|0.0034947833|0.28416592|1395861592068
ST Linear Acceleration|0.54628724|-0.32628503|0.08548231|1395861592087
ST Linear Acceleration|0.4024393|-0.2760426|0.05691994|1395861592112
ST Linear Acceleration|-0.02112601|-0.007273608|-0.29686838|1395861592127
ST Linear Acceleration|-0.06120938|0.0029808425|-0.09456366|1395861592148
ST Linear Acceleration|-0.08018588|0.08488485|-0.26784664|1395861592166
ST Linear Acceleration|-0.06063947|0.08137889|-0.22860542|1395861592187
ST Linear Acceleration|0.20369215|-0.03143252|-0.48502174|1395861592212
ST Linear Acceleration|0.27092767|-0.19430429|-0.4402003|1395861592226
ST Linear Acceleration|0.12296938|-0.20972112|-0.076478004|1395861592247
ST Linear Acceleration|-0.07862682|-0.03155147|0.23529136|1395861592267
ST Linear Acceleration|-0.2052195|-0.07183044|0.23933592|1395861592287
ST Linear Acceleration|-0.2944114|-0.123101704|0.11156408|1395861592307
ST Linear Acceleration|-0.44299424|-0.013598902|0.036068473|1395861592327
ST Linear Acceleration|-0.44060546|-0.048835125|-0.16093151|1395861592348
ST Linear Acceleration|-0.19547333|-0.1211738|0.13626601|1395861592366
ST Linear Acceleration|-0.119742304|-0.057636272|0.13763157|1395861592388
ST Linear Acceleration|0.033488646|-0.14483817|0.16974275|1395861592407
ST Linear Acceleration|0.20783743|-0.061920304|0.13033429|1395861592428
ST Linear Acceleration|0.36049527|0.023921413|-0.20139022|1395861592447
ST Linear Acceleration|0.2425942|-0.002498758|-0.18477549|1395861592467
ST Linear Acceleration|0.0032755146|0.2084107|-0.009264015|1395861592488
ST Linear Acceleration|-0.20720498|0.17658633|-0.23466589|1395861592507
ST Linear Acceleration|-0.34139812|0.21567923|-0.117553525|1395861592527
ST Linear Acceleration|-0.32395834|0.13755846|0.025197132|1395861592549
ST Linear Acceleration|-0.28778148|0.07387765|-0.013838848|1395861592567
ST Linear Acceleration|-0.25249872|0.11862258|-0.05224358|1395861592588
ST Linear Acceleration|-0.296883|0.2609009|-0.13257045|1395861592606
ST Linear Acceleration|-0.23450316|0.25616145|-0.15708928|1395861592627
ST Linear Acceleration|-0.15490992|0.23009515|-0.14989713|1395861592647
ST Linear Acceleration|-0.13057438|0.2301518|-0.1462962|1395861592667
ST Linear Acceleration|-0.1466889|0.11183475|-0.08435665|1395861592691
ST Linear Acceleration|-0.19853956|0.05399627|-0.062470723|1395861592707
ST Linear Acceleration|-0.16950093|-0.027393399|-0.014071342|1395861592728
ST Linear Acceleration|-0.04177007|-0.112158045|0.052925225|1395861592749
ST Linear Acceleration|0.21135652|-0.065195896|0.06688386|1395861592768
ST Linear Acceleration|-0.090091474|0.025743842|-0.030957796|1395861592806
ST Linear Acceleration|-0.10268291|0.05785963|-0.05065777|1395861592808
ST Linear Acceleration|-0.16810393|0.072846666|-0.070101164|1395861592827
ST Linear Acceleration|-0.069000214|0.025413185|-0.027046686|1395861592847
ST Linear Acceleration|0.15860048|-0.06136477|0.051136423|1395861592886
ST Linear Acceleration|0.39656457|-0.122815065|0.106046535|1395861592907
ST Linear Acceleration|0.27884674|-0.08736787|0.0734064|1395861592908
ST Linear Acceleration|0.2882146|-0.024219263|0.03685122|1395861592927
ST Linear Acceleration|0.24034762|0.053857923|-0.010548575|1395861592949
ST Linear Acceleration|0.31156147|0.084899284|-0.029363696|1395861592986
ST Linear Acceleration|0.18484183|0.055948462|-0.025682302|1395861593006
ST Linear Acceleration|0.1118087|0.034772824|-0.018417519|1395861593007
ST Linear Acceleration|-0.003632|-0.027503692|0.010337032|1395861593028
ST Linear Acceleration|-0.10712062|5.29997E-4|-0.0058018547|1395861593048
ST Linear Acceleration|-0.3251645|0.052235726|-0.46055758|1395861593088
ST Linear Acceleration|-0.42396492|0.30170208|-0.09335514|1395861593108
ST Linear Acceleration|-0.25187975|0.16044809|-0.14609121|1395861593108
ST Linear Acceleration|-0.2867446|0.18424287|-0.0928925|1395861593134
ST Linear Acceleration|-0.108987816|0.012949818|0.34930882|1395861593168
ST Linear Acceleration|-0.033853967|-0.18107074|0.15637936|1395861593188
ST Linear Acceleration|-0.01604558|-0.057085186|0.29905087|1395861593207
ST Linear Acceleration|0.0374826|-0.17152204|-0.034898|1395861593208
ST Linear Acceleration|0.22656639|0.15364997|-0.2106142|1395861593247
ST Linear Acceleration|0.25383058|-0.048489835|-0.07937901|1395861593267
ST Linear Acceleration|0.15691017|0.04824239|-0.12749688|1395861593286
ST Linear Acceleration|0.10194511|-0.09255519|0.20655349|1395861593307
ST Linear Acceleration|0.0139457425|-0.116255336|0.04422246|1395861593326
ST Linear Acceleration|-0.16528043|-0.021491244|0.058116227|1395861593347
ST Linear Acceleration|-0.15436329|0.03911058|-0.006089184|1395861593366
ST Linear Acceleration|-0.0977133|0.028291207|-0.1032334|1395861593386
ST Linear Acceleration|-0.024298465|0.096525736|-0.12530051|1395861593407
ST Linear Acceleration|0.007649949|0.052459925|-0.078590155|1395861593426
ST Linear Acceleration|0.017788883|0.07120653|-0.06835415|1395861593447
ST Linear Acceleration|6.6381594E-4|0.061008953|-0.045080513|1395861593467
ST Linear Acceleration|-0.004962171|0.0040133046|-0.002430401|1395861593487
ST Linear Acceleration|0.0029792169|-0.0166283|0.009496969|1395861593507
ST Linear Acceleration|0.014957057|-0.022893393|0.0143144205|1395861593526
ST Linear Acceleration|-0.043105677|0.037639894|-0.02415656|1395861593547
ST Linear Acceleration|-0.0015180947|0.03346866|-0.017746693|1395861593567
ST Linear Acceleration|-0.009923501|-0.020152338|0.010028213|1395861593586
ST Linear Acceleration|-0.010464476|-0.07229418|0.037487857|1395861593606
ST Linear Acceleration|-0.0062780026|-0.024146412|0.012360309|1395861593626
ST Linear Acceleration|0.03658604|-0.013381724|0.011023069|1395861593646
ST Linear Acceleration|0.05245406|0.011332784|-9.1424247E-4|1395861593666
ST Linear Acceleration|0.09809978|0.0727117|-0.030498559|1395861593687
ST Linear Acceleration|0.067729555|0.013300339|-8.4751565E-4|1395861593707
ST Linear Acceleration|0.05531968|-0.0014692094|0.005882496|1395861593726
ST Linear Acceleration|0.030097306|-0.008938454|0.007381799|1395861593748
ST Linear Acceleration|0.0054111565|-0.013447867|0.0074877166|1395861593766
ST Linear Acceleration|-0.110088505|0.035128884|-0.029433522|1395861593786
ST Linear Acceleration|-0.11506719|0.04980449|-0.0381422|1395861593807
ST Linear Acceleration|-0.08489927|0.04277791|-0.031329717|1395861593827
ST Linear Acceleration|-0.08052273|0.039615277|-0.02948669|1395861593847
ST Linear Acceleration|0.012154767|0.09730042|-0.053560574|1395861593867
ST Linear Acceleration|0.049940173|0.07414287|-0.037507616|1395861593887
ST Linear Acceleration|0.00284253|0.08100363|-0.046659533|1395861593907
ST Linear Acceleration|-0.0029053479|0.058220025|-0.034178205|1395861593927
ST Linear Acceleration|0.031082682|-0.065530606|0.040555928|1395861593948
ST Linear Acceleration|0.025863213|-0.060753033|0.03740667|1395861593966
ST Linear Acceleration|0.034634568|-0.051488526|0.0333021|1395861593987
ST Linear Acceleration|0.070000604|-0.03315916|0.02642298|1395861594007
ST Linear Acceleration|0.06180437|0.0032039746|0.0048146057|1395861594027
ST Linear Acceleration|0.04945923|0.0071722046|0.0012280965|1395861594047
ST Linear Acceleration|0.09574238|-0.009407716|0.0143304765|1395861594067
ST Linear Acceleration|0.12869503|-0.009502364|0.016493032|1395861594088
ST Linear Acceleration|0.032358803|0.02328161|-0.00993779|1395861594107
ST Linear Acceleration|-0.038177755|-0.0022485964|-8.5043255E-4|1395861594127
ST Linear Acceleration|-0.050641883|0.0027276007|-0.004542829|1395861594148
ST Linear Acceleration|-0.0809804|0.0029561785|-0.007496418|1395861594168
ST Linear Acceleration|-0.1811469|-0.04014986|0.00550364|1395861594188
ST Linear Acceleration|-0.14407693|8.68821E-4|-0.015700066|1395861594208
ST Linear Acceleration|-0.13338366|0.037667222|-0.03732419|1395861594227
ST Linear Acceleration|-0.057381146|0.092775606|-0.061813965|1395861594247
ST Linear Acceleration|-0.023761757|0.094968796|-0.059979677|1395861594267
ST Linear Acceleration|0.031830862|0.061899845|-0.033310402|1395861594287
ST Linear Acceleration|0.06729636|0.0628611|-0.030108184|1395861594307
ST Linear Acceleration|-0.0044963616|0.006448263|-0.0047089267|1395861594327
ST Linear Acceleration|-0.04258372|-0.009653307|1.3334406E-5|1395861594348
ST Linear Acceleration|-0.06412189|-0.054833908|0.02476856|1395861594377
ST Linear Acceleration|-0.017744413|-0.034368865|0.018756695|1395861594398
ST Linear Acceleration|0.06619784|-0.043433495|0.035188396|1395861594418
ST Linear Acceleration|0.06360489|-0.016525082|0.01847838|1395861594437
ST Linear Acceleration|0.0803819|0.01236588|0.002834849|1395861594457
ST Linear Acceleration|0.050372563|-0.0028731078|0.0080872765|1395861594477
ST Linear Acceleration|0.089299895|0.048288576|-0.019022407|1395861594498
ST Linear Acceleration|0.08447675|0.03633706|-0.012795089|1395861594518
ST Linear Acceleration|0.08999785|-0.0123069445|0.017142689|1395861594538
ST Linear Acceleration|0.0441342|-0.036947694|0.026751265|1395861594557
ST Linear Acceleration|0.078833684|-0.11300258|0.07496795|1395861594578
ST Linear Acceleration|0.038036704|-0.08600213|0.054498985|1395861594597
ST Linear Acceleration|-0.015910778|-0.093638316|0.053174958|1395861594618
ST Linear Acceleration|-0.05846505|-0.02806501|0.010294255|1395861594647
ST Linear Acceleration|-0.060648274|-0.033578135|0.013038174|1395861594667
ST Linear Acceleration|-0.051998574|0.035310697|-0.026668688|1395861594686
ST Linear Acceleration|-0.037855886|0.15395781|-0.09679197|1395861594707
ST Linear Acceleration|0.007752094|0.14369766|-0.086538985|1395861594727
ST Linear Acceleration|0.008494784|0.14689198|-0.089277275|1395861594748
ST Linear Acceleration|-0.035113983|0.09752987|-0.063851446|1395861594767
ST Linear Acceleration|-0.028223714|0.08491824|-0.056481183|1395861594787
ST Linear Acceleration|-0.024141138|0.03743667|-0.02679957|1395861594806
ST Linear Acceleration|-0.052624837|-0.037494797|0.017430698|1395861594827
ST Linear Acceleration|-0.037735164|-0.050440695|0.0272857|1395861594846
ST Linear Acceleration|0.013100432|-0.037248857|0.024650997|1395861594866
ST Linear Acceleration|0.052379135|-0.029510813|0.023968713|1395861594887
ST Linear Acceleration|0.045567848|1.0720497E-4|0.0047733337|1395861594907
ST Linear Acceleration|0.042093612|-0.033943295|0.02547009|1395861594927
ST Linear Acceleration|0.025589036|-0.05024099|0.033696447|1395861594948
ST Linear Acceleration|0.014835385|-0.05424947|0.034974854|1395861594968
ST Linear Acceleration|-0.021335743|-0.057080884|0.033017643|1395861594988
ST Linear Acceleration|-0.0076218|-0.030030763|0.0179546|1395861595007
ST Linear Acceleration|0.029486371|0.041263547|-0.02200171|1395861595027
ST Linear Acceleration|0.026114412|0.06899353|-0.039545957|1395861595048
ST Linear Acceleration|-0.01720332|0.071173206|-0.04554517|1395861595068
ST Linear Acceleration|-0.028725743|0.05081229|-0.03421962|1395861595087
ST Linear Acceleration|-0.08657631|-0.014196777|-3.5350333E-4|1395861595108
ST Linear Acceleration|-0.06525747|-0.0075478125|-0.0021922358|1395861595128
ST Linear Acceleration|-0.04467565|-0.0105673615|0.0019007921|1395861595148
ST Linear Acceleration|-0.019992676|0.07476567|-0.049337637|1395861595167
ST Linear Acceleration|-3.7430407E-4|0.061593667|-0.03879158|1395861595188
ST Linear Acceleration|0.045244936|-0.0127999885|0.013700737|1395861595206
ST Linear Acceleration|0.009509587|-0.08417587|0.053905357|1395861595227
ST Linear Acceleration|0.014606307|-0.10196281|0.065331616|1395861595247
ST Linear Acceleration|0.074378714|-0.048965115|0.03963507|1395861595267
ST Linear Acceleration|0.08532913|0.009323992|0.004397454|1395861595288
ST Linear Acceleration|0.06609779|0.023075152|-0.0064864624|1395861595309
ST Linear Acceleration|0.018372163|0.022154156|-0.011095418|1395861595327
ST Linear Acceleration|-0.026531504|0.051654283|-0.034624647|1395861595348
ST Linear Acceleration|-0.029666496|0.10894763|-0.07171741|1395861595367
ST Linear Acceleration|-0.022410825|0.028334863|-0.019833906|1395861595387
ST Linear Acceleration|0.0030128632|-0.053982515|0.034703773|1395861595407
ST Linear Acceleration|-0.008129512|-0.07724597|0.04783517|1395861595428
ST Linear Acceleration|0.008536686|-0.07073223|0.04581752|1395861595447
ST Linear Acceleration|0.043339796|-0.07255593|0.05064769|1395861595467
ST Linear Acceleration|-0.0389957|0.040851686|-0.029340392|1395861595487
ST Linear Acceleration|-0.01453231|0.22873624|-0.14742963|1395861595507
ST Linear Acceleration|-0.0898026|0.13287342|-0.095715396|1395861595528
ST Linear Acceleration|-0.10717037|0.11654747|-0.08848016|1395861595548
ST Linear Acceleration|-0.06376354|-0.112370536|0.0646941|1395861595567
ST Linear Acceleration|-0.0109458575|-0.116961405|0.0745171|1395861595588
ST Linear Acceleration|0.032999806|-0.05810038|0.043178067|1395861595607
ST Linear Acceleration|0.061747342|0.0069848173|0.005269867|1395861595629
ST Linear Acceleration|0.08454116|0.026169557|-0.004461336|1395861595647
ST Linear Acceleration|0.082684144|0.009608919|0.0048061674|1395861595667
ST Linear Acceleration|0.08014504|-0.020309085|0.02256081|1395861595688
ST Linear Acceleration|0.045518987|-0.027917113|0.022942357|1395861595710
ST Linear Acceleration|0.014510226|-0.098945186|0.06222205|1395861595727
ST Linear Acceleration|0.029749863|-0.07188724|0.04702787|1395861595752
ST Linear Acceleration|0.04156345|-0.029163541|0.022012876|1395861595767
ST Linear Acceleration|0.022999767|7.661803E-5|0.0021273834|1395861595787
ST Linear Acceleration|-0.0884744|0.03309954|-0.0303825|1395861595808
ST Linear Acceleration|-0.10773301|0.026455862|-0.028724998|1395861595829
ST Linear Acceleration|-0.056359146|0.04069485|-0.03142625|1395861595848
ST Linear Acceleration|-0.035189662|0.07353425|-0.049640037|1395861595869
ST Linear Acceleration|-0.033960614|0.053918127|-0.037687182|1395861595887
ST Linear Acceleration|0.01445382|0.034385342|-0.019880302|1395861595917
ST Linear Acceleration|0.0054506483|-0.0090565095|0.0060913027|1395861595938
ST Linear Acceleration|-0.029280638|-0.034509186|0.017704502|1395861595957
ST Linear Acceleration|-0.02131965|-0.032848816|0.017675567|1395861595977
ST Linear Acceleration|0.012729864|-0.023507772|0.015898246|1395861595997
ST Linear Acceleration|0.039728217|0.011116328|-0.0026976143|1395861596017
ST Linear Acceleration|0.02782295|-0.027231231|0.019626062|1395861596039
ST Linear Acceleration|0.05586082|0.019269349|-0.006233223|1395861596057
ST Linear Acceleration|0.038386267|-0.018250199|0.01518744|1395861596077
ST Linear Acceleration|0.053648572|0.04730123|-0.024349539|1395861596097
ST Linear Acceleration|0.0038119596|0.039491963|-0.024997955|1395861596117
ST Linear Acceleration|0.0054927706|0.045705374|-0.02882914|1395861596137
ST Linear Acceleration|0.03904811|0.028124453|-0.013981527|1395861596156
ST Linear Acceleration|0.035613365|-0.014479831|0.01302396|1395861596177
ST Linear Acceleration|0.010081651|-0.020792777|0.014573063|1395861596197
ST Linear Acceleration|-0.010804229|-0.038710274|0.023962064|1395861596217
ST Linear Acceleration|-0.036125425|-0.10144116|0.060641754|1395861596237
ST Linear Acceleration|-0.054702446|0.1353948|-0.09452403|1395861596258
ST Linear Acceleration|-0.11450804|0.10515518|-0.082933225|1395861596277
ST Linear Acceleration|-0.08809458|0.045943603|-0.04112592|1395861596298
ST Linear Acceleration|-0.045079023|0.006163217|-0.009425224|1395861596317
ST Linear Acceleration|0.104080044|-0.05690865|0.05114065|1395861596339
ST Linear Acceleration|0.06329888|-0.050853003|0.04177832|1395861596358
ST Linear Acceleration|0.060886633|-0.037565906|0.032804336|1395861596377
ST Linear Acceleration|0.048213907|0.014833266|-0.0031344073|1395861596397
ST Linear Acceleration|-0.018891035|-0.020758692|0.011786126|1395861596418
ST Linear Acceleration|-0.0017055802|0.0013286183|-2.3851234E-4|1395861596440
ST Linear Acceleration|0.009430713|0.03416293|-0.020677462|1395861596456
ST Linear Acceleration|-0.18747042|0.24815193|-0.19856414|1395861596478
ST Linear Acceleration|-0.040896915|-0.01416514|0.005810257|1395861596497
ST Linear Acceleration|-0.032366347|-0.09086189|0.057645768|1395861596518
ST Linear Acceleration|-0.011599618|-0.085502036|0.056676246|1395861596537
ST Linear Acceleration|-0.057363644|-0.04987627|0.025700824|1395861596557
