ST Gravity|-2.7498758|4.532669|8.25006|1395861575552
ST Gravity|-2.7506695|4.5327754|8.249737|1395861575554
ST Gravity|-2.751728|4.5329175|8.249306|1395861575557
ST Gravity|-2.5522742|5.024512|8.02562|1395861575563
ST Gravity|-2.5553215|5.025186|8.024226|1395861575566
ST Gravity|-2.6360464|4.6815424|8.203952|1395861575582
ST Gravity|-2.6547153|4.443335|8.329445|1395861575600
ST Gravity|-2.6477923|4.212668|8.450623|1395861575618
ST Gravity|-2.4514067|3.7917442|8.705381|1395861575639
ST Gravity|-2.2113256|3.2347298|8.989824|1395861575663
ST Gravity|-2.1183906|3.0272615|9.083969|1395861575679
ST Gravity|-2.1148362|2.9450347|9.111785|1395861575698
ST Gravity|-2.1426039|2.8841484|9.124765|1395861575720
ST Gravity|-2.2250025|2.8624418|9.111871|1395861575740
ST Gravity|-2.6349523|2.6506205|9.066511|1395861575759
ST Gravity|-2.7893922|2.389027|9.092978|1395861575779
ST Gravity|-2.6684377|2.2242866|9.170734|1395861575799
ST Gravity|-2.477789|2.005106|9.274185|1395861575819
ST Gravity|-2.448426|1.8165178|9.320722|1395861575839
ST Gravity|-2.549714|1.7391642|9.308311|1395861575862
ST Gravity|-2.5533416|1.7650027|9.302451|1395861575880
ST Gravity|-2.364747|1.7333733|9.358087|1395861575900
ST Gravity|-2.0133665|1.6529022|9.454346|1395861575920
ST Gravity|-1.8858551|1.6319163|9.484239|1395861575941
ST Gravity|-1.9124713|1.5383085|9.494548|1395861575962
ST Gravity|-1.9035538|1.365192|9.522769|1395861575980
ST Gravity|-1.7908728|1.1935587|9.56758|1395861576001
ST Gravity|-1.4994881|1.0835234|9.630571|1395861576019
ST Gravity|-1.2711766|1.0377362|9.668382|1395861576041
ST Gravity|-1.3381221|0.93239|9.670081|1395861576064
ST Gravity|-1.6528944|0.73126906|9.63865|1395861576077
ST Gravity|-1.8631247|0.606641|9.60891|1395861576097
ST Gravity|-2.1119952|0.4166617|9.567459|1395861576118
ST Gravity|-2.386416|0.21570294|9.50941|1395861576138
ST Gravity|-2.55243|0.25847498|9.465129|1395861576160
ST Gravity|-2.6833487|0.38837236|9.424395|1395861576178
ST Gravity|-2.9475043|0.33508444|9.34721|1395861576198
ST Gravity|-3.1204226|0.15059754|9.295734|1395861576219
ST Gravity|-3.0200317|0.04073862|9.329959|1395861576240
ST Gravity|-2.9270847|-0.14810915|9.358452|1395861576259
ST Gravity|-2.843016|-0.4040961|9.3768|1395861576280
ST Gravity|-2.7328851|-0.5203164|9.403776|1395861576299
ST Gravity|-2.613924|-0.554546|9.435586|1395861576318
ST Gravity|-2.535957|-0.49365556|9.460214|1395861576340
ST Gravity|-2.3570874|-0.5353915|9.504099|1395861576359
ST Gravity|-2.3961973|-0.67512643|9.485401|1395861576381
ST Gravity|-2.603213|-0.76889646|9.423507|1395861576400
ST Gravity|-2.9657192|-0.87361765|9.306541|1395861576420
ST Gravity|-3.1920443|-0.87103003|9.231606|1395861576442
ST Gravity|-2.9358373|-0.606297|9.337219|1395861576460
ST Gravity|-2.5078006|-0.21252632|9.478194|1395861576480
ST Gravity|-2.4147341|-0.1291348|9.503829|1395861576500
ST Gravity|-2.3313782|-0.21399806|9.523091|1395861576521
ST Gravity|-2.20067|-0.3049838|9.551671|1395861576552
ST Gravity|-2.0417488|-0.35171506|9.585299|1395861576560
ST Gravity|-1.7216194|-0.282432|9.650216|1395861576582
ST Gravity|-1.44847|-0.14321317|9.69803|1395861576599
ST Gravity|-1.37895|0.072103955|9.708948|1395861576618
ST Gravity|-1.7672989|0.2759665|9.642142|1395861576639
ST Gravity|-2.2937083|0.643545|9.512893|1395861576660
ST Gravity|-2.7774782|1.1410259|9.335634|1395861576699
ST Gravity|-3.0799599|1.4835093|9.191487|1395861576699
ST Gravity|-3.4303381|1.9542557|8.976862|1395861576719
ST Gravity|-3.8032122|2.6241865|8.649832|1395861576739
ST Gravity|-4.1068234|3.5197895|8.180187|1395861576763
ST Gravity|-4.270806|4.5437546|7.568679|1395861576802
ST Gravity|-4.387816|5.248473|7.0264506|1395861576803
ST Gravity|-4.4381847|5.962811|6.396703|1395861576825
ST Gravity|-4.160487|6.57011|5.974479|1395861576847
ST Gravity|-3.708917|7.2107234|5.5154138|1395861576861
ST Gravity|-3.1060188|7.7571354|5.1332135|1395861576899
ST Gravity|-2.465246|8.068455|4.9992995|1395861576900
ST Gravity|-1.4844948|8.366208|4.896245|1395861576919
ST Gravity|-0.6064135|8.53016|4.7998996|1395861576959
ST Gravity|0.07879063|8.554961|4.793415|1395861576979
ST Gravity|0.6923707|8.468476|4.8965225|1395861576999
ST Gravity|1.1489741|8.382491|4.9582353|1395861576999
ST Gravity|1.7124552|8.24901|5.019137|1395861577038
ST Gravity|2.1819928|8.063423|5.137169|1395861577058
ST Gravity|2.5364218|7.8685675|5.274714|1395861577078
ST Gravity|2.8775818|7.6474442|5.422778|1395861577098
ST Gravity|3.0903492|7.4870853|5.5284443|1395861577118
ST Gravity|3.2648005|7.320234|5.6502786|1395861577141
ST Gravity|3.2716424|7.221558|5.7719865|1395861577163
ST Gravity|3.2381713|7.243604|5.7632318|1395861577179
ST Gravity|3.2507215|7.332976|5.641867|1395861577198
ST Gravity|3.2117362|7.415515|5.5556526|1395861577220
ST Gravity|3.2040265|7.529756|5.4043865|1395861577240
ST Gravity|3.224173|7.6449933|5.2277308|1395861577268
ST Gravity|3.1471372|7.7946854|5.0506244|1395861577289
ST Gravity|3.0345256|7.9421997|4.887076|1395861577290
ST Gravity|2.963184|8.011531|4.817188|1395861577310
ST Gravity|2.8841293|8.06391|4.77761|1395861577328
ST Gravity|2.7310512|8.149133|4.722646|1395861577350
ST Gravity|2.5149937|8.302069|4.5739336|1395861577388
ST Gravity|2.2595143|8.51084|4.3163157|1395861577408
ST Gravity|2.1180773|8.664366|4.075896|1395861577409
ST Gravity|1.9739915|8.839297|3.7603931|1395861577447
ST Gravity|1.7738439|8.971369|3.5409632|1395861577468
ST Gravity|1.5088924|9.085581|3.3683648|1395861577489
ST Gravity|1.2679955|9.186|3.190613|1395861577511
ST Gravity|1.1748925|9.238263|3.0731926|1395861577512
ST Gravity|1.1610198|9.340999|2.7510307|1395861577550
ST Gravity|1.0788088|9.447114|2.399714|1395861577567
ST Gravity|0.7990189|9.542559|2.114598|1395861577588
ST Gravity|0.53385466|9.628189|1.7842075|1395861577612
ST Gravity|0.3196236|9.684423|1.5100334|1395861577612
ST Gravity|-0.11425445|9.720526|1.2917937|1395861577647
ST Gravity|-0.5453563|9.738061|1.0213577|1395861577668
ST Gravity|-0.85804397|9.740161|0.75061|1395861577688
ST Gravity|-1.0767083|9.7307|0.56972617|1395861577708
ST Gravity|-1.2485648|9.716513|0.44818392|1395861577728
ST Gravity|-1.4936671|9.6884365|0.27120587|1395861577748
ST Gravity|-1.7434654|9.649953|0.095633626|1395861577767
ST Gravity|-2.009396|9.598358|-0.06524579|1395861577788
ST Gravity|-2.2274137|9.547333|-0.23970395|1395861577807
ST Gravity|-2.4290793|9.492221|-0.40951487|1395861577827
ST Gravity|-2.9731774|9.321507|-0.66340166|1395861577847
ST Gravity|-3.655866|9.059927|-0.85016185|1395861577867
ST Gravity|-4.329863|8.760287|-0.82465404|1395861577888
ST Gravity|-4.8875656|8.432162|-1.0866245|1395861577908
ST Gravity|-5.2091455|8.176275|-1.4777373|1395861577927
ST Gravity|-5.498811|7.9361253|-1.7179567|1395861577948
ST Gravity|-5.5571876|7.8716154|-1.8236595|1395861577967
ST Gravity|-5.5823092|7.858213|-1.8046283|1395861577988
ST Gravity|-5.5882835|7.855612|-1.7974575|1395861578007
ST Gravity|-5.5776706|7.8534946|-1.8391856|1395861578026
ST Gravity|-5.58931|7.842232|-1.8518615|1395861578047
ST Gravity|-5.658281|7.8539577|-1.5714947|1395861578066
ST Gravity|-5.6871595|7.895181|-1.2217724|1395861578087
ST Gravity|-5.6341667|7.960363|-1.0291563|1395861578107
ST Gravity|-5.558605|8.014549|-1.0194701|1395861578126
ST Gravity|-5.445118|8.086246|-1.0647597|1395861578147
ST Gravity|-5.3582306|8.143493|-1.0692534|1395861578166
ST Gravity|-5.3310328|8.16757|-1.0204226|1395861578186
ST Gravity|-5.332178|8.174817|-0.95427203|1395861578207
ST Gravity|-5.3650985|8.157834|-0.91425127|1395861578227
ST Gravity|-5.4102535|8.124765|-0.94219774|1395861578247
ST Gravity|-5.4833636|8.091894|-0.7901503|1395861578267
ST Gravity|-5.524681|8.061361|-0.81408423|1395861578288
ST Gravity|-5.5527425|8.045395|-0.78041893|1395861578307
ST Gravity|-5.568262|8.040304|-0.7199721|1395861578326
ST Gravity|-5.6146545|8.032789|-0.34690872|1395861578347
ST Gravity|-5.6349373|8.02194|-0.25759012|1395861578367
ST Gravity|-5.6653323|7.999298|-0.2926183|1395861578387
ST Gravity|-5.7316313|7.9492817|-0.35738516|1395861578407
ST Gravity|-5.7622323|7.925508|-0.39163852|1395861578427
ST Gravity|-5.744465|7.9334745|-0.48114935|1395861578447
ST Gravity|-5.6614475|7.9895635|-0.5341258|1395861578467
ST Gravity|-5.5527787|8.063982|-0.5560671|1395861578488
ST Gravity|-5.3967094|8.169403|-0.5538785|1395861578507
ST Gravity|-5.2345576|8.276612|-0.51719624|1395861578527
ST Gravity|-4.9262285|8.467693|-0.4481801|1395861578548
ST Gravity|-4.545207|8.683047|-0.34087008|1395861578567
ST Gravity|-4.1120667|8.89998|-0.22730654|1395861578588
ST Gravity|-3.7377791|9.066124|-0.06931451|1395861578607
ST Gravity|-3.4608324|9.175194|0.09408318|1395861578627
ST Gravity|-3.045349|9.31869|0.24136516|1395861578647
ST Gravity|-2.5823243|9.454631|0.33459815|1395861578667
ST Gravity|-2.2518928|9.534612|0.43654814|1395861578688
ST Gravity|-2.0697868|9.572007|0.51285905|1395861578707
ST Gravity|-2.0505838|9.575349|0.5274476|1395861578727
ST Gravity|-2.089369|9.56792|0.5097344|1395861578749
ST Gravity|-2.1920261|9.543744|0.53139263|1395861578769
ST Gravity|-2.299771|9.516843|0.55780137|1395861578787
ST Gravity|-2.365892|9.502799|0.5193866|1395861578807
ST Gravity|-2.4651809|9.47798|0.51107585|1395861578827
ST Gravity|-2.547043|9.457509|0.4883429|1395861578847
ST Gravity|-2.5711968|9.452274|0.46242565|1395861578868
ST Gravity|-2.5630314|9.455089|0.450075|1395861578887
ST Gravity|-2.5392456|9.462154|0.43616587|1395861578908
ST Gravity|-2.5162413|9.468683|0.4277214|1395861578927
ST Gravity|-2.4755704|9.480772|0.39612684|1395861578949
ST Gravity|-2.4502077|9.4895935|0.33835563|1395861578968
ST Gravity|-2.429985|9.49364|0.36930445|1395861578988
ST Gravity|-2.43042|9.487318|0.50423783|1395861579026
ST Gravity|-2.4367807|9.479479|0.60988224|1395861579027
ST Gravity|-2.461936|9.462333|0.75730425|1395861579047
ST Gravity|-2.4972067|9.448008|0.818244|1395861579067
ST Gravity|-2.5063915|9.445576|0.8182297|1395861579087
ST Gravity|-2.4928236|9.450283|0.8052207|1395861579126
ST Gravity|-2.47877|9.456057|0.7804256|1395861579127
ST Gravity|-2.4585667|9.464211|0.74466205|1395861579149
ST Gravity|-2.440723|9.470859|0.7183916|1395861579167
ST Gravity|-2.4289522|9.474964|0.70401543|1395861579207
ST Gravity|-2.4282944|9.47524|0.7025664|1395861579226
ST Gravity|-2.4321878|9.474072|0.7048425|1395861579227
ST Gravity|-2.4394896|9.471944|0.70821786|1395861579247
ST Gravity|-2.4463575|9.470039|0.70996934|1395861579286
ST Gravity|-2.4517546|9.468437|0.7127229|1395861579311
ST Gravity|-2.455127|9.467058|0.71939933|1395861579326
ST Gravity|-2.4555743|9.466472|0.72556543|1395861579328
ST Gravity|-2.4549897|9.465964|0.734105|1395861579366
ST Gravity|-2.4544384|9.465501|0.7418989|1395861579387
ST Gravity|-2.4550056|9.465072|0.74548286|1395861579406
ST Gravity|-2.4631948|9.462822|0.7470324|1395861579427
ST Gravity|-2.4732323|9.460496|0.7433194|1395861579450
ST Gravity|-2.490747|9.4572115|0.72643113|1395861579469
ST Gravity|-2.5051544|9.455115|0.7038243|1395861579490
ST Gravity|-2.516909|9.453527|0.6829177|1395861579511
ST Gravity|-2.5200276|9.453857|0.66666216|1395861579531
ST Gravity|-2.5147085|9.455907|0.6576314|1395861579531
ST Gravity|-2.5039487|9.459223|0.65093076|1395861579555
ST Gravity|-2.4895196|9.463289|0.64718485|1395861579593
ST Gravity|-2.4740117|9.467585|0.64380735|1395861579611
ST Gravity|-2.4588668|9.471734|0.6408137|1395861579628
ST Gravity|-2.4473224|9.47488|0.63845396|1395861579648
ST Gravity|-2.4323914|9.479074|0.6332789|1395861579667
ST Gravity|-2.4195924|9.482857|0.6255948|1395861579688
ST Gravity|-2.4090242|9.486243|0.614985|1395861579707
ST Gravity|-2.3988717|9.489648|0.60197926|1395861579728
ST Gravity|-2.3916032|9.492131|0.5916522|1395861579748
ST Gravity|-2.3819034|9.495316|0.5795691|1395861579767
ST Gravity|-2.372256|9.49802|0.5748263|1395861579788
ST Gravity|-2.3633466|9.499887|0.58063513|1395861579807
ST Gravity|-2.3598237|9.499926|0.5941506|1395861579828
ST Gravity|-2.358297|9.499505|0.60679764|1395861579847
ST Gravity|-2.3488553|9.500771|0.62339246|1395861579869
ST Gravity|-2.3331323|9.503741|0.6369888|1395861579887
ST Gravity|-2.3102362|9.509149|0.63974935|1395861579908
ST Gravity|-2.2899728|9.514388|0.6346799|1395861579927
ST Gravity|-2.2823136|9.516556|0.62975204|1395861579948
ST Gravity|-2.2826085|9.516853|0.62415695|1395861579967
ST Gravity|-2.2920098|9.51505|0.6171847|1395861579988
ST Gravity|-2.3018343|9.513422|0.6055858|1395861580007
ST Gravity|-2.3083634|9.512456|0.5958321|1395861580026
ST Gravity|-2.3134787|9.511156|0.59678304|1395861580047
ST Gravity|-2.3235364|9.507394|0.61727315|1395861580068
ST Gravity|-2.337695|9.500347|0.6700483|1395861580088
ST Gravity|-2.3569515|9.48931|0.7537603|1395861580108
ST Gravity|-2.387458|9.472039|0.8665499|1395861580128
ST Gravity|-2.4247613|9.452207|0.9729959|1395861580155
ST Gravity|-2.4985528|9.413533|1.145871|1395861580179
ST Gravity|-2.590703|9.360612|1.3555813|1395861580180
ST Gravity|-2.6830423|9.295456|1.6019318|1395861580200
ST Gravity|-2.7715495|9.218853|1.8712772|1395861580220
ST Gravity|-2.833305|9.156716|2.0729973|1395861580241
ST Gravity|-2.9073284|9.074382|2.3180645|1395861580261
ST Gravity|-2.9554703|9.003796|2.5233443|1395861580281
ST Gravity|-2.9622588|8.956222|2.679833|1395861580301
ST Gravity|-2.94532|8.915682|2.829502|1395861580340
ST Gravity|-2.9399908|8.866666|2.9848092|1395861580341
ST Gravity|-2.9062984|8.798934|3.2097647|1395861580364
ST Gravity|-2.8312306|8.772658|3.3458917|1395861580400
ST Gravity|-2.738339|8.771415|3.42552|1395861580419
ST Gravity|-2.6872454|8.772856|3.4620993|1395861580439
ST Gravity|-2.705668|8.769605|3.4559798|1395861580440
ST Gravity|-2.7238464|8.771366|3.4371772|1395861580463
ST Gravity|-2.725567|8.7856655|3.3990805|1395861580499
ST Gravity|-2.7165565|8.818772|3.319636|1395861580520
ST Gravity|-2.700594|8.867382|3.2010498|1395861580540
ST Gravity|-2.6845136|8.914035|3.0828147|1395861580540
ST Gravity|-2.6534548|8.988322|2.8878438|1395861580561
ST Gravity|-2.6164012|9.070074|2.656794|1395861580600
ST Gravity|-2.5799804|9.152792|2.3959305|1395861580620
ST Gravity|-2.5490236|9.227876|2.125831|1395861580640
ST Gravity|-2.5254893|9.278372|1.9246088|1395861580642
ST Gravity|-2.4739244|9.341882|1.6671313|1395861580663
ST Gravity|-2.4052877|9.400315|1.4209409|1395861580698
ST Gravity|-2.3219426|9.451788|1.2011155|1395861580718
ST Gravity|-2.2341933|9.49326|1.0280093|1395861580739
ST Gravity|-2.1740587|9.516625|0.93685883|1395861580759
ST Gravity|-2.109684|9.537591|0.86831194|1395861580779
ST Gravity|-2.0741007|9.546295|0.85834277|1395861580799
ST Gravity|-2.0701609|9.542948|0.9038776|1395861580819
ST Gravity|-2.0899236|9.52863|1.0038975|1395861580841
ST Gravity|-2.11637|9.510939|1.1106046|1395861580863
ST Gravity|-2.1667018|9.477457|1.2859256|1395861580880
ST Gravity|-2.2344527|9.430772|1.4960432|1395861580901
ST Gravity|-2.318459|9.367068|1.7473366|1395861580921
ST Gravity|-2.4189532|9.281696|2.041856|1395861580943
ST Gravity|-2.5066216|9.204318|2.2732732|1395861580959
ST Gravity|-2.6254854|9.097728|2.551192|1395861580979
ST Gravity|-2.7118838|8.982309|2.8520477|1395861581000
ST Gravity|-2.7472942|8.844115|3.2255838|1395861581019
ST Gravity|-2.6838124|8.759295|3.4989014|1395861581039
ST Gravity|-2.6251173|8.732683|3.6082425|1395861581061
ST Gravity|-2.5824332|8.714365|3.6825645|1395861581081
ST Gravity|-2.5908802|8.700824|3.7085595|1395861581100
ST Gravity|-2.6145074|8.690887|3.715268|1395861581121
ST Gravity|-2.6305478|8.700102|3.682233|1395861581141
ST Gravity|-2.624141|8.726454|3.6239865|1395861581159
ST Gravity|-2.6073406|8.769544|3.5309045|1395861581181
ST Gravity|-2.5965474|8.816322|3.4206426|1395861581201
ST Gravity|-2.5814843|8.869163|3.2930682|1395861581222
ST Gravity|-2.557517|8.928504|3.1482239|1395861581240
ST Gravity|-2.5311112|8.984816|3.006154|1395861581262
ST Gravity|-2.4815023|9.078406|2.7559173|1395861581281
ST Gravity|-2.421045|9.181289|2.4521184|1395861581301
ST Gravity|-2.3457813|9.28204|2.124018|1395861581322
ST Gravity|-2.2741363|9.36485|1.8161136|1395861581341
ST Gravity|-2.2217247|9.415093|1.6094598|1395861581361
ST Gravity|-2.1615143|9.465248|1.3810672|1395861581381
ST Gravity|-2.1198797|9.497612|1.2132088|1395861581400
ST Gravity|-2.1008081|9.514131|1.1127986|1395861581419
ST Gravity|-2.0988305|9.518402|1.0795032|1395861581442
ST Gravity|-2.106213|9.515295|1.0924387|1395861581460
ST Gravity|-2.1270385|9.503878|1.1499575|1395861581480
ST Gravity|-2.1573744|9.484538|1.2488759|1395861581505
ST Gravity|-2.1944175|9.456707|1.387666|1395861581519
ST Gravity|-2.2451265|9.417763|1.5606219|1395861581542
ST Gravity|-2.2943342|9.37858|1.717168|1395861581562
ST Gravity|-2.371487|9.307212|1.9804686|1395861581582
ST Gravity|-2.4696758|9.200261|2.329439|1395861581598
ST Gravity|-2.5967844|9.046183|2.755668|1395861581621
ST Gravity|-2.730425|8.864907|3.1825428|1395861581641
ST Gravity|-2.8040574|8.727493|3.4840393|1395861581661
ST Gravity|-2.8578386|8.555089|3.8488412|1395861581679
ST Gravity|-2.8174894|8.450916|4.1005054|1395861581699
ST Gravity|-2.7436218|8.436468|4.1795864|1395861581718
ST Gravity|-2.6972907|8.461086|4.1599317|1395861581738
ST Gravity|-2.708905|8.44114|4.1927786|1395861581758
ST Gravity|-2.7408047|8.384644|4.284405|1395861581778
ST Gravity|-2.7253704|8.363589|4.3351035|1395861581799
ST Gravity|-2.6691935|8.38387|4.3308816|1395861581819
ST Gravity|-2.638757|8.416156|4.2866883|1395861581839
ST Gravity|-2.6428998|8.446809|4.2233744|1395861581858
ST Gravity|-2.6681223|8.505991|4.086516|1395861581878
ST Gravity|-2.6788332|8.578679|3.9243455|1395861581898
ST Gravity|-2.667285|8.656788|3.7571297|1395861581919
ST Gravity|-2.6455584|8.744365|3.564759|1395861581939
ST Gravity|-2.6186388|8.818405|3.3983612|1395861581958
ST Gravity|-2.5780063|8.935361|3.1118503|1395861581978
ST Gravity|-2.5413435|9.033945|2.8460164|1395861581998
ST Gravity|-2.4999375|9.124128|2.5828254|1395861582019
ST Gravity|-2.4552898|9.2024145|2.3361335|1395861582039
ST Gravity|-2.4215086|9.252554|2.167244|1395861582057
ST Gravity|-2.3749423|9.309011|1.967831|1395861582078
ST Gravity|-2.3280344|9.353663|1.805451|1395861582097
ST Gravity|-2.283716|9.385409|1.6938524|1395861582117
ST Gravity|-2.2502682|9.402955|1.6404629|1395861582160
ST Gravity|-2.235875|9.406429|1.6402283|1395861582161
ST Gravity|-2.2339637|9.397001|1.6959307|1395861582180
ST Gravity|-2.2538638|9.369849|1.8156043|1395861582201
ST Gravity|-2.2957125|9.325555|1.983467|1395861582221
ST Gravity|-2.3557951|9.263689|2.1919568|1395861582260
ST Gravity|-2.4117582|9.202337|2.3813472|1395861582260
ST Gravity|-2.5020258|9.096092|2.6779385|1395861582281
ST Gravity|-2.5948932|8.941718|3.079384|1395861582302
ST Gravity|-2.6971333|8.809218|3.3605843|1395861582341
ST Gravity|-2.7527459|8.675771|3.6501768|1395861582342
ST Gravity|-2.7614446|8.56013|3.9075575|1395861582363
ST Gravity|-2.7301154|8.424312|4.2128167|1395861582383
ST Gravity|-2.6922007|8.365148|4.3527894|1395861582405
ST Gravity|-2.7126448|8.360883|4.3482885|1395861582423
ST Gravity|-2.774089|8.328431|4.371735|1395861582463
ST Gravity|-2.8146653|8.28865|4.421125|1395861582463
ST Gravity|-2.826079|8.263437|4.4608593|1395861582481
ST Gravity|-2.7960784|8.265801|4.4753623|1395861582523
ST Gravity|-2.7651987|8.288356|4.4527774|1395861582524
ST Gravity|-2.7480507|8.334127|4.3773193|1395861582543
ST Gravity|-2.7400618|8.382807|4.2884736|1395861582561
ST Gravity|-2.7227533|8.457951|4.1497087|1395861582581
ST Gravity|-2.6956956|8.540427|3.9955876|1395861582621
ST Gravity|-2.6617932|8.633092|3.8150985|1395861582642
ST Gravity|-2.6165986|8.739889|3.5969627|1395861582659
ST Gravity|-2.5746794|8.827548|3.4081964|1395861582682
ST Gravity|-2.513957|8.940829|3.1483274|1395861582699
ST Gravity|-2.4608202|9.036497|2.9080012|1395861582721
ST Gravity|-2.4066238|9.127235|2.6593428|1395861582741
ST Gravity|-2.348798|9.208059|2.4218152|1395861582760
ST Gravity|-2.306745|9.259122|2.2622993|1395861582781
ST Gravity|-2.2575011|9.311321|2.0912619|1395861582802
ST Gravity|-2.2193863|9.3437|1.9849368|1395861582821
ST Gravity|-2.1981785|9.355763|1.9514371|1395861582841
ST Gravity|-2.1985137|9.3489275|1.9835525|1395861582862
ST Gravity|-2.2149966|9.330069|2.052804|1395861582887
ST Gravity|-2.2607598|9.285435|2.200019|1395861582900
ST Gravity|-2.3359492|9.219232|2.3915503|1395861582919
ST Gravity|-2.4330058|9.131855|2.6191807|1395861582940
ST Gravity|-2.5407395|9.020928|2.8875418|1395861582964
ST Gravity|-2.6189811|8.924009|3.11021|1395861582980
ST Gravity|-2.714268|8.770001|3.4482186|1395861582999
ST Gravity|-2.7672927|8.616142|3.778171|1395861583022
ST Gravity|-2.756447|8.506616|4.02615|1395861583040
ST Gravity|-2.7699664|8.372799|4.288812|1395861583060
ST Gravity|-2.7416766|8.298865|4.4477468|1395861583080
ST Gravity|-2.691809|8.2675705|4.5356197|1395861583100
ST Gravity|-2.705206|8.246074|4.566676|1395861583121
ST Gravity|-2.7561965|8.198822|4.6209426|1395861583141
ST Gravity|-2.7828577|8.159816|4.6737046|1395861583160
ST Gravity|-2.7785583|8.154039|4.6863236|1395861583179
ST Gravity|-2.7702553|8.178258|4.6488924|1395861583200
ST Gravity|-2.7739222|8.213188|4.58468|1395861583219
ST Gravity|-2.801865|8.261888|4.4789686|1395861583239
ST Gravity|-2.8216603|8.332478|4.333413|1395861583260
ST Gravity|-2.8174398|8.3947315|4.2143707|1395861583279
ST Gravity|-2.7855022|8.486747|4.048025|1395861583299
ST Gravity|-2.7338173|8.589951|3.8612657|1395861583322
ST Gravity|-2.6674795|8.716069|3.61733|1395861583339
ST Gravity|-2.5853724|8.856987|3.322652|1395861583361
ST Gravity|-2.5307114|8.945305|3.1220863|1395861583381
ST Gravity|-2.4609368|9.048312|2.8709302|1395861583409
ST Gravity|-2.3890676|9.138769|2.635462|1395861583419
ST Gravity|-2.3208268|9.213339|2.4286916|1395861583440
ST Gravity|-2.265824|9.269944|2.2593343|1395861583462
ST Gravity|-2.236567|9.299699|2.164197|1395861583481
ST Gravity|-2.2126997|9.323033|2.0869594|1395861583502
ST Gravity|-2.2092593|9.328217|2.0673518|1395861583522
ST Gravity|-2.2235572|9.316378|2.1050615|1395861583540
ST Gravity|-2.2595656|9.286992|2.1946583|1395861583560
ST Gravity|-2.3073134|9.251822|2.2913947|1395861583579
ST Gravity|-2.3973117|9.186176|2.4571226|1395861583600
ST Gravity|-2.5135164|9.097318|2.6629777|1395861583617
ST Gravity|-2.6536002|8.980906|2.9106946|1395861583642
ST Gravity|-2.79577|8.838233|3.1999528|1395861583660
ST Gravity|-2.8872416|8.720731|3.4326494|1395861583680
ST Gravity|-2.9548216|8.575784|3.7276459|1395861583703
ST Gravity|-2.9481754|8.459463|3.9895046|1395861583720
ST Gravity|-2.927929|8.343261|4.2411823|1395861583741
ST Gravity|-2.904246|8.254504|4.427067|1395861583761
ST Gravity|-2.8960981|8.216718|4.502061|1395861583779
ST Gravity|-2.9204588|8.183351|4.546875|1395861583800
ST Gravity|-2.9631317|8.129345|4.6156254|1395861583818
ST Gravity|-2.986876|8.067553|4.7078204|1395861583839
ST Gravity|-3.001449|8.04823|4.731561|1395861583859
ST Gravity|-3.010471|8.064018|4.6988373|1395861583879
ST Gravity|-3.0187633|8.097832|4.634932|1395861583898
ST Gravity|-3.0404208|8.138801|4.548201|1395861583919
ST Gravity|-3.058637|8.195287|4.4331036|1395861583939
ST Gravity|-3.0608883|8.270227|4.290069|1395861583959
ST Gravity|-3.0505424|8.33893|4.1625543|1395861583978
ST Gravity|-3.0212545|8.445643|3.9640265|1395861583998
ST Gravity|-2.9678094|8.578877|3.7101698|1395861584019
ST Gravity|-2.905631|8.700723|3.4677253|1395861584039
ST Gravity|-2.8423848|8.8143835|3.224573|1395861584059
ST Gravity|-2.7903006|8.894858|3.044026|1395861584078
ST Gravity|-2.7137265|8.992951|2.8165374|1395861584099
ST Gravity|-2.6374202|9.0760765|2.615195|1395861584126
ST Gravity|-2.5711691|9.14299|2.442379|1395861584139
ST Gravity|-2.520583|9.191795|2.3082373|1395861584177
ST Gravity|-2.4954572|9.215821|2.2386923|1395861584177
ST Gravity|-2.4791906|9.232329|2.1881764|1395861584199
ST Gravity|-2.47785|9.231164|2.1946|1395861584218
ST Gravity|-2.4942572|9.208946|2.268125|1395861584260
ST Gravity|-2.5395703|9.160086|2.4111812|1395861584262
ST Gravity|-2.5954044|9.104025|2.5594945|1395861584277
ST Gravity|-2.6989083|8.998343|2.8135557|1395861584298
ST Gravity|-2.8225|8.860045|3.1150422|1395861584338
ST Gravity|-2.9313593|8.682439|3.4918134|1395861584358
ST Gravity|-2.9798572|8.550722|3.7651014|1395861584378
ST Gravity|-2.9672675|8.448779|3.9979784|1395861584379
ST Gravity|-2.9621882|8.321894|4.2593317|1395861584421
ST Gravity|-2.9297268|8.241043|4.435347|1395861584422
ST Gravity|-2.9280014|8.183006|4.542646|1395861584461
ST Gravity|-2.9710038|8.1245775|4.6189566|1395861584480
ST Gravity|-3.005794|8.081066|4.6724653|1395861584481
ST Gravity|-3.0362391|8.035478|4.73104|1395861584518
ST Gravity|-3.0397103|8.027588|4.742192|1395861584541
ST Gravity|-3.0310993|8.054109|4.7025685|1395861584560
ST Gravity|-3.0302498|8.091295|4.6388497|1395861584579
ST Gravity|-3.0376565|8.126088|4.5727143|1395861584581
ST Gravity|-3.0389726|8.187304|4.461291|1395861584620
ST Gravity|-3.0262914|8.267147|4.3204427|1395861584640
ST Gravity|-2.9969215|8.366815|4.1455107|1395861584659
ST Gravity|-2.9517708|8.4836445|3.9351265|1395861584679
ST Gravity|-2.90546|8.590272|3.7330859|1395861584700
ST Gravity|-2.8191197|8.759127|3.3912616|1395861584722
ST Gravity|-2.7353213|8.904561|3.0654902|1395861584741
ST Gravity|-2.6682994|9.018061|2.7794144|1395861584763
ST Gravity|-2.5953467|9.123024|2.4909828|1395861584783
ST Gravity|-2.539113|9.192632|2.2844746|1395861584782
ST Gravity|-2.4692998|9.268013|2.0437474|1395861584823
ST Gravity|-2.4108448|9.320567|1.8668776|1395861584845
ST Gravity|-2.3689566|9.349824|1.771786|1395861584861
ST Gravity|-2.3460464|9.357409|1.7622081|1395861584881
ST Gravity|-2.340758|9.350396|1.8059179|1395861584901
ST Gravity|-2.3531759|9.322361|1.9304206|1395861584920
ST Gravity|-2.3868358|9.271018|2.1264114|1395861584939
ST Gravity|-2.4445448|9.193908|2.380476|1395861584960
ST Gravity|-2.533614|9.088637|2.6735518|1395861584980
ST Gravity|-2.6204255|8.989669|2.9136946|1395861584999
ST Gravity|-2.7534719|8.835826|3.242987|1395861585019
ST Gravity|-2.9078774|8.638017|3.6192935|1395861585039
ST Gravity|-3.0093722|8.489024|3.8795035|1395861585061
ST Gravity|-3.0892618|8.360266|4.0905766|1395861585083
ST Gravity|-3.1017287|8.275037|4.251287|1395861585101
ST Gravity|-3.0475779|8.230935|4.374284|1395861585121
ST Gravity|-3.0073721|8.207199|4.446119|1395861585140
ST Gravity|-3.0418417|8.154866|4.518379|1395861585159
ST Gravity|-3.1182344|8.072056|4.613989|1395861585180
ST Gravity|-3.1530414|8.033207|4.657932|1395861585238
ST Gravity|-3.136131|8.083467|4.5817747|1395861585260
ST Gravity|-3.149435|8.14117|4.469096|1395861585280
ST Gravity|-3.1626267|8.188644|4.3719883|1395861585300
ST Gravity|-3.1601999|8.26504|4.2276073|1395861585319
ST Gravity|-3.1288333|8.365107|4.050406|1395861585340
ST Gravity|-3.0775757|8.490887|3.8214877|1395861585364
ST Gravity|-3.0142565|8.627693|3.5563383|1395861585381
ST Gravity|-2.9537807|8.727387|3.3583133|1395861585401
ST Gravity|-2.8799126|8.853361|3.0813131|1395861585421
ST Gravity|-2.8093739|8.9696665|2.7969444|1395861585439
ST Gravity|-2.7298367|9.074044|2.5258846|1395861585459
ST Gravity|-2.6435108|9.167123|2.2685018|1395861585480
ST Gravity|-2.5769625|9.228185|2.090519|1395861585503
ST Gravity|-2.4948342|9.293871|1.8894875|1395861585522
ST Gravity|-2.427641|9.338598|1.7514416|1395861585541
ST Gravity|-2.3819885|9.3618145|1.6890659|1395861585561
ST Gravity|-2.363339|9.36296|1.7087989|1395861585579
ST Gravity|-2.367041|9.348551|1.7810426|1395861585599
ST Gravity|-2.3974702|9.307603|1.947066|1395861585618
ST Gravity|-2.4603736|9.238369|2.1839163|1395861585640
ST Gravity|-2.5560565|9.134508|2.489526|1395861585662
ST Gravity|-2.6845171|8.990701|2.8514988|1395861585682
ST Gravity|-2.7949953|8.858485|3.1441445|1395861585702
ST Gravity|-2.9432452|8.6522455|3.5561728|1395861585721
ST Gravity|-3.060259|8.49672|3.822428|1395861585739
ST Gravity|-3.081606|8.358191|4.1005797|1395861585762
ST Gravity|-3.0470276|8.213222|4.407836|1395861585781
ST Gravity|-2.9652689|8.159014|4.561587|1395861585800
ST Gravity|-2.8854108|8.1270685|4.6685696|1395861585819
ST Gravity|-2.907908|8.085951|4.7256603|1395861585839
ST Gravity|-3.0034738|8.011303|4.7925525|1395861585862
ST Gravity|-3.0873604|7.9132524|4.9009223|1395861585878
ST Gravity|-3.1056979|7.874747|4.9510994|1395861585899
ST Gravity|-3.0849297|7.881585|4.9532037|1395861585918
ST Gravity|-3.0678413|7.911069|4.9166784|1395861585938
ST Gravity|-3.0950732|7.949492|4.836994|1395861585957
ST Gravity|-3.1435485|8.010476|4.703272|1395861585978
ST Gravity|-3.1689193|8.067099|4.588057|1395861585999
ST Gravity|-3.1737862|8.152491|4.431069|1395861586018
ST Gravity|-3.1510751|8.258274|4.2475905|1395861586038
ST Gravity|-3.114355|8.38481|4.0207148|1395861586058
ST Gravity|-3.0717363|8.521283|3.7580023|1395861586078
ST Gravity|-3.0309265|8.631721|3.5323215|1395861586098
ST Gravity|-2.964772|8.777463|3.2150722|1395861586119
ST Gravity|-2.9088814|8.892237|2.9388673|1395861586138
ST Gravity|-2.8483565|8.994565|2.6748939|1395861586159
ST Gravity|-2.7814584|9.086053|2.424358|1395861586197
ST Gravity|-2.7293947|9.146743|2.2489765|1395861586198
ST Gravity|-2.6604776|9.215473|2.0413978|1395861586218
ST Gravity|-2.5951784|9.268383|1.8794997|1395861586261
ST Gravity|-2.5447705|9.301414|1.7827655|1395861586262
ST Gravity|-2.5159862|9.313111|1.7624314|1395861586282
ST Gravity|-2.5126228|9.306824|1.8000451|1395861586302
ST Gravity|-2.53278|9.277911|1.9172333|1395861586321
ST Gravity|-2.5843797|9.226376|2.0893483|1395861586340
ST Gravity|-2.6670103|9.151115|2.305328|1395861586364
ST Gravity|-2.7771478|9.047124|2.5704837|1395861586400
ST Gravity|-2.872403|8.948399|2.8010454|1395861586401
ST Gravity|-3.0042422|8.791475|3.1392496|1395861586419
ST Gravity|-3.1238875|8.619876|3.4798684|1395861586441
ST Gravity|-3.1872337|8.460195|3.799612|1395861586464
ST Gravity|-3.150761|8.317424|4.130809|1395861586502
ST Gravity|-3.0917408|8.228995|4.346858|1395861586503
ST Gravity|-2.9917297|8.162478|4.53805|1395861586523
ST Gravity|-2.9538608|8.150413|4.584307|1395861586563
ST Gravity|-3.0011182|8.126074|4.596806|1395861586564
ST Gravity|-3.0758665|8.046825|4.6859417|1395861586602
ST Gravity|-3.1112258|7.9893346|4.760378|1395861586603
ST Gravity|-3.1130776|7.9602265|4.807694|1395861586622
ST Gravity|-3.1036873|7.9596667|4.814688|1395861586661
ST Gravity|-3.1167943|7.9720006|4.785729|1395861586682
ST Gravity|-3.1434908|8.020634|4.6859684|1395861586702
ST Gravity|-3.1570506|8.07915|4.5750155|1395861586702
ST Gravity|-3.1571624|8.173099|4.4049044|1395861586740
ST Gravity|-3.1382203|8.280263|4.214167|1395861586761
ST Gravity|-3.1057067|8.394776|4.006583|1395861586784
ST Gravity|-3.0613253|8.51557|3.7793877|1395861586798
ST Gravity|-3.017082|8.616537|3.5809028|1395861586819
ST Gravity|-2.955233|8.753267|3.288965|1395861586839
ST Gravity|-2.8950498|8.87239|3.0116105|1395861586858
ST Gravity|-2.8212667|8.988126|2.7247844|1395861586880
ST Gravity|-2.7334435|9.097633|2.435517|1395861586899
ST Gravity|-2.6606662|9.173747|2.2211735|1395861586917
ST Gravity|-2.5590441|9.263391|1.9522496|1395861586938
ST Gravity|-2.4621797|9.332141|1.7375842|1395861586962
ST Gravity|-2.3844314|9.375993|1.604872|1395861586980
ST Gravity|-2.3384378|9.393989|1.5668726|1395861586998
ST Gravity|-2.3294518|9.389864|1.6045275|1395861587018
ST Gravity|-2.349923|9.358704|1.7501239|1395861587039
ST Gravity|-2.4124131|9.29416|1.9922994|1395861587058
ST Gravity|-2.5215364|9.194375|2.2968934|1395861587078
ST Gravity|-2.6711338|9.05918|2.6394477|1395861587099
ST Gravity|-2.7982593|8.936025|2.913349|1395861587117
ST Gravity|-2.967205|8.717777|3.3714163|1395861587138
ST Gravity|-3.0847616|8.531235|3.7246046|1395861587158
ST Gravity|-3.0777066|8.4045725|4.0076523|1395861587177
ST Gravity|-3.0150115|8.271317|4.3203497|1395861587198
ST Gravity|-2.968675|8.180697|4.520344|1395861587217
ST Gravity|-2.9051206|8.114789|4.677699|1395861587237
ST Gravity|-2.9179702|8.074013|4.739849|1395861587257
ST Gravity|-2.9902313|8.002521|4.815452|1395861587277
ST Gravity|-3.0686188|7.9040675|4.927441|1395861587297
ST Gravity|-3.0900867|7.847561|5.0037537|1395861587316
ST Gravity|-3.0767908|7.819789|5.05516|1395861587337
ST Gravity|-3.0737805|7.812964|5.067532|1395861587357
ST Gravity|-3.105228|7.8092546|5.054056|1395861587378
ST Gravity|-3.141938|7.8414354|4.9810143|1395861587397
ST Gravity|-3.153881|7.8963246|4.8858414|1395861587417
ST Gravity|-3.1504138|7.9912467|4.731306|1395861587438
ST Gravity|-3.128391|8.097539|4.5621753|1395861587457
ST Gravity|-3.0911736|8.213661|4.3761654|1395861587477
ST Gravity|-3.05171|8.365849|4.107315|1395861587497
ST Gravity|-3.0197573|8.481093|3.8887684|1395861587517
ST Gravity|-2.972057|8.627252|3.5927446|1395861587537
ST Gravity|-2.9292707|8.755031|3.3074465|1395861587557
ST Gravity|-2.8813|8.87467|3.0180702|1395861587577
ST Gravity|-2.8275414|8.983655|2.7330074|1395861587597
ST Gravity|-2.783328|9.0573|2.5276098|1395861587618
ST Gravity|-2.7208533|9.14335|2.2729952|1395861587638
ST Gravity|-2.6576343|9.213184|2.0553844|1395861587657
ST Gravity|-2.6028774|9.262542|1.897563|1395861587677
ST Gravity|-2.5674667|9.289511|1.8120459|1395861587698
ST Gravity|-2.5563753|9.295636|1.796236|1395861587717
ST Gravity|-2.5572588|9.286253|1.8429174|1395861587737
ST Gravity|-2.5851538|9.252985|1.9671358|1395861587757
ST Gravity|-2.645414|9.192377|2.1615667|1395861587777
ST Gravity|-2.7333667|9.099318|2.4293044|1395861587797
ST Gravity|-2.8170192|9.003636|2.677561|1395861587817
ST Gravity|-2.945658|8.84249|3.0502212|1395861587838
ST Gravity|-3.085936|8.657172|3.4206378|1395861587857
ST Gravity|-3.2001765|8.492437|3.7158806|1395861587878
ST Gravity|-3.2148356|8.360502|3.992147|1395861587897
ST Gravity|-3.1830928|8.237453|4.2641125|1395861587917
ST Gravity|-3.117877|8.099233|4.566361|1395861587937
ST Gravity|-3.0490565|8.0592785|4.682061|1395861587958
ST Gravity|-3.041606|8.048812|4.704855|1395861587977
ST Gravity|-3.0813782|8.009871|4.745254|1395861587997
ST Gravity|-3.1080642|7.9778414|4.7816715|1395861588017
ST Gravity|-3.1229851|7.943261|4.829282|1395861588038
ST Gravity|-3.1066625|7.924021|4.8712354|1395861588057
ST Gravity|-3.0913563|7.9230447|4.8825483|1395861588077
ST Gravity|-3.0994613|7.945917|4.8400555|1395861588117
ST Gravity|-3.1108136|7.981329|4.774056|1395861588117
ST Gravity|-3.1145082|8.053949|4.648025|1395861588137
ST Gravity|-3.1093128|8.15289|4.4758196|1395861588158
ST Gravity|-3.0989728|8.270367|4.26237|1395861588196
ST Gravity|-3.082812|8.400397|4.012477|1395861588217
ST Gravity|-3.0674703|8.500552|3.8081028|1395861588218
ST Gravity|-3.0385273|8.631506|3.5263107|1395861588238
ST Gravity|-3.0011292|8.760153|3.2285247|1395861588278
ST Gravity|-2.9599476|8.874944|2.9401524|1395861588298
ST Gravity|-2.904595|8.986256|2.642144|1395861588319
ST Gravity|-2.853666|9.064657|2.4205308|1395861588319
ST Gravity|-2.7760355|9.159341|2.1378686|1395861588360
ST Gravity|-2.6939023|9.23875|1.8864715|1395861588360
ST Gravity|-2.6172283|9.298207|1.6922872|1395861588400
ST Gravity|-2.56004|9.334489|1.5760462|1395861588418
ST Gravity|-2.537532|9.3464775|1.5410038|1395861588419
ST Gravity|-2.5366096|9.3431|1.5628414|1395861588456
ST Gravity|-2.5685458|9.316466|1.6662617|1395861588477
ST Gravity|-2.6358776|9.263188|1.8482105|1395861588500
ST Gravity|-2.732482|9.181188|2.099932|1395861588517
ST Gravity|-2.82088|9.099426|2.3266847|1395861588537
ST Gravity|-2.9561489|8.961681|2.6683035|1395861588560
ST Gravity|-3.1030881|8.794132|3.033892|1395861588579
ST Gravity|-3.2403114|8.618968|3.374044|1395861588600
ST Gravity|-3.3229904|8.468207|3.6630003|1395861588621
ST Gravity|-3.3423734|8.345094|3.9189696|1395861588621
ST Gravity|-3.31201|8.172344|4.2911267|1395861588661
ST Gravity|-3.2066445|8.093507|4.5147514|1395861588680
ST Gravity|-3.144408|8.057436|4.6217766|1395861588700
ST Gravity|-3.1628866|8.030044|4.6567073|1395861588718
ST Gravity|-3.2038267|8.007546|4.667449|1395861588739
ST Gravity|-3.2392836|7.9638724|4.7174335|1395861588760
ST Gravity|-3.249982|7.911817|4.796995|1395861588778
ST Gravity|-3.244958|7.8856153|4.843317|1395861588799
ST Gravity|-3.2553413|7.8921084|4.8257427|1395861588819
ST Gravity|-3.2775285|7.9103985|4.780564|1395861588840
ST Gravity|-3.3160737|7.952856|4.6825356|1395861588865
ST Gravity|-3.338461|8.020579|4.549218|1395861588867
ST Gravity|-3.3338726|8.111042|4.3893824|1395861588891
ST Gravity|-3.314554|8.213186|4.2104287|1395861588909
ST Gravity|-3.2974865|8.295386|4.059993|1395861588929
ST Gravity|-3.2577748|8.423872|3.8204265|1395861588950
ST Gravity|-3.2086248|8.557229|3.5565376|1395861588974
ST Gravity|-3.1541777|8.680234|3.2977383|1395861588989
ST Gravity|-3.0954375|8.795724|3.037084|1395861589010
ST Gravity|-3.0579402|8.867603|2.8609486|1395861589027
ST Gravity|-3.002476|8.961445|2.6168733|1395861589052
ST Gravity|-2.9425848|9.050402|2.3668175|1395861589067
ST Gravity|-2.877849|9.131476|2.1223848|1395861589091
ST Gravity|-2.8122344|9.1992035|1.9069343|1395861589127
ST Gravity|-2.7677782|9.238698|1.7765834|1395861589128
ST Gravity|-2.7269635|9.273426|1.654588|1395861589149
ST Gravity|-2.7190297|9.287918|1.5848774|1395861589174
ST Gravity|-2.7330704|9.289283|1.5524001|1395861589194
ST Gravity|-2.76094|9.28647|1.5195608|1395861589230
ST Gravity|-2.789382|9.286991|1.4634004|1395861589230
ST Gravity|-2.814134|9.296534|1.3511087|1395861589260
ST Gravity|-2.8485885|9.290778|1.3181039|1395861589286
ST Gravity|-2.8768718|9.283526|1.3077228|1395861589310
ST Gravity|-2.884021|9.288086|1.25867|1395861589330
ST Gravity|-2.8615|9.309374|1.14793|1395861589331
ST Gravity|-2.842034|9.329652|1.025097|1395861589356
ST Gravity|-2.84668|9.330838|1.0011222|1395861589393
ST Gravity|-2.8570185|9.3319235|0.9607373|1395861589394
ST Gravity|-2.8728664|9.33273|0.9039735|1395861589431
ST Gravity|-2.885702|9.33229|0.86688834|1395861589432
ST Gravity|-2.9039576|9.329702|0.8330915|1395861589450
ST Gravity|-2.917952|9.329993|0.779219|1395861589483
ST Gravity|-2.9342167|9.329315|0.72434014|1395861589501
ST Gravity|-2.9473913|9.329195|0.67037743|1395861589521
ST Gravity|-2.9555264|9.329723|0.62570655|1395861589541
ST Gravity|-2.961534|9.332056|0.5589362|1395861589560
ST Gravity|-2.9776697|9.329759|0.5093942|1395861589578
ST Gravity|-2.994472|9.325829|0.48212025|1395861589600
ST Gravity|-2.9895914|9.328337|0.4635334|1395861589620
ST Gravity|-2.9911797|9.327636|0.46738458|1395861589641
ST Gravity|-2.9980426|9.325339|0.46924213|1395861589664
ST Gravity|-3.0031657|9.324352|0.45590472|1395861589680
ST Gravity|-3.005105|9.324337|0.4432775|1395861589702
ST Gravity|-3.007047|9.323298|0.4518683|1395861589722
ST Gravity|-3.005217|9.323522|0.45937613|1395861589742
ST Gravity|-2.997209|9.325785|0.46567515|1395861589763
ST Gravity|-2.996381|9.324983|0.48657802|1395861589782
ST Gravity|-3.004388|9.320608|0.51988673|1395861589802
ST Gravity|-3.0198126|9.313584|0.5552127|1395861589823
ST Gravity|-3.0401182|9.305899|0.57298744|1395861589842
ST Gravity|-3.0742643|9.293878|0.5857661|1395861589862
ST Gravity|-3.1418579|9.272701|0.5622743|1395861589880
ST Gravity|-3.1513767|9.269828|0.55631965|1395861589905
ST Gravity|-3.1485462|9.2708025|0.5561225|1395861589923
ST Gravity|-3.1489956|9.270196|0.56363827|1395861589943
ST Gravity|-3.1489897|9.270715|0.5550629|1395861589960
ST Gravity|-3.1478424|9.271957|0.5406344|1395861589981
ST Gravity|-3.1447954|9.272703|0.5455575|1395861590001
ST Gravity|-3.1390593|9.273969|0.55697584|1395861590019
ST Gravity|-3.1293218|9.277016|0.5609742|1395861590039
ST Gravity|-3.1129289|9.282669|0.5586452|1395861590069
ST Gravity|-3.10514|9.285371|0.55712783|1395861590089
ST Gravity|-3.101745|9.286694|0.55397|1395861590108
ST Gravity|-3.1015077|9.287176|0.5471897|1395861590128
ST Gravity|-3.10252|9.287068|0.54324496|1395861590149
ST Gravity|-3.1031058|9.286569|0.54842687|1395861590167
ST Gravity|-3.1009197|9.286684|0.55872256|1395861590188
ST Gravity|-3.096179|9.287661|0.5687177|1395861590208
ST Gravity|-3.0902483|9.289157|0.5764584|1395861590227
ST Gravity|-3.0872188|9.289714|0.5836903|1395861590248
ST Gravity|-3.0860362|9.289134|0.59897953|1395861590269
ST Gravity|-3.0887382|9.287032|0.617334|1395861590288
ST Gravity|-3.0955398|9.283786|0.6319317|1395861590308
ST Gravity|-3.0950634|9.282655|0.65061104|1395861590328
ST Gravity|-3.0901976|9.2829075|0.6698501|1395861590349
ST Gravity|-3.0856776|9.282423|0.6968571|1395861590367
ST Gravity|-3.0734887|9.283036|0.74113|1395861590388
ST Gravity|-3.0750477|9.281095|0.7587958|1395861590408
ST Gravity|-3.0649085|9.285848|0.74143726|1395861590427
ST Gravity|-3.0261748|9.299009|0.73558974|1395861590447
ST Gravity|-2.9267046|9.331251|0.7297442|1395861590467
ST Gravity|-2.7717385|9.3774185|0.74288505|1395861590489
ST Gravity|-2.5490491|9.437963|0.7730473|1395861590509
ST Gravity|-2.2637112|9.508288|0.7990194|1395861590528
ST Gravity|-1.9912077|9.567022|0.8231635|1395861590552
ST Gravity|-1.5245318|9.648575|0.86672866|1395861590568
ST Gravity|-0.9400229|9.717376|0.92701286|1395861590589
ST Gravity|-0.21463001|9.745363|1.073411|1395861590609
ST Gravity|0.5341291|9.720925|1.1784323|1395861590628
ST Gravity|1.0642732|9.676475|1.1847204|1395861590649
ST Gravity|1.669661|9.592506|1.1689454|1395861590669
ST Gravity|2.1786146|9.489596|1.1711577|1395861590687
ST Gravity|2.5226808|9.402235|1.185105|1395861590707
ST Gravity|2.781763|9.327739|1.1939293|1395861590727
ST Gravity|2.964599|9.269299|1.2089881|1395861590748
ST Gravity|3.2219505|9.176912|1.2544757|1395861590767
ST Gravity|3.4980192|9.079765|1.2215226|1395861590788
ST Gravity|3.8081338|8.966601|1.1263188|1395861590807
ST Gravity|4.10731|8.856868|0.925354|1395861590827
ST Gravity|4.314598|8.764449|0.8596859|1395861590848
ST Gravity|4.5333347|8.636758|1.0127692|1395861590869
ST Gravity|4.72371|8.487422|1.3492949|1395861590889
ST Gravity|4.929803|8.319702|1.6278746|1395861590909
ST Gravity|5.1801085|8.168997|1.6138079|1395861590929
ST Gravity|5.3101277|8.091125|1.5832378|1395861590950
ST Gravity|5.3980904|8.056065|1.459737|1395861590972
ST Gravity|5.35415|8.131604|1.174946|1395861590989
ST Gravity|5.258525|8.230623|0.88041097|1395861591008
ST Gravity|5.1188807|8.335038|0.7032722|1395861591049
ST Gravity|4.9867387|8.421066|0.62328917|1395861591050
ST Gravity|4.7526317|8.564751|0.47741234|1395861591072
ST Gravity|4.4505095|8.732163|0.33570203|1395861591093
ST Gravity|4.130545|8.8904505|0.2624594|1395861591139
ST Gravity|3.7615|9.050108|0.34213412|1395861591156
ST Gravity|3.4702659|9.156827|0.5293179|1395861591158
ST Gravity|3.0648458|9.27993|0.81239194|1395861591177
ST Gravity|2.655792|9.39883|0.882695|1395861591197
ST Gravity|2.2328386|9.496209|1.0034058|1395861591218
ST Gravity|1.7651612|9.598987|0.95606416|1395861591238
ST Gravity|1.3744684|9.670833|0.86960757|1395861591257
ST Gravity|0.8140166|9.74169|0.7792618|1395861591277
ST Gravity|0.25357407|9.769789|0.8107629|1395861591298
ST Gravity|-0.25584817|9.760033|0.92016256|1395861591318
ST Gravity|-0.71144384|9.734494|0.950719|1395861591337
ST Gravity|-1.0386373|9.706995|0.93052524|1395861591367
ST Gravity|-1.4859099|9.649312|0.9237039|1395861591387
ST Gravity|-1.9268919|9.569013|0.9441797|1395861591407
ST Gravity|-2.3682954|9.4640045|0.9970833|1395861591427
ST Gravity|-2.7757642|9.329318|1.1955501|1395861591447
ST Gravity|-3.0641096|9.196534|1.4850501|1395861591467
ST Gravity|-3.4084578|8.989309|1.9352299|1395861591490
ST Gravity|-3.6981282|8.760213|2.3985205|1395861591492
ST Gravity|-3.9388473|8.500565|2.8976367|1395861591526
ST Gravity|-4.101261|8.198545|3.4833772|1395861591548
ST Gravity|-4.1356974|7.953314|3.976333|1395861591567
ST Gravity|-4.0837445|7.6179|4.632607|1395861591587
ST Gravity|-3.9845634|7.291558|5.2083426|1395861591607
ST Gravity|-3.8559244|6.9508553|5.743504|1395861591626
ST Gravity|-3.7018847|6.676333|6.155731|1395861591647
ST Gravity|-3.6418552|6.552395|6.322453|1395861591667
ST Gravity|-3.5948904|6.4580307|6.4452314|1395861591686
ST Gravity|-3.4393022|6.5388494|6.448646|1395861591707
ST Gravity|-3.3667784|6.495|6.53071|1395861591727
ST Gravity|-3.332207|6.4705353|6.572592|1395861591747
ST Gravity|-3.2403488|6.699228|6.3867726|1395861591766
ST Gravity|-3.1339698|6.883381|6.2424116|1395861591786
ST Gravity|-3.0716658|6.8895154|6.266566|1395861591807
ST Gravity|-3.0403214|6.793108|6.385962|1395861591827
ST Gravity|-3.0367658|6.4581428|6.7261314|1395861591847
ST Gravity|-3.0330465|6.2205086|6.9481153|1395861591867
ST Gravity|-2.9751499|5.968708|7.189812|1395861591887
ST Gravity|-2.8807034|5.797672|7.3660674|1395861591908
ST Gravity|-2.7784278|5.7672725|7.428949|1395861591926
ST Gravity|-2.6276562|5.7532563|7.494388|1395861591948
ST Gravity|-2.4712672|5.7403545|7.5572195|1395861591967
ST Gravity|-2.352052|5.652606|7.6606984|1395861591987
ST Gravity|-2.1974697|5.5053897|7.8123093|1395861592007
ST Gravity|-2.1424425|5.4293876|7.8804874|1395861592027
ST Gravity|-2.2697854|5.5230775|7.77908|1395861592049
ST Gravity|-2.4023402|5.6568184|7.6419606|1395861592067
ST Gravity|-2.4707787|5.7868633|7.521826|1395861592087
ST Gravity|-2.5569046|5.876175|7.4231544|1395861592112
ST Gravity|-2.5423024|5.886112|7.420294|1395861592126
ST Gravity|-2.399016|5.827518|7.5136642|1395861592148
ST Gravity|-2.262571|5.774694|7.596319|1395861592166
ST Gravity|-1.9303746|5.6718717|7.763628|1395861592186
ST Gravity|-1.8069979|5.6275873|7.8253064|1395861592212
ST Gravity|-1.7514833|5.5967517|7.8599668|1395861592226
ST Gravity|-1.7807081|5.587018|7.860325|1395861592247
ST Gravity|-1.8369217|5.592782|7.8432717|1395861592267
ST Gravity|-1.7404068|5.530629|7.909076|1395861592287
ST Gravity|-1.7728188|5.5091176|7.9168887|1395861592307
ST Gravity|-1.8039576|5.482955|7.9280086|1395861592327
ST Gravity|-1.751197|5.422507|7.981235|1395861592347
ST Gravity|-1.6836444|5.3620696|8.036414|1395861592366
ST Gravity|-1.5257617|5.197035|8.17516|1395861592387
ST Gravity|-1.5146396|5.1566896|8.202732|1395861592407
ST Gravity|-1.5366971|5.155351|8.1994705|1395861592427
ST Gravity|-1.5847585|5.1792297|8.175238|1395861592447
ST Gravity|-1.6473949|5.207662|8.144735|1395861592467
ST Gravity|-1.6629668|5.193051|8.150898|1395861592487
ST Gravity|-1.6645743|5.169235|8.165697|1395861592507
ST Gravity|-1.678592|5.165852|8.164968|1395861592527
ST Gravity|-1.6386989|5.1299767|8.195634|1395861592549
ST Gravity|-1.5831193|5.0740304|8.241257|1395861592566
ST Gravity|-1.533423|5.021068|8.282988|1395861592587
ST Gravity|-1.4883974|4.98854|8.310809|1395861592607
ST Gravity|-1.4441094|4.9693007|8.330127|1395861592627
ST Gravity|-1.4100702|4.9641623|8.339015|1395861592647
ST Gravity|-1.3988935|4.9680424|8.338587|1395861592667
ST Gravity|-1.4124879|4.9694924|8.335432|1395861592691
ST Gravity|-1.4450456|4.9675546|8.331006|1395861592707
ST Gravity|-1.4671763|4.954784|8.33474|1395861592728
ST Gravity|-1.4618206|4.9217257|8.355242|1395861592749
ST Gravity|-1.4439873|4.8972526|8.372705|1395861592767
ST Gravity|-1.4248813|4.8697267|8.392012|1395861592787
ST Gravity|-1.4013573|4.839232|8.413585|1395861592808
ST Gravity|-1.358805|4.8055663|8.43982|1395861592827
ST Gravity|-1.3034315|4.776315|8.465121|1395861592848
ST Gravity|-1.2507967|4.7578654|8.483431|1395861592867
ST Gravity|-1.1783948|4.7337885|8.507234|1395861592888
ST Gravity|-1.1063665|4.7122407|8.528841|1395861592908
ST Gravity|-1.0573905|4.705726|8.538645|1395861592927
ST Gravity|-1.0276326|4.707865|8.5411|1395861592949
ST Gravity|-1.003824|4.7069|8.54446|1395861592967
ST Gravity|-0.9606641|4.7023706|8.551913|1395861592987
ST Gravity|-0.9308866|4.69851|8.557325|1395861593007
ST Gravity|-0.92980087|4.6995|8.556901|1395861593028
ST Gravity|-0.9375021|4.707383|8.551726|1395861593048
ST Gravity|-0.993409|4.7447553|8.524719|1395861593068
ST Gravity|-1.1251478|4.810064|8.471583|1395861593089
ST Gravity|-1.2258201|4.856441|8.431057|1395861593109
ST Gravity|-1.2167839|4.838019|8.442951|1395861593134
ST Gravity|-1.1284821|4.772302|8.492471|1395861593168
ST Gravity|-1.0707041|4.7267365|8.525372|1395861593169
ST Gravity|-1.0448979|4.6987834|8.544004|1395861593188
ST Gravity|-1.0572848|4.6967645|8.54359|1395861593208
ST Gravity|-1.0530062|4.694712|8.545246|1395861593247
ST Gravity|-1.0629193|4.7112045|8.534937|1395861593267
ST Gravity|-1.0581684|4.7068357|8.537937|1395861593267
ST Gravity|-0.9965872|4.661857|8.569964|1395861593306
ST Gravity|-0.9167935|4.608095|8.607864|1395861593326
ST Gravity|-0.892369|4.590031|8.620074|1395861593347
ST Gravity|-0.9142747|4.6050606|8.609757|1395861593366
ST Gravity|-0.9493207|4.626663|8.594368|1395861593367
ST Gravity|-0.9902789|4.6514454|8.576352|1395861593406
ST Gravity|-1.0047092|4.6618133|8.569039|1395861593426
ST Gravity|-0.99842113|4.663382|8.56892|1395861593446
ST Gravity|-0.9894262|4.666397|8.568325|1395861593466
ST Gravity|-0.98846525|4.67155|8.565625|1395861593486
ST Gravity|-0.9979928|4.6827955|8.558379|1395861593506
ST Gravity|-1.0149189|4.694745|8.549836|1395861593526
ST Gravity|-1.0317614|4.703702|8.542894|1395861593548
ST Gravity|-1.0311699|4.7061267|8.541632|1395861593567
ST Gravity|-1.0211722|4.7025843|8.544781|1395861593587
ST Gravity|-1.0115185|4.7005153|8.54707|1395861593607
ST Gravity|-1.012716|4.7051406|8.544379|1395861593627
ST Gravity|-1.0171685|4.712842|8.539605|1395861593647
ST Gravity|-1.0118276|4.7174015|8.537724|1395861593666
ST Gravity|-1.0055414|4.720772|8.536603|1395861593687
ST Gravity|-1.0037937|4.7269206|8.533404|1395861593707
ST Gravity|-1.0057813|4.729932|8.531504|1395861593727
ST Gravity|-0.9992342|4.7299595|8.532256|1395861593748
ST Gravity|-0.9913502|4.7318254|8.532144|1395861593766
ST Gravity|-0.9891855|4.735797|8.530188|1395861593786
ST Gravity|-0.9918654|4.7442417|8.525184|1395861593806
ST Gravity|-0.9964599|4.7578135|8.517079|1395861593826
ST Gravity|-1.0036714|4.773851|8.507256|1395861593847
ST Gravity|-1.0023764|4.788877|8.498957|1395861593866
ST Gravity|-0.9945088|4.7971563|8.4952135|1395861593886
ST Gravity|-0.986674|4.8057346|8.491276|1395861593906
ST Gravity|-0.9827688|4.8096175|8.4895315|1395861593926
ST Gravity|-0.98134446|4.812564|8.488027|1395861593948
ST Gravity|-0.98575073|4.82066|8.482919|1395861593967
ST Gravity|-0.99772567|4.8348026|8.473466|1395861593987
ST Gravity|-1.0191802|4.8566704|8.458393|1395861594007
ST Gravity|-1.0397038|4.8726726|8.446682|1395861594027
ST Gravity|-1.0452656|4.876656|8.443699|1395861594047
ST Gravity|-1.0430386|4.87889|8.442683|1395861594068
ST Gravity|-1.04562|4.8843536|8.439204|1395861594087
ST Gravity|-1.0603881|4.895117|8.43112|1395861594107
ST Gravity|-1.0796186|4.9013505|8.425055|1395861594127
ST Gravity|-1.0990963|4.9033465|8.421373|1395861594148
ST Gravity|-1.1215801|4.9051905|8.417337|1395861594168
ST Gravity|-1.1375887|4.90545|8.415034|1395861594187
ST Gravity|-1.1525153|4.908957|8.410957|1395861594207
ST Gravity|-1.1610197|4.914137|8.406765|1395861594227
ST Gravity|-1.163171|4.92003|8.403018|1395861594247
ST Gravity|-1.163873|4.9262557|8.399272|1395861594267
ST Gravity|-1.1657398|4.929932|8.396856|1395861594287
ST Gravity|-1.1738701|4.937996|8.390983|1395861594307
ST Gravity|-1.1846081|4.9467807|8.384298|1395861594327
ST Gravity|-1.1835485|4.949778|8.382679|1395861594348
ST Gravity|-1.1783814|4.950047|8.383248|1395861594377
ST Gravity|-1.1849566|4.949123|8.382867|1395861594378
ST Gravity|-1.1809176|4.946936|8.3847275|1395861594417
ST Gravity|-1.1737738|4.9422975|8.388464|1395861594436
ST Gravity|-1.1695926|4.942149|8.389136|1395861594457
ST Gravity|-1.1692891|4.949719|8.384713|1395861594477
ST Gravity|-1.1715292|4.9568872|8.380167|1395861594497
ST Gravity|-1.1674657|4.961756|8.3778515|1395861594517
ST Gravity|-1.1534953|4.962719|8.379217|1395861594538
ST Gravity|-1.1386387|4.959908|8.382911|1395861594558
ST Gravity|-1.1253899|4.9542394|8.388052|1395861594577
ST Gravity|-1.1178199|4.9516926|8.390567|1395861594597
ST Gravity|-1.110048|4.9519463|8.391449|1395861594617
ST Gravity|-1.102132|4.9550223|8.3906765|1395861594647
ST Gravity|-1.0919923|4.9580345|8.390223|1395861594666
ST Gravity|-1.0802891|4.95939|8.390938|1395861594686
ST Gravity|-1.0749421|4.9621177|8.39001|1395861594687
ST Gravity|-1.0703447|4.972213|8.384621|1395861594707
ST Gravity|-1.0653437|4.9850907|8.377606|1395861594748
ST Gravity|-1.063928|4.9983244|8.369898|1395861594766
ST Gravity|-1.0643137|5.007929|8.364107|1395861594786
ST Gravity|-1.0625556|5.012179|8.361785|1395861594789
ST Gravity|-1.0588866|5.0142|8.361037|1395861594827
ST Gravity|-1.0563623|5.011045|8.36325|1395861594846
ST Gravity|-1.0537353|5.0097504|8.364356|1395861594867
ST Gravity|-1.0562323|5.012337|8.362492|1395861594887
ST Gravity|-1.0593672|5.014749|8.360647|1395861594888
ST Gravity|-1.0600177|5.0134325|8.361354|1395861594927
ST Gravity|-1.0569754|5.008877|8.364468|1395861594949
ST Gravity|-1.0600907|5.0081463|8.364513|1395861594967
ST Gravity|-1.0680587|5.0083585|8.363372|1395861594988
ST Gravity|-1.073262|5.009105|8.362258|1395861595008
ST Gravity|-1.079187|5.011144|8.360273|1395861595028
ST Gravity|-1.0873759|5.015011|8.356894|1395861595048
ST Gravity|-1.0972803|5.021292|8.351826|1395861595068
ST Gravity|-1.1064868|5.0243263|8.348786|1395861595087
ST Gravity|-1.1127241|5.0236626|8.348357|1395861595107
ST Gravity|-1.1207036|5.0232854|8.347514|1395861595127
ST Gravity|-1.1255529|5.024008|8.346429|1395861595148
ST Gravity|-1.1297487|5.025842|8.344757|1395861595168
ST Gravity|-1.1362644|5.0281663|8.342473|1395861595188
ST Gravity|-1.141409|5.0279093|8.341924|1395861595207
ST Gravity|-1.1450082|5.0215564|8.345257|1395861595227
ST Gravity|-1.1494781|5.0157647|8.348126|1395861595248
ST Gravity|-1.1549557|5.012714|8.349202|1395861595267
ST Gravity|-1.1586473|5.0125794|8.348772|1395861595288
ST Gravity|-1.1631843|5.014085|8.347235|1395861595308
ST Gravity|-1.1715174|5.0159264|8.344964|1395861595327
ST Gravity|-1.1779509|5.0176387|8.34303|1395861595348
ST Gravity|-1.1841815|5.0204835|8.340433|1395861595367
ST Gravity|-1.1903453|5.0225916|8.338289|1395861595387
ST Gravity|-1.1969355|5.0217423|8.337856|1395861595406
ST Gravity|-1.2066239|5.016993|8.339319|1395861595427
ST Gravity|-1.2156286|5.010422|8.341962|1395861595447
ST Gravity|-1.2223992|5.008872|8.341902|1395861595468
ST Gravity|-1.2284591|5.011876|8.33921|1395861595486
ST Gravity|-1.2308551|5.0158796|8.336446|1395861595507
ST Gravity|-1.246374|5.032158|8.324322|1395861595527
ST Gravity|-1.2778208|5.0386114|8.315648|1395861595548
ST Gravity|-1.2788186|5.026888|8.322583|1395861595567
ST Gravity|-1.2642833|5.006212|8.3372555|1395861595588
ST Gravity|-1.2588917|4.9960155|8.344183|1395861595607
ST Gravity|-1.2602285|4.9905305|8.347265|1395861595627
ST Gravity|-1.2630816|4.9868493|8.349033|1395861595647
ST Gravity|-1.2557163|4.97774|8.355577|1395861595667
ST Gravity|-1.2444592|4.967705|8.363231|1395861595688
ST Gravity|-1.2384279|4.9597874|8.368823|1395861595707
ST Gravity|-1.2317617|4.9521112|8.3743515|1395861595727
ST Gravity|-1.2244297|4.9472775|8.378283|1395861595751
ST Gravity|-1.2190723|4.94576|8.379959|1395861595767
ST Gravity|-1.214721|4.9473724|8.379639|1395861595787
ST Gravity|-1.2126899|4.9487014|8.3791485|1395861595807
ST Gravity|-1.210461|4.949667|8.3789|1395861595828
ST Gravity|-1.2077475|4.952|8.3779125|1395861595847
ST Gravity|-1.2095069|4.9566517|8.374908|1395861595869
ST Gravity|-1.2124238|4.961066|8.371872|1395861595887
ST Gravity|-1.2108597|4.9626184|8.371177|1395861595917
ST Gravity|-1.2068608|4.9641356|8.370857|1395861595937
ST Gravity|-1.2049611|4.9663005|8.369847|1395861595957
ST Gravity|-1.2057273|4.9684696|8.368447|1395861595977
ST Gravity|-1.2016636|4.971281|8.367362|1395861595998
ST Gravity|-1.1965117|4.973205|8.366956|1395861596016
ST Gravity|-1.1875373|4.9757943|8.366697|1395861596039
ST Gravity|-1.1824071|4.9805303|8.364605|1395861596056
ST Gravity|-1.1852558|4.989199|8.359034|1395861596077
ST Gravity|-1.1902027|4.999922|8.35192|1395861596097
ST Gravity|-1.193914|5.009922|8.345396|1395861596117
ST Gravity|-1.200267|5.022455|8.336948|1395861596137
ST Gravity|-1.2064506|5.0304737|8.331217|1395861596156
ST Gravity|-1.2160397|5.039542|8.324341|1395861596177
ST Gravity|-1.232069|5.0482726|8.3166895|1395861596197
ST Gravity|-1.243369|5.0527196|8.312307|1395861596217
ST Gravity|-1.2582158|5.059549|8.305916|1395861596237
ST Gravity|-1.269736|5.0697327|8.29795|1395861596257
ST Gravity|-1.2807913|5.0807037|8.2895355|1395861596277
ST Gravity|-1.3083767|5.0993347|8.273773|1395861596298
ST Gravity|-1.3189598|5.1060514|8.267949|1395861596317
ST Gravity|-1.3138583|5.103726|8.270197|1395861596338
ST Gravity|-1.3089117|5.103203|8.271304|1395861596357
ST Gravity|-1.3188845|5.108599|8.266388|1395861596377
ST Gravity|-1.3348593|5.11599|8.259249|1395861596397
ST Gravity|-1.3571417|5.125262|8.249863|1395861596417
ST Gravity|-1.3739333|5.1317754|8.24303|1395861596440
ST Gravity|-1.3876288|5.137802|8.236982|1395861596457
ST Gravity|-1.4003031|5.14432|8.230767|1395861596477
ST Gravity|-1.4262236|5.1492925|8.223202|1395861596497
ST Gravity|-1.4237432|5.150704|8.222749|1395861596518
ST Gravity|-1.4111516|5.1502314|8.225216|1395861596537
ST Gravity|-1.3973018|5.1471786|8.229487|1395861596557
