AK8963 3-axis Magnetic field sensor|11.28|-44.219997|-10.559999|1395861613034
AK8963 3-axis Magnetic field sensor|10.679999|-45.66|-11.099999|1395861613055
AK8963 3-axis Magnetic field sensor|10.26|-46.2|-11.7|1395861613074
AK8963 3-axis Magnetic field sensor|10.44|-45.539997|-11.4|1395861613095
AK8963 3-axis Magnetic field sensor|10.0199995|-45.36|-12.179999|1395861613115
AK8963 3-axis Magnetic field sensor|10.44|-44.34|-12.78|1395861613136
AK8963 3-axis Magnetic field sensor|10.74|-43.5|-13.74|1395861613155
AK8963 3-axis Magnetic field sensor|10.679999|-44.219997|-12.96|1395861613176
AK8963 3-axis Magnetic field sensor|10.8|-43.86|-13.259999|1395861613196
AK8963 3-axis Magnetic field sensor|10.86|-43.26|-13.74|1395861613216
AK8963 3-axis Magnetic field sensor|11.28|-42.84|-14.28|1395861613235
AK8963 3-axis Magnetic field sensor|11.58|-42.18|-14.639999|1395861613256
AK8963 3-axis Magnetic field sensor|12.0|-41.879997|-14.82|1395861613276
AK8963 3-axis Magnetic field sensor|12.12|-41.64|-15.0|1395861613296
AK8963 3-axis Magnetic field sensor|12.48|-41.219997|-14.759999|1395861613317
AK8963 3-axis Magnetic field sensor|12.84|-40.86|-14.82|1395861613337
AK8963 3-axis Magnetic field sensor|13.08|-40.44|-15.12|1395861613357
AK8963 3-axis Magnetic field sensor|13.5|-40.02|-15.179999|1395861613378
AK8963 3-axis Magnetic field sensor|13.62|-39.6|-15.12|1395861613398
AK8963 3-axis Magnetic field sensor|14.099999|-39.18|-15.24|1395861613418
AK8963 3-axis Magnetic field sensor|14.46|-38.7|-15.36|1395861613438
AK8963 3-axis Magnetic field sensor|14.94|-38.219997|-15.48|1395861613458
AK8963 3-axis Magnetic field sensor|15.42|-37.92|-15.78|1395861613479
AK8963 3-axis Magnetic field sensor|15.9|-37.559998|-15.9|1395861613498
AK8963 3-axis Magnetic field sensor|16.38|-37.32|-15.66|1395861613519
AK8963 3-axis Magnetic field sensor|16.8|-36.96|-15.36|1395861613539
AK8963 3-axis Magnetic field sensor|17.4|-36.6|-14.88|1395861613559
AK8963 3-axis Magnetic field sensor|18.0|-36.48|-14.099999|1395861613579
AK8963 3-axis Magnetic field sensor|18.779999|-36.059998|-13.139999|1395861613599
AK8963 3-axis Magnetic field sensor|19.74|-35.64|-11.639999|1395861613619
AK8963 3-axis Magnetic field sensor|20.82|-34.92|-9.84|1395861613639
AK8963 3-axis Magnetic field sensor|22.02|-33.719997|-8.04|1395861613659
AK8963 3-axis Magnetic field sensor|23.519999|-32.1|-6.3599997|1395861613680
AK8963 3-axis Magnetic field sensor|25.199999|-29.82|-4.7999997|1395861613700
AK8963 3-axis Magnetic field sensor|27.0|-27.06|-3.4199998|1395861613719
AK8963 3-axis Magnetic field sensor|28.5|-23.64|-2.1|1395861613740
AK8963 3-axis Magnetic field sensor|30.179998|-20.16|-0.84|1395861613760
AK8963 3-axis Magnetic field sensor|31.439999|-16.02|0.06|1395861613780
AK8963 3-axis Magnetic field sensor|32.28|-11.94|0.35999998|1395861613800
AK8963 3-axis Magnetic field sensor|33.059998|-7.98|0.84|1395861613820
AK8963 3-axis Magnetic field sensor|33.54|-4.3199997|0.9|1395861613840
AK8963 3-axis Magnetic field sensor|33.78|-1.14|0.84|1395861613860
AK8963 3-axis Magnetic field sensor|33.719997|1.62|0.78|1395861613880
AK8963 3-axis Magnetic field sensor|33.48|4.02|0.59999996|1395861613900
AK8963 3-axis Magnetic field sensor|32.88|6.12|0.12|1395861613920
AK8963 3-axis Magnetic field sensor|32.52|7.62|-0.42|1395861613941
AK8963 3-axis Magnetic field sensor|32.04|9.12|-0.71999997|1395861613960
AK8963 3-axis Magnetic field sensor|31.38|10.38|-1.14|1395861613981
AK8963 3-axis Magnetic field sensor|30.9|11.759999|-1.56|1395861614000
AK8963 3-axis Magnetic field sensor|30.359999|12.96|-1.62|1395861614019
AK8963 3-axis Magnetic field sensor|29.82|13.98|-1.92|1395861614039
AK8963 3-axis Magnetic field sensor|29.64|14.94|-2.3999999|1395861614059
AK8963 3-axis Magnetic field sensor|29.4|15.54|-2.8799999|1395861614079
AK8963 3-axis Magnetic field sensor|29.4|16.32|-3.4199998|1395861614099
AK8963 3-axis Magnetic field sensor|29.16|16.68|-4.14|1395861614119
AK8963 3-axis Magnetic field sensor|28.199999|17.279999|-8.46|1395861614240
AK8963 3-axis Magnetic field sensor|27.42|17.64|-9.36|1395861614261
AK8963 3-axis Magnetic field sensor|26.88|17.94|-10.26|1395861614281
AK8963 3-axis Magnetic field sensor|26.22|18.24|-10.98|1395861614300
AK8963 3-axis Magnetic field sensor|25.08|18.779999|-12.059999|1395861614320
AK8963 3-axis Magnetic field sensor|24.539999|18.66|-12.719999|1395861614341
AK8963 3-axis Magnetic field sensor|23.82|18.779999|-14.04|1395861614361
AK8963 3-axis Magnetic field sensor|23.88|18.24|-15.0|1395861614381
AK8963 3-axis Magnetic field sensor|24.06|17.64|-15.719999|1395861614401
AK8963 3-axis Magnetic field sensor|24.119999|16.619999|-16.68|1395861614421
AK8963 3-axis Magnetic field sensor|24.0|15.42|-17.64|1395861614441
AK8963 3-axis Magnetic field sensor|24.3|14.28|-18.539999|1395861614462
AK8963 3-axis Magnetic field sensor|24.9|12.36|-19.439999|1395861614481
AK8963 3-axis Magnetic field sensor|24.9|10.5|-20.4|1395861614501
AK8963 3-axis Magnetic field sensor|25.199999|8.46|-21.359999|1395861614519
AK8963 3-axis Magnetic field sensor|25.38|5.94|-22.02|1395861614538
AK8963 3-axis Magnetic field sensor|25.439999|3.06|-22.619999|1395861614559
AK8963 3-axis Magnetic field sensor|25.38|0.06|-22.8|1395861614579
AK8963 3-axis Magnetic field sensor|25.38|-3.0|-22.92|1395861614599
AK8963 3-axis Magnetic field sensor|25.32|-6.6|-23.1|1395861614619
AK8963 3-axis Magnetic field sensor|24.84|-9.9|-23.519999|1395861614640
AK8963 3-axis Magnetic field sensor|24.06|-13.2|-23.88|1395861614660
AK8963 3-axis Magnetic field sensor|22.619999|-16.02|-24.42|1395861614680
AK8963 3-axis Magnetic field sensor|21.0|-18.24|-25.26|1395861614700
AK8963 3-axis Magnetic field sensor|19.08|-20.52|-26.34|1395861614720
AK8963 3-axis Magnetic field sensor|17.1|-22.439999|-27.539999|1395861614740
AK8963 3-axis Magnetic field sensor|14.58|-23.939999|-28.92|1395861614760
AK8963 3-axis Magnetic field sensor|11.7|-24.84|-30.179998|1395861614780
AK8963 3-axis Magnetic field sensor|8.7|-25.199999|-31.26|1395861614801
AK8963 3-axis Magnetic field sensor|5.7|-24.96|-32.88|1395861614821
AK8963 3-axis Magnetic field sensor|3.0|-24.9|-34.079998|1395861614840
AK8963 3-axis Magnetic field sensor|0.24|-24.119999|-35.28|1395861614860
AK8963 3-axis Magnetic field sensor|-2.58|-22.68|-36.239998|1395861614881
AK8963 3-axis Magnetic field sensor|-5.3399997|-21.06|-36.84|1395861614901
AK8963 3-axis Magnetic field sensor|-7.9199996|-19.619999|-37.26|1395861614921
AK8963 3-axis Magnetic field sensor|-10.32|-18.0|-37.44|1395861614946
AK8963 3-axis Magnetic field sensor|-12.84|-16.74|-37.44|1395861614961
AK8963 3-axis Magnetic field sensor|-15.299999|-15.78|-36.84|1395861614981
AK8963 3-axis Magnetic field sensor|-17.76|-14.82|-36.239998|1395861615002
AK8963 3-axis Magnetic field sensor|-20.1|-14.7|-35.28|1395861615019
AK8963 3-axis Magnetic field sensor|-21.66|-14.94|-34.2|1395861615039
AK8963 3-axis Magnetic field sensor|-23.1|-15.42|-32.94|1395861615059
AK8963 3-axis Magnetic field sensor|-24.6|-15.78|-31.92|1395861615079
AK8963 3-axis Magnetic field sensor|-25.68|-16.5|-30.84|1395861615099
AK8963 3-axis Magnetic field sensor|-26.4|-17.1|-29.88|1395861615119
AK8963 3-axis Magnetic field sensor|-26.939999|-17.76|-28.92|1395861615140
AK8963 3-axis Magnetic field sensor|-27.06|-18.6|-27.779999|1395861615160
AK8963 3-axis Magnetic field sensor|-27.779999|-25.74|-21.0|1395861615300
AK8963 3-axis Magnetic field sensor|-27.779999|-27.119999|-20.58|1395861615320
AK8963 3-axis Magnetic field sensor|-27.24|-28.74|-20.039999|1395861615340
AK8963 3-axis Magnetic field sensor|-26.519999|-30.0|-19.5|1395861615360
AK8963 3-axis Magnetic field sensor|-25.8|-31.5|-19.199999|1395861615381
AK8963 3-axis Magnetic field sensor|-24.84|-32.46|-18.96|1395861615400
AK8963 3-axis Magnetic field sensor|-23.58|-33.96|-18.6|1395861615421
AK8963 3-axis Magnetic field sensor|-22.26|-35.399998|-17.94|1395861615441
AK8963 3-axis Magnetic field sensor|-20.699999|-37.079998|-17.34|1395861615461
AK8963 3-axis Magnetic field sensor|-18.96|-38.579998|-16.32|1395861615481
AK8963 3-axis Magnetic field sensor|-17.82|-39.96|-15.12|1395861615501
AK8963 3-axis Magnetic field sensor|-16.8|-41.28|-14.28|1395861615519
AK8963 3-axis Magnetic field sensor|-15.96|-42.12|-13.38|1395861615539
AK8963 3-axis Magnetic field sensor|-14.94|-43.26|-12.599999|1395861615559
AK8963 3-axis Magnetic field sensor|-14.46|-43.98|-11.94|1395861615579
AK8963 3-axis Magnetic field sensor|-13.98|-44.64|-11.7|1395861615599
AK8963 3-axis Magnetic field sensor|-13.74|-44.879997|-11.34|1395861615619
AK8963 3-axis Magnetic field sensor|-13.62|-44.879997|-11.04|1395861615639
AK8963 3-axis Magnetic field sensor|-13.559999|-44.879997|-11.099999|1395861615663
AK8963 3-axis Magnetic field sensor|-13.559999|-44.82|-10.62|1395861615682
AK8963 3-axis Magnetic field sensor|-13.62|-44.82|-10.44|1395861615703
AK8963 3-axis Magnetic field sensor|-13.679999|-44.579998|-10.32|1395861615723
AK8963 3-axis Magnetic field sensor|-13.799999|-45.059998|-10.0199995|1395861615743
AK8963 3-axis Magnetic field sensor|-14.34|-44.94|-9.84|1395861615764
AK8963 3-axis Magnetic field sensor|-14.88|-45.12|-9.24|1395861615785
AK8963 3-axis Magnetic field sensor|-15.42|-45.36|-8.88|1395861615805
AK8963 3-axis Magnetic field sensor|-16.08|-45.48|-8.46|1395861615825
AK8963 3-axis Magnetic field sensor|-16.32|-45.539997|-8.7|1395861615845
AK8963 3-axis Magnetic field sensor|-16.74|-45.42|-8.94|1395861615865
AK8963 3-axis Magnetic field sensor|-17.1|-45.36|-9.42|1395861615885
AK8963 3-axis Magnetic field sensor|-17.279999|-44.82|-10.26|1395861615905
AK8963 3-axis Magnetic field sensor|-17.16|-44.579998|-10.92|1395861615925
AK8963 3-axis Magnetic field sensor|-16.92|-44.34|-12.0|1395861615945
AK8963 3-axis Magnetic field sensor|-16.619999|-44.219997|-12.9|1395861615965
AK8963 3-axis Magnetic field sensor|-16.199999|-44.16|-13.799999|1395861615985
AK8963 3-axis Magnetic field sensor|-15.78|-44.04|-14.34|1395861616005
AK8963 3-axis Magnetic field sensor|-15.42|-44.46|-14.5199995|1395861616026
AK8963 3-axis Magnetic field sensor|-15.24|-44.7|-14.28|1395861616046
AK8963 3-axis Magnetic field sensor|-15.299999|-44.82|-14.219999|1395861616066
AK8963 3-axis Magnetic field sensor|-15.12|-45.12|-13.92|1395861616087
AK8963 3-axis Magnetic field sensor|-15.36|-45.18|-13.679999|1395861616107
AK8963 3-axis Magnetic field sensor|-15.599999|-45.059998|-13.62|1395861616127
AK8963 3-axis Magnetic field sensor|-15.48|-45.0|-13.5|1395861616147
AK8963 3-axis Magnetic field sensor|-15.719999|-44.76|-13.98|1395861616166
AK8963 3-axis Magnetic field sensor|-15.66|-44.52|-14.219999|1395861616186
AK8963 3-axis Magnetic field sensor|-15.78|-44.399998|-14.88|1395861616207
AK8963 3-axis Magnetic field sensor|-15.719999|-43.98|-15.299999|1395861616227
AK8963 3-axis Magnetic field sensor|-15.96|-43.44|-15.78|1395861616247
AK8963 3-axis Magnetic field sensor|-15.78|-43.14|-16.38|1395861616267
AK8963 3-axis Magnetic field sensor|-15.66|-42.84|-16.8|1395861616288
AK8963 3-axis Magnetic field sensor|-15.839999|-42.78|-17.279999|1395861616307
AK8963 3-axis Magnetic field sensor|-15.96|-42.719997|-17.52|1395861616327
AK8963 3-axis Magnetic field sensor|-16.08|-42.48|-18.119999|1395861616347
AK8963 3-axis Magnetic field sensor|-15.9|-42.12|-18.359999|1395861616367
AK8963 3-axis Magnetic field sensor|-15.96|-42.059998|-18.66|1395861616388
AK8963 3-axis Magnetic field sensor|-15.839999|-42.18|-19.199999|1395861616407
AK8963 3-axis Magnetic field sensor|-15.78|-41.94|-19.98|1395861616427
AK8963 3-axis Magnetic field sensor|-15.599999|-41.76|-20.46|1395861616448
AK8963 3-axis Magnetic field sensor|-15.48|-41.46|-21.24|1395861616468
AK8963 3-axis Magnetic field sensor|-15.179999|-41.1|-21.72|1395861616488
AK8963 3-axis Magnetic field sensor|-15.059999|-40.5|-22.32|1395861616507
AK8963 3-axis Magnetic field sensor|-14.7|-39.78|-22.859999|1395861616528
AK8963 3-axis Magnetic field sensor|-14.46|-39.54|-23.4|1395861616548
AK8963 3-axis Magnetic field sensor|-14.16|-39.0|-23.64|1395861616568
AK8963 3-axis Magnetic field sensor|-14.16|-38.34|-23.76|1395861616588
AK8963 3-axis Magnetic field sensor|-13.98|-37.86|-24.0|1395861616608
AK8963 3-axis Magnetic field sensor|-14.099999|-37.26|-24.24|1395861616628
AK8963 3-axis Magnetic field sensor|-14.16|-37.02|-24.359999|1395861616648
AK8963 3-axis Magnetic field sensor|-14.099999|-36.899998|-24.72|1395861616668
AK8963 3-axis Magnetic field sensor|-14.4|-36.899998|-25.019999|1395861616688
AK8963 3-axis Magnetic field sensor|-14.28|-36.48|-25.08|1395861616709
AK8963 3-axis Magnetic field sensor|-14.219999|-36.54|-25.199999|1395861616728
AK8963 3-axis Magnetic field sensor|-14.099999|-36.78|-25.199999|1395861616748
AK8963 3-axis Magnetic field sensor|-14.219999|-36.899998|-25.019999|1395861616768
AK8963 3-axis Magnetic field sensor|-14.28|-37.2|-24.72|1395861616789
AK8963 3-axis Magnetic field sensor|-14.4|-37.32|-24.48|1395861616809
AK8963 3-axis Magnetic field sensor|-14.639999|-37.68|-24.0|1395861616829
AK8963 3-axis Magnetic field sensor|-14.759999|-38.28|-23.34|1395861616848
AK8963 3-axis Magnetic field sensor|-15.12|-39.0|-22.74|1395861616869
AK8963 3-axis Magnetic field sensor|-15.599999|-39.48|-22.14|1395861616889
AK8963 3-axis Magnetic field sensor|-15.9|-40.14|-21.359999|1395861616909
AK8963 3-axis Magnetic field sensor|-16.26|-40.86|-20.58|1395861616929
AK8963 3-axis Magnetic field sensor|-16.74|-41.399998|-19.74|1395861616949
AK8963 3-axis Magnetic field sensor|-16.98|-42.059998|-18.72|1395861616969
AK8963 3-axis Magnetic field sensor|-17.46|-42.54|-17.64|1395861616990
AK8963 3-axis Magnetic field sensor|-17.88|-42.899998|-16.859999|1395861617010
AK8963 3-axis Magnetic field sensor|-18.119999|-43.379997|-16.08|1395861617029
AK8963 3-axis Magnetic field sensor|-18.42|-43.44|-15.54|1395861617050
AK8963 3-axis Magnetic field sensor|-18.779999|-43.739998|-15.24|1395861617070
AK8963 3-axis Magnetic field sensor|-19.08|-43.739998|-15.36|1395861617090
AK8963 3-axis Magnetic field sensor|-19.32|-43.86|-15.24|1395861617110
AK8963 3-axis Magnetic field sensor|-19.5|-43.86|-15.719999|1395861617130
AK8963 3-axis Magnetic field sensor|-19.38|-43.739998|-16.26|1395861617150
AK8963 3-axis Magnetic field sensor|-19.26|-43.5|-16.859999|1395861617170
AK8963 3-axis Magnetic field sensor|-19.26|-42.899998|-17.82|1395861617190
AK8963 3-axis Magnetic field sensor|-18.96|-42.54|-18.96|1395861617211
AK8963 3-axis Magnetic field sensor|-18.48|-41.94|-20.1|1395861617231
AK8963 3-axis Magnetic field sensor|-17.82|-41.04|-21.0|1395861617250
AK8963 3-axis Magnetic field sensor|-17.46|-40.2|-22.439999|1395861617271
AK8963 3-axis Magnetic field sensor|-17.1|-39.3|-23.46|1395861617295
AK8963 3-axis Magnetic field sensor|-16.74|-38.579998|-24.3|1395861617315
AK8963 3-axis Magnetic field sensor|-16.44|-37.86|-25.199999|1395861617335
AK8963 3-axis Magnetic field sensor|-16.26|-37.26|-25.68|1395861617355
AK8963 3-axis Magnetic field sensor|-16.199999|-36.66|-26.099998|1395861617375
AK8963 3-axis Magnetic field sensor|-16.38|-36.12|-26.279999|1395861617395
AK8963 3-axis Magnetic field sensor|-16.619999|-36.12|-26.46|1395861617415
AK8963 3-axis Magnetic field sensor|-16.44|-36.12|-26.279999|1395861617435
AK8963 3-axis Magnetic field sensor|-16.5|-36.059998|-26.22|1395861617456
AK8963 3-axis Magnetic field sensor|-16.619999|-36.12|-26.16|1395861617476
AK8963 3-axis Magnetic field sensor|-16.859999|-36.42|-25.98|1395861617496
AK8963 3-axis Magnetic field sensor|-16.92|-36.84|-25.859999|1395861617515
AK8963 3-axis Magnetic field sensor|-17.039999|-37.5|-25.32|1395861617536
AK8963 3-axis Magnetic field sensor|-17.039999|-38.04|-24.96|1395861617556
AK8963 3-axis Magnetic field sensor|-17.039999|-38.7|-23.82|1395861617576
AK8963 3-axis Magnetic field sensor|-17.22|-39.42|-22.56|1395861617597
AK8963 3-axis Magnetic field sensor|-17.34|-40.26|-21.359999|1395861617617
AK8963 3-axis Magnetic field sensor|-17.4|-41.28|-19.98|1395861617637
AK8963 3-axis Magnetic field sensor|-17.4|-42.0|-18.539999|1395861617657
AK8963 3-axis Magnetic field sensor|-17.4|-42.719997|-16.98|1395861617677
AK8963 3-axis Magnetic field sensor|-17.52|-43.32|-15.599999|1395861617697
AK8963 3-axis Magnetic field sensor|-17.82|-43.68|-14.16|1395861617717
AK8963 3-axis Magnetic field sensor|-18.3|-43.98|-13.44|1395861617737
AK8963 3-axis Magnetic field sensor|-18.48|-44.16|-13.139999|1395861617757
AK8963 3-axis Magnetic field sensor|-18.72|-44.219997|-12.9|1395861617777
AK8963 3-axis Magnetic field sensor|-18.96|-44.219997|-13.139999|1395861617797
AK8963 3-axis Magnetic field sensor|-19.08|-44.1|-13.2|1395861617817
AK8963 3-axis Magnetic field sensor|-19.32|-44.04|-13.799999|1395861617838
AK8963 3-axis Magnetic field sensor|-19.619999|-43.559998|-14.46|1395861617857
AK8963 3-axis Magnetic field sensor|-19.199999|-43.32|-15.599999|1395861617878
AK8963 3-axis Magnetic field sensor|-18.84|-42.899998|-16.619999|1395861617898
AK8963 3-axis Magnetic field sensor|-18.48|-42.54|-18.0|1395861617918
AK8963 3-axis Magnetic field sensor|-18.06|-41.82|-19.26|1395861617938
AK8963 3-axis Magnetic field sensor|-17.58|-40.86|-20.46|1395861617958
AK8963 3-axis Magnetic field sensor|-17.22|-39.96|-21.9|1395861617978
AK8963 3-axis Magnetic field sensor|-16.859999|-38.879997|-23.039999|1395861617998
AK8963 3-axis Magnetic field sensor|-16.619999|-38.219997|-24.0|1395861618016
AK8963 3-axis Magnetic field sensor|-16.859999|-37.62|-24.72|1395861618037
AK8963 3-axis Magnetic field sensor|-16.98|-36.84|-25.56|1395861618057
AK8963 3-axis Magnetic field sensor|-17.1|-36.12|-25.92|1395861618077
AK8963 3-axis Magnetic field sensor|-17.34|-35.579998|-26.34|1395861618096
AK8963 3-axis Magnetic field sensor|-17.46|-35.1|-26.699999|1395861618118
AK8963 3-axis Magnetic field sensor|-17.76|-35.04|-26.88|1395861618139
AK8963 3-axis Magnetic field sensor|-17.88|-34.8|-27.06|1395861618158
AK8963 3-axis Magnetic field sensor|-17.94|-34.559998|-27.119999|1395861618178
AK8963 3-axis Magnetic field sensor|-17.88|-34.739998|-27.359999|1395861618199
AK8963 3-axis Magnetic field sensor|-17.76|-35.1|-27.24|1395861618218
AK8963 3-axis Magnetic field sensor|-17.82|-35.52|-26.939999|1395861618243
AK8963 3-axis Magnetic field sensor|-17.88|-36.12|-26.519999|1395861618262
AK8963 3-axis Magnetic field sensor|-18.0|-36.96|-25.92|1395861618283
AK8963 3-axis Magnetic field sensor|-17.82|-37.5|-25.38|1395861618303
AK8963 3-axis Magnetic field sensor|-17.76|-38.579998|-24.48|1395861618322
AK8963 3-axis Magnetic field sensor|-17.58|-39.54|-23.82|1395861618343
AK8963 3-axis Magnetic field sensor|-17.76|-40.26|-22.56|1395861618363
AK8963 3-axis Magnetic field sensor|-17.82|-40.98|-21.42|1395861618383
AK8963 3-axis Magnetic field sensor|-17.82|-41.7|-20.279999|1395861618404
AK8963 3-axis Magnetic field sensor|-17.94|-42.3|-19.26|1395861618424
AK8963 3-axis Magnetic field sensor|-18.24|-42.96|-18.359999|1395861618444
AK8963 3-axis Magnetic field sensor|-18.48|-43.62|-17.46|1395861618464
AK8963 3-axis Magnetic field sensor|-18.9|-43.86|-16.92|1395861618484
AK8963 3-axis Magnetic field sensor|-19.199999|-44.04|-16.5|1395861618504
AK8963 3-axis Magnetic field sensor|-19.32|-44.1|-16.26|1395861618525
AK8963 3-axis Magnetic field sensor|-19.5|-44.1|-16.199999|1395861618545
AK8963 3-axis Magnetic field sensor|-19.619999|-43.98|-16.38|1395861618566
AK8963 3-axis Magnetic field sensor|-19.56|-44.04|-16.56|1395861618586
AK8963 3-axis Magnetic field sensor|-19.08|-43.5|-17.039999|1395861618606
AK8963 3-axis Magnetic field sensor|-18.84|-43.079998|-17.76|1395861618626
AK8963 3-axis Magnetic field sensor|-18.6|-42.54|-18.539999|1395861618646
AK8963 3-axis Magnetic field sensor|-18.42|-41.76|-19.439999|1395861618667
AK8963 3-axis Magnetic field sensor|-18.06|-41.04|-20.76|1395861618687
AK8963 3-axis Magnetic field sensor|-17.76|-40.2|-21.96|1395861618708
AK8963 3-axis Magnetic field sensor|-17.699999|-39.18|-23.039999|1395861618728
AK8963 3-axis Magnetic field sensor|-17.82|-38.16|-24.119999|1395861618748
AK8963 3-axis Magnetic field sensor|-18.06|-37.44|-25.08|1395861618768
AK8963 3-axis Magnetic field sensor|-18.0|-36.54|-25.859999|1395861618788
AK8963 3-axis Magnetic field sensor|-17.82|-35.82|-26.64|1395861618809
AK8963 3-axis Magnetic field sensor|-17.76|-35.579998|-27.06|1395861618829
AK8963 3-axis Magnetic field sensor|-17.88|-35.28|-27.18|1395861618849
AK8963 3-axis Magnetic field sensor|-17.88|-35.1|-27.119999|1395861618868
AK8963 3-axis Magnetic field sensor|-18.06|-35.16|-27.18|1395861618890
AK8963 3-axis Magnetic field sensor|-17.76|-35.34|-27.24|1395861618909
AK8963 3-axis Magnetic field sensor|-17.699999|-35.52|-27.3|1395861618930
AK8963 3-axis Magnetic field sensor|-17.699999|-36.0|-26.76|1395861618950
AK8963 3-axis Magnetic field sensor|-17.58|-36.6|-26.519999|1395861618970
AK8963 3-axis Magnetic field sensor|-17.58|-37.26|-25.92|1395861618990
AK8963 3-axis Magnetic field sensor|-17.58|-38.219997|-25.5|1395861619010
AK8963 3-axis Magnetic field sensor|-17.46|-38.94|-25.14|1395861619030
AK8963 3-axis Magnetic field sensor|-17.16|-39.66|-24.24|1395861619052
AK8963 3-axis Magnetic field sensor|-17.22|-40.559998|-23.16|1395861619071
AK8963 3-axis Magnetic field sensor|-17.1|-41.52|-21.779999|1395861619091
AK8963 3-axis Magnetic field sensor|-17.34|-42.36|-20.76|1395861619112
AK8963 3-axis Magnetic field sensor|-17.58|-43.079998|-19.56|1395861619131
AK8963 3-axis Magnetic field sensor|-17.699999|-43.5|-18.359999|1395861619151
AK8963 3-axis Magnetic field sensor|-17.88|-43.8|-17.279999|1395861619171
AK8963 3-axis Magnetic field sensor|-18.42|-44.219997|-16.26|1395861619192
AK8963 3-axis Magnetic field sensor|-18.66|-44.52|-15.719999|1395861619211
AK8963 3-axis Magnetic field sensor|-18.779999|-44.64|-15.059999|1395861619231
AK8963 3-axis Magnetic field sensor|-19.14|-44.52|-14.94|1395861619252
AK8963 3-axis Magnetic field sensor|-19.199999|-44.52|-14.82|1395861619272
AK8963 3-axis Magnetic field sensor|-19.26|-44.28|-14.759999|1395861619292
AK8963 3-axis Magnetic field sensor|-19.26|-44.16|-15.36|1395861619312
AK8963 3-axis Magnetic field sensor|-18.9|-43.98|-15.9|1395861619333
AK8963 3-axis Magnetic field sensor|-18.359999|-43.68|-16.56|1395861619353
AK8963 3-axis Magnetic field sensor|-18.119999|-43.26|-17.46|1395861619373
AK8963 3-axis Magnetic field sensor|-17.64|-42.48|-19.08|1395861619393
AK8963 3-axis Magnetic field sensor|-17.22|-41.64|-20.52|1395861619413
AK8963 3-axis Magnetic field sensor|-16.98|-40.68|-21.9|1395861619434
AK8963 3-axis Magnetic field sensor|-16.74|-40.02|-22.98|1395861619453
AK8963 3-axis Magnetic field sensor|-16.859999|-38.879997|-23.699999|1395861619473
AK8963 3-axis Magnetic field sensor|-17.1|-38.219997|-24.66|1395861619494
AK8963 3-axis Magnetic field sensor|-17.4|-37.38|-25.5|1395861619514
AK8963 3-axis Magnetic field sensor|-17.52|-36.78|-25.98|1395861619534
AK8963 3-axis Magnetic field sensor|-17.699999|-36.3|-25.98|1395861619554
AK8963 3-axis Magnetic field sensor|-17.76|-36.059998|-25.8|1395861619574
AK8963 3-axis Magnetic field sensor|-17.82|-36.059998|-25.74|1395861619594
AK8963 3-axis Magnetic field sensor|-17.82|-35.88|-25.92|1395861619614
AK8963 3-axis Magnetic field sensor|-17.52|-36.059998|-25.92|1395861619634
AK8963 3-axis Magnetic field sensor|-17.1|-36.239998|-25.5|1395861619654
AK8963 3-axis Magnetic field sensor|-16.619999|-36.84|-25.08|1395861619674
AK8963 3-axis Magnetic field sensor|-16.32|-37.26|-24.42|1395861619694
AK8963 3-axis Magnetic field sensor|-16.26|-38.16|-23.939999|1395861619714
AK8963 3-axis Magnetic field sensor|-16.08|-39.059998|-23.16|1395861619735
AK8963 3-axis Magnetic field sensor|-15.78|-39.899998|-22.14|1395861619755
AK8963 3-axis Magnetic field sensor|-15.719999|-40.739998|-21.24|1395861619774
AK8963 3-axis Magnetic field sensor|-15.78|-41.76|-20.1|1395861619795
AK8963 3-axis Magnetic field sensor|-15.96|-42.3|-19.26|1395861619815
AK8963 3-axis Magnetic field sensor|-16.199999|-42.899998|-18.119999|1395861619835
AK8963 3-axis Magnetic field sensor|-16.38|-43.379997|-17.279999|1395861619855
AK8963 3-axis Magnetic field sensor|-16.5|-43.8|-16.38|1395861619875
AK8963 3-axis Magnetic field sensor|-16.859999|-44.04|-15.66|1395861619896
AK8963 3-axis Magnetic field sensor|-17.1|-44.34|-15.179999|1395861619915
AK8963 3-axis Magnetic field sensor|-17.34|-44.579998|-14.7|1395861619936
AK8963 3-axis Magnetic field sensor|-17.46|-44.46|-14.7|1395861619955
AK8963 3-axis Magnetic field sensor|-17.52|-44.579998|-14.759999|1395861619975
AK8963 3-axis Magnetic field sensor|-17.52|-44.46|-15.12|1395861619996
AK8963 3-axis Magnetic field sensor|-17.4|-44.34|-15.78|1395861620017
AK8963 3-axis Magnetic field sensor|-17.34|-44.1|-16.199999|1395861620037
AK8963 3-axis Magnetic field sensor|-16.98|-43.68|-16.92|1395861620057
AK8963 3-axis Magnetic field sensor|-16.44|-43.379997|-17.82|1395861620077
AK8963 3-axis Magnetic field sensor|-15.9|-42.78|-19.08|1395861620097
AK8963 3-axis Magnetic field sensor|-15.54|-42.059998|-20.34|1395861620118
AK8963 3-axis Magnetic field sensor|-15.36|-41.28|-21.42|1395861620138
AK8963 3-axis Magnetic field sensor|-15.42|-40.5|-22.38|1395861620158
AK8963 3-axis Magnetic field sensor|-15.42|-39.78|-23.16|1395861620178
AK8963 3-axis Magnetic field sensor|-15.299999|-38.879997|-24.119999|1395861620198
AK8963 3-axis Magnetic field sensor|-15.42|-38.28|-24.9|1395861620218
AK8963 3-axis Magnetic field sensor|-15.9|-37.5|-25.5|1395861620238
AK8963 3-axis Magnetic field sensor|-16.08|-37.02|-25.8|1395861620258
AK8963 3-axis Magnetic field sensor|-16.14|-36.66|-25.8|1395861620278
AK8963 3-axis Magnetic field sensor|-16.14|-36.48|-25.56|1395861620299
AK8963 3-axis Magnetic field sensor|-16.08|-36.42|-25.68|1395861620319
AK8963 3-axis Magnetic field sensor|-16.08|-36.42|-25.8|1395861620340
AK8963 3-axis Magnetic field sensor|-16.26|-36.48|-25.74|1395861620360
AK8963 3-axis Magnetic field sensor|-16.199999|-36.6|-25.619999|1395861620380
AK8963 3-axis Magnetic field sensor|-16.32|-36.84|-25.199999|1395861620400
AK8963 3-axis Magnetic field sensor|-16.38|-37.26|-24.66|1395861620420
AK8963 3-axis Magnetic field sensor|-16.8|-38.16|-24.119999|1395861620440
AK8963 3-axis Magnetic field sensor|-16.98|-38.76|-23.64|1395861620461
AK8963 3-axis Magnetic field sensor|-17.16|-39.54|-22.8|1395861620480
AK8963 3-axis Magnetic field sensor|-17.22|-40.14|-21.9|1395861620501
AK8963 3-axis Magnetic field sensor|-17.22|-40.86|-20.64|1395861620520
AK8963 3-axis Magnetic field sensor|-17.58|-41.579998|-19.619999|1395861620540
AK8963 3-axis Magnetic field sensor|-17.64|-42.48|-18.6|1395861620561
AK8963 3-axis Magnetic field sensor|-17.64|-43.14|-17.58|1395861620581
AK8963 3-axis Magnetic field sensor|-17.58|-43.44|-16.5|1395861620601
AK8963 3-axis Magnetic field sensor|-17.76|-43.98|-15.719999|1395861620621
AK8963 3-axis Magnetic field sensor|-17.64|-44.28|-14.94|1395861620644
AK8963 3-axis Magnetic field sensor|-17.82|-44.7|-14.099999|1395861620661
AK8963 3-axis Magnetic field sensor|-17.64|-45.239998|-13.679999|1395861620681
AK8963 3-axis Magnetic field sensor|-17.279999|-45.48|-13.2|1395861620702
AK8963 3-axis Magnetic field sensor|-17.039999|-45.42|-13.139999|1395861620722
AK8963 3-axis Magnetic field sensor|-16.68|-45.3|-12.78|1395861620742
AK8963 3-axis Magnetic field sensor|-16.26|-45.239998|-13.08|1395861620762
AK8963 3-axis Magnetic field sensor|-15.599999|-45.0|-13.32|1395861620781
AK8963 3-axis Magnetic field sensor|-15.24|-44.82|-13.799999|1395861620801
AK8963 3-axis Magnetic field sensor|-14.5199995|-44.34|-14.639999|1395861620822
AK8963 3-axis Magnetic field sensor|-14.04|-43.44|-15.839999|1395861620842
AK8963 3-axis Magnetic field sensor|-13.62|-42.78|-17.039999|1395861620862
AK8963 3-axis Magnetic field sensor|-13.08|-41.76|-18.24|1395861620882
AK8963 3-axis Magnetic field sensor|-13.0199995|-40.8|-19.92|1395861620902
AK8963 3-axis Magnetic field sensor|-12.9|-39.84|-20.88|1395861620922
AK8963 3-axis Magnetic field sensor|-12.9|-38.82|-21.539999|1395861620942
AK8963 3-axis Magnetic field sensor|-12.599999|-37.68|-21.96|1395861620962
AK8963 3-axis Magnetic field sensor|-12.84|-37.02|-22.619999|1395861620983
AK8963 3-axis Magnetic field sensor|-13.0199995|-36.54|-23.1|1395861621003
AK8963 3-axis Magnetic field sensor|-12.96|-35.82|-23.46|1395861621023
AK8963 3-axis Magnetic field sensor|-13.08|-35.64|-22.92|1395861621043
AK8963 3-axis Magnetic field sensor|-12.84|-35.64|-22.56|1395861621063
AK8963 3-axis Magnetic field sensor|-12.48|-35.82|-22.26|1395861621083
AK8963 3-axis Magnetic field sensor|-12.0|-36.12|-22.32|1395861621103
AK8963 3-axis Magnetic field sensor|-12.24|-36.48|-22.619999|1395861621123
AK8963 3-axis Magnetic field sensor|-12.179999|-36.6|-22.199999|1395861621143
AK8963 3-axis Magnetic field sensor|-11.88|-37.2|-21.3|1395861621164
AK8963 3-axis Magnetic field sensor|-12.059999|-38.04|-20.88|1395861621183
AK8963 3-axis Magnetic field sensor|-12.24|-38.579998|-20.699999|1395861621203
AK8963 3-axis Magnetic field sensor|-12.179999|-39.239998|-20.22|1395861621223
AK8963 3-axis Magnetic field sensor|-12.599999|-40.079998|-19.56|1395861621243
AK8963 3-axis Magnetic field sensor|-13.0199995|-40.8|-18.42|1395861621264
AK8963 3-axis Magnetic field sensor|-13.08|-41.7|-17.039999|1395861621284
AK8963 3-axis Magnetic field sensor|-13.32|-42.6|-15.96|1395861621304
AK8963 3-axis Magnetic field sensor|-13.38|-43.379997|-15.059999|1395861621324
AK8963 3-axis Magnetic field sensor|-13.679999|-43.98|-13.92|1395861621344
AK8963 3-axis Magnetic field sensor|-13.799999|-44.7|-12.78|1395861621364
AK8963 3-axis Magnetic field sensor|-14.28|-44.94|-12.24|1395861621384
AK8963 3-axis Magnetic field sensor|-14.219999|-45.059998|-11.88|1395861621404
AK8963 3-axis Magnetic field sensor|-14.28|-45.239998|-12.12|1395861621425
AK8963 3-axis Magnetic field sensor|-14.34|-44.94|-12.599999|1395861621444
AK8963 3-axis Magnetic field sensor|-13.799999|-44.76|-13.2|1395861621464
AK8963 3-axis Magnetic field sensor|-13.799999|-44.399998|-13.98|1395861621484
AK8963 3-axis Magnetic field sensor|-13.2|-43.98|-14.5199995|1395861621504
AK8963 3-axis Magnetic field sensor|-12.54|-43.559998|-15.599999|1395861621525
AK8963 3-axis Magnetic field sensor|-11.7|-43.2|-16.619999|1395861621545
AK8963 3-axis Magnetic field sensor|-10.86|-42.899998|-17.82|1395861621565
AK8963 3-axis Magnetic field sensor|-10.26|-42.12|-18.66|1395861621585
AK8963 3-axis Magnetic field sensor|-9.9|-41.76|-19.32|1395861621605
AK8963 3-axis Magnetic field sensor|-9.719999|-41.16|-20.039999|1395861621626
AK8963 3-axis Magnetic field sensor|-9.42|-40.559998|-20.76|1395861621645
AK8963 3-axis Magnetic field sensor|-9.24|-39.78|-21.6|1395861621666
AK8963 3-axis Magnetic field sensor|-9.059999|-39.059998|-22.32|1395861621686
AK8963 3-axis Magnetic field sensor|-9.42|-38.16|-22.619999|1395861621706
AK8963 3-axis Magnetic field sensor|-10.26|-36.96|-23.22|1395861621725
AK8963 3-axis Magnetic field sensor|-10.74|-36.48|-23.699999|1395861621746
AK8963 3-axis Magnetic field sensor|-10.62|-35.88|-24.359999|1395861621766
AK8963 3-axis Magnetic field sensor|-10.62|-35.76|-24.6|1395861621786
AK8963 3-axis Magnetic field sensor|-10.92|-35.46|-24.9|1395861621805
AK8963 3-axis Magnetic field sensor|-11.5199995|-35.46|-25.26|1395861621826
AK8963 3-axis Magnetic field sensor|-12.12|-35.76|-25.439999|1395861621846
AK8963 3-axis Magnetic field sensor|-12.36|-36.18|-25.74|1395861621867
AK8963 3-axis Magnetic field sensor|-12.48|-36.84|-25.56|1395861621886
AK8963 3-axis Magnetic field sensor|-12.719999|-37.5|-25.5|1395861621907
AK8963 3-axis Magnetic field sensor|-12.9|-38.1|-24.96|1395861621927
AK8963 3-axis Magnetic field sensor|-13.2|-38.579998|-24.539999|1395861621947
AK8963 3-axis Magnetic field sensor|-13.44|-39.42|-23.82|1395861621967
AK8963 3-axis Magnetic field sensor|-13.5|-40.2|-22.859999|1395861621987
AK8963 3-axis Magnetic field sensor|-13.559999|-40.8|-21.48|1395861622008
AK8963 3-axis Magnetic field sensor|-13.62|-41.579998|-20.279999|1395861622027
AK8963 3-axis Magnetic field sensor|-13.5|-42.54|-18.84|1395861622047
AK8963 3-axis Magnetic field sensor|-13.5|-43.14|-17.64|1395861622068
AK8963 3-axis Magnetic field sensor|-13.799999|-43.68|-16.74|1395861622089
AK8963 3-axis Magnetic field sensor|-14.099999|-44.16|-15.96|1395861622109
AK8963 3-axis Magnetic field sensor|-14.219999|-44.28|-15.36|1395861622129
AK8963 3-axis Magnetic field sensor|-14.4|-44.399998|-15.36|1395861622149
AK8963 3-axis Magnetic field sensor|-14.58|-44.46|-15.599999|1395861622168
AK8963 3-axis Magnetic field sensor|-14.759999|-44.34|-16.08|1395861622188
AK8963 3-axis Magnetic field sensor|-14.88|-43.92|-16.8|1395861622209
AK8963 3-axis Magnetic field sensor|-14.58|-43.559998|-17.4|1395861622229
AK8963 3-axis Magnetic field sensor|-14.34|-43.14|-18.119999|1395861622249
AK8963 3-axis Magnetic field sensor|-14.099999|-42.3|-19.199999|1395861622269
AK8963 3-axis Magnetic field sensor|-13.74|-41.579998|-20.34|1395861622289
AK8963 3-axis Magnetic field sensor|-13.0199995|-40.62|-21.24|1395861622309
AK8963 3-axis Magnetic field sensor|-12.66|-39.54|-22.5|1395861622329
AK8963 3-axis Magnetic field sensor|-12.42|-38.579998|-23.519999|1395861622349
AK8963 3-axis Magnetic field sensor|-12.42|-37.26|-24.24|1395861622370
AK8963 3-axis Magnetic field sensor|-12.48|-36.12|-25.14|1395861622390
AK8963 3-axis Magnetic field sensor|-12.179999|-35.399998|-25.68|1395861622410
AK8963 3-axis Magnetic field sensor|-12.24|-34.38|-26.4|1395861622429
AK8963 3-axis Magnetic field sensor|-12.12|-33.719997|-26.88|1395861622449
AK8963 3-axis Magnetic field sensor|-12.3|-33.18|-27.359999|1395861622469
AK8963 3-axis Magnetic field sensor|-12.3|-33.059998|-27.18|1395861622490
AK8963 3-axis Magnetic field sensor|-12.0|-32.94|-26.939999|1395861622510
AK8963 3-axis Magnetic field sensor|-11.58|-33.059998|-27.0|1395861622530
AK8963 3-axis Magnetic field sensor|-11.04|-33.18|-26.88|1395861622550
AK8963 3-axis Magnetic field sensor|-10.62|-33.059998|-26.76|1395861622571
AK8963 3-axis Magnetic field sensor|-10.139999|-33.719997|-26.22|1395861622591
AK8963 3-axis Magnetic field sensor|-10.139999|-34.02|-26.039999|1395861622611
AK8963 3-axis Magnetic field sensor|-10.139999|-34.68|-25.5|1395861622631
AK8963 3-axis Magnetic field sensor|-10.139999|-35.16|-25.38|1395861622651
AK8963 3-axis Magnetic field sensor|-10.26|-35.82|-24.9|1395861622671
AK8963 3-axis Magnetic field sensor|-10.559999|-36.719997|-24.359999|1395861622691
AK8963 3-axis Magnetic field sensor|-11.219999|-37.8|-23.699999|1395861622711
AK8963 3-axis Magnetic field sensor|-11.759999|-39.0|-22.92|1395861622731
AK8963 3-axis Magnetic field sensor|-12.0|-40.14|-22.02|1395861622751
AK8963 3-axis Magnetic field sensor|-12.3|-41.34|-20.76|1395861622771
AK8963 3-axis Magnetic field sensor|-12.66|-42.12|-19.859999|1395861622791
AK8963 3-axis Magnetic field sensor|-12.78|-42.78|-18.779999|1395861622811
AK8963 3-axis Magnetic field sensor|-12.96|-43.32|-18.06|1395861622834
AK8963 3-axis Magnetic field sensor|-12.96|-43.86|-17.52|1395861622854
AK8963 3-axis Magnetic field sensor|-13.08|-43.98|-17.16|1395861622875
AK8963 3-axis Magnetic field sensor|-13.259999|-44.04|-17.16|1395861622895
AK8963 3-axis Magnetic field sensor|-13.74|-43.86|-17.1|1395861622915
AK8963 3-axis Magnetic field sensor|-13.679999|-43.62|-17.46|1395861622935
AK8963 3-axis Magnetic field sensor|-13.32|-43.26|-18.06|1395861622955
AK8963 3-axis Magnetic field sensor|-13.08|-43.2|-18.66|1395861622975
AK8963 3-axis Magnetic field sensor|-12.719999|-42.84|-19.56|1395861622995
AK8963 3-axis Magnetic field sensor|-12.12|-42.059998|-20.46|1395861623015
AK8963 3-axis Magnetic field sensor|-11.88|-41.1|-21.66|1395861623040
AK8963 3-axis Magnetic field sensor|-11.34|-40.2|-22.859999|1395861623055
AK8963 3-axis Magnetic field sensor|-11.16|-39.36|-24.06|1395861623075
AK8963 3-axis Magnetic field sensor|-11.28|-38.52|-24.96|1395861623096
AK8963 3-axis Magnetic field sensor|-11.4|-38.04|-25.68|1395861623115
AK8963 3-axis Magnetic field sensor|-11.7|-37.14|-26.519999|1395861623135
AK8963 3-axis Magnetic field sensor|-11.94|-36.36|-27.0|1395861623155
AK8963 3-axis Magnetic field sensor|-12.36|-35.82|-27.599998|1395861623176
AK8963 3-axis Magnetic field sensor|-12.36|-35.64|-27.779999|1395861623196
AK8963 3-axis Magnetic field sensor|-12.599999|-35.64|-27.84|1395861623216
AK8963 3-axis Magnetic field sensor|-12.54|-35.46|-27.9|1395861623236
AK8963 3-axis Magnetic field sensor|-12.24|-35.46|-27.9|1395861623256
AK8963 3-axis Magnetic field sensor|-12.3|-35.46|-28.019999|1395861623276
AK8963 3-axis Magnetic field sensor|-12.3|-35.7|-27.779999|1395861623296
AK8963 3-axis Magnetic field sensor|-12.24|-36.18|-27.599998|1395861623316
AK8963 3-axis Magnetic field sensor|-12.42|-36.78|-26.939999|1395861623337
AK8963 3-axis Magnetic field sensor|-12.42|-37.5|-26.46|1395861623357
AK8963 3-axis Magnetic field sensor|-12.78|-38.04|-25.859999|1395861623377
AK8963 3-axis Magnetic field sensor|-12.719999|-38.76|-25.26|1395861623397
AK8963 3-axis Magnetic field sensor|-13.08|-39.719997|-24.3|1395861623417
AK8963 3-axis Magnetic field sensor|-13.259999|-40.62|-23.039999|1395861623437
AK8963 3-axis Magnetic field sensor|-13.5|-41.7|-22.14|1395861623457
AK8963 3-axis Magnetic field sensor|-13.92|-42.54|-20.88|1395861623478
AK8963 3-axis Magnetic field sensor|-14.28|-43.559998|-20.039999|1395861623498
AK8963 3-axis Magnetic field sensor|-14.58|-44.16|-18.96|1395861623515
AK8963 3-axis Magnetic field sensor|-14.94|-44.879997|-18.0|1395861623535
AK8963 3-axis Magnetic field sensor|-15.48|-45.48|-17.039999|1395861623555
AK8963 3-axis Magnetic field sensor|-15.66|-45.78|-16.619999|1395861623576
AK8963 3-axis Magnetic field sensor|-15.78|-45.96|-16.44|1395861623596
AK8963 3-axis Magnetic field sensor|-16.08|-45.84|-16.26|1395861623616
AK8963 3-axis Magnetic field sensor|-16.14|-45.719997|-16.32|1395861623635
AK8963 3-axis Magnetic field sensor|-16.02|-45.48|-16.26|1395861623655
AK8963 3-axis Magnetic field sensor|-15.96|-45.18|-16.56|1395861623676
AK8963 3-axis Magnetic field sensor|-15.48|-44.64|-17.039999|1395861623695
AK8963 3-axis Magnetic field sensor|-15.059999|-44.28|-17.64|1395861623716
AK8963 3-axis Magnetic field sensor|-13.98|-43.86|-17.88|1395861623737
AK8963 3-axis Magnetic field sensor|-13.32|-43.2|-18.72|1395861623757
AK8963 3-axis Magnetic field sensor|-12.66|-42.3|-19.56|1395861623777
AK8963 3-axis Magnetic field sensor|-12.179999|-41.52|-20.4|1395861623797
AK8963 3-axis Magnetic field sensor|-11.82|-40.8|-21.24|1395861623818
AK8963 3-axis Magnetic field sensor|-11.58|-40.14|-21.84|1395861623838
AK8963 3-axis Magnetic field sensor|-11.4|-39.42|-22.5|1395861623857
AK8963 3-axis Magnetic field sensor|-11.46|-38.399998|-23.34|1395861623878
AK8963 3-axis Magnetic field sensor|-12.059999|-37.5|-24.42|1395861623898
AK8963 3-axis Magnetic field sensor|-12.42|-36.899998|-24.779999|1395861623918
AK8963 3-axis Magnetic field sensor|-12.48|-36.66|-25.08|1395861623940
AK8963 3-axis Magnetic field sensor|-12.599999|-36.54|-25.439999|1395861623965
AK8963 3-axis Magnetic field sensor|-12.9|-36.18|-26.099998|1395861623982
AK8963 3-axis Magnetic field sensor|-13.08|-36.12|-26.64|1395861624003
AK8963 3-axis Magnetic field sensor|-13.2|-36.12|-26.76|1395861624023
AK8963 3-axis Magnetic field sensor|-13.32|-36.36|-26.88|1395861624046
AK8963 3-axis Magnetic field sensor|-13.38|-36.78|-26.58|1395861624070
AK8963 3-axis Magnetic field sensor|-13.5|-37.38|-26.22|1395861624088
AK8963 3-axis Magnetic field sensor|-13.679999|-38.1|-25.8|1395861624109
AK8963 3-axis Magnetic field sensor|-13.799999|-38.82|-25.439999|1395861624131
AK8963 3-axis Magnetic field sensor|-13.799999|-39.66|-24.48|1395861624150
AK8963 3-axis Magnetic field sensor|-14.099999|-40.68|-23.46|1395861624169
AK8963 3-axis Magnetic field sensor|-14.34|-41.46|-22.38|1395861624191
AK8963 3-axis Magnetic field sensor|-14.5199995|-42.3|-21.3|1395861624214
AK8963 3-axis Magnetic field sensor|-14.82|-42.899998|-20.34|1395861624229
AK8963 3-axis Magnetic field sensor|-15.12|-43.68|-19.38|1395861624249
AK8963 3-axis Magnetic field sensor|-15.48|-44.16|-18.539999|1395861624269
AK8963 3-axis Magnetic field sensor|-15.66|-44.579998|-17.58|1395861624289
AK8963 3-axis Magnetic field sensor|-15.839999|-45.0|-17.22|1395861624314
AK8963 3-axis Magnetic field sensor|-15.719999|-45.0|-16.92|1395861624331
AK8963 3-axis Magnetic field sensor|-15.839999|-44.94|-17.1|1395861624352
AK8963 3-axis Magnetic field sensor|-15.96|-44.879997|-17.16|1395861624371
AK8963 3-axis Magnetic field sensor|-15.96|-44.76|-17.699999|1395861624389
AK8963 3-axis Magnetic field sensor|-15.66|-44.34|-18.539999|1395861624415
AK8963 3-axis Magnetic field sensor|-15.42|-43.86|-19.5|1395861624429
AK8963 3-axis Magnetic field sensor|-15.179999|-43.32|-20.52|1395861624450
AK8963 3-axis Magnetic field sensor|-15.0|-42.12|-21.42|1395861624470
AK8963 3-axis Magnetic field sensor|-14.46|-41.34|-22.68|1395861624491
AK8963 3-axis Magnetic field sensor|-14.219999|-40.62|-23.82|1395861624510
AK8963 3-axis Magnetic field sensor|-14.16|-39.6|-24.779999|1395861624530
AK8963 3-axis Magnetic field sensor|-14.16|-38.579998|-25.8|1395861624551
AK8963 3-axis Magnetic field sensor|-14.16|-37.739998|-26.4|1395861624575
AK8963 3-axis Magnetic field sensor|-14.04|-36.899998|-27.06|1395861624597
AK8963 3-axis Magnetic field sensor|-14.16|-36.0|-27.779999|1395861624619
AK8963 3-axis Magnetic field sensor|-14.099999|-35.7|-28.439999|1395861624639
AK8963 3-axis Magnetic field sensor|-14.639999|-35.16|-28.8|1395861624657
AK8963 3-axis Magnetic field sensor|-14.639999|-34.68|-29.039999|1395861624677
AK8963 3-axis Magnetic field sensor|-14.34|-34.739998|-28.98|1395861624698
AK8963 3-axis Magnetic field sensor|-14.04|-34.86|-28.74|1395861624721
AK8963 3-axis Magnetic field sensor|-13.799999|-34.92|-28.32|1395861624739
AK8963 3-axis Magnetic field sensor|-13.559999|-35.219997|-27.96|1395861624761
AK8963 3-axis Magnetic field sensor|-13.2|-35.88|-27.3|1395861624781
AK8963 3-axis Magnetic field sensor|-13.08|-36.42|-26.46|1395861624801
AK8963 3-axis Magnetic field sensor|-12.96|-37.02|-25.619999|1395861624821
AK8963 3-axis Magnetic field sensor|-12.96|-37.86|-24.9|1395861624842
AK8963 3-axis Magnetic field sensor|-12.78|-38.64|-24.18|1395861624861
AK8963 3-axis Magnetic field sensor|-12.84|-39.36|-23.34|1395861624881
AK8963 3-axis Magnetic field sensor|-12.9|-40.26|-22.68|1395861624899
AK8963 3-axis Magnetic field sensor|-13.139999|-41.16|-21.84|1395861624919
AK8963 3-axis Magnetic field sensor|-13.44|-41.7|-21.0|1395861624939
AK8963 3-axis Magnetic field sensor|-13.62|-42.42|-19.8|1395861624959
AK8963 3-axis Magnetic field sensor|-13.74|-43.14|-18.9|1395861624982
AK8963 3-axis Magnetic field sensor|-13.86|-43.92|-17.82|1395861625002
AK8963 3-axis Magnetic field sensor|-13.98|-44.579998|-17.279999|1395861625019
AK8963 3-axis Magnetic field sensor|-14.04|-44.94|-16.56|1395861625040
AK8963 3-axis Magnetic field sensor|-14.219999|-45.059998|-16.32|1395861625063
AK8963 3-axis Magnetic field sensor|-14.7|-44.879997|-16.38|1395861625080
AK8963 3-axis Magnetic field sensor|-14.7|-45.12|-16.5|1395861625103
AK8963 3-axis Magnetic field sensor|-14.759999|-45.12|-17.1|1395861625120
AK8963 3-axis Magnetic field sensor|-14.58|-44.879997|-17.699999|1395861625140
AK8963 3-axis Magnetic field sensor|-14.28|-44.28|-18.6|1395861625162
AK8963 3-axis Magnetic field sensor|-14.219999|-43.44|-19.439999|1395861625185
AK8963 3-axis Magnetic field sensor|-13.74|-42.78|-20.64|1395861625205
AK8963 3-axis Magnetic field sensor|-13.08|-42.12|-21.66|1395861625226
AK8963 3-axis Magnetic field sensor|-12.42|-41.64|-22.5|1395861625250
AK8963 3-axis Magnetic field sensor|-12.24|-40.379997|-23.58|1395861625268
AK8963 3-axis Magnetic field sensor|-12.059999|-39.6|-24.3|1395861625290
AK8963 3-axis Magnetic field sensor|-12.0|-38.76|-24.9|1395861625309
AK8963 3-axis Magnetic field sensor|-11.759999|-38.1|-25.56|1395861625331
AK8963 3-axis Magnetic field sensor|-11.759999|-37.38|-25.859999|1395861625348
AK8963 3-axis Magnetic field sensor|-12.059999|-36.96|-26.039999|1395861625369
AK8963 3-axis Magnetic field sensor|-12.24|-36.48|-26.099998|1395861625389
AK8963 3-axis Magnetic field sensor|-12.36|-36.12|-25.8|1395861625414
AK8963 3-axis Magnetic field sensor|-12.12|-36.42|-25.68|1395861625431
AK8963 3-axis Magnetic field sensor|-12.059999|-36.12|-25.98|1395861625451
AK8963 3-axis Magnetic field sensor|-12.059999|-36.239998|-26.22|1395861625471
AK8963 3-axis Magnetic field sensor|-12.24|-36.3|-26.099998|1395861625490
AK8963 3-axis Magnetic field sensor|-12.36|-36.96|-25.92|1395861625512
AK8963 3-axis Magnetic field sensor|-12.3|-37.38|-25.8|1395861625532
AK8963 3-axis Magnetic field sensor|-12.9|-37.86|-25.68|1395861625552
AK8963 3-axis Magnetic field sensor|-13.139999|-38.579998|-25.619999|1395861625572
AK8963 3-axis Magnetic field sensor|-13.32|-38.879997|-25.08|1395861625592
AK8963 3-axis Magnetic field sensor|-13.259999|-39.6|-24.18|1395861625612
AK8963 3-axis Magnetic field sensor|-13.44|-40.5|-23.22|1395861625632
AK8963 3-axis Magnetic field sensor|-13.559999|-41.399998|-22.26|1395861625652
AK8963 3-axis Magnetic field sensor|-13.799999|-41.94|-21.42|1395861625672
AK8963 3-axis Magnetic field sensor|-14.219999|-42.54|-20.46|1395861625692
AK8963 3-axis Magnetic field sensor|-14.34|-43.32|-19.439999|1395861625713
AK8963 3-axis Magnetic field sensor|-14.4|-43.62|-18.48|1395861625733
AK8963 3-axis Magnetic field sensor|-14.639999|-44.34|-17.699999|1395861625752
AK8963 3-axis Magnetic field sensor|-14.82|-44.82|-16.92|1395861625770
AK8963 3-axis Magnetic field sensor|-14.82|-45.0|-16.44|1395861625792
AK8963 3-axis Magnetic field sensor|-14.759999|-45.36|-15.96|1395861625813
AK8963 3-axis Magnetic field sensor|-14.46|-45.48|-15.719999|1395861625833
AK8963 3-axis Magnetic field sensor|-14.099999|-45.66|-15.36|1395861625853
AK8963 3-axis Magnetic field sensor|-13.44|-45.6|-15.42|1395861625873
AK8963 3-axis Magnetic field sensor|-12.84|-45.539997|-15.66|1395861625893
AK8963 3-axis Magnetic field sensor|-12.059999|-45.059998|-16.44|1395861625914
AK8963 3-axis Magnetic field sensor|-11.4|-44.64|-17.279999|1395861625931
AK8963 3-axis Magnetic field sensor|-10.92|-44.219997|-17.94|1395861625953
AK8963 3-axis Magnetic field sensor|-10.679999|-43.559998|-18.779999|1395861625971
AK8963 3-axis Magnetic field sensor|-10.44|-43.26|-19.32|1395861625994
AK8963 3-axis Magnetic field sensor|-10.2|-42.66|-20.16|1395861626014
AK8963 3-axis Magnetic field sensor|-10.08|-42.12|-20.82|1395861626030
AK8963 3-axis Magnetic field sensor|-10.2|-41.879997|-21.42|1395861626054
AK8963 3-axis Magnetic field sensor|-10.32|-42.0|-21.539999|1395861626075
AK8963 3-axis Magnetic field sensor|-10.44|-42.0|-21.6|1395861626101
AK8963 3-axis Magnetic field sensor|-10.44|-42.36|-21.779999|1395861626118
AK8963 3-axis Magnetic field sensor|-10.5|-42.84|-21.42|1395861626139
AK8963 3-axis Magnetic field sensor|-10.44|-43.2|-21.119999|1395861626158
AK8963 3-axis Magnetic field sensor|-10.5|-43.68|-20.82|1395861626177
AK8963 3-axis Magnetic field sensor|-10.679999|-43.98|-20.4|1395861626202
AK8963 3-axis Magnetic field sensor|-10.679999|-44.219997|-19.74|1395861626217
AK8963 3-axis Magnetic field sensor|-10.8|-44.219997|-19.38|1395861626241
AK8963 3-axis Magnetic field sensor|-10.92|-44.399998|-19.199999|1395861626261
AK8963 3-axis Magnetic field sensor|-11.16|-44.28|-18.779999|1395861626280
AK8963 3-axis Magnetic field sensor|-11.16|-44.28|-18.9|1395861626302
AK8963 3-axis Magnetic field sensor|-11.34|-44.04|-19.02|1395861626318
AK8963 3-axis Magnetic field sensor|-11.219999|-44.04|-18.9|1395861626342
AK8963 3-axis Magnetic field sensor|-10.98|-44.1|-18.9|1395861626358
AK8963 3-axis Magnetic field sensor|-11.04|-44.28|-19.08|1395861626381
AK8963 3-axis Magnetic field sensor|-10.86|-44.579998|-18.84|1395861626398
AK8963 3-axis Magnetic field sensor|-10.8|-44.64|-18.779999|1395861626418
AK8963 3-axis Magnetic field sensor|-10.62|-44.82|-18.539999|1395861626438
AK8963 3-axis Magnetic field sensor|-10.44|-45.059998|-18.48|1395861626458
AK8963 3-axis Magnetic field sensor|-10.32|-45.3|-18.3|1395861626478
AK8963 3-axis Magnetic field sensor|-10.32|-45.36|-18.359999|1395861626499
AK8963 3-axis Magnetic field sensor|-10.559999|-45.719997|-18.42|1395861626518
AK8963 3-axis Magnetic field sensor|-10.5|-45.719997|-18.359999|1395861626539
AK8963 3-axis Magnetic field sensor|-10.62|-45.719997|-18.42|1395861626559
AK8963 3-axis Magnetic field sensor|-10.679999|-45.96|-18.24|1395861626579
AK8963 3-axis Magnetic field sensor|-10.679999|-46.02|-18.24|1395861626599
AK8963 3-axis Magnetic field sensor|-10.74|-45.84|-18.119999|1395861626619
AK8963 3-axis Magnetic field sensor|-10.8|-45.84|-18.06|1395861626639
AK8963 3-axis Magnetic field sensor|-10.86|-45.899998|-18.119999|1395861626661
AK8963 3-axis Magnetic field sensor|-10.86|-45.66|-17.76|1395861626679
AK8963 3-axis Magnetic field sensor|-10.86|-45.719997|-17.82|1395861626699
AK8963 3-axis Magnetic field sensor|-10.8|-45.96|-17.52|1395861626721
AK8963 3-axis Magnetic field sensor|-10.8|-45.48|-17.52|1395861626742
AK8963 3-axis Magnetic field sensor|-10.8|-45.42|-17.52|1395861626761
AK8963 3-axis Magnetic field sensor|-10.98|-45.239998|-17.58|1395861626779
AK8963 3-axis Magnetic field sensor|-10.86|-45.3|-17.64|1395861626803
AK8963 3-axis Magnetic field sensor|-10.74|-45.18|-17.52|1395861626821
AK8963 3-axis Magnetic field sensor|-10.5|-45.42|-17.52|1395861626843
AK8963 3-axis Magnetic field sensor|-10.44|-45.18|-17.88|1395861626885
AK8963 3-axis Magnetic field sensor|-10.32|-45.539997|-17.82|1395861626905
AK8963 3-axis Magnetic field sensor|-10.32|-45.539997|-17.699999|1395861626925
AK8963 3-axis Magnetic field sensor|-10.08|-45.66|-17.52|1395861626946
AK8963 3-axis Magnetic field sensor|-10.2|-45.719997|-17.4|1395861626965
AK8963 3-axis Magnetic field sensor|-10.0199995|-45.899998|-17.279999|1395861626986
AK8963 3-axis Magnetic field sensor|-10.0199995|-45.84|-17.4|1395861627006
AK8963 3-axis Magnetic field sensor|-9.78|-45.899998|-17.279999|1395861627026
AK8963 3-axis Magnetic field sensor|-9.66|-45.84|-16.92|1395861627045
AK8963 3-axis Magnetic field sensor|-9.66|-45.719997|-16.859999|1395861627072
AK8963 3-axis Magnetic field sensor|-9.78|-45.719997|-16.74|1395861627088
AK8963 3-axis Magnetic field sensor|-9.66|-45.84|-16.98|1395861627112
AK8963 3-axis Magnetic field sensor|-9.66|-45.719997|-16.98|1395861627133
AK8963 3-axis Magnetic field sensor|-9.84|-45.539997|-16.92|1395861627154
AK8963 3-axis Magnetic field sensor|-10.0199995|-45.48|-16.92|1395861627165
AK8963 3-axis Magnetic field sensor|-10.32|-45.3|-16.92|1395861627185
AK8963 3-axis Magnetic field sensor|-10.38|-45.36|-17.1|1395861627205
AK8963 3-axis Magnetic field sensor|-10.5|-45.78|-17.1|1395861627226
AK8963 3-axis Magnetic field sensor|-10.139999|-45.899998|-17.279999|1395861627246
AK8963 3-axis Magnetic field sensor|-10.32|-45.78|-17.16|1395861627265
AK8963 3-axis Magnetic field sensor|-10.08|-45.84|-17.16|1395861627285
AK8963 3-axis Magnetic field sensor|-9.96|-46.02|-17.279999|1395861627306
AK8963 3-axis Magnetic field sensor|-10.0199995|-45.96|-17.4|1395861627328
AK8963 3-axis Magnetic field sensor|-9.96|-46.079998|-17.4|1395861627349
AK8963 3-axis Magnetic field sensor|-10.139999|-46.079998|-17.52|1395861627372
AK8963 3-axis Magnetic field sensor|-10.2|-45.719997|-17.699999|1395861627387
AK8963 3-axis Magnetic field sensor|-10.5|-45.48|-17.94|1395861627407
AK8963 3-axis Magnetic field sensor|-10.559999|-45.42|-17.94|1395861627431
AK8963 3-axis Magnetic field sensor|-10.679999|-45.239998|-18.0|1395861627449
AK8963 3-axis Magnetic field sensor|-10.86|-45.059998|-17.94|1395861627472
AK8963 3-axis Magnetic field sensor|-10.92|-44.94|-18.119999|1395861627489
AK8963 3-axis Magnetic field sensor|-10.98|-44.7|-18.539999|1395861627510
AK8963 3-axis Magnetic field sensor|-10.98|-44.52|-18.66|1395861627530
AK8963 3-axis Magnetic field sensor|-11.099999|-44.399998|-18.66|1395861627549
AK8963 3-axis Magnetic field sensor|-11.04|-44.399998|-18.72|1395861627572
AK8963 3-axis Magnetic field sensor|-10.98|-44.28|-19.02|1395861627590
AK8963 3-axis Magnetic field sensor|-11.099999|-44.16|-19.08|1395861627611
AK8963 3-axis Magnetic field sensor|-10.98|-43.92|-19.26|1395861627631
AK8963 3-axis Magnetic field sensor|-10.98|-43.98|-19.26|1395861627651
AK8963 3-axis Magnetic field sensor|-10.98|-43.98|-19.14|1395861627671
AK8963 3-axis Magnetic field sensor|-10.98|-44.16|-19.08|1395861627692
AK8963 3-axis Magnetic field sensor|-10.8|-44.1|-19.439999|1395861627711
AK8963 3-axis Magnetic field sensor|-10.98|-44.219997|-19.38|1395861627732
AK8963 3-axis Magnetic field sensor|-11.34|-44.34|-19.439999|1395861627752
AK8963 3-axis Magnetic field sensor|-11.46|-44.34|-19.8|1395861627772
AK8963 3-axis Magnetic field sensor|-11.94|-44.399998|-19.92|1395861627792
AK8963 3-axis Magnetic field sensor|-12.42|-44.34|-20.039999|1395861627812
AK8963 3-axis Magnetic field sensor|-12.9|-44.16|-20.1|1395861627832
AK8963 3-axis Magnetic field sensor|-13.559999|-43.86|-20.039999|1395861627852
AK8963 3-axis Magnetic field sensor|-14.28|-43.62|-19.859999|1395861627872
AK8963 3-axis Magnetic field sensor|-14.82|-43.379997|-19.859999|1395861627893
AK8963 3-axis Magnetic field sensor|-15.36|-43.14|-19.8|1395861627913
AK8963 3-axis Magnetic field sensor|-15.9|-42.899998|-19.5|1395861627933
AK8963 3-axis Magnetic field sensor|-16.199999|-42.719997|-19.38|1395861627953
AK8963 3-axis Magnetic field sensor|-16.08|-42.719997|-19.14|1395861627973
AK8963 3-axis Magnetic field sensor|-16.26|-42.899998|-18.96|1395861627993
AK8963 3-axis Magnetic field sensor|-16.08|-42.96|-18.539999|1395861628013
AK8963 3-axis Magnetic field sensor|-15.9|-43.2|-18.359999|1395861628033
AK8963 3-axis Magnetic field sensor|-15.719999|-43.2|-18.42|1395861628053
AK8963 3-axis Magnetic field sensor|-15.299999|-43.2|-18.18|1395861628073
AK8963 3-axis Magnetic field sensor|-15.12|-43.5|-18.24|1395861628093
AK8963 3-axis Magnetic field sensor|-14.82|-43.92|-18.24|1395861628113
AK8963 3-axis Magnetic field sensor|-15.059999|-43.8|-18.3|1395861628133
AK8963 3-axis Magnetic field sensor|-15.059999|-43.62|-18.359999|1395861628154
AK8963 3-axis Magnetic field sensor|-15.299999|-43.62|-18.72|1395861628174
AK8963 3-axis Magnetic field sensor|-15.78|-43.379997|-18.96|1395861628194
AK8963 3-axis Magnetic field sensor|-16.32|-43.26|-18.779999|1395861628214
AK8963 3-axis Magnetic field sensor|-17.16|-43.079998|-18.779999|1395861628234
AK8963 3-axis Magnetic field sensor|-18.3|-42.42|-18.6|1395861628254
AK8963 3-axis Magnetic field sensor|-19.56|-41.64|-18.42|1395861628274
AK8963 3-axis Magnetic field sensor|-20.939999|-40.98|-18.42|1395861628296
AK8963 3-axis Magnetic field sensor|-22.38|-40.379997|-18.42|1395861628315
AK8963 3-axis Magnetic field sensor|-23.939999|-39.48|-18.539999|1395861628335
AK8963 3-axis Magnetic field sensor|-25.14|-38.579998|-18.6|1395861628361
AK8963 3-axis Magnetic field sensor|-26.4|-37.5|-18.96|1395861628378
AK8963 3-axis Magnetic field sensor|-27.72|-36.42|-19.56|1395861628398
AK8963 3-axis Magnetic field sensor|-28.5|-35.46|-20.1|1395861628418
AK8963 3-axis Magnetic field sensor|-29.099998|-34.559998|-21.0|1395861628438
AK8963 3-axis Magnetic field sensor|-29.519999|-33.84|-21.48|1395861628459
AK8963 3-axis Magnetic field sensor|-29.64|-33.18|-22.32|1395861628479
AK8963 3-axis Magnetic field sensor|-29.64|-32.82|-22.8|1395861628499
AK8963 3-axis Magnetic field sensor|-29.76|-32.7|-23.4|1395861628519
AK8963 3-axis Magnetic field sensor|-29.699999|-32.76|-23.64|1395861628539
AK8963 3-axis Magnetic field sensor|-29.4|-32.82|-23.82|1395861628560
AK8963 3-axis Magnetic field sensor|-29.099998|-33.18|-24.119999|1395861628580
AK8963 3-axis Magnetic field sensor|-28.98|-33.78|-24.119999|1395861628600
AK8963 3-axis Magnetic field sensor|-28.56|-34.2|-24.24|1395861628620
AK8963 3-axis Magnetic field sensor|-28.08|-34.8|-24.119999|1395861628641
AK8963 3-axis Magnetic field sensor|-27.48|-35.52|-24.359999|1395861628660
AK8963 3-axis Magnetic field sensor|-26.58|-36.3|-24.359999|1395861628680
AK8963 3-axis Magnetic field sensor|-25.32|-37.14|-24.539999|1395861628700
AK8963 3-axis Magnetic field sensor|-24.0|-38.1|-24.6|1395861628720
AK8963 3-axis Magnetic field sensor|-22.439999|-38.82|-24.72|1395861628743
AK8963 3-axis Magnetic field sensor|-20.58|-39.42|-24.9|1395861628764
AK8963 3-axis Magnetic field sensor|-18.72|-40.2|-25.26|1395861628783
AK8963 3-axis Magnetic field sensor|-16.92|-40.739998|-25.68|1395861628800
AK8963 3-axis Magnetic field sensor|-15.0|-40.86|-26.16|1395861628821
AK8963 3-axis Magnetic field sensor|-13.139999|-40.739998|-26.699999|1395861628842
AK8963 3-axis Magnetic field sensor|-11.16|-40.379997|-27.359999|1395861628863
AK8963 3-axis Magnetic field sensor|-9.179999|-40.02|-28.38|1395861628882
AK8963 3-axis Magnetic field sensor|-7.56|-39.54|-29.099998|1395861628904
AK8963 3-axis Magnetic field sensor|-5.8799996|-38.7|-30.0|1395861628924
AK8963 3-axis Magnetic field sensor|-4.2|-37.739998|-30.779999|1395861628943
AK8963 3-axis Magnetic field sensor|-2.22|-36.54|-31.619999|1395861628963
AK8963 3-axis Magnetic field sensor|-0.29999998|-35.16|-31.98|1395861628984
AK8963 3-axis Magnetic field sensor|1.74|-34.079998|-32.46|1395861629004
AK8963 3-axis Magnetic field sensor|3.6|-32.76|-32.579998|1395861629026
AK8963 3-axis Magnetic field sensor|5.3399997|-31.74|-32.28|1395861629048
AK8963 3-axis Magnetic field sensor|7.08|-31.019999|-32.28|1395861629069
AK8963 3-axis Magnetic field sensor|8.7|-30.72|-31.859999|1395861629090
AK8963 3-axis Magnetic field sensor|9.96|-30.359999|-31.32|1395861629110
AK8963 3-axis Magnetic field sensor|11.099999|-30.3|-30.72|1395861629130
AK8963 3-axis Magnetic field sensor|12.12|-30.42|-30.24|1395861629150
AK8963 3-axis Magnetic field sensor|13.0199995|-30.48|-29.76|1395861629170
AK8963 3-axis Magnetic field sensor|13.38|-30.96|-29.34|1395861629190
AK8963 3-axis Magnetic field sensor|13.98|-31.38|-28.8|1395861629211
AK8963 3-axis Magnetic field sensor|14.4|-31.74|-27.84|1395861629230
AK8963 3-axis Magnetic field sensor|14.88|-32.04|-27.0|1395861629251
AK8963 3-axis Magnetic field sensor|15.48|-32.579998|-25.8|1395861629271
AK8963 3-axis Magnetic field sensor|15.78|-33.059998|-24.42|1395861629291
AK8963 3-axis Magnetic field sensor|16.08|-33.6|-22.98|1395861629311
AK8963 3-axis Magnetic field sensor|16.5|-34.26|-21.72|1395861629331
AK8963 3-axis Magnetic field sensor|17.34|-34.26|-20.52|1395861629352
AK8963 3-axis Magnetic field sensor|17.699999|-34.14|-19.68|1395861629373
AK8963 3-axis Magnetic field sensor|18.24|-33.719997|-19.32|1395861629392
AK8963 3-axis Magnetic field sensor|18.66|-33.54|-19.08|1395861629412
AK8963 3-axis Magnetic field sensor|18.84|-32.88|-19.439999|1395861629432
AK8963 3-axis Magnetic field sensor|19.08|-32.16|-20.16|1395861629453
AK8963 3-axis Magnetic field sensor|19.199999|-31.619999|-21.06|1395861629473
AK8963 3-axis Magnetic field sensor|18.96|-31.019999|-21.84|1395861629492
AK8963 3-axis Magnetic field sensor|18.539999|-30.84|-22.56|1395861629512
AK8963 3-axis Magnetic field sensor|18.3|-31.019999|-23.039999|1395861629535
AK8963 3-axis Magnetic field sensor|18.119999|-31.5|-23.22|1395861629555
AK8963 3-axis Magnetic field sensor|17.82|-31.859999|-23.519999|1395861629575
AK8963 3-axis Magnetic field sensor|17.58|-32.399998|-23.699999|1395861629595
AK8963 3-axis Magnetic field sensor|17.039999|-33.18|-23.64|1395861629615
AK8963 3-axis Magnetic field sensor|16.619999|-33.84|-23.519999|1395861629635
AK8963 3-axis Magnetic field sensor|16.56|-34.62|-23.279999|1395861629655
AK8963 3-axis Magnetic field sensor|16.32|-35.28|-22.92|1395861629675
AK8963 3-axis Magnetic field sensor|15.96|-35.88|-22.619999|1395861629696
AK8963 3-axis Magnetic field sensor|15.599999|-36.48|-22.32|1395861629716
AK8963 3-axis Magnetic field sensor|15.179999|-36.78|-21.84|1395861629736
AK8963 3-axis Magnetic field sensor|14.88|-37.2|-21.18|1395861629756
AK8963 3-axis Magnetic field sensor|14.639999|-37.62|-20.82|1395861629777
AK8963 3-axis Magnetic field sensor|14.46|-38.1|-20.46|1395861629797
AK8963 3-axis Magnetic field sensor|13.98|-38.399998|-20.279999|1395861629817
AK8963 3-axis Magnetic field sensor|13.38|-38.579998|-20.4|1395861629838
AK8963 3-axis Magnetic field sensor|13.08|-38.82|-20.76|1395861629858
AK8963 3-axis Magnetic field sensor|12.719999|-38.64|-21.24|1395861629878
AK8963 3-axis Magnetic field sensor|12.179999|-38.64|-21.779999|1395861629898
AK8963 3-axis Magnetic field sensor|11.94|-38.64|-22.26|1395861629918
AK8963 3-axis Magnetic field sensor|11.82|-38.52|-22.74|1395861629939
AK8963 3-axis Magnetic field sensor|11.4|-38.219997|-22.98|1395861629960
AK8963 3-axis Magnetic field sensor|11.28|-38.16|-23.16|1395861629979
AK8963 3-axis Magnetic field sensor|11.5199995|-38.1|-23.1|1395861629998
AK8963 3-axis Magnetic field sensor|11.759999|-38.04|-22.98|1395861630019
AK8963 3-axis Magnetic field sensor|12.0|-37.86|-22.92|1395861630039
AK8963 3-axis Magnetic field sensor|12.36|-37.86|-22.74|1395861630059
AK8963 3-axis Magnetic field sensor|12.42|-38.04|-22.8|1395861630079
AK8963 3-axis Magnetic field sensor|12.36|-38.16|-22.74|1395861630099
AK8963 3-axis Magnetic field sensor|12.48|-38.52|-22.8|1395861630119
AK8963 3-axis Magnetic field sensor|12.54|-38.399998|-22.859999|1395861630139
AK8963 3-axis Magnetic field sensor|12.48|-38.52|-22.92|1395861630160
AK8963 3-axis Magnetic field sensor|12.3|-38.64|-23.16|1395861630180
AK8963 3-axis Magnetic field sensor|12.12|-38.82|-23.1|1395861630199
AK8963 3-axis Magnetic field sensor|12.12|-38.7|-23.1|1395861630219
AK8963 3-axis Magnetic field sensor|12.179999|-38.64|-22.98|1395861630239
AK8963 3-axis Magnetic field sensor|12.24|-38.52|-22.98|1395861630260
AK8963 3-axis Magnetic field sensor|12.36|-38.34|-22.8|1395861630279
AK8963 3-axis Magnetic field sensor|12.54|-38.579998|-22.74|1395861630300
AK8963 3-axis Magnetic field sensor|12.719999|-38.7|-22.68|1395861630320
AK8963 3-axis Magnetic field sensor|12.78|-38.52|-22.32|1395861630340
AK8963 3-axis Magnetic field sensor|12.84|-38.579998|-22.08|1395861630360
AK8963 3-axis Magnetic field sensor|12.84|-38.82|-22.02|1395861630380
AK8963 3-axis Magnetic field sensor|12.9|-38.879997|-21.96|1395861630401
AK8963 3-axis Magnetic field sensor|12.78|-38.76|-21.779999|1395861630420
AK8963 3-axis Magnetic field sensor|12.719999|-39.0|-21.84|1395861630440
AK8963 3-axis Magnetic field sensor|12.48|-38.7|-21.9|1395861630460
AK8963 3-axis Magnetic field sensor|12.3|-38.7|-21.84|1395861630480
AK8963 3-axis Magnetic field sensor|12.3|-38.52|-22.199999|1395861630501
AK8963 3-axis Magnetic field sensor|12.48|-38.76|-21.72|1395861630521
AK8963 3-axis Magnetic field sensor|12.84|-38.76|-21.18|1395861630541
AK8963 3-axis Magnetic field sensor|13.2|-38.94|-20.699999|1395861630561
AK8963 3-axis Magnetic field sensor|13.799999|-39.239998|-20.279999|1395861630581
AK8963 3-axis Magnetic field sensor|14.5199995|-39.42|-19.619999|1395861630601
AK8963 3-axis Magnetic field sensor|15.059999|-39.6|-18.9|1395861630621
AK8963 3-axis Magnetic field sensor|15.66|-39.84|-18.24|1395861630642
AK8963 3-axis Magnetic field sensor|16.14|-40.2|-17.58|1395861630661
AK8963 3-axis Magnetic field sensor|16.38|-40.14|-17.52|1395861630681
AK8963 3-axis Magnetic field sensor|16.32|-40.32|-17.76|1395861630702
AK8963 3-axis Magnetic field sensor|16.02|-40.44|-17.88|1395861630722
AK8963 3-axis Magnetic field sensor|15.66|-40.379997|-18.24|1395861630741
AK8963 3-axis Magnetic field sensor|15.54|-40.2|-18.18|1395861630762
AK8963 3-axis Magnetic field sensor|15.48|-40.44|-18.24|1395861630782
AK8963 3-axis Magnetic field sensor|15.48|-40.62|-18.18|1395861630802
AK8963 3-axis Magnetic field sensor|15.54|-40.86|-18.06|1395861630822
AK8963 3-axis Magnetic field sensor|15.599999|-40.92|-17.88|1395861630842
AK8963 3-axis Magnetic field sensor|15.66|-41.04|-17.76|1395861630862
AK8963 3-axis Magnetic field sensor|15.96|-40.92|-17.22|1395861630882
AK8963 3-axis Magnetic field sensor|16.26|-41.1|-16.8|1395861630902
AK8963 3-axis Magnetic field sensor|16.199999|-40.98|-16.92|1395861630923
AK8963 3-axis Magnetic field sensor|16.199999|-41.1|-17.1|1395861630943
AK8963 3-axis Magnetic field sensor|15.96|-40.98|-17.34|1395861630963
AK8963 3-axis Magnetic field sensor|15.719999|-40.98|-17.52|1395861630983
AK8963 3-axis Magnetic field sensor|15.719999|-40.739998|-17.76|1395861631000
AK8963 3-axis Magnetic field sensor|15.599999|-40.32|-17.64|1395861631021
AK8963 3-axis Magnetic field sensor|15.78|-40.44|-17.699999|1395861631040
AK8963 3-axis Magnetic field sensor|15.78|-40.2|-17.76|1395861631061
AK8963 3-axis Magnetic field sensor|15.36|-39.96|-17.94|1395861631081
AK8963 3-axis Magnetic field sensor|15.12|-39.48|-18.0|1395861631101
AK8963 3-axis Magnetic field sensor|14.94|-39.42|-18.24|1395861631121
AK8963 3-axis Magnetic field sensor|15.059999|-39.36|-18.359999|1395861631141
AK8963 3-axis Magnetic field sensor|14.759999|-39.78|-18.66|1395861631161
AK8963 3-axis Magnetic field sensor|14.639999|-39.84|-19.14|1395861631181
AK8963 3-axis Magnetic field sensor|14.16|-39.66|-19.5|1395861631201
AK8963 3-axis Magnetic field sensor|13.799999|-39.719997|-19.74|1395861631222
AK8963 3-axis Magnetic field sensor|13.679999|-40.02|-19.98|1395861631242
AK8963 3-axis Magnetic field sensor|13.62|-40.079998|-20.1|1395861631262
AK8963 3-axis Magnetic field sensor|13.44|-39.84|-20.279999|1395861631282
AK8963 3-axis Magnetic field sensor|13.08|-39.78|-20.34|1395861631302
AK8963 3-axis Magnetic field sensor|12.84|-39.42|-20.52|1395861631322
AK8963 3-axis Magnetic field sensor|12.66|-39.48|-20.699999|1395861631341
AK8963 3-axis Magnetic field sensor|12.599999|-39.3|-21.0|1395861631362
AK8963 3-axis Magnetic field sensor|12.48|-39.36|-21.24|1395861631382
AK8963 3-axis Magnetic field sensor|12.54|-39.36|-21.0|1395861631402
AK8963 3-axis Magnetic field sensor|12.42|-39.48|-20.939999|1395861631422
AK8963 3-axis Magnetic field sensor|12.599999|-39.78|-20.699999|1395861631442
AK8963 3-axis Magnetic field sensor|12.599999|-39.42|-20.699999|1395861631463
AK8963 3-axis Magnetic field sensor|12.42|-39.42|-20.58|1395861631482
AK8963 3-axis Magnetic field sensor|12.599999|-39.42|-20.58|1395861631501
AK8963 3-axis Magnetic field sensor|12.96|-39.84|-20.16|1395861631521
AK8963 3-axis Magnetic field sensor|13.32|-39.899998|-19.8|1395861631540
AK8963 3-axis Magnetic field sensor|13.679999|-39.719997|-19.68|1395861631561
AK8963 3-axis Magnetic field sensor|13.74|-39.66|-19.38|1395861631581
AK8963 3-axis Magnetic field sensor|13.92|-39.719997|-19.14|1395861631601
AK8963 3-axis Magnetic field sensor|14.099999|-39.96|-18.84|1395861631621
AK8963 3-axis Magnetic field sensor|14.28|-40.2|-18.66|1395861631641
AK8963 3-axis Magnetic field sensor|14.28|-40.02|-18.3|1395861631661
AK8963 3-axis Magnetic field sensor|14.34|-39.96|-18.3|1395861631681
AK8963 3-axis Magnetic field sensor|14.28|-40.14|-18.06|1395861631702
AK8963 3-axis Magnetic field sensor|13.92|-40.32|-17.88|1395861631722
AK8963 3-axis Magnetic field sensor|14.28|-40.26|-18.119999|1395861631742
AK8963 3-axis Magnetic field sensor|13.98|-39.78|-18.18|1395861631761
AK8963 3-axis Magnetic field sensor|13.74|-40.02|-18.18|1395861631782
AK8963 3-axis Magnetic field sensor|13.98|-40.32|-17.58|1395861631802
AK8963 3-axis Magnetic field sensor|13.799999|-40.62|-17.58|1395861631822
AK8963 3-axis Magnetic field sensor|13.139999|-40.44|-17.699999|1395861631842
AK8963 3-axis Magnetic field sensor|13.0199995|-40.62|-17.699999|1395861631862
AK8963 3-axis Magnetic field sensor|13.08|-40.68|-17.82|1395861631882
AK8963 3-axis Magnetic field sensor|12.84|-40.92|-17.52|1395861631902
AK8963 3-axis Magnetic field sensor|13.139999|-41.28|-17.039999|1395861631922
AK8963 3-axis Magnetic field sensor|13.5|-41.219997|-16.8|1395861631942
AK8963 3-axis Magnetic field sensor|13.679999|-40.86|-16.74|1395861631963
AK8963 3-axis Magnetic field sensor|13.98|-40.92|-16.32|1395861631982
AK8963 3-axis Magnetic field sensor|14.5199995|-41.1|-15.66|1395861632001
AK8963 3-axis Magnetic field sensor|14.94|-40.92|-15.12|1395861632021
AK8963 3-axis Magnetic field sensor|15.48|-40.92|-14.28|1395861632041
AK8963 3-axis Magnetic field sensor|15.54|-40.92|-13.86|1395861632061
AK8963 3-axis Magnetic field sensor|15.96|-41.219997|-13.74|1395861632081
AK8963 3-axis Magnetic field sensor|16.08|-41.219997|-13.62|1395861632101
AK8963 3-axis Magnetic field sensor|16.02|-41.28|-13.5|1395861632125
AK8963 3-axis Magnetic field sensor|16.32|-41.46|-13.259999|1395861632145
AK8963 3-axis Magnetic field sensor|16.5|-41.46|-13.38|1395861632165
AK8963 3-axis Magnetic field sensor|16.56|-41.579998|-13.44|1395861632185
AK8963 3-axis Magnetic field sensor|16.14|-41.64|-13.92|1395861632205
AK8963 3-axis Magnetic field sensor|16.44|-41.52|-14.16|1395861632225
AK8963 3-axis Magnetic field sensor|15.78|-41.34|-14.34|1395861632245
AK8963 3-axis Magnetic field sensor|15.599999|-41.399998|-14.219999|1395861632265
AK8963 3-axis Magnetic field sensor|15.599999|-41.399998|-14.28|1395861632285
AK8963 3-axis Magnetic field sensor|15.42|-41.399998|-14.28|1395861632305
AK8963 3-axis Magnetic field sensor|14.94|-41.219997|-14.5199995|1395861632325
AK8963 3-axis Magnetic field sensor|14.58|-41.16|-14.639999|1395861632345
AK8963 3-axis Magnetic field sensor|14.46|-41.1|-14.759999|1395861632366
AK8963 3-axis Magnetic field sensor|14.16|-41.1|-14.82|1395861632386
AK8963 3-axis Magnetic field sensor|14.16|-40.92|-14.94|1395861632407
AK8963 3-axis Magnetic field sensor|14.04|-40.8|-15.179999|1395861632427
AK8963 3-axis Magnetic field sensor|14.04|-40.739998|-15.54|1395861632446
AK8963 3-axis Magnetic field sensor|13.98|-40.559998|-15.9|1395861632466
AK8963 3-axis Magnetic field sensor|14.219999|-40.379997|-15.78|1395861632486
AK8963 3-axis Magnetic field sensor|14.219999|-40.44|-15.9|1395861632507
AK8963 3-axis Magnetic field sensor|14.34|-40.32|-15.9|1395861632527
AK8963 3-axis Magnetic field sensor|14.16|-40.5|-15.9|1395861632547
