BOSCH BMA250 3-axis Accelerometer|-0.61291564|7.1251445|6.397307|1395861613036
BOSCH BMA250 3-axis Accelerometer|-0.45968673|7.0102224|6.244078|1395861613056
BOSCH BMA250 3-axis Accelerometer|-0.4213795|6.9719152|6.2823853|1395861613076
BOSCH BMA250 3-axis Accelerometer|-0.5746084|7.0485296|6.435614|1395861613096
BOSCH BMA250 3-axis Accelerometer|-0.5363012|7.1251445|6.6654577|1395861613122
BOSCH BMA250 3-axis Accelerometer|-0.61291564|7.0485296|7.201759|1395861613139
BOSCH BMA250 3-axis Accelerometer|-0.5363012|6.933608|7.086837|1395861613157
BOSCH BMA250 3-axis Accelerometer|-0.34476504|6.6654577|6.8569937|1395861613177
BOSCH BMA250 3-axis Accelerometer|-0.22984336|6.588843|6.7803793|1395861613197
BOSCH BMA250 3-axis Accelerometer|-0.19153613|6.5122285|6.9719152|1395861613216
BOSCH BMA250 3-axis Accelerometer|-0.2681506|6.4739213|7.0485296|1395861613237
BOSCH BMA250 3-axis Accelerometer|-0.5363012|6.5122285|7.0485296|1395861613257
BOSCH BMA250 3-axis Accelerometer|-0.61291564|6.4739213|6.895301|1395861613276
BOSCH BMA250 3-axis Accelerometer|-0.38307226|7.0102224|7.240066|1395861613296
BOSCH BMA250 3-axis Accelerometer|-1.1109096|6.129156|6.742072|1395861613317
BOSCH BMA250 3-axis Accelerometer|-1.1109096|6.244078|6.4739213|1395861613337
BOSCH BMA250 3-axis Accelerometer|-1.3790601|6.6654577|6.895301|1395861613356
BOSCH BMA250 3-axis Accelerometer|-1.4939818|6.5505357|7.0485296|1395861613377
BOSCH BMA250 3-axis Accelerometer|-1.4173675|6.588843|7.0102224|1395861613397
BOSCH BMA250 3-axis Accelerometer|-1.4556746|6.742072|7.1251445|1395861613416
BOSCH BMA250 3-axis Accelerometer|-1.4556746|6.588843|7.2783732|1395861613437
BOSCH BMA250 3-axis Accelerometer|-1.9153614|7.0485296|7.3549876|1395861613456
BOSCH BMA250 3-axis Accelerometer|-1.4939818|6.742072|7.086837|1395861613477
BOSCH BMA250 3-axis Accelerometer|-1.0342951|5.8226986|6.5505357|1395861613497
BOSCH BMA250 3-axis Accelerometer|-1.685518|6.6271505|7.0102224|1395861613519
BOSCH BMA250 3-axis Accelerometer|-1.532289|6.129156|7.0102224|1395861613537
BOSCH BMA250 3-axis Accelerometer|-1.3024458|5.592855|6.933608|1395861613558
BOSCH BMA250 3-axis Accelerometer|-1.0726024|5.4779334|6.7803793|1395861613577
BOSCH BMA250 3-axis Accelerometer|-0.8810662|5.363012|5.861006|1395861613596
BOSCH BMA250 3-axis Accelerometer|-0.6512229|5.056554|4.7500963|1395861613616
BOSCH BMA250 3-axis Accelerometer|-0.8810662|4.673482|4.060566|1395861613636
BOSCH BMA250 3-axis Accelerometer|-1.0342951|3.6774938|3.064578|1395861613657
BOSCH BMA250 3-axis Accelerometer|-1.532289|2.7581203|2.2218192|1395861613676
BOSCH BMA250 3-axis Accelerometer|-5.631162|3.2561142|2.336741|1395861613696
BOSCH BMA250 3-axis Accelerometer|-7.3549876|4.8267107|1.340753|1395861613716
BOSCH BMA250 3-axis Accelerometer|-7.699753|5.66947|1.3790601|1395861613736
BOSCH BMA250 3-axis Accelerometer|-8.42759|3.6774938|2.030283|1395861613756
BOSCH BMA250 3-axis Accelerometer|-12.679692|4.367024|6.703765|1395861613777
BOSCH BMA250 3-axis Accelerometer|-17.00841|4.6351743|8.389283|1395861613796
BOSCH BMA250 3-axis Accelerometer|-12.98615|2.9879637|3.4093432|1395861613817
BOSCH BMA250 3-axis Accelerometer|-12.947843|3.371036|3.9839516|1395861613836
BOSCH BMA250 3-axis Accelerometer|-11.492168|1.9536686|3.6008794|1395861613857
BOSCH BMA250 3-axis Accelerometer|-10.955867|0.91937345|4.213795|1395861613876
BOSCH BMA250 3-axis Accelerometer|-9.5385|1.6472107|4.903325|1395861613897
BOSCH BMA250 3-axis Accelerometer|-8.236053|1.1875241|3.9456444|1395861613916
BOSCH BMA250 3-axis Accelerometer|-9.691729|0.22984336|3.5625722|1395861613937
BOSCH BMA250 3-axis Accelerometer|-9.423578|0.9959879|2.681506|1395861613957
BOSCH BMA250 3-axis Accelerometer|-8.887277|0.30645782|1.9919758|1395861613977
BOSCH BMA250 3-axis Accelerometer|-8.619126|0.038307227|1.685518|1395861613996
BOSCH BMA250 3-axis Accelerometer|-12.679692|-0.9959879|4.098873|1395861614017
BOSCH BMA250 3-axis Accelerometer|-9.078813|1.2641385|3.1028855|1395861614036
BOSCH BMA250 3-axis Accelerometer|-8.619126|0.38307226|3.4859576|1395861614056
BOSCH BMA250 3-axis Accelerometer|-8.350976|0.91937345|4.4436383|1395861614076
BOSCH BMA250 3-axis Accelerometer|-7.6614456|0.45968673|6.895301|1395861614096
BOSCH BMA250 3-axis Accelerometer|-7.929596|-0.45968673|6.3206925|1395861614116
BOSCH BMA250 3-axis Accelerometer|-7.5848308|-0.8810662|6.6271505|1395861614138
BOSCH BMA250 3-axis Accelerometer|-8.542512|-0.19153613|7.3549876|1395861614256
BOSCH BMA250 3-axis Accelerometer|-6.933608|0.4213795|5.7843914|1395861614276
BOSCH BMA250 3-axis Accelerometer|-6.4739213|0.2681506|5.8226986|1395861614296
BOSCH BMA250 3-axis Accelerometer|-6.167464|-0.34476504|5.2863975|1395861614316
BOSCH BMA250 3-axis Accelerometer|-6.129156|1.6472107|3.3327289|1395861614337
BOSCH BMA250 3-axis Accelerometer|-3.1411927|2.4899697|3.371036|1395861614356
BOSCH BMA250 3-axis Accelerometer|-6.8186865|3.4093432|5.171476|1395861614376
BOSCH BMA250 3-axis Accelerometer|-4.673482|2.2218192|5.4779334|1395861614396
BOSCH BMA250 3-axis Accelerometer|-4.8267107|4.903325|4.9799395|1395861614416
BOSCH BMA250 3-axis Accelerometer|-3.5625722|5.133168|4.7500963|1395861614436
BOSCH BMA250 3-axis Accelerometer|-2.6431987|5.0182467|4.2521024|1395861614456
BOSCH BMA250 3-axis Accelerometer|-1.9153614|5.209783|4.213795|1395861614476
BOSCH BMA250 3-axis Accelerometer|-1.4939818|6.397307|4.4819455|1395861614496
BOSCH BMA250 3-axis Accelerometer|-2.1452048|7.5465236|4.673482|1395861614515
BOSCH BMA250 3-axis Accelerometer|-2.9496565|9.385271|5.9759274|1395861614536
BOSCH BMA250 3-axis Accelerometer|-3.371036|9.768343|8.197746|1395861614556
BOSCH BMA250 3-axis Accelerometer|-2.183512|9.155427|8.542512|1395861614576
BOSCH BMA250 3-axis Accelerometer|-3.3327289|10.457873|9.346964|1395861614596
BOSCH BMA250 3-axis Accelerometer|-4.6351743|11.9135475|10.764331|1395861614616
BOSCH BMA250 3-axis Accelerometer|-5.363012|11.798626|11.87524|1395861614636
BOSCH BMA250 3-axis Accelerometer|-4.9416323|9.844957|11.9135475|1395861614656
BOSCH BMA250 3-axis Accelerometer|-5.363012|9.193734|11.568783|1395861614676
BOSCH BMA250 3-axis Accelerometer|-6.090849|9.423578|11.60709|1395861614696
BOSCH BMA250 3-axis Accelerometer|-5.93762|9.5385|12.449849|1395861614716
BOSCH BMA250 3-axis Accelerometer|-4.9416323|9.730036|13.67568|1395861614736
BOSCH BMA250 3-axis Accelerometer|-5.171476|9.5385|14.5567465|1395861614756
BOSCH BMA250 3-axis Accelerometer|-5.363012|9.615114|13.139379|1395861614776
BOSCH BMA250 3-axis Accelerometer|-5.171476|10.266336|10.6877165|1395861614796
BOSCH BMA250 3-axis Accelerometer|-5.631162|8.121132|9.576807|1395861614816
BOSCH BMA250 3-axis Accelerometer|-5.3247046|8.312668|7.967903|1395861614836
BOSCH BMA250 3-axis Accelerometer|-5.171476|8.42759|6.5122285|1395861614856
BOSCH BMA250 3-axis Accelerometer|-5.094861|7.0102224|5.439626|1395861614876
BOSCH BMA250 3-axis Accelerometer|-5.439626|6.129156|2.6431987|1395861614896
BOSCH BMA250 3-axis Accelerometer|-3.6008794|6.129156|7.5082164|1395861614916
BOSCH BMA250 3-axis Accelerometer|-1.685518|9.768343|3.9839516|1395861614936
BOSCH BMA250 3-axis Accelerometer|-1.1109096|8.274361|4.1371803|1395861614956
BOSCH BMA250 3-axis Accelerometer|2.9496565|7.8529816|5.401319|1395861614976
BOSCH BMA250 3-axis Accelerometer|4.1371803|8.0445175|5.133168|1395861614997
BOSCH BMA250 3-axis Accelerometer|4.4436383|7.3549876|4.865018|1395861615017
BOSCH BMA250 3-axis Accelerometer|2.3750482|5.746084|3.86903|1395861615037
BOSCH BMA250 3-axis Accelerometer|1.5705963|7.0102224|5.3247046|1395861615056
BOSCH BMA250 3-axis Accelerometer|3.0262709|9.155427|6.5505357|1395861615077
BOSCH BMA250 3-axis Accelerometer|3.2561142|9.500193|6.129156|1395861615096
BOSCH BMA250 3-axis Accelerometer|1.9919758|8.082825|4.6351743|1395861615116
BOSCH BMA250 3-axis Accelerometer|1.1109096|6.167464|4.098873|1395861615136
BOSCH BMA250 3-axis Accelerometer|0.5746084|5.171476|3.5242648|1395861615157
BOSCH BMA250 3-axis Accelerometer|0.61291564|4.405331|2.7581203|1395861615176
BOSCH BMA250 3-axis Accelerometer|3.2944214|7.469909|5.2480903|1395861615296
BOSCH BMA250 3-axis Accelerometer|2.528277|10.534488|4.367024|1395861615316
BOSCH BMA250 3-axis Accelerometer|1.9153614|10.764331|3.3327289|1395861615337
BOSCH BMA250 3-axis Accelerometer|0.5363012|9.768343|1.6472107|1395861615357
BOSCH BMA250 3-axis Accelerometer|0.61291564|8.734048|0.9959879|1395861615376
BOSCH BMA250 3-axis Accelerometer|1.0726024|9.5385|0.7278373|1395861615396
BOSCH BMA250 3-axis Accelerometer|0.45968673|11.492168|0.842759|1395861615416
BOSCH BMA250 3-axis Accelerometer|0.4213795|12.832921|1.4939818|1395861615436
BOSCH BMA250 3-axis Accelerometer|-0.7278373|13.560759|1.8387469|1395861615456
BOSCH BMA250 3-axis Accelerometer|-1.9153614|15.284584|1.685518|1395861615476
BOSCH BMA250 3-axis Accelerometer|-2.4899697|12.679692|0.5746084|1395861615496
BOSCH BMA250 3-axis Accelerometer|-1.5705963|8.848969|0.0|1395861615516
BOSCH BMA250 3-axis Accelerometer|-3.715801|7.8146744|0.038307227|1395861615536
BOSCH BMA250 3-axis Accelerometer|-2.873042|8.350976|0.0|1395861615556
BOSCH BMA250 3-axis Accelerometer|-1.0342951|9.346964|1.4173675|1395861615576
BOSCH BMA250 3-axis Accelerometer|0.49799395|8.0445175|1.340753|1395861615596
BOSCH BMA250 3-axis Accelerometer|-0.15322891|8.465898|0.45968673|1395861615617
BOSCH BMA250 3-axis Accelerometer|-1.1492168|8.734048|-0.61291564|1395861615636
BOSCH BMA250 3-axis Accelerometer|0.076614454|9.11712|-0.7278373|1395861615656
BOSCH BMA250 3-axis Accelerometer|-0.842759|7.929596|0.15322891|1395861615676
BOSCH BMA250 3-axis Accelerometer|-1.5705963|7.2783732|-0.2681506|1395861615696
BOSCH BMA250 3-axis Accelerometer|-2.873042|7.5465236|-0.7278373|1395861615716
BOSCH BMA250 3-axis Accelerometer|-2.528277|7.240066|-0.5746084|1395861615736
BOSCH BMA250 3-axis Accelerometer|-0.8810662|8.159439|-2.7964275|1395861615756
BOSCH BMA250 3-axis Accelerometer|-2.030283|9.691729|0.11492168|1395861615776
BOSCH BMA250 3-axis Accelerometer|-2.4899697|7.699753|-2.6048915|1395861615796
BOSCH BMA250 3-axis Accelerometer|-1.8770541|6.3206925|-0.5746084|1395861615816
BOSCH BMA250 3-axis Accelerometer|-1.7238252|8.810662|0.15322891|1395861615836
BOSCH BMA250 3-axis Accelerometer|-0.6895301|15.74427|-0.22984336|1395861615855
BOSCH BMA250 3-axis Accelerometer|-1.685518|16.127342|1.4939818|1395861615876
BOSCH BMA250 3-axis Accelerometer|-0.6895301|10.994174|-0.19153613|1395861615896
BOSCH BMA250 3-axis Accelerometer|-2.030283|10.572795|2.1068976|1395861615916
BOSCH BMA250 3-axis Accelerometer|-1.9536686|11.300632|2.336741|1395861615937
BOSCH BMA250 3-axis Accelerometer|-2.4133554|12.717999|1.7238252|1395861615956
BOSCH BMA250 3-axis Accelerometer|-2.336741|12.947843|1.0342951|1395861615976
BOSCH BMA250 3-axis Accelerometer|-1.5705963|11.530476|-0.11492168|1395861615996
BOSCH BMA250 3-axis Accelerometer|-1.9153614|11.300632|-0.6512229|1395861616017
BOSCH BMA250 3-axis Accelerometer|-2.6431987|10.994174|-1.6089035|1395861616037
BOSCH BMA250 3-axis Accelerometer|-2.7581203|9.461885|-2.6431987|1395861616056
BOSCH BMA250 3-axis Accelerometer|-1.7621324|7.8912888|-1.9536686|1395861616076
BOSCH BMA250 3-axis Accelerometer|0.61291564|7.469909|-0.8810662|1395861616096
BOSCH BMA250 3-axis Accelerometer|0.30645782|7.6614456|0.076614454|1395861616116
BOSCH BMA250 3-axis Accelerometer|-1.0342951|8.42759|1.0726024|1395861616137
BOSCH BMA250 3-axis Accelerometer|-2.6431987|8.236053|2.9496565|1395861616156
BOSCH BMA250 3-axis Accelerometer|-2.2984335|9.078813|1.6089035|1395861616176
BOSCH BMA250 3-axis Accelerometer|-2.0685902|9.385271|0.5363012|1395861616196
BOSCH BMA250 3-axis Accelerometer|-1.8004397|9.308656|-0.076614454|1395861616216
BOSCH BMA250 3-axis Accelerometer|-1.7621324|8.963891|-0.91937345|1395861616236
BOSCH BMA250 3-axis Accelerometer|-1.8004397|8.619126|-1.1492168|1395861616256
BOSCH BMA250 3-axis Accelerometer|-1.5705963|8.121132|-1.1109096|1395861616278
BOSCH BMA250 3-axis Accelerometer|-1.1492168|7.393295|-0.7661445|1395861616296
BOSCH BMA250 3-axis Accelerometer|-0.30645782|5.209783|1.1109096|1395861616316
BOSCH BMA250 3-axis Accelerometer|-0.5363012|3.8307228|1.7238252|1395861616336
BOSCH BMA250 3-axis Accelerometer|-1.2258313|2.566584|1.9153614|1395861616356
BOSCH BMA250 3-axis Accelerometer|-1.1109096|5.056554|2.9879637|1395861616380
BOSCH BMA250 3-axis Accelerometer|-1.5705963|6.8186865|3.5242648|1395861616396
BOSCH BMA250 3-axis Accelerometer|-1.9536686|6.933608|3.064578|1395861616416
BOSCH BMA250 3-axis Accelerometer|-2.183512|7.5082164|2.4516625|1395861616436
BOSCH BMA250 3-axis Accelerometer|-2.4133554|8.465898|2.2218192|1395861616456
BOSCH BMA250 3-axis Accelerometer|-1.8387469|9.998186|2.336741|1395861616476
BOSCH BMA250 3-axis Accelerometer|-1.4556746|10.228029|2.4516625|1395861616496
BOSCH BMA250 3-axis Accelerometer|-1.5705963|9.730036|3.6774938|1395861616516
BOSCH BMA250 3-axis Accelerometer|-2.0685902|10.228029|5.439626|1395861616537
BOSCH BMA250 3-axis Accelerometer|-3.6391866|12.488156|5.9759274|1395861616556
BOSCH BMA250 3-axis Accelerometer|-3.8307228|12.832921|6.0142345|1395861616576
BOSCH BMA250 3-axis Accelerometer|-3.9839516|12.909535|6.244078|1395861616596
BOSCH BMA250 3-axis Accelerometer|-4.405331|13.292608|6.8186865|1395861616615
BOSCH BMA250 3-axis Accelerometer|-4.55856|15.399506|7.3166804|1395861616636
BOSCH BMA250 3-axis Accelerometer|-4.5202527|16.089035|7.0485296|1395861616656
BOSCH BMA250 3-axis Accelerometer|-4.4819455|16.472107|7.0102224|1395861616676
BOSCH BMA250 3-axis Accelerometer|-4.367024|16.318878|7.0102224|1395861616696
BOSCH BMA250 3-axis Accelerometer|-4.060566|15.897499|7.0485296|1395861616716
BOSCH BMA250 3-axis Accelerometer|-4.0222588|15.935806|6.588843|1395861616737
BOSCH BMA250 3-axis Accelerometer|-3.9073372|15.859192|6.0142345|1395861616756
BOSCH BMA250 3-axis Accelerometer|-3.7541082|15.514427|5.439626|1395861616776
BOSCH BMA250 3-axis Accelerometer|-3.1028855|14.135366|4.060566|1395861616796
BOSCH BMA250 3-axis Accelerometer|-2.566584|13.062764|3.217807|1395861616826
BOSCH BMA250 3-axis Accelerometer|-1.3024458|10.189722|1.4556746|1395861616846
BOSCH BMA250 3-axis Accelerometer|-0.61291564|8.772355|0.6512229|1395861616867
BOSCH BMA250 3-axis Accelerometer|-0.076614454|7.240066|0.22984336|1395861616886
BOSCH BMA250 3-axis Accelerometer|0.22984336|5.66947|0.11492168|1395861616906
BOSCH BMA250 3-axis Accelerometer|0.45968673|2.4899697|0.34476504|1395861616926
BOSCH BMA250 3-axis Accelerometer|0.61291564|1.1109096|0.30645782|1395861616946
BOSCH BMA250 3-axis Accelerometer|0.6895301|0.076614454|0.22984336|1395861616966
BOSCH BMA250 3-axis Accelerometer|0.7278373|-0.80445176|0.19153613|1395861616986
BOSCH BMA250 3-axis Accelerometer|0.7661445|-1.8004397|-0.19153613|1395861617006
BOSCH BMA250 3-axis Accelerometer|0.7661445|-1.7621324|-0.49799395|1395861617026
BOSCH BMA250 3-axis Accelerometer|0.7278373|-1.3024458|-0.7661445|1395861617047
BOSCH BMA250 3-axis Accelerometer|0.5363012|-0.80445176|-0.9959879|1395861617066
BOSCH BMA250 3-axis Accelerometer|0.5363012|0.15322891|-1.1875241|1395861617086
BOSCH BMA250 3-axis Accelerometer|0.49799395|0.61291564|-1.3024458|1395861617106
BOSCH BMA250 3-axis Accelerometer|0.34476504|1.2258313|-1.1492168|1395861617126
BOSCH BMA250 3-axis Accelerometer|-0.076614454|1.8004397|-0.7278373|1395861617146
BOSCH BMA250 3-axis Accelerometer|-1.6472107|3.3327289|0.4213795|1395861617166
BOSCH BMA250 3-axis Accelerometer|-2.336741|6.0525417|2.183512|1395861617186
BOSCH BMA250 3-axis Accelerometer|-3.8307228|9.959879|3.4476504|1395861617206
BOSCH BMA250 3-axis Accelerometer|-6.167464|18.08101|3.4476504|1395861617226
BOSCH BMA250 3-axis Accelerometer|-3.064578|12.028469|3.86903|1395861617246
BOSCH BMA250 3-axis Accelerometer|-1.3790601|9.615114|4.673482|1395861617266
BOSCH BMA250 3-axis Accelerometer|-0.5746084|13.867216|6.588843|1395861617289
BOSCH BMA250 3-axis Accelerometer|-1.1492168|16.587029|7.5465236|1395861617308
BOSCH BMA250 3-axis Accelerometer|-4.55856|17.774553|7.3549876|1395861617326
BOSCH BMA250 3-axis Accelerometer|-6.588843|19.421764|7.5848308|1395861617347
BOSCH BMA250 3-axis Accelerometer|-8.00621|19.498379|8.0445175|1395861617367
BOSCH BMA250 3-axis Accelerometer|-7.3166804|18.387468|9.998186|1395861617388
BOSCH BMA250 3-axis Accelerometer|-6.167464|18.693928|9.308656|1395861617407
BOSCH BMA250 3-axis Accelerometer|-4.2521024|18.042704|8.082825|1395861617427
BOSCH BMA250 3-axis Accelerometer|-3.5625722|17.00841|6.895301|1395861617447
BOSCH BMA250 3-axis Accelerometer|-3.4859576|15.974113|6.244078|1395861617467
BOSCH BMA250 3-axis Accelerometer|-3.064578|15.705963|5.746084|1395861617487
BOSCH BMA250 3-axis Accelerometer|-2.719813|14.709975|4.903325|1395861617506
BOSCH BMA250 3-axis Accelerometer|-2.4899697|13.062764|3.9839516|1395861617526
BOSCH BMA250 3-axis Accelerometer|-2.0685902|11.300632|3.0262709|1395861617546
BOSCH BMA250 3-axis Accelerometer|-0.8810662|8.312668|1.3790601|1395861617566
BOSCH BMA250 3-axis Accelerometer|-0.49799395|6.6271505|0.8810662|1395861617587
BOSCH BMA250 3-axis Accelerometer|-0.19153613|4.903325|0.5746084|1395861617606
BOSCH BMA250 3-axis Accelerometer|0.038307227|3.3327289|0.34476504|1395861617626
BOSCH BMA250 3-axis Accelerometer|0.30645782|0.80445176|-0.15322891|1395861617646
BOSCH BMA250 3-axis Accelerometer|0.34476504|-0.076614454|-0.30645782|1395861617666
BOSCH BMA250 3-axis Accelerometer|0.38307226|-0.842759|-0.4213795|1395861617686
BOSCH BMA250 3-axis Accelerometer|0.38307226|-1.4556746|-0.5746084|1395861617706
BOSCH BMA250 3-axis Accelerometer|0.19153613|-2.4516625|-0.9959879|1395861617727
BOSCH BMA250 3-axis Accelerometer|0.22984336|-2.681506|-1.1875241|1395861617746
BOSCH BMA250 3-axis Accelerometer|0.30645782|-2.4516625|-1.1109096|1395861617766
BOSCH BMA250 3-axis Accelerometer|0.45968673|-1.8004397|-0.9576807|1395861617786
BOSCH BMA250 3-axis Accelerometer|0.842759|-0.6895301|-0.8810662|1395861617806
BOSCH BMA250 3-axis Accelerometer|1.0342951|-0.30645782|-0.6895301|1395861617826
BOSCH BMA250 3-axis Accelerometer|1.1492168|0.076614454|-0.7278373|1395861617846
BOSCH BMA250 3-axis Accelerometer|1.2258313|0.4213795|-0.7661445|1395861617866
BOSCH BMA250 3-axis Accelerometer|0.7278373|1.685518|-0.038307227|1395861617886
BOSCH BMA250 3-axis Accelerometer|0.076614454|3.2561142|1.8004397|1395861617906
BOSCH BMA250 3-axis Accelerometer|-0.8810662|6.435614|4.903325|1395861617926
BOSCH BMA250 3-axis Accelerometer|-2.4899697|13.139379|6.6654577|1395861617946
BOSCH BMA250 3-axis Accelerometer|-4.7500963|18.310854|3.1794999|1395861617966
BOSCH BMA250 3-axis Accelerometer|-2.3750482|3.7924154|1.685518|1395861617986
BOSCH BMA250 3-axis Accelerometer|0.19153613|9.959879|7.5465236|1395861618006
BOSCH BMA250 3-axis Accelerometer|-0.61291564|18.464083|9.615114|1395861618026
BOSCH BMA250 3-axis Accelerometer|-6.6271505|19.498379|9.576807|1395861618046
BOSCH BMA250 3-axis Accelerometer|-8.465898|19.34515|7.73806|1395861618066
BOSCH BMA250 3-axis Accelerometer|-9.653421|19.498379|8.772355|1395861618086
BOSCH BMA250 3-axis Accelerometer|-6.9719152|16.625336|10.113108|1395861618107
BOSCH BMA250 3-axis Accelerometer|-5.0182467|17.583017|9.80665|1395861618126
BOSCH BMA250 3-axis Accelerometer|-3.217807|18.425776|9.155427|1395861618146
BOSCH BMA250 3-axis Accelerometer|-1.685518|18.157625|7.3166804|1395861618167
BOSCH BMA250 3-axis Accelerometer|-1.7238252|16.625336|5.5162406|1395861618187
BOSCH BMA250 3-axis Accelerometer|-1.9536686|16.127342|5.631162|1395861618207
BOSCH BMA250 3-axis Accelerometer|-2.2218192|15.74427|4.9416323|1395861618227
BOSCH BMA250 3-axis Accelerometer|-2.183512|14.863204|3.5242648|1395861618248
BOSCH BMA250 3-axis Accelerometer|-1.340753|11.070788|1.6089035|1395861618267
BOSCH BMA250 3-axis Accelerometer|-0.80445176|8.887277|1.1109096|1395861618287
BOSCH BMA250 3-axis Accelerometer|-0.49799395|6.7803793|0.842759|1395861618306
BOSCH BMA250 3-axis Accelerometer|-0.4213795|4.865018|0.7278373|1395861618327
BOSCH BMA250 3-axis Accelerometer|-0.49799395|1.6472107|0.61291564|1395861618347
BOSCH BMA250 3-axis Accelerometer|-0.4213795|0.2681506|0.45968673|1395861618366
BOSCH BMA250 3-axis Accelerometer|-0.19153613|-0.8810662|0.2681506|1395861618387
BOSCH BMA250 3-axis Accelerometer|-0.076614454|-1.8770541|0.038307227|1395861618407
BOSCH BMA250 3-axis Accelerometer|0.076614454|-2.873042|-0.6512229|1395861618426
BOSCH BMA250 3-axis Accelerometer|0.038307227|-2.834735|-0.91937345|1395861618446
BOSCH BMA250 3-axis Accelerometer|0.038307227|-2.7581203|-1.0342951|1395861618466
BOSCH BMA250 3-axis Accelerometer|0.15322891|-2.4133554|-1.0342951|1395861618487
BOSCH BMA250 3-axis Accelerometer|0.80445176|-1.1492168|-1.1875241|1395861618506
BOSCH BMA250 3-axis Accelerometer|0.9576807|-0.5746084|-1.3790601|1395861618526
BOSCH BMA250 3-axis Accelerometer|0.9959879|-0.11492168|-1.340753|1395861618547
BOSCH BMA250 3-axis Accelerometer|1.0342951|0.34476504|-1.1492168|1395861618566
BOSCH BMA250 3-axis Accelerometer|0.34476504|1.3024458|-0.15322891|1395861618587
BOSCH BMA250 3-axis Accelerometer|-0.11492168|2.4516625|0.6895301|1395861618607
BOSCH BMA250 3-axis Accelerometer|-0.49799395|4.711789|1.5705963|1395861618626
BOSCH BMA250 3-axis Accelerometer|-1.7621324|8.695741|4.4819455|1395861618646
BOSCH BMA250 3-axis Accelerometer|-7.0102224|19.498379|8.00621|1395861618666
BOSCH BMA250 3-axis Accelerometer|-6.435614|15.705963|3.2944214|1395861618687
BOSCH BMA250 3-axis Accelerometer|-2.4516625|5.209783|4.367024|1395861618707
BOSCH BMA250 3-axis Accelerometer|-2.183512|10.534488|7.2783732|1395861618726
BOSCH BMA250 3-axis Accelerometer|-5.133168|18.92377|10.611102|1395861618746
BOSCH BMA250 3-axis Accelerometer|-5.9759274|19.498379|8.542512|1395861618766
BOSCH BMA250 3-axis Accelerometer|-5.8226986|19.153614|7.201759|1395861618787
BOSCH BMA250 3-axis Accelerometer|-6.244078|17.54471|8.848969|1395861618807
BOSCH BMA250 3-axis Accelerometer|-5.554548|16.4338|10.840945|1395861618827
BOSCH BMA250 3-axis Accelerometer|-4.3287168|17.085024|10.6877165|1395861618847
BOSCH BMA250 3-axis Accelerometer|-3.5242648|17.238253|9.385271|1395861618868
BOSCH BMA250 3-axis Accelerometer|-3.4093432|17.161638|7.5465236|1395861618888
BOSCH BMA250 3-axis Accelerometer|-3.6774938|16.663643|5.5162406|1395861618908
BOSCH BMA250 3-axis Accelerometer|-3.7541082|16.01242|5.7843914|1395861618927
BOSCH BMA250 3-axis Accelerometer|-3.5625722|15.131354|5.746084|1395861618947
BOSCH BMA250 3-axis Accelerometer|-3.1028855|14.058752|5.3247046|1395861618967
BOSCH BMA250 3-axis Accelerometer|-2.1068976|11.836933|3.4093432|1395861618987
BOSCH BMA250 3-axis Accelerometer|-1.7621324|10.419566|2.030283|1395861619007
BOSCH BMA250 3-axis Accelerometer|-1.4556746|8.580819|0.7278373|1395861619027
BOSCH BMA250 3-axis Accelerometer|-0.61291564|4.7884035|-0.15322891|1395861619051
BOSCH BMA250 3-axis Accelerometer|-0.5363012|3.1411927|-0.076614454|1395861619066
BOSCH BMA250 3-axis Accelerometer|-0.6512229|1.6472107|0.038307227|1395861619086
BOSCH BMA250 3-axis Accelerometer|-0.49799395|0.19153613|0.15322891|1395861619107
BOSCH BMA250 3-axis Accelerometer|-0.30645782|-1.1492168|0.11492168|1395861619126
BOSCH BMA250 3-axis Accelerometer|0.34476504|-3.2561142|-0.038307227|1395861619147
BOSCH BMA250 3-axis Accelerometer|0.61291564|-3.6774938|-0.15322891|1395861619167
BOSCH BMA250 3-axis Accelerometer|0.61291564|-3.7541082|-0.2681506|1395861619187
BOSCH BMA250 3-axis Accelerometer|0.61291564|-3.6391866|-0.19153613|1395861619208
BOSCH BMA250 3-axis Accelerometer|0.9576807|-2.9879637|-0.2681506|1395861619227
BOSCH BMA250 3-axis Accelerometer|1.3024458|-2.2984335|-0.5363012|1395861619247
BOSCH BMA250 3-axis Accelerometer|1.4939818|-1.8004397|-0.9959879|1395861619267
BOSCH BMA250 3-axis Accelerometer|1.4939818|-1.1109096|-1.1109096|1395861619287
BOSCH BMA250 3-axis Accelerometer|0.6895301|1.7621324|-0.30645782|1395861619306
BOSCH BMA250 3-axis Accelerometer|-0.11492168|3.7924154|0.34476504|1395861619327
BOSCH BMA250 3-axis Accelerometer|-0.6512229|5.9759274|2.566584|1395861619347
BOSCH BMA250 3-axis Accelerometer|-3.1028855|10.802638|4.3287168|1395861619366
BOSCH BMA250 3-axis Accelerometer|-10.266336|19.383457|1.532289|1395861619388
BOSCH BMA250 3-axis Accelerometer|-5.209783|4.7884035|2.9113493|1395861619408
BOSCH BMA250 3-axis Accelerometer|-1.532289|2.1452048|5.133168|1395861619427
BOSCH BMA250 3-axis Accelerometer|-0.91937345|13.484144|8.389283|1395861619447
BOSCH BMA250 3-axis Accelerometer|-2.7581203|18.272547|9.768343|1395861619467
BOSCH BMA250 3-axis Accelerometer|-4.596867|15.246277|6.6654577|1395861619488
BOSCH BMA250 3-axis Accelerometer|-4.9799395|15.47612|6.397307|1395861619507
BOSCH BMA250 3-axis Accelerometer|-6.9719152|18.23424|8.504205|1395861619527
BOSCH BMA250 3-axis Accelerometer|-6.3206925|19.460072|9.730036|1395861619547
BOSCH BMA250 3-axis Accelerometer|-4.7500963|18.80885|9.423578|1395861619567
BOSCH BMA250 3-axis Accelerometer|-4.213795|18.042704|8.350976|1395861619587
BOSCH BMA250 3-axis Accelerometer|-4.596867|17.659632|6.397307|1395861619610
BOSCH BMA250 3-axis Accelerometer|-4.5202527|16.74026|6.205771|1395861619627
BOSCH BMA250 3-axis Accelerometer|-4.175488|15.361198|6.205771|1395861619647
BOSCH BMA250 3-axis Accelerometer|-3.6774938|13.982138|5.93762|1395861619666
BOSCH BMA250 3-axis Accelerometer|-2.9496565|12.603078|5.133168|1395861619687
BOSCH BMA250 3-axis Accelerometer|-1.685518|10.036493|2.3750482|1395861619707
BOSCH BMA250 3-axis Accelerometer|-1.2258313|8.772355|0.9959879|1395861619727
BOSCH BMA250 3-axis Accelerometer|-0.842759|7.201759|0.076614454|1395861619747
BOSCH BMA250 3-axis Accelerometer|-0.5746084|5.66947|-0.38307226|1395861619767
BOSCH BMA250 3-axis Accelerometer|-0.34476504|2.719813|-0.22984336|1395861619789
BOSCH BMA250 3-axis Accelerometer|0.038307227|1.4173675|-0.038307227|1395861619807
BOSCH BMA250 3-axis Accelerometer|0.45968673|0.076614454|0.0|1395861619826
BOSCH BMA250 3-axis Accelerometer|0.6512229|-1.4173675|0.076614454|1395861619847
BOSCH BMA250 3-axis Accelerometer|0.9959879|-4.9799395|0.22984336|1395861619867
BOSCH BMA250 3-axis Accelerometer|1.2258313|-4.596867|0.0|1395861619886
BOSCH BMA250 3-axis Accelerometer|0.9959879|-3.5625722|-0.15322891|1395861619906
BOSCH BMA250 3-axis Accelerometer|0.7661445|-2.681506|-0.34476504|1395861619926
BOSCH BMA250 3-axis Accelerometer|0.9576807|-1.8004397|-0.6512229|1395861619946
BOSCH BMA250 3-axis Accelerometer|0.9576807|-1.1875241|-0.91937345|1395861619967
BOSCH BMA250 3-axis Accelerometer|0.7278373|-0.5363012|-1.1875241|1395861619987
BOSCH BMA250 3-axis Accelerometer|0.6512229|0.076614454|-1.1875241|1395861620007
BOSCH BMA250 3-axis Accelerometer|0.15322891|2.4133554|-0.30645782|1395861620026
BOSCH BMA250 3-axis Accelerometer|-0.9576807|4.55856|1.1109096|1395861620046
BOSCH BMA250 3-axis Accelerometer|-2.681506|7.469909|2.834735|1395861620066
BOSCH BMA250 3-axis Accelerometer|-5.746084|15.322891|3.1028855|1395861620087
BOSCH BMA250 3-axis Accelerometer|-6.5122285|17.161638|4.4819455|1395861620106
BOSCH BMA250 3-axis Accelerometer|-0.15322891|1.3790601|2.1068976|1395861620126
BOSCH BMA250 3-axis Accelerometer|1.1109096|5.7843914|3.6774938|1395861620146
BOSCH BMA250 3-axis Accelerometer|-0.9959879|13.9438305|6.205771|1395861620166
BOSCH BMA250 3-axis Accelerometer|-5.66947|18.195932|7.201759|1395861620187
BOSCH BMA250 3-axis Accelerometer|-6.5505357|16.242264|4.405331|1395861620206
BOSCH BMA250 3-axis Accelerometer|-6.244078|15.7825775|5.3247046|1395861620226
BOSCH BMA250 3-axis Accelerometer|-6.397307|16.625336|8.695741|1395861620246
BOSCH BMA250 3-axis Accelerometer|-5.631162|17.774553|11.147403|1395861620266
BOSCH BMA250 3-axis Accelerometer|-4.7500963|17.00841|10.534488|1395861620288
BOSCH BMA250 3-axis Accelerometer|-4.596867|16.587029|8.542512|1395861620306
BOSCH BMA250 3-axis Accelerometer|-5.094861|16.74026|7.431602|1395861620326
BOSCH BMA250 3-axis Accelerometer|-5.439626|17.314867|6.7803793|1395861620352
BOSCH BMA250 3-axis Accelerometer|-5.3247046|17.391481|6.742072|1395861620366
BOSCH BMA250 3-axis Accelerometer|-5.094861|16.548721|6.4739213|1395861620387
BOSCH BMA250 3-axis Accelerometer|-4.4819455|15.1696615|5.707777|1395861620406
BOSCH BMA250 3-axis Accelerometer|-2.9113493|12.028469|3.6774938|1395861620426
BOSCH BMA250 3-axis Accelerometer|-2.4516625|10.534488|2.9113493|1395861620446
BOSCH BMA250 3-axis Accelerometer|-2.2601264|9.11712|2.1068976|1395861620467
BOSCH BMA250 3-axis Accelerometer|-1.9919758|7.73806|1.2258313|1395861620488
BOSCH BMA250 3-axis Accelerometer|-1.1875241|4.8267107|0.34476504|1395861620512
BOSCH BMA250 3-axis Accelerometer|-0.9576807|3.217807|0.30645782|1395861620526
BOSCH BMA250 3-axis Accelerometer|-0.80445176|1.685518|0.2681506|1395861620547
BOSCH BMA250 3-axis Accelerometer|-0.6895301|0.2681506|0.15322891|1395861620566
BOSCH BMA250 3-axis Accelerometer|-0.34476504|-2.1452048|-0.22984336|1395861620588
BOSCH BMA250 3-axis Accelerometer|0.15322891|-2.9879637|-0.30645782|1395861620606
BOSCH BMA250 3-axis Accelerometer|0.61291564|-3.5625722|-0.45968673|1395861620626
BOSCH BMA250 3-axis Accelerometer|0.9576807|-3.6391866|-0.6895301|1395861620647
BOSCH BMA250 3-axis Accelerometer|0.842759|-3.1028855|-1.1109096|1395861620666
BOSCH BMA250 3-axis Accelerometer|0.8810662|-2.566584|-1.2641385|1395861620686
BOSCH BMA250 3-axis Accelerometer|1.2258313|-2.030283|-1.7621324|1395861620706
BOSCH BMA250 3-axis Accelerometer|1.5705963|-1.7621324|-2.183512|1395861620726
BOSCH BMA250 3-axis Accelerometer|1.6089035|-0.5363012|-1.340753|1395861620746
BOSCH BMA250 3-axis Accelerometer|1.1875241|0.6512229|-0.45968673|1395861620766
BOSCH BMA250 3-axis Accelerometer|0.22984336|2.2984335|0.9576807|1395861620785
BOSCH BMA250 3-axis Accelerometer|-0.8810662|4.213795|2.7581203|1395861620806
BOSCH BMA250 3-axis Accelerometer|-4.8267107|13.905523|6.3589997|1395861620826
BOSCH BMA250 3-axis Accelerometer|-8.159439|19.498379|5.363012|1395861620846
BOSCH BMA250 3-axis Accelerometer|-6.8186865|17.889475|-0.30645782|1395861620866
BOSCH BMA250 3-axis Accelerometer|-1.8004397|1.2641385|0.49799395|1395861620886
BOSCH BMA250 3-axis Accelerometer|0.15322891|14.058752|8.312668|1395861620906
BOSCH BMA250 3-axis Accelerometer|-3.2944214|17.697939|10.649409|1395861620926
BOSCH BMA250 3-axis Accelerometer|-5.401319|19.498379|10.228029|1395861620947
BOSCH BMA250 3-axis Accelerometer|-6.6654577|18.617311|7.393295|1395861620966
BOSCH BMA250 3-axis Accelerometer|-9.346964|17.697939|8.963891|1395861620986
BOSCH BMA250 3-axis Accelerometer|-8.810662|17.659632|9.691729|1395861621006
BOSCH BMA250 3-axis Accelerometer|-6.9719152|17.085024|9.883265|1395861621026
BOSCH BMA250 3-axis Accelerometer|-4.8267107|16.778566|9.768343|1395861621046
BOSCH BMA250 3-axis Accelerometer|-3.2561142|18.272547|7.1251445|1395861621066
BOSCH BMA250 3-axis Accelerometer|-2.719813|18.272547|6.2823853|1395861621086
BOSCH BMA250 3-axis Accelerometer|-2.7581203|17.889475|6.3206925|1395861621106
BOSCH BMA250 3-axis Accelerometer|-3.1411927|17.199945|6.435614|1395861621126
BOSCH BMA250 3-axis Accelerometer|-2.4516625|14.250289|5.171476|1395861621146
BOSCH BMA250 3-axis Accelerometer|-2.1068976|12.794614|3.86903|1395861621166
BOSCH BMA250 3-axis Accelerometer|-1.8770541|11.147403|2.6048915|1395861621186
BOSCH BMA250 3-axis Accelerometer|-1.5705963|9.193734|1.5705963|1395861621206
BOSCH BMA250 3-axis Accelerometer|-1.2641385|5.056554|0.842759|1395861621226
BOSCH BMA250 3-axis Accelerometer|-1.4173675|2.9496565|1.0726024|1395861621246
BOSCH BMA250 3-axis Accelerometer|-1.4939818|1.1109096|1.0726024|1395861621266
BOSCH BMA250 3-axis Accelerometer|-1.3790601|-0.49799395|0.9576807|1395861621286
BOSCH BMA250 3-axis Accelerometer|-0.5363012|-5.363012|0.80445176|1395861621306
BOSCH BMA250 3-axis Accelerometer|0.49799395|-6.4739213|0.34476504|1395861621326
BOSCH BMA250 3-axis Accelerometer|0.9576807|-5.631162|-0.30645782|1395861621346
BOSCH BMA250 3-axis Accelerometer|0.6512229|-4.175488|-1.1875241|1395861621376
BOSCH BMA250 3-axis Accelerometer|0.80445176|-3.4476504|-1.1109096|1395861621396
BOSCH BMA250 3-axis Accelerometer|1.4556746|-2.030283|-0.7278373|1395861621416
BOSCH BMA250 3-axis Accelerometer|1.6472107|-0.91937345|-0.5746084|1395861621436
BOSCH BMA250 3-axis Accelerometer|1.4173675|0.4213795|-0.11492168|1395861621456
BOSCH BMA250 3-axis Accelerometer|0.9576807|1.9919758|0.19153613|1395861621476
BOSCH BMA250 3-axis Accelerometer|0.15322891|6.397307|1.3790601|1395861621496
BOSCH BMA250 3-axis Accelerometer|-0.80445176|9.308656|2.4133554|1395861621516
BOSCH BMA250 3-axis Accelerometer|-2.2601264|15.437813|1.8387469|1395861621536
BOSCH BMA250 3-axis Accelerometer|-4.2904096|19.498379|1.6089035|1395861621556
BOSCH BMA250 3-axis Accelerometer|-3.86903|5.8226986|0.5363012|1395861621576
BOSCH BMA250 3-axis Accelerometer|0.0|3.4476504|2.7964275|1395861621596
BOSCH BMA250 3-axis Accelerometer|-0.5363012|10.534488|6.5505357|1395861621616
BOSCH BMA250 3-axis Accelerometer|-1.9919758|14.633361|9.883265|1395861621636
BOSCH BMA250 3-axis Accelerometer|-5.4779334|16.242264|7.6231384|1395861621656
BOSCH BMA250 3-axis Accelerometer|-6.205771|15.7825775|7.201759|1395861621676
BOSCH BMA250 3-axis Accelerometer|-6.6271505|17.391481|7.8146744|1395861621696
BOSCH BMA250 3-axis Accelerometer|-6.8569937|18.004396|9.155427|1395861621716
BOSCH BMA250 3-axis Accelerometer|-7.3166804|16.587029|10.572795|1395861621737
BOSCH BMA250 3-axis Accelerometer|-6.2823853|16.089035|9.576807|1395861621756
BOSCH BMA250 3-axis Accelerometer|-5.7843914|16.510414|8.619126|1395861621777
BOSCH BMA250 3-axis Accelerometer|-5.554548|17.085024|7.8529816|1395861621796
BOSCH BMA250 3-axis Accelerometer|-5.056554|16.16565|8.082825|1395861621816
BOSCH BMA250 3-axis Accelerometer|-4.7500963|15.591042|7.8912888|1395861621836
BOSCH BMA250 3-axis Accelerometer|-4.2521024|14.863204|6.933608|1395861621856
BOSCH BMA250 3-axis Accelerometer|-3.6008794|13.713987|5.5162406|1395861621877
BOSCH BMA250 3-axis Accelerometer|-2.873042|11.262324|2.681506|1395861621896
BOSCH BMA250 3-axis Accelerometer|-2.566584|10.0748005|1.5705963|1395861621916
BOSCH BMA250 3-axis Accelerometer|-1.9536686|8.580819|0.7661445|1395861621936
BOSCH BMA250 3-axis Accelerometer|-1.3790601|6.8186865|0.45968673|1395861621956
BOSCH BMA250 3-axis Accelerometer|-0.7278373|3.2561142|0.5746084|1395861621976
BOSCH BMA250 3-axis Accelerometer|-0.30645782|1.7621324|0.6512229|1395861621996
BOSCH BMA250 3-axis Accelerometer|0.19153613|0.38307226|0.6895301|1395861622016
BOSCH BMA250 3-axis Accelerometer|0.38307226|-1.0726024|0.61291564|1395861622036
BOSCH BMA250 3-axis Accelerometer|0.5363012|-4.060566|0.34476504|1395861622056
BOSCH BMA250 3-axis Accelerometer|0.91937345|-4.175488|0.0|1395861622076
BOSCH BMA250 3-axis Accelerometer|0.8810662|-4.0222588|-0.34476504|1395861622096
BOSCH BMA250 3-axis Accelerometer|0.30645782|-3.7924154|-0.5363012|1395861622116
BOSCH BMA250 3-axis Accelerometer|-0.38307226|-2.566584|-0.38307226|1395861622137
BOSCH BMA250 3-axis Accelerometer|0.34476504|-1.7238252|-0.49799395|1395861622156
BOSCH BMA250 3-axis Accelerometer|0.9576807|-0.7278373|-0.5363012|1395861622176
BOSCH BMA250 3-axis Accelerometer|1.0726024|0.2681506|-0.5746084|1395861622197
BOSCH BMA250 3-axis Accelerometer|1.340753|3.1411927|-1.1109096|1395861622221
BOSCH BMA250 3-axis Accelerometer|1.1492168|5.171476|0.45968673|1395861622237
BOSCH BMA250 3-axis Accelerometer|-0.30645782|6.8569937|2.0685902|1395861622256
BOSCH BMA250 3-axis Accelerometer|-0.91937345|9.615114|3.8307228|1395861622276
BOSCH BMA250 3-axis Accelerometer|-8.159439|19.498379|10.649409|1395861622296
BOSCH BMA250 3-axis Accelerometer|-7.699753|17.774553|8.197746|1395861622316
BOSCH BMA250 3-axis Accelerometer|-1.1875241|7.0485296|3.4859576|1395861622336
BOSCH BMA250 3-axis Accelerometer|0.34476504|5.171476|4.4436383|1395861622357
BOSCH BMA250 3-axis Accelerometer|-4.1371803|16.203957|8.963891|1395861622376
BOSCH BMA250 3-axis Accelerometer|-5.2480903|18.80885|7.201759|1395861622396
BOSCH BMA250 3-axis Accelerometer|-7.3549876|18.693928|5.746084|1395861622416
BOSCH BMA250 3-axis Accelerometer|-9.691729|18.119318|4.9416323|1395861622437
BOSCH BMA250 3-axis Accelerometer|-8.887277|15.131354|10.611102|1395861622456
BOSCH BMA250 3-axis Accelerometer|-8.00621|13.982138|11.33894|1395861622476
BOSCH BMA250 3-axis Accelerometer|-5.5162406|14.403518|11.300632|1395861622496
BOSCH BMA250 3-axis Accelerometer|-3.4859576|15.284584|11.33894|1395861622516
BOSCH BMA250 3-axis Accelerometer|-0.7661445|16.127342|8.772355|1395861622537
BOSCH BMA250 3-axis Accelerometer|-1.1492168|16.280571|6.7803793|1395861622555
BOSCH BMA250 3-axis Accelerometer|-1.9919758|16.203957|6.205771|1395861622576
BOSCH BMA250 3-axis Accelerometer|-2.719813|16.242264|5.899313|1395861622596
BOSCH BMA250 3-axis Accelerometer|-3.217807|13.828909|3.6008794|1395861622616
BOSCH BMA250 3-axis Accelerometer|-2.9879637|11.262324|3.3327289|1395861622636
BOSCH BMA250 3-axis Accelerometer|-2.336741|9.11712|2.9113493|1395861622656
BOSCH BMA250 3-axis Accelerometer|-1.6089035|7.393295|2.1452048|1395861622676
BOSCH BMA250 3-axis Accelerometer|-0.5746084|4.2904096|0.7661445|1395861622696
BOSCH BMA250 3-axis Accelerometer|-0.38307226|2.9496565|0.38307226|1395861622716
BOSCH BMA250 3-axis Accelerometer|-0.38307226|1.6472107|0.11492168|1395861622736
BOSCH BMA250 3-axis Accelerometer|-0.38307226|0.11492168|-0.22984336|1395861622756
BOSCH BMA250 3-axis Accelerometer|-0.22984336|-3.1794999|-0.7661445|1395861622776
BOSCH BMA250 3-axis Accelerometer|-0.11492168|-5.3247046|-0.8810662|1395861622796
BOSCH BMA250 3-axis Accelerometer|0.30645782|-6.742072|-1.2258313|1395861622816
BOSCH BMA250 3-axis Accelerometer|0.11492168|-5.631162|-1.2641385|1395861622836
BOSCH BMA250 3-axis Accelerometer|0.22984336|-2.4133554|-0.842759|1395861622857
BOSCH BMA250 3-axis Accelerometer|0.842759|-2.030283|-0.7278373|1395861622876
BOSCH BMA250 3-axis Accelerometer|1.2258313|-1.532289|-0.842759|1395861622896
BOSCH BMA250 3-axis Accelerometer|1.5705963|-0.91937345|-1.1875241|1395861622916
BOSCH BMA250 3-axis Accelerometer|1.532289|0.9576807|-0.7278373|1395861622936
BOSCH BMA250 3-axis Accelerometer|1.1875241|2.0685902|0.19153613|1395861622956
BOSCH BMA250 3-axis Accelerometer|0.49799395|3.715801|1.0342951|1395861622976
BOSCH BMA250 3-axis Accelerometer|-0.6512229|6.090849|3.064578|1395861622995
BOSCH BMA250 3-axis Accelerometer|-3.0262709|18.425776|5.861006|1395861623016
BOSCH BMA250 3-axis Accelerometer|-9.232041|19.498379|6.742072|1395861623040
BOSCH BMA250 3-axis Accelerometer|-6.090849|9.730036|3.1794999|1395861623056
BOSCH BMA250 3-axis Accelerometer|0.49799395|2.4516625|7.1251445|1395861623076
BOSCH BMA250 3-axis Accelerometer|-5.133168|15.667656|10.228029|1395861623096
BOSCH BMA250 3-axis Accelerometer|-7.1251445|16.816874|9.346964|1395861623116
BOSCH BMA250 3-axis Accelerometer|-8.42759|18.770542|8.542512|1395861623136
BOSCH BMA250 3-axis Accelerometer|-10.113108|18.540697|8.274361|1395861623156
BOSCH BMA250 3-axis Accelerometer|-8.159439|18.08101|10.0748005|1395861623176
BOSCH BMA250 3-axis Accelerometer|-6.4739213|16.663643|10.764331|1395861623196
BOSCH BMA250 3-axis Accelerometer|-4.673482|16.663643|10.611102|1395861623216
BOSCH BMA250 3-axis Accelerometer|-3.2944214|16.587029|9.844957|1395861623236
BOSCH BMA250 3-axis Accelerometer|-3.4093432|15.47612|7.3549876|1395861623266
BOSCH BMA250 3-axis Accelerometer|-4.6351743|15.591042|6.397307|1395861623286
BOSCH BMA250 3-axis Accelerometer|-4.7884035|14.748282|5.899313|1395861623306
BOSCH BMA250 3-axis Accelerometer|-4.4436383|13.484144|4.9799395|1395861623326
BOSCH BMA250 3-axis Accelerometer|-3.6391866|12.143391|3.7541082|1395861623346
BOSCH BMA250 3-axis Accelerometer|-1.8770541|9.423578|1.6472107|1395861623366
BOSCH BMA250 3-axis Accelerometer|-1.1875241|7.8912888|0.91937345|1395861623387
BOSCH BMA250 3-axis Accelerometer|-0.80445176|6.397307|0.45968673|1395861623406
BOSCH BMA250 3-axis Accelerometer|-0.6895301|4.711789|0.34476504|1395861623426
BOSCH BMA250 3-axis Accelerometer|-0.9576807|1.5705963|0.34476504|1395861623449
BOSCH BMA250 3-axis Accelerometer|-0.7661445|0.11492168|0.30645782|1395861623466
BOSCH BMA250 3-axis Accelerometer|-0.45968673|-1.340753|0.2681506|1395861623486
BOSCH BMA250 3-axis Accelerometer|-0.19153613|-3.0262709|0.2681506|1395861623506
BOSCH BMA250 3-axis Accelerometer|0.076614454|-4.098873|-0.38307226|1395861623526
BOSCH BMA250 3-axis Accelerometer|-0.22984336|-4.175488|-0.80445176|1395861623546
BOSCH BMA250 3-axis Accelerometer|-0.38307226|-4.1371803|-1.0342951|1395861623566
BOSCH BMA250 3-axis Accelerometer|-0.11492168|-3.7924154|-1.1109096|1395861623586
BOSCH BMA250 3-axis Accelerometer|1.6472107|-2.6431987|-1.685518|1395861623606
BOSCH BMA250 3-axis Accelerometer|1.9153614|-2.030283|-1.8770541|1395861623626
BOSCH BMA250 3-axis Accelerometer|1.8770541|-1.1875241|-1.3790601|1395861623646
BOSCH BMA250 3-axis Accelerometer|1.6472107|0.30645782|-0.61291564|1395861623666
BOSCH BMA250 3-axis Accelerometer|0.45968673|3.6391866|0.45968673|1395861623687
BOSCH BMA250 3-axis Accelerometer|-0.15322891|5.5162406|1.9153614|1395861623706
BOSCH BMA250 3-axis Accelerometer|-1.8387469|8.542512|5.0182467|1395861623727
BOSCH BMA250 3-axis Accelerometer|-5.554548|17.429789|4.865018|1395861623746
BOSCH BMA250 3-axis Accelerometer|-8.159439|9.385271|1.532289|1395861623766
BOSCH BMA250 3-axis Accelerometer|-1.2641385|-4.5202527|2.2218192|1395861623786
BOSCH BMA250 3-axis Accelerometer|-1.6089035|9.844957|8.274361|1395861623806
BOSCH BMA250 3-axis Accelerometer|-4.405331|17.468096|11.798626|1395861623826
BOSCH BMA250 3-axis Accelerometer|-7.240066|18.119318|6.8186865|1395861623846
BOSCH BMA250 3-axis Accelerometer|-6.090849|17.96609|6.0142345|1395861623866
BOSCH BMA250 3-axis Accelerometer|-6.9719152|18.349161|7.967903|1395861623886
BOSCH BMA250 3-axis Accelerometer|-7.8146744|17.736246|10.151415|1395861623906
BOSCH BMA250 3-axis Accelerometer|-5.094861|15.859192|11.262324|1395861623926
BOSCH BMA250 3-axis Accelerometer|-5.171476|16.395493|9.998186|1395861623948
BOSCH BMA250 3-axis Accelerometer|-5.707777|17.123331|8.274361|1395861623968
BOSCH BMA250 3-axis Accelerometer|-5.899313|17.123331|6.6654577|1395861623988
BOSCH BMA250 3-axis Accelerometer|-5.5162406|16.816874|6.3589997|1395861624008
BOSCH BMA250 3-axis Accelerometer|-5.133168|15.514427|6.5505357|1395861624029
BOSCH BMA250 3-axis Accelerometer|-4.3287168|14.135366|6.0142345|1395861624049
BOSCH BMA250 3-axis Accelerometer|-3.6774938|12.717999|4.903325|1395861624069
BOSCH BMA250 3-axis Accelerometer|-2.9879637|10.113108|2.566584|1395861624086
BOSCH BMA250 3-axis Accelerometer|-2.4899697|8.619126|1.5705963|1395861624106
BOSCH BMA250 3-axis Accelerometer|-1.8387469|6.933608|0.8810662|1395861624130
BOSCH BMA250 3-axis Accelerometer|-1.3024458|5.0182467|0.45968673|1395861624146
BOSCH BMA250 3-axis Accelerometer|-0.9959879|1.6089035|0.34476504|1395861624168
BOSCH BMA250 3-axis Accelerometer|-0.80445176|0.15322891|0.22984336|1395861624188
BOSCH BMA250 3-axis Accelerometer|-0.45968673|-1.2258313|0.15322891|1395861624208
BOSCH BMA250 3-axis Accelerometer|0.0|-2.681506|0.0|1395861624228
BOSCH BMA250 3-axis Accelerometer|0.7661445|-3.9456444|-0.45968673|1395861624248
BOSCH BMA250 3-axis Accelerometer|0.7661445|-3.9073372|-0.91937345|1395861624268
BOSCH BMA250 3-axis Accelerometer|0.61291564|-3.6774938|-1.2258313|1395861624288
BOSCH BMA250 3-axis Accelerometer|0.61291564|-3.4476504|-1.4173675|1395861624308
BOSCH BMA250 3-axis Accelerometer|1.685518|-2.566584|-1.5705963|1395861624327
BOSCH BMA250 3-axis Accelerometer|2.0685902|-2.1452048|-1.6089035|1395861624347
BOSCH BMA250 3-axis Accelerometer|2.030283|-1.5705963|-1.4173675|1395861624366
BOSCH BMA250 3-axis Accelerometer|1.5705963|-0.49799395|-0.91937345|1395861624388
BOSCH BMA250 3-axis Accelerometer|0.5746084|2.1452048|0.038307227|1395861624408
BOSCH BMA250 3-axis Accelerometer|0.038307227|4.213795|0.7661445|1395861624428
BOSCH BMA250 3-axis Accelerometer|-1.0726024|6.8186865|2.9113493|1395861624446
BOSCH BMA250 3-axis Accelerometer|-3.1794999|11.87524|6.090849|1395861624468
BOSCH BMA250 3-axis Accelerometer|-10.955867|19.038692|2.4516625|1395861624486
BOSCH BMA250 3-axis Accelerometer|-4.8267107|4.865018|1.7238252|1395861624508
BOSCH BMA250 3-axis Accelerometer|-1.1875241|6.2823853|8.0445175|1395861624528
BOSCH BMA250 3-axis Accelerometer|-3.1794999|14.326903|11.798626|1395861624549
BOSCH BMA250 3-axis Accelerometer|-5.899313|16.089035|9.730036|1395861624567
BOSCH BMA250 3-axis Accelerometer|-8.542512|17.96609|9.576807|1395861624587
BOSCH BMA250 3-axis Accelerometer|-9.959879|18.92377|9.500193|1395861624609
BOSCH BMA250 3-axis Accelerometer|-8.695741|17.621325|9.270349|1395861624629
BOSCH BMA250 3-axis Accelerometer|-5.592855|17.161638|11.109096|1395861624650
BOSCH BMA250 3-axis Accelerometer|-4.4436383|17.00841|10.342952|1395861624669
BOSCH BMA250 3-axis Accelerometer|-4.175488|16.280571|9.193734|1395861624687
BOSCH BMA250 3-axis Accelerometer|-4.903325|15.820885|8.695741|1395861624707
BOSCH BMA250 3-axis Accelerometer|-5.7843914|15.629349|8.350976|1395861624727
BOSCH BMA250 3-axis Accelerometer|-5.66947|15.1696615|7.6231384|1395861624747
BOSCH BMA250 3-axis Accelerometer|-5.209783|14.288596|6.588843|1395861624766
BOSCH BMA250 3-axis Accelerometer|-3.4859576|11.33894|3.9456444|1395861624791
BOSCH BMA250 3-axis Accelerometer|-2.7581203|10.036493|2.7581203|1395861624808
BOSCH BMA250 3-axis Accelerometer|-2.0685902|8.810662|1.7238252|1395861624829
BOSCH BMA250 3-axis Accelerometer|-1.5705963|7.5082164|0.7661445|1395861624849
BOSCH BMA250 3-axis Accelerometer|-1.0342951|6.205771|0.15322891|1395861624870
BOSCH BMA250 3-axis Accelerometer|0.038307227|3.217807|0.038307227|1395861624898
BOSCH BMA250 3-axis Accelerometer|0.38307226|1.8004397|0.2681506|1395861624916
BOSCH BMA250 3-axis Accelerometer|0.80445176|-0.9959879|0.4213795|1395861624939
BOSCH BMA250 3-axis Accelerometer|0.8810662|-2.6048915|0.30645782|1395861624959
BOSCH BMA250 3-axis Accelerometer|1.1492168|-4.098873|0.076614454|1395861624979
BOSCH BMA250 3-axis Accelerometer|1.340753|-4.865018|-0.80445176|1395861624999
BOSCH BMA250 3-axis Accelerometer|1.1109096|-4.405331|-1.0726024|1395861625018
BOSCH BMA250 3-axis Accelerometer|0.6895301|-3.6391866|-1.0342951|1395861625039
BOSCH BMA250 3-axis Accelerometer|0.61291564|-2.9496565|-0.80445176|1395861625058
BOSCH BMA250 3-axis Accelerometer|0.8810662|-1.8387469|-0.7278373|1395861625079
BOSCH BMA250 3-axis Accelerometer|0.8810662|0.6512229|-0.6895301|1395861625102
BOSCH BMA250 3-axis Accelerometer|0.6512229|3.4093432|-0.6895301|1395861625130
BOSCH BMA250 3-axis Accelerometer|0.11492168|4.8267107|0.4213795|1395861625150
BOSCH BMA250 3-axis Accelerometer|-1.6089035|7.3549876|2.9113493|1395861625169
BOSCH BMA250 3-axis Accelerometer|-4.3287168|12.756307|3.4093432|1395861625187
BOSCH BMA250 3-axis Accelerometer|-6.703765|19.038692|1.0342951|1395861625206
BOSCH BMA250 3-axis Accelerometer|-3.1794999|1.1109096|1.5705963|1395861625229
BOSCH BMA250 3-axis Accelerometer|0.15322891|-2.834735|4.3287168|1395861625250
BOSCH BMA250 3-axis Accelerometer|-2.719813|15.820885|11.415554|1395861625268
BOSCH BMA250 3-axis Accelerometer|-6.167464|17.314867|10.764331|1395861625287
BOSCH BMA250 3-axis Accelerometer|-8.810662|17.238253|5.746084|1395861625309
BOSCH BMA250 3-axis Accelerometer|-9.461885|16.970102|3.5242648|1395861625326
BOSCH BMA250 3-axis Accelerometer|-8.887277|17.199945|10.036493|1395861625348
BOSCH BMA250 3-axis Accelerometer|-8.389283|16.625336|10.879252|1395861625366
BOSCH BMA250 3-axis Accelerometer|-7.201759|16.01242|11.568783|1395861625388
BOSCH BMA250 3-axis Accelerometer|-5.401319|15.935806|10.572795|1395861625408
BOSCH BMA250 3-axis Accelerometer|-4.9416323|15.74427|9.232041|1395861625427
BOSCH BMA250 3-axis Accelerometer|-6.244078|16.587029|7.6231384|1395861625447
BOSCH BMA250 3-axis Accelerometer|-6.588843|17.123331|6.435614|1395861625467
BOSCH BMA250 3-axis Accelerometer|-6.703765|16.587029|5.746084|1395861625487
BOSCH BMA250 3-axis Accelerometer|-5.056554|14.518439|4.2904096|1395861625508
BOSCH BMA250 3-axis Accelerometer|-3.715801|13.177686|3.5242648|1395861625528
BOSCH BMA250 3-axis Accelerometer|-2.7581203|11.645397|2.9496565|1395861625547
BOSCH BMA250 3-axis Accelerometer|-2.1068976|9.998186|2.4133554|1395861625568
BOSCH BMA250 3-axis Accelerometer|-1.4939818|6.090849|1.4173675|1395861625588
BOSCH BMA250 3-axis Accelerometer|-1.3024458|4.060566|1.2258313|1395861625608
BOSCH BMA250 3-axis Accelerometer|-0.9959879|2.2601264|1.1875241|1395861625626
BOSCH BMA250 3-axis Accelerometer|-0.7278373|0.6512229|1.1109096|1395861625648
BOSCH BMA250 3-axis Accelerometer|-0.038307227|-1.9919758|0.61291564|1395861625668
BOSCH BMA250 3-axis Accelerometer|0.38307226|-2.9496565|0.22984336|1395861625688
BOSCH BMA250 3-axis Accelerometer|0.6895301|-3.4859576|-0.11492168|1395861625709
BOSCH BMA250 3-axis Accelerometer|0.80445176|-3.6008794|-0.6512229|1395861625727
BOSCH BMA250 3-axis Accelerometer|0.842759|-3.217807|-0.9959879|1395861625748
BOSCH BMA250 3-axis Accelerometer|0.842759|-2.681506|-0.6895301|1395861625769
BOSCH BMA250 3-axis Accelerometer|0.842759|-2.030283|-0.4213795|1395861625788
BOSCH BMA250 3-axis Accelerometer|0.842759|-1.1492168|-0.19153613|1395861625808
BOSCH BMA250 3-axis Accelerometer|0.61291564|0.80445176|1.0342951|1395861625828
BOSCH BMA250 3-axis Accelerometer|0.0|2.2984335|2.1452048|1395861625848
BOSCH BMA250 3-axis Accelerometer|-1.5705963|6.397307|3.6008794|1395861625868
BOSCH BMA250 3-axis Accelerometer|-4.9416323|15.74427|5.7843914|1395861625888
BOSCH BMA250 3-axis Accelerometer|-12.717999|19.421764|-4.3287168|1395861625908
BOSCH BMA250 3-axis Accelerometer|-5.363012|10.572795|-0.842759|1395861625928
BOSCH BMA250 3-axis Accelerometer|-1.1492168|0.076614454|0.5746084|1395861625948
BOSCH BMA250 3-axis Accelerometer|-1.685518|2.1452048|0.7278373|1395861625967
BOSCH BMA250 3-axis Accelerometer|-5.094861|10.879252|1.340753|1395861625986
BOSCH BMA250 3-axis Accelerometer|-7.0102224|19.498379|2.7581203|1395861626008
BOSCH BMA250 3-axis Accelerometer|-4.9799395|19.460072|0.5746084|1395861626026
BOSCH BMA250 3-axis Accelerometer|-2.528277|14.978126|0.7661445|1395861626046
BOSCH BMA250 3-axis Accelerometer|-1.340753|8.619126|2.834735|1395861626068
BOSCH BMA250 3-axis Accelerometer|-1.5705963|9.078813|3.2944214|1395861626087
BOSCH BMA250 3-axis Accelerometer|-1.9153614|9.11712|3.3327289|1395861626109
BOSCH BMA250 3-axis Accelerometer|-1.9919758|8.312668|2.7964275|1395861626130
BOSCH BMA250 3-axis Accelerometer|-2.0685902|7.393295|1.9919758|1395861626146
BOSCH BMA250 3-axis Accelerometer|-2.873042|5.631162|0.22984336|1395861626173
BOSCH BMA250 3-axis Accelerometer|-2.834735|5.4779334|-0.38307226|1395861626187
BOSCH BMA250 3-axis Accelerometer|-2.4899697|5.592855|-0.5363012|1395861626207
BOSCH BMA250 3-axis Accelerometer|-2.2218192|5.707777|-0.4213795|1395861626226
BOSCH BMA250 3-axis Accelerometer|-2.834735|6.8186865|0.038307227|1395861626247
BOSCH BMA250 3-axis Accelerometer|-3.1411927|8.0445175|0.5363012|1395861626267
BOSCH BMA250 3-axis Accelerometer|-3.4859576|8.963891|1.0342951|1395861626287
BOSCH BMA250 3-axis Accelerometer|-3.2944214|10.228029|1.5705963|1395861626306
BOSCH BMA250 3-axis Accelerometer|-2.9879637|11.147403|1.2641385|1395861626327
BOSCH BMA250 3-axis Accelerometer|-3.1411927|10.802638|0.30645782|1395861626347
BOSCH BMA250 3-axis Accelerometer|-3.1411927|9.998186|-0.4213795|1395861626375
BOSCH BMA250 3-axis Accelerometer|-2.9879637|9.346964|-0.22984336|1395861626408
BOSCH BMA250 3-axis Accelerometer|-2.873042|8.695741|-0.11492168|1395861626431
BOSCH BMA250 3-axis Accelerometer|-2.3750482|8.6574335|0.5363012|1395861626448
BOSCH BMA250 3-axis Accelerometer|-2.1452048|8.197746|0.15322891|1395861626472
BOSCH BMA250 3-axis Accelerometer|-2.2218192|8.389283|0.6895301|1395861626492
BOSCH BMA250 3-axis Accelerometer|-2.528277|8.350976|1.340753|1395861626512
BOSCH BMA250 3-axis Accelerometer|-2.9879637|7.5465236|1.3024458|1395861626533
BOSCH BMA250 3-axis Accelerometer|-3.1411927|9.500193|1.1492168|1395861626553
BOSCH BMA250 3-axis Accelerometer|-3.5242648|9.844957|0.91937345|1395861626574
BOSCH BMA250 3-axis Accelerometer|-3.7541082|10.228029|0.30645782|1395861626592
BOSCH BMA250 3-axis Accelerometer|-3.86903|10.457873|-0.4213795|1395861626613
BOSCH BMA250 3-axis Accelerometer|-3.86903|9.959879|-0.49799395|1395861626632
BOSCH BMA250 3-axis Accelerometer|-3.9456444|9.5385|-0.22984336|1395861626653
BOSCH BMA250 3-axis Accelerometer|-4.0222588|9.270349|0.11492168|1395861626673
BOSCH BMA250 3-axis Accelerometer|-3.86903|9.002198|0.4213795|1395861626693
BOSCH BMA250 3-axis Accelerometer|-3.6774938|8.810662|1.1492168|1395861626713
BOSCH BMA250 3-axis Accelerometer|-3.5625722|8.772355|1.340753|1395861626732
BOSCH BMA250 3-axis Accelerometer|-3.4476504|8.42759|1.2641385|1395861626748
BOSCH BMA250 3-axis Accelerometer|-3.1794999|8.0445175|1.0726024|1395861626767
BOSCH BMA250 3-axis Accelerometer|-2.9879637|8.504205|0.6512229|1395861626787
BOSCH BMA250 3-axis Accelerometer|-3.1794999|8.772355|0.5746084|1395861626807
BOSCH BMA250 3-axis Accelerometer|-3.2944214|9.193734|0.45968673|1395861626828
BOSCH BMA250 3-axis Accelerometer|-3.5242648|9.5385|0.2681506|1395861626849
BOSCH BMA250 3-axis Accelerometer|-3.715801|9.423578|0.038307227|1395861626869
BOSCH BMA250 3-axis Accelerometer|-3.9839516|9.308656|0.45968673|1395861626887
BOSCH BMA250 3-axis Accelerometer|-3.9073372|9.346964|0.5746084|1395861626909
BOSCH BMA250 3-axis Accelerometer|-3.715801|9.385271|0.5363012|1395861626929
BOSCH BMA250 3-axis Accelerometer|-3.371036|8.695741|0.38307226|1395861626949
BOSCH BMA250 3-axis Accelerometer|-3.0262709|9.346964|0.5363012|1395861626969
BOSCH BMA250 3-axis Accelerometer|-3.2944214|8.619126|0.61291564|1395861626987
BOSCH BMA250 3-axis Accelerometer|-3.3327289|8.848969|0.6512229|1395861627009
BOSCH BMA250 3-axis Accelerometer|-3.6008794|8.963891|0.6512229|1395861627029
BOSCH BMA250 3-axis Accelerometer|-3.6774938|9.11712|0.7278373|1395861627049
BOSCH BMA250 3-axis Accelerometer|-3.6391866|9.193734|0.7661445|1395861627069
BOSCH BMA250 3-axis Accelerometer|-3.6008794|9.308656|0.61291564|1395861627087
BOSCH BMA250 3-axis Accelerometer|-3.4859576|9.308656|-0.22984336|1395861627109
BOSCH BMA250 3-axis Accelerometer|-3.4093432|9.308656|-0.30645782|1395861627129
BOSCH BMA250 3-axis Accelerometer|-3.5625722|8.963891|0.0|1395861627150
BOSCH BMA250 3-axis Accelerometer|-3.3327289|9.040505|0.34476504|1395861627172
BOSCH BMA250 3-axis Accelerometer|-3.5242648|8.580819|0.91937345|1395861627187
BOSCH BMA250 3-axis Accelerometer|-3.4093432|8.772355|1.0726024|1395861627209
BOSCH BMA250 3-axis Accelerometer|-3.4859576|8.695741|0.6512229|1395861627229
BOSCH BMA250 3-axis Accelerometer|-3.4093432|8.734048|0.4213795|1395861627249
BOSCH BMA250 3-axis Accelerometer|-3.6774938|9.155427|0.34476504|1395861627269
BOSCH BMA250 3-axis Accelerometer|-3.6774938|9.078813|0.038307227|1395861627290
BOSCH BMA250 3-axis Accelerometer|-3.6774938|9.078813|0.11492168|1395861627312
BOSCH BMA250 3-axis Accelerometer|-3.4859576|9.308656|0.38307226|1395861627331
BOSCH BMA250 3-axis Accelerometer|-3.4476504|9.11712|0.49799395|1395861627349
BOSCH BMA250 3-axis Accelerometer|-3.1028855|9.576807|0.45968673|1395861627367
BOSCH BMA250 3-axis Accelerometer|-3.0262709|9.423578|0.5363012|1395861627387
BOSCH BMA250 3-axis Accelerometer|-3.064578|9.346964|0.6895301|1395861627408
BOSCH BMA250 3-axis Accelerometer|-3.1028855|10.0748005|0.15322891|1395861627429
BOSCH BMA250 3-axis Accelerometer|-3.4476504|9.193734|-0.038307227|1395861627446
BOSCH BMA250 3-axis Accelerometer|-3.1028855|8.963891|0.076614454|1395861627471
BOSCH BMA250 3-axis Accelerometer|-2.9113493|8.963891|0.38307226|1395861627488
BOSCH BMA250 3-axis Accelerometer|-2.9496565|8.887277|0.842759|1395861627510
BOSCH BMA250 3-axis Accelerometer|-3.0262709|9.040505|0.8810662|1395861627530
BOSCH BMA250 3-axis Accelerometer|-3.0262709|8.197746|0.6895301|1395861627549
BOSCH BMA250 3-axis Accelerometer|-2.9496565|8.695741|0.6512229|1395861627571
BOSCH BMA250 3-axis Accelerometer|-3.6391866|9.691729|0.61291564|1395861627588
BOSCH BMA250 3-axis Accelerometer|-3.4859576|9.959879|0.30645782|1395861627611
BOSCH BMA250 3-axis Accelerometer|-3.2561142|9.844957|0.49799395|1395861627629
BOSCH BMA250 3-axis Accelerometer|-4.098873|10.304645|0.34476504|1395861627648
BOSCH BMA250 3-axis Accelerometer|-4.060566|9.270349|0.61291564|1395861627668
BOSCH BMA250 3-axis Accelerometer|-3.9073372|9.193734|0.8810662|1395861627689
BOSCH BMA250 3-axis Accelerometer|-3.86903|8.734048|1.2258313|1395861627708
BOSCH BMA250 3-axis Accelerometer|-3.7541082|8.887277|1.1875241|1395861627729
BOSCH BMA250 3-axis Accelerometer|-3.6008794|9.11712|1.2258313|1395861627749
BOSCH BMA250 3-axis Accelerometer|-3.7541082|9.615114|0.80445176|1395861627767
BOSCH BMA250 3-axis Accelerometer|-3.217807|10.0748005|0.6895301|1395861627788
BOSCH BMA250 3-axis Accelerometer|-2.4516625|9.844957|0.8810662|1395861627809
BOSCH BMA250 3-axis Accelerometer|-2.183512|9.270349|0.9959879|1395861627827
BOSCH BMA250 3-axis Accelerometer|-2.030283|9.883265|0.8810662|1395861627847
BOSCH BMA250 3-axis Accelerometer|-0.9576807|8.6574335|0.9959879|1395861627867
BOSCH BMA250 3-axis Accelerometer|-1.532289|7.699753|1.1492168|1395861627887
BOSCH BMA250 3-axis Accelerometer|-0.842759|7.1251445|0.9959879|1395861627907
BOSCH BMA250 3-axis Accelerometer|-0.6512229|6.895301|0.6895301|1395861627927
BOSCH BMA250 3-axis Accelerometer|-0.5363012|7.469909|0.5363012|1395861627947
BOSCH BMA250 3-axis Accelerometer|-1.340753|8.619126|0.15322891|1395861627966
BOSCH BMA250 3-axis Accelerometer|-1.7238252|10.419566|0.076614454|1395861627986
BOSCH BMA250 3-axis Accelerometer|-1.6089035|10.726024|0.842759|1395861628007
BOSCH BMA250 3-axis Accelerometer|-1.8004397|11.453861|0.8810662|1395861628027
BOSCH BMA250 3-axis Accelerometer|-1.8004397|11.070788|0.6895301|1395861628047
BOSCH BMA250 3-axis Accelerometer|-1.9153614|11.33894|-0.38307226|1395861628067
BOSCH BMA250 3-axis Accelerometer|-2.6431987|11.18571|0.30645782|1395861628087
BOSCH BMA250 3-axis Accelerometer|-2.873042|11.645397|0.30645782|1395861628107
BOSCH BMA250 3-axis Accelerometer|-1.1875241|11.836933|0.5746084|1395861628126
BOSCH BMA250 3-axis Accelerometer|-0.15322891|10.151415|1.0342951|1395861628146
BOSCH BMA250 3-axis Accelerometer|-0.15322891|10.611102|1.2641385|1395861628167
BOSCH BMA250 3-axis Accelerometer|-0.11492168|10.534488|1.3790601|1395861628187
BOSCH BMA250 3-axis Accelerometer|-0.38307226|10.802638|1.2641385|1395861628206
BOSCH BMA250 3-axis Accelerometer|-0.11492168|13.139379|1.0726024|1395861628226
BOSCH BMA250 3-axis Accelerometer|0.076614454|11.760319|0.91937345|1395861628248
BOSCH BMA250 3-axis Accelerometer|0.49799395|10.91756|0.34476504|1395861628269
BOSCH BMA250 3-axis Accelerometer|0.11492168|11.377247|0.22984336|1395861628286
BOSCH BMA250 3-axis Accelerometer|-0.11492168|11.760319|0.6895301|1395861628309
BOSCH BMA250 3-axis Accelerometer|0.6895301|11.87524|1.3790601|1395861628329
BOSCH BMA250 3-axis Accelerometer|0.7661445|11.568783|1.2258313|1395861628348
BOSCH BMA250 3-axis Accelerometer|0.61291564|11.760319|0.8810662|1395861628366
BOSCH BMA250 3-axis Accelerometer|0.6895301|10.342952|-0.38307226|1395861628388
BOSCH BMA250 3-axis Accelerometer|0.61291564|11.60709|0.9576807|1395861628408
BOSCH BMA250 3-axis Accelerometer|0.5363012|10.228029|1.0342951|1395861628431
BOSCH BMA250 3-axis Accelerometer|0.076614454|9.5385|0.842759|1395861628451
BOSCH BMA250 3-axis Accelerometer|0.15322891|8.504205|1.9919758|1395861628468
BOSCH BMA250 3-axis Accelerometer|0.49799395|7.8529816|2.3750482|1395861628488
BOSCH BMA250 3-axis Accelerometer|0.9959879|8.00621|2.719813|1395861628508
BOSCH BMA250 3-axis Accelerometer|1.6089035|7.5465236|2.6048915|1395861628529
BOSCH BMA250 3-axis Accelerometer|2.7964275|8.159439|1.3790601|1395861628548
BOSCH BMA250 3-axis Accelerometer|2.7964275|8.274361|1.4173675|1395861628569
BOSCH BMA250 3-axis Accelerometer|2.7581203|8.465898|1.7621324|1395861628589
BOSCH BMA250 3-axis Accelerometer|2.7964275|7.967903|2.2218192|1395861628609
BOSCH BMA250 3-axis Accelerometer|5.056554|9.040505|2.2601264|1395861628629
BOSCH BMA250 3-axis Accelerometer|5.2863975|9.155427|2.0685902|1395861628649
BOSCH BMA250 3-axis Accelerometer|5.363012|8.848969|2.6048915|1395861628669
BOSCH BMA250 3-axis Accelerometer|4.9799395|8.350976|3.715801|1395861628690
BOSCH BMA250 3-axis Accelerometer|4.060566|8.389283|5.554548|1395861628712
BOSCH BMA250 3-axis Accelerometer|4.2904096|8.542512|5.631162|1395861628729
BOSCH BMA250 3-axis Accelerometer|4.4436383|9.232041|5.363012|1395861628746
BOSCH BMA250 3-axis Accelerometer|4.673482|9.883265|5.3247046|1395861628770
BOSCH BMA250 3-axis Accelerometer|4.673482|9.346964|5.2863975|1395861628787
BOSCH BMA250 3-axis Accelerometer|4.367024|9.576807|5.056554|1395861628808
BOSCH BMA250 3-axis Accelerometer|4.596867|9.576807|4.673482|1395861628830
BOSCH BMA250 3-axis Accelerometer|4.7500963|9.385271|4.596867|1395861628847
BOSCH BMA250 3-axis Accelerometer|4.0222588|8.542512|4.098873|1395861628868
BOSCH BMA250 3-axis Accelerometer|3.4476504|8.810662|3.9839516|1395861628887
BOSCH BMA250 3-axis Accelerometer|3.217807|8.925584|3.1794999|1395861628909
BOSCH BMA250 3-axis Accelerometer|3.1794999|9.11712|2.2984335|1395861628930
BOSCH BMA250 3-axis Accelerometer|2.566584|8.42759|2.0685902|1395861628949
BOSCH BMA250 3-axis Accelerometer|2.681506|8.504205|1.8770541|1395861628967
BOSCH BMA250 3-axis Accelerometer|2.719813|8.772355|1.6472107|1395861628988
BOSCH BMA250 3-axis Accelerometer|2.9496565|8.504205|2.7581203|1395861629007
BOSCH BMA250 3-axis Accelerometer|8.42759|9.423578|2.3750482|1395861629026
BOSCH BMA250 3-axis Accelerometer|2.6048915|4.175488|1.8770541|1395861629048
BOSCH BMA250 3-axis Accelerometer|0.34476504|6.703765|4.1371803|1395861629068
BOSCH BMA250 3-axis Accelerometer|0.45968673|10.840945|5.133168|1395861629091
BOSCH BMA250 3-axis Accelerometer|1.1492168|10.649409|3.5242648|1395861629107
BOSCH BMA250 3-axis Accelerometer|1.9536686|7.3549876|3.1411927|1395861629127
BOSCH BMA250 3-axis Accelerometer|2.4516625|7.3166804|3.064578|1395861629147
BOSCH BMA250 3-axis Accelerometer|1.532289|8.159439|2.9496565|1395861629169
BOSCH BMA250 3-axis Accelerometer|0.038307227|8.082825|2.9113493|1395861629189
BOSCH BMA250 3-axis Accelerometer|0.15322891|8.159439|2.4899697|1395861629209
BOSCH BMA250 3-axis Accelerometer|-1.1875241|8.159439|3.0262709|1395861629228
BOSCH BMA250 3-axis Accelerometer|-1.9536686|8.810662|3.7924154|1395861629249
BOSCH BMA250 3-axis Accelerometer|-1.340753|9.270349|4.55856|1395861629268
BOSCH BMA250 3-axis Accelerometer|-1.2258313|8.963891|5.2480903|1395861629289
BOSCH BMA250 3-axis Accelerometer|-1.3790601|9.193734|5.554548|1395861629309
BOSCH BMA250 3-axis Accelerometer|-1.4556746|9.270349|5.401319|1395861629329
BOSCH BMA250 3-axis Accelerometer|-1.6089035|8.465898|4.175488|1395861629347
BOSCH BMA250 3-axis Accelerometer|0.30645782|7.3549876|4.405331|1395861629368
BOSCH BMA250 3-axis Accelerometer|-0.11492168|6.397307|4.4436383|1395861629388
BOSCH BMA250 3-axis Accelerometer|-2.4133554|7.0102224|4.9416323|1395861629407
BOSCH BMA250 3-axis Accelerometer|-2.336741|7.6614456|4.9416323|1395861629429
BOSCH BMA250 3-axis Accelerometer|-2.681506|7.5465236|5.4779334|1395861629449
BOSCH BMA250 3-axis Accelerometer|-2.6048915|7.0485296|6.2823853|1395861629469
BOSCH BMA250 3-axis Accelerometer|-1.8387469|7.8146744|6.3589997|1395861629489
BOSCH BMA250 3-axis Accelerometer|-1.5705963|7.6614456|6.588843|1395861629508
BOSCH BMA250 3-axis Accelerometer|-1.5705963|6.933608|6.588843|1395861629530
BOSCH BMA250 3-axis Accelerometer|-1.6089035|6.6654577|6.3206925|1395861629547
BOSCH BMA250 3-axis Accelerometer|-1.3790601|6.7803793|6.090849|1395861629567
BOSCH BMA250 3-axis Accelerometer|-0.30645782|6.3206925|6.6271505|1395861629587
BOSCH BMA250 3-axis Accelerometer|-0.038307227|5.746084|7.5848308|1395861629609
BOSCH BMA250 3-axis Accelerometer|-0.076614454|5.746084|8.504205|1395861629629
BOSCH BMA250 3-axis Accelerometer|-0.38307226|6.090849|8.925584|1395861629650
BOSCH BMA250 3-axis Accelerometer|-0.7661445|6.703765|8.542512|1395861629669
BOSCH BMA250 3-axis Accelerometer|0.0|6.7803793|8.312668|1395861629687
BOSCH BMA250 3-axis Accelerometer|0.15322891|6.5122285|7.8146744|1395861629711
BOSCH BMA250 3-axis Accelerometer|0.11492168|6.205771|7.201759|1395861629730
BOSCH BMA250 3-axis Accelerometer|-0.15322891|5.93762|6.7803793|1395861629747
BOSCH BMA250 3-axis Accelerometer|-0.30645782|6.0525417|6.4739213|1395861629769
BOSCH BMA250 3-axis Accelerometer|-0.5363012|6.0142345|6.205771|1395861629788
BOSCH BMA250 3-axis Accelerometer|-0.2681506|6.3206925|5.8226986|1395861629807
BOSCH BMA250 3-axis Accelerometer|0.61291564|5.861006|6.2823853|1395861629827
BOSCH BMA250 3-axis Accelerometer|0.5746084|5.7843914|7.086837|1395861629847
BOSCH BMA250 3-axis Accelerometer|0.38307226|5.363012|7.469909|1395861629867
BOSCH BMA250 3-axis Accelerometer|0.45968673|5.209783|7.431602|1395861629887
BOSCH BMA250 3-axis Accelerometer|0.38307226|5.133168|7.240066|1395861629909
BOSCH BMA250 3-axis Accelerometer|0.45968673|4.9799395|7.469909|1395861629926
BOSCH BMA250 3-axis Accelerometer|0.49799395|4.9799395|7.73806|1395861629946
BOSCH BMA250 3-axis Accelerometer|0.22984336|5.056554|8.00621|1395861629967
BOSCH BMA250 3-axis Accelerometer|-0.61291564|5.2863975|8.350976|1395861629987
BOSCH BMA250 3-axis Accelerometer|-0.7661445|5.554548|8.197746|1395861630008
BOSCH BMA250 3-axis Accelerometer|-0.4213795|5.746084|8.236053|1395861630027
BOSCH BMA250 3-axis Accelerometer|-0.038307227|5.4779334|8.0445175|1395861630047
BOSCH BMA250 3-axis Accelerometer|-0.38307226|5.439626|8.350976|1395861630067
BOSCH BMA250 3-axis Accelerometer|-0.34476504|5.631162|8.504205|1395861630088
BOSCH BMA250 3-axis Accelerometer|-0.4213795|5.746084|8.6574335|1395861630107
BOSCH BMA250 3-axis Accelerometer|-0.49799395|5.631162|8.312668|1395861630127
BOSCH BMA250 3-axis Accelerometer|-0.61291564|5.554548|7.967903|1395861630147
BOSCH BMA250 3-axis Accelerometer|-0.5746084|5.631162|7.929596|1395861630168
BOSCH BMA250 3-axis Accelerometer|-0.5746084|5.631162|7.967903|1395861630187
BOSCH BMA250 3-axis Accelerometer|-0.49799395|5.592855|8.082825|1395861630207
BOSCH BMA250 3-axis Accelerometer|-0.61291564|5.592855|8.0445175|1395861630227
BOSCH BMA250 3-axis Accelerometer|-0.5746084|5.66947|7.967903|1395861630246
BOSCH BMA250 3-axis Accelerometer|-0.38307226|5.631162|7.967903|1395861630266
BOSCH BMA250 3-axis Accelerometer|-0.6512229|5.8226986|7.699753|1395861630286
BOSCH BMA250 3-axis Accelerometer|-0.4213795|5.746084|7.393295|1395861630306
BOSCH BMA250 3-axis Accelerometer|-1.0342951|5.7843914|7.431602|1395861630326
BOSCH BMA250 3-axis Accelerometer|-1.0342951|5.8226986|7.5082164|1395861630346
BOSCH BMA250 3-axis Accelerometer|-0.49799395|5.746084|7.699753|1395861630366
BOSCH BMA250 3-axis Accelerometer|-0.4213795|5.8226986|7.967903|1395861630388
BOSCH BMA250 3-axis Accelerometer|-0.38307226|5.8226986|8.159439|1395861630406
BOSCH BMA250 3-axis Accelerometer|-0.2681506|5.899313|8.082825|1395861630429
BOSCH BMA250 3-axis Accelerometer|0.11492168|5.7843914|7.5465236|1395861630454
BOSCH BMA250 3-axis Accelerometer|0.076614454|5.93762|7.240066|1395861630466
BOSCH BMA250 3-axis Accelerometer|0.038307227|6.0142345|7.240066|1395861630486
BOSCH BMA250 3-axis Accelerometer|-0.15322891|5.861006|7.469909|1395861630506
BOSCH BMA250 3-axis Accelerometer|0.076614454|5.554548|8.121132|1395861630536
BOSCH BMA250 3-axis Accelerometer|-0.038307227|5.5162406|8.197746|1395861630556
BOSCH BMA250 3-axis Accelerometer|-0.19153613|5.631162|8.236053|1395861630586
BOSCH BMA250 3-axis Accelerometer|-0.34476504|5.631162|8.121132|1395861630606
BOSCH BMA250 3-axis Accelerometer|-0.22984336|5.707777|8.00621|1395861630626
BOSCH BMA250 3-axis Accelerometer|-0.076614454|5.746084|8.00621|1395861630647
BOSCH BMA250 3-axis Accelerometer|0.038307227|5.707777|8.00621|1395861630666
BOSCH BMA250 3-axis Accelerometer|0.0|5.707777|8.00621|1395861630686
BOSCH BMA250 3-axis Accelerometer|-0.076614454|5.707777|8.00621|1395861630706
BOSCH BMA250 3-axis Accelerometer|-0.076614454|5.7843914|8.0445175|1395861630727
BOSCH BMA250 3-axis Accelerometer|0.0|5.8226986|7.967903|1395861630746
BOSCH BMA250 3-axis Accelerometer|-0.038307227|5.746084|7.929596|1395861630766
BOSCH BMA250 3-axis Accelerometer|-0.038307227|5.746084|8.00621|1395861630786
BOSCH BMA250 3-axis Accelerometer|-0.11492168|5.7843914|7.967903|1395861630806
BOSCH BMA250 3-axis Accelerometer|-0.076614454|5.7843914|7.929596|1395861630826
BOSCH BMA250 3-axis Accelerometer|-0.11492168|5.746084|7.8912888|1395861630846
BOSCH BMA250 3-axis Accelerometer|0.0|5.746084|7.929596|1395861630866
BOSCH BMA250 3-axis Accelerometer|0.0|5.7843914|7.967903|1395861630886
BOSCH BMA250 3-axis Accelerometer|0.038307227|5.746084|7.8912888|1395861630926
BOSCH BMA250 3-axis Accelerometer|0.11492168|5.746084|7.699753|1395861630946
BOSCH BMA250 3-axis Accelerometer|0.076614454|5.746084|7.699753|1395861630966
BOSCH BMA250 3-axis Accelerometer|0.11492168|5.746084|7.73806|1395861630986
BOSCH BMA250 3-axis Accelerometer|0.076614454|5.707777|7.8912888|1395861631006
BOSCH BMA250 3-axis Accelerometer|-0.038307227|5.707777|7.8912888|1395861631028
BOSCH BMA250 3-axis Accelerometer|-0.11492168|5.7843914|7.8146744|1395861631046
BOSCH BMA250 3-axis Accelerometer|-0.15322891|5.861006|7.73806|1395861631066
BOSCH BMA250 3-axis Accelerometer|-0.11492168|5.861006|7.776367|1395861631086
BOSCH BMA250 3-axis Accelerometer|-0.038307227|5.746084|7.967903|1395861631106
BOSCH BMA250 3-axis Accelerometer|0.0|5.7843914|7.967903|1395861631126
BOSCH BMA250 3-axis Accelerometer|-0.038307227|5.8226986|7.967903|1395861631146
BOSCH BMA250 3-axis Accelerometer|-0.11492168|5.8226986|7.929596|1395861631166
BOSCH BMA250 3-axis Accelerometer|-0.15322891|5.93762|7.8146744|1395861631186
BOSCH BMA250 3-axis Accelerometer|-0.11492168|5.93762|7.8146744|1395861631205
BOSCH BMA250 3-axis Accelerometer|-0.076614454|5.899313|7.8529816|1395861631226
BOSCH BMA250 3-axis Accelerometer|0.0|5.899313|7.776367|1395861631247
BOSCH BMA250 3-axis Accelerometer|-0.15322891|6.0142345|7.5848308|1395861631266
BOSCH BMA250 3-axis Accelerometer|-0.22984336|6.0525417|7.5848308|1395861631286
BOSCH BMA250 3-axis Accelerometer|-0.11492168|6.0525417|7.5848308|1395861631306
BOSCH BMA250 3-axis Accelerometer|-0.076614454|5.93762|7.6614456|1395861631326
BOSCH BMA250 3-axis Accelerometer|-0.076614454|5.861006|7.8912888|1395861631346
BOSCH BMA250 3-axis Accelerometer|-0.076614454|5.861006|7.967903|1395861631366
BOSCH BMA250 3-axis Accelerometer|-0.34476504|6.167464|7.469909|1395861631386
BOSCH BMA250 3-axis Accelerometer|-0.11492168|5.861006|7.6231384|1395861631406
BOSCH BMA250 3-axis Accelerometer|-0.11492168|5.899313|7.6614456|1395861631426
BOSCH BMA250 3-axis Accelerometer|-0.076614454|5.899313|7.776367|1395861631446
BOSCH BMA250 3-axis Accelerometer|-0.2681506|5.8226986|8.00621|1395861631466
BOSCH BMA250 3-axis Accelerometer|-0.34476504|5.93762|8.082825|1395861631486
BOSCH BMA250 3-axis Accelerometer|-0.34476504|5.9759274|7.929596|1395861631506
BOSCH BMA250 3-axis Accelerometer|-0.38307226|5.9759274|7.8912888|1395861631526
BOSCH BMA250 3-axis Accelerometer|-0.30645782|6.0525417|7.8146744|1395861631545
BOSCH BMA250 3-axis Accelerometer|-0.22984336|6.0142345|7.8146744|1395861631566
BOSCH BMA250 3-axis Accelerometer|-0.11492168|5.9759274|7.967903|1395861631586
BOSCH BMA250 3-axis Accelerometer|-0.076614454|6.0142345|7.8912888|1395861631606
BOSCH BMA250 3-axis Accelerometer|-0.076614454|5.93762|7.8146744|1395861631626
BOSCH BMA250 3-axis Accelerometer|-0.11492168|5.899313|7.8146744|1395861631646
BOSCH BMA250 3-axis Accelerometer|-0.076614454|5.899313|7.967903|1395861631666
BOSCH BMA250 3-axis Accelerometer|-0.038307227|5.899313|7.929596|1395861631686
BOSCH BMA250 3-axis Accelerometer|-0.038307227|5.861006|7.8529816|1395861631706
BOSCH BMA250 3-axis Accelerometer|-0.038307227|5.899313|7.8146744|1395861631726
BOSCH BMA250 3-axis Accelerometer|-0.15322891|5.9759274|7.699753|1395861631746
BOSCH BMA250 3-axis Accelerometer|-0.19153613|5.9759274|7.6614456|1395861631766
BOSCH BMA250 3-axis Accelerometer|-0.2681506|5.9759274|7.6614456|1395861631786
BOSCH BMA250 3-axis Accelerometer|-0.30645782|6.0142345|7.6614456|1395861631806
BOSCH BMA250 3-axis Accelerometer|-0.19153613|6.090849|7.6231384|1395861631826
BOSCH BMA250 3-axis Accelerometer|-0.22984336|6.090849|7.5848308|1395861631846
BOSCH BMA250 3-axis Accelerometer|-0.22984336|6.129156|7.5082164|1395861631866
BOSCH BMA250 3-axis Accelerometer|-0.2681506|6.129156|7.469909|1395861631886
BOSCH BMA250 3-axis Accelerometer|-0.38307226|6.129156|7.5848308|1395861631906
BOSCH BMA250 3-axis Accelerometer|-0.4213795|6.129156|7.699753|1395861631926
BOSCH BMA250 3-axis Accelerometer|-0.4213795|6.090849|7.776367|1395861631946
BOSCH BMA250 3-axis Accelerometer|-0.38307226|6.0525417|7.8912888|1395861631966
BOSCH BMA250 3-axis Accelerometer|-0.5746084|6.090849|7.6614456|1395861631986
BOSCH BMA250 3-axis Accelerometer|-0.7278373|6.167464|7.6231384|1395861632006
BOSCH BMA250 3-axis Accelerometer|-0.7661445|6.244078|7.5848308|1395861632026
BOSCH BMA250 3-axis Accelerometer|-0.8810662|6.244078|7.6231384|1395861632046
BOSCH BMA250 3-axis Accelerometer|-0.91937345|6.3589997|7.6614456|1395861632066
BOSCH BMA250 3-axis Accelerometer|-0.91937345|6.3589997|7.5465236|1395861632086
BOSCH BMA250 3-axis Accelerometer|-0.9959879|6.3589997|7.469909|1395861632106
BOSCH BMA250 3-axis Accelerometer|-0.9576807|6.397307|7.393295|1395861632126
BOSCH BMA250 3-axis Accelerometer|-0.91937345|6.397307|7.393295|1395861632146
BOSCH BMA250 3-axis Accelerometer|-0.842759|6.3589997|7.469909|1395861632166
BOSCH BMA250 3-axis Accelerometer|-0.80445176|6.2823853|7.5465236|1395861632186
BOSCH BMA250 3-axis Accelerometer|-0.7278373|6.2823853|7.469909|1395861632207
BOSCH BMA250 3-axis Accelerometer|-0.6895301|6.2823853|7.431602|1395861632226
BOSCH BMA250 3-axis Accelerometer|-0.7661445|6.2823853|7.3549876|1395861632246
BOSCH BMA250 3-axis Accelerometer|-0.7661445|6.2823853|7.431602|1395861632266
BOSCH BMA250 3-axis Accelerometer|-0.7278373|6.244078|7.5082164|1395861632288
BOSCH BMA250 3-axis Accelerometer|-0.7661445|6.3206925|7.5082164|1395861632316
BOSCH BMA250 3-axis Accelerometer|-0.9959879|6.244078|7.6231384|1395861632337
BOSCH BMA250 3-axis Accelerometer|-0.8810662|6.3589997|7.6231384|1395861632356
BOSCH BMA250 3-axis Accelerometer|-0.8810662|6.435614|7.5848308|1395861632376
BOSCH BMA250 3-axis Accelerometer|-0.8810662|6.435614|7.5465236|1395861632396
BOSCH BMA250 3-axis Accelerometer|-0.8810662|6.5122285|7.469909|1395861632416
BOSCH BMA250 3-axis Accelerometer|-0.80445176|6.5505357|7.469909|1395861632436
BOSCH BMA250 3-axis Accelerometer|-0.7661445|6.5122285|7.469909|1395861632456
BOSCH BMA250 3-axis Accelerometer|-1.2641385|6.7803793|6.3206925|1395861632476
BOSCH BMA250 3-axis Accelerometer|-0.80445176|6.397307|7.8146744|1395861632496
BOSCH BMA250 3-axis Accelerometer|-0.6512229|6.244078|7.699753|1395861632516
BOSCH BMA250 3-axis Accelerometer|-0.6895301|6.2823853|7.5848308|1395861632536
BOSCH BMA250 3-axis Accelerometer|-0.6895301|6.244078|7.5082164|1395861632556
BOSCH BMA250 3-axis Accelerometer|-1.532289|6.0142345|6.895301|1395861632917
