ST 9-axis Orientation Sensor|201.70142|-44.374107|-3.0970209|1395861613170
ST 9-axis Orientation Sensor|201.69832|-44.37517|-3.100124|1395861613176
ST 9-axis Orientation Sensor|201.37053|-44.320084|-2.793822|1395861613181
ST 9-axis Orientation Sensor|201.34387|-44.290905|-2.6295295|1395861613182
ST 9-axis Orientation Sensor|201.45963|-44.268425|-2.422874|1395861613200
ST 9-axis Orientation Sensor|201.65839|-44.25509|-2.2321281|1395861613201
ST 9-axis Orientation Sensor|202.02563|-44.067585|-2.0648344|1395861613239
ST 9-axis Orientation Sensor|202.50934|-43.8733|-2.0625436|1395861613258
ST 9-axis Orientation Sensor|202.8737|-43.770943|-2.1739092|1395861613259
ST 9-axis Orientation Sensor|203.38293|-43.71105|-2.350826|1395861613279
ST 9-axis Orientation Sensor|203.86465|-43.705704|-2.4592316|1395861613319
ST 9-axis Orientation Sensor|204.3|-43.61445|-2.8759859|1395861613339
ST 9-axis Orientation Sensor|204.71352|-43.642094|-3.2531927|1395861613359
ST 9-axis Orientation Sensor|205.07664|-43.70934|-3.6447499|1395861613359
ST 9-axis Orientation Sensor|205.69699|-43.900013|-4.367952|1395861613400
ST 9-axis Orientation Sensor|206.66742|-43.83391|-4.819828|1395861613418
ST 9-axis Orientation Sensor|208.06534|-43.430656|-5.0454946|1395861613440
ST 9-axis Orientation Sensor|209.70024|-43.011955|-5.507009|1395861613459
ST 9-axis Orientation Sensor|210.6748|-43.00992|-5.7649198|1395861613460
ST 9-axis Orientation Sensor|211.46254|-43.515377|-6.3521056|1395861613499
ST 9-axis Orientation Sensor|211.97383|-44.193447|-7.293006|1395861613521
ST 9-axis Orientation Sensor|212.26147|-45.086853|-8.477901|1395861613540
ST 9-axis Orientation Sensor|212.18378|-46.577835|-10.084007|1395861613560
ST 9-axis Orientation Sensor|212.08313|-48.147274|-11.6346|1395861613562
ST 9-axis Orientation Sensor|212.05638|-50.854992|-14.415416|1395861613599
ST 9-axis Orientation Sensor|212.30821|-53.898228|-18.017538|1395861613618
ST 9-axis Orientation Sensor|213.02353|-56.8624|-22.187263|1395861613638
ST 9-axis Orientation Sensor|214.60165|-59.351414|-26.867153|1395861613657
ST 9-axis Orientation Sensor|216.87355|-60.32596|-30.747963|1395861613678
ST 9-axis Orientation Sensor|221.94995|-59.594963|-36.378452|1395861613697
ST 9-axis Orientation Sensor|225.38335|-59.71625|-41.522648|1395861613717
ST 9-axis Orientation Sensor|230.003|-58.26122|-46.88082|1395861613738
ST 9-axis Orientation Sensor|233.40701|-56.81128|-51.72829|1395861613757
ST 9-axis Orientation Sensor|236.41576|-54.541023|-55.19239|1395861613779
ST 9-axis Orientation Sensor|242.67772|-49.063896|-59.380646|1395861613798
ST 9-axis Orientation Sensor|251.08136|-41.44319|-61.561428|1395861613817
ST 9-axis Orientation Sensor|257.185|-36.323093|-62.725647|1395861613837
ST 9-axis Orientation Sensor|262.0457|-32.25353|-63.26888|1395861613857
ST 9-axis Orientation Sensor|265.27106|-29.617092|-63.65668|1395861613878
ST 9-axis Orientation Sensor|268.93445|-26.489376|-64.185265|1395861613897
ST 9-axis Orientation Sensor|272.2619|-24.190788|-65.40113|1395861613918
ST 9-axis Orientation Sensor|276.73776|-21.074997|-67.17182|1395861613938
ST 9-axis Orientation Sensor|282.3272|-16.81228|-68.234505|1395861613958
ST 9-axis Orientation Sensor|286.85632|-13.205805|-68.4577|1395861613977
ST 9-axis Orientation Sensor|300.04263|-1.7444279|-68.71652|1395861613997
ST 9-axis Orientation Sensor|309.107|6.0869656|-68.17338|1395861614018
ST 9-axis Orientation Sensor|311.6149|7.997648|-66.45981|1395861614039
ST 9-axis Orientation Sensor|311.96|8.137196|-64.309364|1395861614057
ST 9-axis Orientation Sensor|311.96292|8.11206|-62.170788|1395861614077
ST 9-axis Orientation Sensor|311.981|7.7114487|-59.494843|1395861614097
ST 9-axis Orientation Sensor|312.32184|6.31576|-58.004486|1395861614117
ST 9-axis Orientation Sensor|325.75476|10.710028|-51.738873|1395861614257
ST 9-axis Orientation Sensor|326.58984|11.036686|-50.94253|1395861614277
ST 9-axis Orientation Sensor|326.89597|10.814283|-49.688828|1395861614297
ST 9-axis Orientation Sensor|326.8648|10.070289|-48.82841|1395861614317
ST 9-axis Orientation Sensor|326.6071|8.877487|-48.543198|1395861614337
ST 9-axis Orientation Sensor|326.1731|6.5514383|-48.822044|1395861614358
ST 9-axis Orientation Sensor|324.68475|3.0954726|-49.43121|1395861614377
ST 9-axis Orientation Sensor|321.45078|-2.9120684|-48.350273|1395861614397
ST 9-axis Orientation Sensor|319.23224|-7.59804|-48.519924|1395861614418
ST 9-axis Orientation Sensor|318.5931|-10.999463|-49.6493|1395861614438
ST 9-axis Orientation Sensor|317.66785|-14.992439|-50.5048|1395861614458
ST 9-axis Orientation Sensor|316.05884|-18.898834|-50.692947|1395861614478
ST 9-axis Orientation Sensor|312.63382|-25.490389|-50.428688|1395861614497
ST 9-axis Orientation Sensor|308.17456|-33.557457|-49.82312|1395861614518
ST 9-axis Orientation Sensor|304.53204|-41.522465|-48.667927|1395861614538
ST 9-axis Orientation Sensor|301.97998|-48.713203|-47.19941|1395861614557
ST 9-axis Orientation Sensor|300.4079|-53.4662|-45.71489|1395861614578
ST 9-axis Orientation Sensor|298.65677|-58.64755|-42.722458|1395861614598
ST 9-axis Orientation Sensor|297.77982|-62.25092|-38.64259|1395861614618
ST 9-axis Orientation Sensor|298.42938|-63.997036|-34.267826|1395861614637
ST 9-axis Orientation Sensor|299.83197|-64.16186|-30.289665|1395861614658
ST 9-axis Orientation Sensor|301.0223|-63.56309|-27.582607|1395861614677
ST 9-axis Orientation Sensor|302.9419|-62.59437|-23.908983|1395861614697
ST 9-axis Orientation Sensor|305.4607|-62.16654|-19.743525|1395861614717
ST 9-axis Orientation Sensor|308.03308|-62.229767|-15.175604|1395861614738
ST 9-axis Orientation Sensor|310.92477|-61.74365|-10.159398|1395861614758
ST 9-axis Orientation Sensor|312.56036|-60.150322|-6.453728|1395861614778
ST 9-axis Orientation Sensor|314.15598|-56.952072|-1.8983134|1395861614798
ST 9-axis Orientation Sensor|315.74063|-53.49422|2.3677459|1395861614817
ST 9-axis Orientation Sensor|317.2662|-49.74647|6.1799774|1395861614838
ST 9-axis Orientation Sensor|319.04492|-46.266697|9.672542|1395861614857
ST 9-axis Orientation Sensor|320.80435|-44.250114|12.205556|1395861614878
ST 9-axis Orientation Sensor|324.3927|-43.43494|15.623402|1395861614897
ST 9-axis Orientation Sensor|329.09857|-44.13995|18.466204|1395861614918
ST 9-axis Orientation Sensor|333.5639|-43.74727|20.150097|1395861614937
ST 9-axis Orientation Sensor|338.85104|-44.73629|22.077127|1395861614957
ST 9-axis Orientation Sensor|342.73083|-45.416485|23.117476|1395861614977
ST 9-axis Orientation Sensor|347.03107|-46.16946|23.913246|1395861614999
ST 9-axis Orientation Sensor|350.673|-47.1417|24.538874|1395861615018
ST 9-axis Orientation Sensor|353.77533|-48.233368|24.825478|1395861615039
ST 9-axis Orientation Sensor|356.7521|-49.783062|24.647987|1395861615077
ST 9-axis Orientation Sensor|359.05322|-50.91192|24.234285|1395861615078
ST 9-axis Orientation Sensor|1.3806729|-51.888153|23.852917|1395861615098
ST 9-axis Orientation Sensor|2.9981291|-52.510853|23.617523|1395861615118
ST 9-axis Orientation Sensor|4.37863|-53.224373|23.412903|1395861615157
ST 9-axis Orientation Sensor|15.64152|-66.86166|14.48449|1395861615298
ST 9-axis Orientation Sensor|13.774548|-68.653824|11.450604|1395861615337
ST 9-axis Orientation Sensor|12.656851|-70.127594|9.361658|1395861615357
ST 9-axis Orientation Sensor|12.419077|-71.890755|8.414145|1395861615376
ST 9-axis Orientation Sensor|11.847861|-73.40098|7.6645494|1395861615378
ST 9-axis Orientation Sensor|10.164736|-75.79509|5.7079635|1395861615416
ST 9-axis Orientation Sensor|8.65984|-78.33403|2.9660182|1395861615437
ST 9-axis Orientation Sensor|8.065391|-80.35487|0.39931956|1395861615456
ST 9-axis Orientation Sensor|7.835852|-82.191086|-2.038791|1395861615477
ST 9-axis Orientation Sensor|8.615256|-83.54413|-3.6207936|1395861615497
ST 9-axis Orientation Sensor|10.218273|-84.86741|-5.086997|1395861615517
ST 9-axis Orientation Sensor|10.949404|-85.50749|-6.273036|1395861615537
ST 9-axis Orientation Sensor|11.61441|-85.71738|-7.01602|1395861615558
ST 9-axis Orientation Sensor|10.889659|-85.60732|-7.1064415|1395861615577
ST 9-axis Orientation Sensor|9.740873|-85.51002|-6.779059|1395861615596
ST 9-axis Orientation Sensor|8.616556|-85.94807|-6.434613|1395861615617
ST 9-axis Orientation Sensor|9.232936|-86.5446|-6.2988725|1395861615637
ST 9-axis Orientation Sensor|10.133675|-87.121635|-6.2888894|1395861615656
ST 9-axis Orientation Sensor|16.126963|-88.45784|-6.0432587|1395861615677
ST 9-axis Orientation Sensor|17.074917|-89.17782|-6.4660277|1395861615698
ST 9-axis Orientation Sensor|17.76081|-90.41995|-7.1478148|1395861615717
ST 9-axis Orientation Sensor|18.355549|-91.52936|-7.322589|1395861615737
ST 9-axis Orientation Sensor|18.562357|-92.48389|-6.856757|1395861615756
ST 9-axis Orientation Sensor|22.694113|-94.9479|-6.796114|1395861615777
ST 9-axis Orientation Sensor|23.872608|-95.65364|-7.1281385|1395861615797
ST 9-axis Orientation Sensor|24.549135|-95.61666|-7.2589593|1395861615816
ST 9-axis Orientation Sensor|25.28263|-94.56183|-7.618339|1395861615837
ST 9-axis Orientation Sensor|25.498436|-92.137794|-8.249315|1395861615857
ST 9-axis Orientation Sensor|26.290056|-89.14532|-9.157178|1395861615877
ST 9-axis Orientation Sensor|26.818434|-86.81114|-9.773308|1395861615897
ST 9-axis Orientation Sensor|26.724236|-85.67083|-10.164368|1395861615917
ST 9-axis Orientation Sensor|26.132275|-85.11877|-10.676816|1395861615937
ST 9-axis Orientation Sensor|25.418758|-85.30951|-11.129895|1395861615956
ST 9-axis Orientation Sensor|25.062054|-85.97608|-11.278536|1395861615977
ST 9-axis Orientation Sensor|25.071804|-87.106316|-11.19255|1395861615997
ST 9-axis Orientation Sensor|25.155115|-88.32221|-11.114536|1395861616018
ST 9-axis Orientation Sensor|25.042265|-90.34432|-11.031608|1395861616038
ST 9-axis Orientation Sensor|27.251488|-92.201584|-11.059155|1395861616057
ST 9-axis Orientation Sensor|27.210342|-92.14524|-10.619792|1395861616077
ST 9-axis Orientation Sensor|27.450953|-90.80534|-9.96217|1395861616097
ST 9-axis Orientation Sensor|27.800127|-89.42543|-9.814045|1395861616117
ST 9-axis Orientation Sensor|28.206623|-87.51789|-10.079075|1395861616198
ST 9-axis Orientation Sensor|28.314083|-85.925385|-10.439704|1395861616198
ST 9-axis Orientation Sensor|28.003122|-85.4542|-10.3848295|1395861616198
ST 9-axis Orientation Sensor|27.726858|-85.52111|-10.118925|1395861616198
ST 9-axis Orientation Sensor|34.44057|-85.78362|-10.359114|1395861616217
ST 9-axis Orientation Sensor|34.274895|-85.290474|-10.143738|1395861616237
ST 9-axis Orientation Sensor|34.00392|-84.517235|-10.036117|1395861616257
ST 9-axis Orientation Sensor|39.030373|-85.924255|-10.394287|1395861616279
ST 9-axis Orientation Sensor|39.686676|-85.647446|-10.475172|1395861616297
ST 9-axis Orientation Sensor|39.491047|-85.22724|-10.552942|1395861616317
ST 9-axis Orientation Sensor|39.283337|-84.8309|-10.803805|1395861616338
ST 9-axis Orientation Sensor|39.240032|-84.38403|-11.133442|1395861616357
ST 9-axis Orientation Sensor|39.41529|-83.45632|-11.488604|1395861616381
ST 9-axis Orientation Sensor|39.60605|-82.01156|-11.916297|1395861616397
ST 9-axis Orientation Sensor|39.66761|-80.94025|-12.322243|1395861616417
ST 9-axis Orientation Sensor|42.91446|-78.50622|-13.124658|1395861616448
ST 9-axis Orientation Sensor|46.6775|-76.26213|-13.718134|1395861616467
ST 9-axis Orientation Sensor|49.745575|-74.50195|-13.952749|1395861616486
ST 9-axis Orientation Sensor|51.981766|-73.293106|-13.581241|1395861616507
ST 9-axis Orientation Sensor|52.718204|-72.43885|-13.469104|1395861616526
ST 9-axis Orientation Sensor|53.272533|-71.500465|-13.446395|1395861616547
ST 9-axis Orientation Sensor|53.68478|-71.00957|-13.478105|1395861616566
ST 9-axis Orientation Sensor|53.98991|-70.59725|-13.484457|1395861616587
ST 9-axis Orientation Sensor|54.332233|-70.03494|-13.43217|1395861616607
ST 9-axis Orientation Sensor|54.593613|-69.64559|-13.360537|1395861616626
ST 9-axis Orientation Sensor|54.64787|-69.3357|-13.226824|1395861616646
ST 9-axis Orientation Sensor|54.417168|-69.202484|-13.082836|1395861616666
ST 9-axis Orientation Sensor|54.190487|-69.27123|-12.946772|1395861616687
ST 9-axis Orientation Sensor|54.082413|-69.670715|-12.779521|1395861616707
ST 9-axis Orientation Sensor|53.994946|-70.12417|-12.658999|1395861616727
ST 9-axis Orientation Sensor|53.773087|-70.91776|-12.502973|1395861616747
ST 9-axis Orientation Sensor|53.50412|-71.937294|-12.310296|1395861616766
ST 9-axis Orientation Sensor|53.211132|-73.15833|-12.056788|1395861616787
ST 9-axis Orientation Sensor|52.84176|-74.58726|-11.736012|1395861616806
ST 9-axis Orientation Sensor|52.51017|-75.77393|-11.458129|1395861616827
ST 9-axis Orientation Sensor|52.224316|-77.729706|-10.887828|1395861616847
ST 9-axis Orientation Sensor|51.96965|-80.01859|-10.074689|1395861616867
ST 9-axis Orientation Sensor|51.704597|-82.11818|-9.437557|1395861616887
ST 9-axis Orientation Sensor|51.666172|-84.01386|-9.027455|1395861616907
ST 9-axis Orientation Sensor|51.76559|-85.41481|-8.701107|1395861616927
ST 9-axis Orientation Sensor|52.05115|-87.121315|-8.256285|1395861616948
ST 9-axis Orientation Sensor|52.567436|-88.41533|-7.8384633|1395861616967
ST 9-axis Orientation Sensor|53.340042|-89.10857|-7.4995413|1395861616987
ST 9-axis Orientation Sensor|54.22839|-89.23264|-7.2584934|1395861617007
ST 9-axis Orientation Sensor|54.841698|-89.04748|-7.1544847|1395861617027
ST 9-axis Orientation Sensor|55.445744|-88.53789|-7.0960574|1395861617047
ST 9-axis Orientation Sensor|55.760952|-87.82288|-7.132731|1395861617067
ST 9-axis Orientation Sensor|55.90664|-86.947716|-7.2887144|1395861617087
ST 9-axis Orientation Sensor|55.99231|-85.9228|-7.597102|1395861617107
ST 9-axis Orientation Sensor|55.983288|-85.06552|-7.9120026|1395861617127
ST 9-axis Orientation Sensor|55.79211|-83.76018|-8.472072|1395861617148
ST 9-axis Orientation Sensor|55.352352|-82.13942|-9.183661|1395861617167
ST 9-axis Orientation Sensor|54.657085|-80.00214|-10.136645|1395861617188
ST 9-axis Orientation Sensor|53.982643|-77.2587|-11.330773|1395861617208
ST 9-axis Orientation Sensor|54.01344|-75.00906|-12.317598|1395861617227
ST 9-axis Orientation Sensor|54.612587|-72.459366|-13.195039|1395861617247
ST 9-axis Orientation Sensor|55.405197|-71.18673|-13.169476|1395861617267
ST 9-axis Orientation Sensor|56.252377|-70.23109|-12.933354|1395861617289
ST 9-axis Orientation Sensor|56.913445|-69.480865|-12.655145|1395861617310
ST 9-axis Orientation Sensor|56.933044|-69.22513|-12.569705|1395861617328
ST 9-axis Orientation Sensor|56.387222|-69.09663|-12.581955|1395861617351
ST 9-axis Orientation Sensor|55.963745|-68.78282|-12.564877|1395861617368
ST 9-axis Orientation Sensor|56.192093|-68.78601|-12.330269|1395861617395
ST 9-axis Orientation Sensor|56.55077|-69.44245|-12.048303|1395861617409
ST 9-axis Orientation Sensor|56.647198|-70.07307|-11.885554|1395861617429
ST 9-axis Orientation Sensor|56.34241|-70.98272|-11.76129|1395861617449
ST 9-axis Orientation Sensor|55.772892|-71.95488|-11.598943|1395861617469
ST 9-axis Orientation Sensor|55.235004|-73.12058|-11.243599|1395861617489
ST 9-axis Orientation Sensor|54.753548|-74.57492|-10.768551|1395861617508
ST 9-axis Orientation Sensor|54.39518|-75.85986|-10.410307|1395861617527
ST 9-axis Orientation Sensor|53.9236|-77.80222|-9.950438|1395861617548
ST 9-axis Orientation Sensor|53.557514|-79.98221|-9.308632|1395861617568
ST 9-axis Orientation Sensor|53.33581|-82.07461|-8.849967|1395861617589
ST 9-axis Orientation Sensor|53.226067|-84.12752|-8.419535|1395861617608
ST 9-axis Orientation Sensor|53.150074|-85.57819|-8.044659|1395861617627
ST 9-axis Orientation Sensor|53.077732|-87.28181|-7.490777|1395861617648
ST 9-axis Orientation Sensor|53.102757|-88.58863|-6.8926535|1395861617667
ST 9-axis Orientation Sensor|53.184834|-89.469666|-6.3098826|1395861617687
ST 9-axis Orientation Sensor|53.208576|-89.96237|-5.8108068|1395861617708
ST 9-axis Orientation Sensor|53.098866|-90.09842|-5.520672|1395861617728
ST 9-axis Orientation Sensor|52.764946|-89.97401|-5.2784038|1395861617749
ST 9-axis Orientation Sensor|52.318737|-89.50111|-5.216838|1395861617768
ST 9-axis Orientation Sensor|51.898464|-88.76872|-5.3373294|1395861617789
ST 9-axis Orientation Sensor|51.511387|-87.821106|-5.658266|1395861617808
ST 9-axis Orientation Sensor|51.143948|-86.96829|-6.0206876|1395861617828
ST 9-axis Orientation Sensor|50.463066|-85.63433|-6.6196136|1395861617848
ST 9-axis Orientation Sensor|49.67309|-83.973175|-7.339042|1395861617868
ST 9-axis Orientation Sensor|49.090683|-81.76348|-8.232092|1395861617888
ST 9-axis Orientation Sensor|48.865147|-78.87506|-9.213827|1395861617927
ST 9-axis Orientation Sensor|48.80573|-76.472496|-10.009711|1395861617928
ST 9-axis Orientation Sensor|49.011436|-73.86493|-10.985662|1395861617949
ST 9-axis Orientation Sensor|49.699833|-72.01724|-11.251526|1395861617968
ST 9-axis Orientation Sensor|51.80785|-69.81774|-11.420823|1395861617988
ST 9-axis Orientation Sensor|54.767933|-68.166405|-10.583763|1395861618028
ST 9-axis Orientation Sensor|55.997826|-67.77845|-10.32816|1395861618028
ST 9-axis Orientation Sensor|55.819275|-67.401535|-10.3478|1395861618047
ST 9-axis Orientation Sensor|54.84493|-67.12634|-10.5322275|1395861618068
ST 9-axis Orientation Sensor|54.604065|-66.53606|-10.662649|1395861618108
ST 9-axis Orientation Sensor|55.07673|-66.62905|-10.562503|1395861618128
ST 9-axis Orientation Sensor|55.253418|-67.122505|-10.522739|1395861618129
ST 9-axis Orientation Sensor|54.882053|-67.791985|-10.703686|1395861618150
ST 9-axis Orientation Sensor|53.81699|-68.601395|-11.134709|1395861618189
ST 9-axis Orientation Sensor|52.772636|-69.686584|-11.349885|1395861618208
ST 9-axis Orientation Sensor|51.91284|-71.14275|-11.24316|1395861618229
ST 9-axis Orientation Sensor|51.290226|-72.54626|-11.065669|1395861618229
ST 9-axis Orientation Sensor|50.571556|-74.74402|-10.821082|1395861618251
ST 9-axis Orientation Sensor|50.203094|-77.0579|-10.594529|1395861618289
ST 9-axis Orientation Sensor|50.303074|-79.310486|-10.42202|1395861618309
ST 9-axis Orientation Sensor|50.72452|-81.38951|-10.325178|1395861618329
ST 9-axis Orientation Sensor|51.095158|-82.81477|-10.283703|1395861618329
ST 9-axis Orientation Sensor|51.53624|-84.531975|-10.250667|1395861618369
ST 9-axis Orientation Sensor|51.94671|-86.00488|-10.219257|1395861618389
ST 9-axis Orientation Sensor|52.397537|-87.19571|-10.168864|1395861618408
ST 9-axis Orientation Sensor|52.8839|-88.06063|-10.099119|1395861618428
ST 9-axis Orientation Sensor|53.20925|-88.462616|-10.045181|1395861618449
ST 9-axis Orientation Sensor|53.502228|-88.64534|-10.018829|1395861618468
ST 9-axis Orientation Sensor|53.64626|-88.43145|-10.043507|1395861618489
ST 9-axis Orientation Sensor|53.73364|-87.84569|-10.086643|1395861618508
ST 9-axis Orientation Sensor|53.80631|-87.029045|-10.145561|1395861618529
ST 9-axis Orientation Sensor|53.841953|-86.3451|-10.228217|1395861618555
ST 9-axis Orientation Sensor|53.7673|-85.34757|-10.387999|1395861618569
ST 9-axis Orientation Sensor|53.550793|-84.12058|-10.596478|1395861618589
ST 9-axis Orientation Sensor|53.338554|-82.40297|-10.915676|1395861618608
ST 9-axis Orientation Sensor|53.288006|-79.873924|-11.461796|1395861618628
ST 9-axis Orientation Sensor|53.46051|-77.46975|-11.988026|1395861618648
ST 9-axis Orientation Sensor|53.65508|-74.13482|-12.841377|1395861618669
ST 9-axis Orientation Sensor|54.220127|-71.298706|-13.284774|1395861618690
ST 9-axis Orientation Sensor|55.224678|-69.02763|-12.983486|1395861618710
ST 9-axis Orientation Sensor|56.91066|-67.183235|-12.477375|1395861618729
ST 9-axis Orientation Sensor|58.224754|-66.4035|-11.977244|1395861618752
ST 9-axis Orientation Sensor|58.61169|-65.78674|-11.781822|1395861618769
ST 9-axis Orientation Sensor|57.60866|-64.86056|-12.268008|1395861618790
ST 9-axis Orientation Sensor|56.94123|-64.0149|-12.735267|1395861618810
ST 9-axis Orientation Sensor|57.277725|-64.036545|-12.637298|1395861618830
ST 9-axis Orientation Sensor|57.64245|-64.43516|-12.382437|1395861618850
ST 9-axis Orientation Sensor|57.574097|-65.14752|-12.182512|1395861618870
ST 9-axis Orientation Sensor|56.708305|-66.00649|-12.265017|1395861618890
ST 9-axis Orientation Sensor|55.745686|-66.8582|-12.534392|1395861618911
ST 9-axis Orientation Sensor|55.319683|-67.74096|-12.723493|1395861618930
ST 9-axis Orientation Sensor|55.279366|-68.64826|-12.756496|1395861618953
ST 9-axis Orientation Sensor|55.282146|-70.34343|-12.707543|1395861618969
ST 9-axis Orientation Sensor|55.090233|-72.465805|-12.584057|1395861618989
ST 9-axis Orientation Sensor|54.634464|-74.79915|-12.460628|1395861619009
ST 9-axis Orientation Sensor|54.52349|-78.15187|-12.165311|1395861619028
ST 9-axis Orientation Sensor|54.273376|-80.21005|-12.044048|1395861619053
ST 9-axis Orientation Sensor|54.023174|-82.537766|-11.843796|1395861619068
ST 9-axis Orientation Sensor|53.848076|-84.74785|-11.547798|1395861619088
ST 9-axis Orientation Sensor|53.774006|-86.73169|-11.200276|1395861619108
ST 9-axis Orientation Sensor|53.87305|-88.31257|-10.757369|1395861619128
ST 9-axis Orientation Sensor|54.047115|-89.15921|-10.376019|1395861619150
ST 9-axis Orientation Sensor|54.337772|-89.81866|-9.8547535|1395861619170
ST 9-axis Orientation Sensor|54.56725|-89.99177|-9.474273|1395861619188
ST 9-axis Orientation Sensor|54.674347|-89.76577|-9.320123|1395861619211
ST 9-axis Orientation Sensor|54.75701|-89.19826|-9.39248|1395861619229
ST 9-axis Orientation Sensor|54.84083|-88.598175|-9.56881|1395861619249
ST 9-axis Orientation Sensor|54.94732|-87.61898|-9.948955|1395861619268
ST 9-axis Orientation Sensor|54.969322|-86.3969|-10.5133295|1395861619290
ST 9-axis Orientation Sensor|54.767582|-84.90387|-11.228487|1395861619309
ST 9-axis Orientation Sensor|54.34982|-83.08918|-12.103315|1395861619328
ST 9-axis Orientation Sensor|53.84306|-81.49104|-12.862463|1395861619352
ST 9-axis Orientation Sensor|52.76013|-78.76269|-14.137939|1395861619368
ST 9-axis Orientation Sensor|52.10455|-74.52786|-15.238562|1395861619390
ST 9-axis Orientation Sensor|53.04897|-71.06523|-14.723963|1395861619410
ST 9-axis Orientation Sensor|54.67996|-69.83897|-13.608157|1395861619435
ST 9-axis Orientation Sensor|56.181145|-69.11645|-12.484161|1395861619450
ST 9-axis Orientation Sensor|57.005722|-69.06335|-11.874433|1395861619469
ST 9-axis Orientation Sensor|56.372757|-69.02213|-12.160062|1395861619489
ST 9-axis Orientation Sensor|55.587894|-67.992645|-12.492998|1395861619510
ST 9-axis Orientation Sensor|55.615982|-67.00886|-12.697658|1395861619529
ST 9-axis Orientation Sensor|56.18602|-66.8121|-12.545743|1395861619551
ST 9-axis Orientation Sensor|56.698368|-67.13946|-12.28829|1395861619569
ST 9-axis Orientation Sensor|56.502502|-67.988846|-12.2460785|1395861619590
ST 9-axis Orientation Sensor|55.67909|-69.230286|-12.511304|1395861619612
ST 9-axis Orientation Sensor|54.90715|-70.578735|-12.826924|1395861619628
ST 9-axis Orientation Sensor|54.553516|-71.674995|-13.005827|1395861619649
ST 9-axis Orientation Sensor|54.18372|-73.383415|-13.153762|1395861619669
ST 9-axis Orientation Sensor|53.8014|-75.24841|-13.2087|1395861619688
ST 9-axis Orientation Sensor|54.06485|-77.13734|-12.825111|1395861619709
ST 9-axis Orientation Sensor|54.161926|-79.827194|-12.305464|1395861619729
ST 9-axis Orientation Sensor|54.068794|-81.25775|-12.107791|1395861619749
ST 9-axis Orientation Sensor|53.83386|-83.170975|-11.761823|1395861619769
ST 9-axis Orientation Sensor|53.48776|-85.04494|-11.344135|1395861619792
ST 9-axis Orientation Sensor|53.153584|-86.72772|-10.891385|1395861619809
ST 9-axis Orientation Sensor|53.04355|-88.02372|-10.424605|1395861619828
ST 9-axis Orientation Sensor|53.157513|-88.66188|-10.112308|1395861619848
ST 9-axis Orientation Sensor|53.536602|-88.97274|-9.771581|1395861619868
ST 9-axis Orientation Sensor|54.07262|-88.69766|-9.549313|1395861619888
ST 9-axis Orientation Sensor|54.550156|-88.080635|-9.512845|1395861619908
ST 9-axis Orientation Sensor|54.777836|-87.300316|-9.647173|1395861619947
ST 9-axis Orientation Sensor|54.812668|-86.668945|-9.846102|1395861619949
ST 9-axis Orientation Sensor|54.717915|-85.75491|-10.224084|1395861619968
ST 9-axis Orientation Sensor|54.445934|-84.695045|-10.734698|1395861619989
ST 9-axis Orientation Sensor|53.965282|-83.501236|-11.358243|1395861620009
ST 9-axis Orientation Sensor|53.453987|-82.08719|-12.112029|1395861620047
ST 9-axis Orientation Sensor|53.058064|-80.7487|-12.7925005|1395861620049
ST 9-axis Orientation Sensor|52.369747|-78.24409|-13.952129|1395861620067
ST 9-axis Orientation Sensor|52.026253|-74.55847|-15.245428|1395861620088
ST 9-axis Orientation Sensor|52.97341|-71.42739|-15.231497|1395861620127
ST 9-axis Orientation Sensor|54.61761|-70.64284|-14.786109|1395861620148
ST 9-axis Orientation Sensor|56.15682|-69.54176|-14.051815|1395861620148
ST 9-axis Orientation Sensor|57.183228|-68.46891|-13.476868|1395861620167
ST 9-axis Orientation Sensor|56.676914|-68.366|-13.639579|1395861620207
ST 9-axis Orientation Sensor|55.91356|-67.7789|-13.847793|1395861620227
ST 9-axis Orientation Sensor|55.88454|-67.00004|-13.834717|1395861620247
ST 9-axis Orientation Sensor|56.48315|-66.99873|-13.623821|1395861620247
ST 9-axis Orientation Sensor|57.46633|-67.67296|-13.259443|1395861620290
ST 9-axis Orientation Sensor|57.776363|-68.453735|-13.128883|1395861620292
ST 9-axis Orientation Sensor|57.5001|-69.03937|-13.19013|1395861620329
ST 9-axis Orientation Sensor|57.307587|-69.25712|-13.304073|1395861620355
ST 9-axis Orientation Sensor|57.36897|-69.44378|-13.355927|1395861620358
ST 9-axis Orientation Sensor|57.49726|-70.23433|-13.428487|1395861620379
ST 9-axis Orientation Sensor|57.3997|-71.85912|-13.518621|1395861620399
ST 9-axis Orientation Sensor|57.004066|-74.00059|-13.56291|1395861620418
ST 9-axis Orientation Sensor|56.50046|-76.13362|-13.476371|1395861620438
ST 9-axis Orientation Sensor|56.491795|-77.20097|-13.261761|1395861620458
ST 9-axis Orientation Sensor|56.45676|-78.63684|-12.992953|1395861620479
ST 9-axis Orientation Sensor|56.42232|-80.418785|-12.746278|1395861620502
ST 9-axis Orientation Sensor|56.142254|-82.28271|-12.407448|1395861620517
ST 9-axis Orientation Sensor|55.722458|-84.21507|-11.974539|1395861620537
ST 9-axis Orientation Sensor|55.36468|-85.61332|-11.575382|1395861620558
ST 9-axis Orientation Sensor|54.905067|-87.19899|-10.958064|1395861620577
ST 9-axis Orientation Sensor|54.52021|-88.271126|-10.268754|1395861620596
ST 9-axis Orientation Sensor|54.179497|-88.7739|-9.662166|1395861620617
ST 9-axis Orientation Sensor|53.758823|-88.77208|-9.263172|1395861620647
ST 9-axis Orientation Sensor|53.372726|-88.51072|-9.168856|1395861620667
ST 9-axis Orientation Sensor|52.862335|-87.96661|-9.298208|1395861620687
ST 9-axis Orientation Sensor|52.496765|-87.32385|-9.656408|1395861620710
ST 9-axis Orientation Sensor|52.373264|-86.53142|-10.188116|1395861620727
ST 9-axis Orientation Sensor|52.359833|-85.384834|-10.8546|1395861620748
ST 9-axis Orientation Sensor|52.22672|-84.27767|-11.380088|1395861620777
ST 9-axis Orientation Sensor|51.769043|-82.47346|-12.111184|1395861620777
ST 9-axis Orientation Sensor|51.013588|-80.19589|-12.980543|1395861620797
ST 9-axis Orientation Sensor|49.935688|-77.72807|-13.983944|1395861620818
ST 9-axis Orientation Sensor|48.84633|-75.41848|-14.7107725|1395861620838
ST 9-axis Orientation Sensor|48.9197|-72.99111|-14.329834|1395861620856
ST 9-axis Orientation Sensor|50.73983|-69.93889|-13.784044|1395861620877
ST 9-axis Orientation Sensor|53.416508|-67.50978|-13.149728|1395861620909
ST 9-axis Orientation Sensor|56.11118|-65.87672|-12.244849|1395861620927
ST 9-axis Orientation Sensor|56.055073|-65.65512|-12.355563|1395861620949
ST 9-axis Orientation Sensor|55.029583|-65.286224|-12.676891|1395861620967
ST 9-axis Orientation Sensor|53.843674|-64.511215|-12.811229|1395861620987
ST 9-axis Orientation Sensor|53.592743|-64.49347|-12.590114|1395861621007
ST 9-axis Orientation Sensor|53.918465|-64.946915|-12.25357|1395861621027
ST 9-axis Orientation Sensor|54.150574|-65.042175|-12.074808|1395861621047
ST 9-axis Orientation Sensor|53.82811|-65.1139|-12.21557|1395861621067
ST 9-axis Orientation Sensor|52.815243|-65.683334|-12.70041|1395861621087
ST 9-axis Orientation Sensor|51.89907|-66.8473|-13.10326|1395861621106
ST 9-axis Orientation Sensor|51.491924|-68.32924|-13.258953|1395861621127
ST 9-axis Orientation Sensor|51.50374|-70.082726|-13.253326|1395861621148
ST 9-axis Orientation Sensor|51.61406|-71.54387|-13.216615|1395861621167
ST 9-axis Orientation Sensor|52.399857|-73.82433|-12.963076|1395861621187
ST 9-axis Orientation Sensor|53.361042|-76.57771|-12.504841|1395861621208
ST 9-axis Orientation Sensor|53.201588|-78.99574|-12.171523|1395861621228
ST 9-axis Orientation Sensor|52.90408|-81.4495|-11.698916|1395861621248
ST 9-axis Orientation Sensor|52.642746|-83.172935|-11.282881|1395861621267
ST 9-axis Orientation Sensor|52.43099|-85.03819|-10.65607|1395861621287
ST 9-axis Orientation Sensor|52.38783|-86.22568|-10.004184|1395861621307
ST 9-axis Orientation Sensor|52.402607|-86.73475|-9.464978|1395861621327
ST 9-axis Orientation Sensor|52.391483|-86.73775|-9.157457|1395861621348
ST 9-axis Orientation Sensor|52.24368|-86.43664|-9.1223345|1395861621367
ST 9-axis Orientation Sensor|51.986202|-85.57708|-9.257367|1395861621388
ST 9-axis Orientation Sensor|51.916492|-84.36337|-9.558451|1395861621407
ST 9-axis Orientation Sensor|51.962097|-83.09403|-10.032276|1395861621428
ST 9-axis Orientation Sensor|51.78889|-81.9555|-10.589344|1395861621448
ST 9-axis Orientation Sensor|51.339214|-81.213165|-11.029733|1395861621467
ST 9-axis Orientation Sensor|50.35709|-80.30889|-11.71125|1395861621488
ST 9-axis Orientation Sensor|49.12089|-79.309166|-12.5583725|1395861621507
ST 9-axis Orientation Sensor|47.706646|-77.89023|-13.803251|1395861621526
ST 9-axis Orientation Sensor|46.791878|-75.17574|-15.217627|1395861621549
ST 9-axis Orientation Sensor|47.248985|-72.230865|-15.895435|1395861621568
ST 9-axis Orientation Sensor|49.257824|-69.87503|-15.355134|1395861621587
ST 9-axis Orientation Sensor|50.747295|-68.790375|-14.262104|1395861621607
ST 9-axis Orientation Sensor|51.61027|-67.58455|-13.540022|1395861621627
ST 9-axis Orientation Sensor|50.8272|-67.32897|-13.5905285|1395861621647
ST 9-axis Orientation Sensor|50.028236|-66.93218|-13.864029|1395861621668
ST 9-axis Orientation Sensor|49.84858|-65.23896|-14.273414|1395861621687
ST 9-axis Orientation Sensor|50.706924|-63.88689|-14.506389|1395861621708
ST 9-axis Orientation Sensor|51.863045|-63.513786|-14.45481|1395861621727
ST 9-axis Orientation Sensor|52.262543|-63.679832|-14.480274|1395861621749
ST 9-axis Orientation Sensor|52.070797|-64.08374|-14.501078|1395861621767
ST 9-axis Orientation Sensor|51.402798|-64.978325|-14.541767|1395861621797
ST 9-axis Orientation Sensor|50.793915|-65.893936|-14.572094|1395861621817
ST 9-axis Orientation Sensor|50.38554|-66.87379|-14.605987|1395861621837
ST 9-axis Orientation Sensor|50.104065|-68.294846|-14.622096|1395861621857
ST 9-axis Orientation Sensor|49.94559|-69.59045|-14.625325|1395861621878
ST 9-axis Orientation Sensor|49.80312|-71.42771|-14.555079|1395861621897
ST 9-axis Orientation Sensor|50.09644|-73.922844|-14.268589|1395861621917
ST 9-axis Orientation Sensor|50.39596|-76.98253|-13.801676|1395861621937
ST 9-axis Orientation Sensor|50.15306|-79.55242|-13.292916|1395861621959
ST 9-axis Orientation Sensor|49.76484|-81.1551|-12.89778|1395861621977
ST 9-axis Orientation Sensor|49.179535|-83.22764|-12.279704|1395861621998
ST 9-axis Orientation Sensor|48.699696|-85.04818|-11.541547|1395861622017
ST 9-axis Orientation Sensor|48.450542|-86.456375|-10.711652|1395861622037
ST 9-axis Orientation Sensor|48.364372|-87.36306|-9.82935|1395861622057
ST 9-axis Orientation Sensor|48.36453|-87.694695|-9.176438|1395861622077
ST 9-axis Orientation Sensor|48.381916|-87.730995|-8.485724|1395861622097
ST 9-axis Orientation Sensor|48.14151|-87.35937|-8.115032|1395861622117
ST 9-axis Orientation Sensor|47.648636|-86.574905|-8.027484|1395861622137
ST 9-axis Orientation Sensor|47.183144|-85.49301|-8.167611|1395861622159
ST 9-axis Orientation Sensor|47.01421|-84.49074|-8.428904|1395861622178
ST 9-axis Orientation Sensor|46.94337|-82.95721|-8.993446|1395861622197
ST 9-axis Orientation Sensor|46.742847|-81.33181|-9.829544|1395861622223
ST 9-axis Orientation Sensor|46.404854|-79.475266|-10.909994|1395861622237
ST 9-axis Orientation Sensor|46.17025|-77.03611|-12.279402|1395861622257
ST 9-axis Orientation Sensor|45.92003|-74.85323|-13.4174385|1395861622277
ST 9-axis Orientation Sensor|45.69746|-71.59691|-14.492203|1395861622297
ST 9-axis Orientation Sensor|46.31594|-68.443016|-14.582692|1395861622318
ST 9-axis Orientation Sensor|47.384365|-66.81456|-13.473905|1395861622338
ST 9-axis Orientation Sensor|49.34436|-65.05509|-11.588128|1395861622359
ST 9-axis Orientation Sensor|50.765266|-63.428936|-10.5944805|1395861622377
ST 9-axis Orientation Sensor|50.22742|-62.721176|-10.543308|1395861622397
ST 9-axis Orientation Sensor|48.36144|-63.20406|-11.195227|1395861622418
ST 9-axis Orientation Sensor|46.853664|-62.877316|-11.854686|1395861622438
ST 9-axis Orientation Sensor|46.48808|-62.001503|-12.347881|1395861622457
ST 9-axis Orientation Sensor|46.400635|-62.255383|-12.441457|1395861622477
ST 9-axis Orientation Sensor|46.0219|-63.52944|-12.487651|1395861622497
ST 9-axis Orientation Sensor|45.53464|-64.65364|-12.361692|1395861622518
ST 9-axis Orientation Sensor|44.638165|-65.40131|-12.426224|1395861622538
ST 9-axis Orientation Sensor|43.536118|-66.36326|-12.823416|1395861622559
ST 9-axis Orientation Sensor|42.99269|-67.269295|-13.106335|1395861622577
ST 9-axis Orientation Sensor|42.66515|-68.78855|-13.357168|1395861622597
ST 9-axis Orientation Sensor|42.70035|-70.76314|-13.426722|1395861622617
ST 9-axis Orientation Sensor|43.0386|-73.024536|-13.3465605|1395861622638
ST 9-axis Orientation Sensor|43.630447|-75.26997|-13.114087|1395861622658
ST 9-axis Orientation Sensor|44.360268|-76.75008|-12.764071|1395861622678
ST 9-axis Orientation Sensor|44.61166|-78.97883|-12.365232|1395861622697
ST 9-axis Orientation Sensor|44.592113|-81.15706|-11.966242|1395861622718
ST 9-axis Orientation Sensor|44.491356|-83.08393|-11.610484|1395861622738
ST 9-axis Orientation Sensor|44.391792|-84.667625|-11.310871|1395861622759
ST 9-axis Orientation Sensor|44.371166|-85.5358|-11.103855|1395861622777
ST 9-axis Orientation Sensor|44.381924|-86.108665|-10.883888|1395861622797
ST 9-axis Orientation Sensor|44.518154|-85.92786|-10.768456|1395861622817
ST 9-axis Orientation Sensor|44.863575|-85.24215|-10.723248|1395861622837
ST 9-axis Orientation Sensor|45.227398|-84.460304|-10.820896|1395861622857
ST 9-axis Orientation Sensor|45.443893|-83.92902|-11.036646|1395861622877
ST 9-axis Orientation Sensor|45.559982|-83.23603|-11.509955|1395861622897
ST 9-axis Orientation Sensor|45.390244|-82.39151|-12.122763|1395861622917
ST 9-axis Orientation Sensor|44.844566|-81.27101|-12.798836|1395861622937
ST 9-axis Orientation Sensor|44.006702|-79.75892|-13.565803|1395861622977
ST 9-axis Orientation Sensor|43.41658|-78.22018|-14.248161|1395861622977
ST 9-axis Orientation Sensor|42.8266|-75.51888|-15.265935|1395861622997
ST 9-axis Orientation Sensor|42.796196|-72.28601|-15.997661|1395861623018
ST 9-axis Orientation Sensor|43.92886|-69.09788|-16.229408|1395861623041
ST 9-axis Orientation Sensor|46.550392|-67.09957|-15.756016|1395861623077
ST 9-axis Orientation Sensor|48.699745|-65.990814|-14.805105|1395861623077
ST 9-axis Orientation Sensor|50.37121|-65.33135|-14.373678|1395861623097
ST 9-axis Orientation Sensor|50.270657|-64.728615|-14.898787|1395861623137
ST 9-axis Orientation Sensor|49.741505|-63.53669|-15.245678|1395861623158
ST 9-axis Orientation Sensor|49.347492|-62.281433|-15.342459|1395861623176
ST 9-axis Orientation Sensor|49.281345|-62.185696|-15.289571|1395861623178
ST 9-axis Orientation Sensor|49.437336|-63.11179|-15.201944|1395861623216
ST 9-axis Orientation Sensor|49.6359|-64.16834|-15.149625|1395861623237
ST 9-axis Orientation Sensor|49.409275|-65.11705|-15.29978|1395861623256
ST 9-axis Orientation Sensor|48.90701|-66.19579|-15.5353365|1395861623276
ST 9-axis Orientation Sensor|48.622818|-67.0296|-15.603351|1395861623278
ST 9-axis Orientation Sensor|48.47768|-68.20348|-15.52999|1395861623317
ST 9-axis Orientation Sensor|48.44525|-69.73568|-15.302924|1395861623337
ST 9-axis Orientation Sensor|48.408066|-71.70717|-14.971399|1395861623357
ST 9-axis Orientation Sensor|48.613365|-74.105515|-14.57324|1395861623377
ST 9-axis Orientation Sensor|49.14602|-76.44223|-14.104028|1395861623396
ST 9-axis Orientation Sensor|49.4393|-79.37875|-13.564888|1395861623417
ST 9-axis Orientation Sensor|49.43094|-81.733536|-13.270531|1395861623437
ST 9-axis Orientation Sensor|49.440678|-83.97021|-12.907907|1395861623456
ST 9-axis Orientation Sensor|49.54746|-85.92796|-12.45298|1395861623477
ST 9-axis Orientation Sensor|49.725773|-87.10451|-12.043021|1395861623497
ST 9-axis Orientation Sensor|49.988937|-88.19952|-11.463059|1395861623517
ST 9-axis Orientation Sensor|50.10751|-88.77684|-10.93341|1395861623537
ST 9-axis Orientation Sensor|49.962784|-88.92759|-10.560584|1395861623558
ST 9-axis Orientation Sensor|49.635525|-88.59329|-10.38539|1395861623577
ST 9-axis Orientation Sensor|49.491085|-88.027306|-10.3881645|1395861623596
ST 9-axis Orientation Sensor|49.64174|-87.00922|-10.551309|1395861623616
ST 9-axis Orientation Sensor|50.120926|-85.821465|-10.952304|1395861623637
ST 9-axis Orientation Sensor|50.56209|-84.483444|-11.585569|1395861623657
ST 9-axis Orientation Sensor|50.595753|-83.01168|-12.360232|1395861623677
ST 9-axis Orientation Sensor|50.34909|-81.79007|-13.009358|1395861623698
ST 9-axis Orientation Sensor|49.86942|-79.77449|-13.931319|1395861623716
ST 9-axis Orientation Sensor|49.192677|-77.21232|-14.991394|1395861623737
ST 9-axis Orientation Sensor|49.00876|-73.636734|-16.10504|1395861623758
ST 9-axis Orientation Sensor|50.095737|-70.06202|-16.38765|1395861623778
ST 9-axis Orientation Sensor|51.431095|-68.75617|-16.063911|1395861623796
ST 9-axis Orientation Sensor|53.87672|-67.43916|-14.9403105|1395861623818
ST 9-axis Orientation Sensor|54.301044|-67.55651|-14.708688|1395861623837
ST 9-axis Orientation Sensor|53.335552|-66.92458|-15.287416|1395861623856
ST 9-axis Orientation Sensor|52.55682|-65.2532|-15.559558|1395861623877
ST 9-axis Orientation Sensor|52.361347|-64.64782|-15.704187|1395861623897
ST 9-axis Orientation Sensor|52.858295|-65.02406|-15.717794|1395861623917
ST 9-axis Orientation Sensor|53.691956|-65.41805|-15.446939|1395861623940
ST 9-axis Orientation Sensor|53.604748|-65.92832|-15.397812|1395861623966
ST 9-axis Orientation Sensor|52.85274|-66.56375|-15.536499|1395861623989
ST 9-axis Orientation Sensor|52.439884|-67.065155|-15.6131|1395861623996
ST 9-axis Orientation Sensor|52.391857|-67.909386|-15.620587|1395861624020
ST 9-axis Orientation Sensor|52.601986|-69.18517|-15.599274|1395861624040
ST 9-axis Orientation Sensor|52.662846|-70.95266|-15.514428|1395861624059
ST 9-axis Orientation Sensor|52.470013|-73.01284|-15.327272|1395861624082
ST 9-axis Orientation Sensor|52.449734|-74.70477|-15.135533|1395861624105
ST 9-axis Orientation Sensor|52.258705|-77.118286|-14.8587055|1395861624117
ST 9-axis Orientation Sensor|51.722755|-79.4442|-14.502632|1395861624146
ST 9-axis Orientation Sensor|51.16425|-81.69009|-14.046543|1395861624173
ST 9-axis Orientation Sensor|50.728138|-83.773544|-13.486678|1395861624195
ST 9-axis Orientation Sensor|50.532543|-85.13818|-13.027992|1395861624195
ST 9-axis Orientation Sensor|50.48955|-86.552444|-12.400253|1395861624214
ST 9-axis Orientation Sensor|50.619694|-87.397835|-11.822513|1395861624230
ST 9-axis Orientation Sensor|50.75957|-87.72919|-11.428041|1395861624269
ST 9-axis Orientation Sensor|50.711002|-87.680824|-11.265464|1395861624289
ST 9-axis Orientation Sensor|50.595028|-87.41652|-11.294937|1395861624290
ST 9-axis Orientation Sensor|50.51763|-86.75661|-11.489791|1395861624317
ST 9-axis Orientation Sensor|50.66155|-85.77991|-11.815198|1395861624345
ST 9-axis Orientation Sensor|50.866528|-84.555214|-12.25859|1395861624365
ST 9-axis Orientation Sensor|50.824738|-83.1278|-12.794843|1395861624390
ST 9-axis Orientation Sensor|50.512028|-81.956955|-13.26777|1395861624390
ST 9-axis Orientation Sensor|49.878757|-80.19259|-14.041444|1395861624415
ST 9-axis Orientation Sensor|49.451813|-77.94543|-14.947747|1395861624446
ST 9-axis Orientation Sensor|49.211277|-75.18427|-15.907461|1395861624469
ST 9-axis Orientation Sensor|49.54844|-71.54451|-16.681562|1395861624487
ST 9-axis Orientation Sensor|50.945843|-68.77537|-16.952763|1395861624512
ST 9-axis Orientation Sensor|53.405262|-66.53821|-16.102688|1395861624514
ST 9-axis Orientation Sensor|55.48518|-65.456726|-14.956669|1395861624549
ST 9-axis Orientation Sensor|55.765785|-65.53123|-14.800065|1395861624568
ST 9-axis Orientation Sensor|54.62442|-64.83073|-15.208127|1395861624588
ST 9-axis Orientation Sensor|53.60943|-63.812115|-15.582627|1395861624614
ST 9-axis Orientation Sensor|53.15146|-62.598225|-15.818104|1395861624634
ST 9-axis Orientation Sensor|53.6257|-62.357754|-15.555434|1395861624654
ST 9-axis Orientation Sensor|54.088566|-62.88191|-15.216136|1395861624670
ST 9-axis Orientation Sensor|53.74921|-63.5929|-15.240752|1395861624687
ST 9-axis Orientation Sensor|53.130733|-64.1413|-15.432735|1395861624711
ST 9-axis Orientation Sensor|52.52601|-64.94344|-15.606283|1395861624728
ST 9-axis Orientation Sensor|52.345585|-65.95906|-15.571062|1395861624748
ST 9-axis Orientation Sensor|52.24243|-67.341064|-15.452332|1395861624768
ST 9-axis Orientation Sensor|51.825638|-69.21374|-15.285802|1395861624792
ST 9-axis Orientation Sensor|51.286373|-70.88183|-15.155445|1395861624810
ST 9-axis Orientation Sensor|50.36995|-73.28012|-14.998045|1395861624829
ST 9-axis Orientation Sensor|49.9133|-76.254295|-14.671279|1395861624850
ST 9-axis Orientation Sensor|49.074474|-78.7429|-14.494065|1395861624873
ST 9-axis Orientation Sensor|48.40102|-81.175446|-14.261286|1395861624892
ST 9-axis Orientation Sensor|48.020126|-82.92813|-14.024752|1395861624913
ST 9-axis Orientation Sensor|47.671906|-85.09124|-13.639082|1395861624927
ST 9-axis Orientation Sensor|47.588215|-86.8923|-13.169648|1395861624950
ST 9-axis Orientation Sensor|47.72479|-88.14365|-12.627054|1395861624974
ST 9-axis Orientation Sensor|47.97377|-88.65183|-12.130619|1395861624988
ST 9-axis Orientation Sensor|48.1878|-88.55544|-11.890477|1395861625008
ST 9-axis Orientation Sensor|48.451138|-87.88961|-11.767884|1395861625027
ST 9-axis Orientation Sensor|48.76524|-86.82382|-11.88175|1395861625053
ST 9-axis Orientation Sensor|49.225388|-85.5557|-12.277336|1395861625076
ST 9-axis Orientation Sensor|49.79567|-84.0956|-12.916688|1395861625104
ST 9-axis Orientation Sensor|50.206337|-82.86846|-13.523653|1395861625105
ST 9-axis Orientation Sensor|50.47359|-81.213264|-14.405523|1395861625125
ST 9-axis Orientation Sensor|50.172913|-79.68268|-15.266169|1395861625140
ST 9-axis Orientation Sensor|49.018085|-78.080246|-16.270348|1395861625179
ST 9-axis Orientation Sensor|47.30785|-75.9183|-17.723251|1395861625204
ST 9-axis Orientation Sensor|47.258392|-73.37388|-18.776026|1395861625204
ST 9-axis Orientation Sensor|49.124855|-70.80898|-18.841173|1395861625221
ST 9-axis Orientation Sensor|51.51688|-69.44538|-18.218266|1395861625258
ST 9-axis Orientation Sensor|54.041054|-67.40907|-17.058102|1395861625283
ST 9-axis Orientation Sensor|54.106|-66.78422|-17.186201|1395861625297
ST 9-axis Orientation Sensor|53.371193|-66.26053|-17.597406|1395861625318
ST 9-axis Orientation Sensor|53.128227|-64.52937|-17.646763|1395861625340
ST 9-axis Orientation Sensor|53.937416|-62.945698|-17.3392|1395861625367
ST 9-axis Orientation Sensor|54.70941|-63.424232|-17.21445|1395861625368
ST 9-axis Orientation Sensor|55.27394|-64.22439|-17.268667|1395861625392
ST 9-axis Orientation Sensor|55.344566|-64.7038|-17.351126|1395861625415
ST 9-axis Orientation Sensor|54.830242|-65.49632|-17.610727|1395861625441
ST 9-axis Orientation Sensor|54.129795|-66.239494|-17.84994|1395861625459
ST 9-axis Orientation Sensor|53.663742|-66.815384|-17.909035|1395861625479
ST 9-axis Orientation Sensor|53.293056|-67.72442|-17.861843|1395861625499
ST 9-axis Orientation Sensor|52.85532|-68.953285|-17.812664|1395861625502
ST 9-axis Orientation Sensor|52.124836|-71.194046|-17.606867|1395861625539
ST 9-axis Orientation Sensor|51.408356|-73.61995|-17.247093|1395861625559
ST 9-axis Orientation Sensor|50.925438|-75.92596|-16.682196|1395861625579
ST 9-axis Orientation Sensor|50.75215|-78.03214|-15.87158|1395861625599
ST 9-axis Orientation Sensor|50.26836|-79.72945|-15.486268|1395861625624
ST 9-axis Orientation Sensor|49.690693|-81.89887|-14.913297|1395861625639
ST 9-axis Orientation Sensor|49.244976|-83.86016|-14.265857|1395861625659
ST 9-axis Orientation Sensor|48.94149|-85.50741|-13.5861845|1395861625679
ST 9-axis Orientation Sensor|48.760433|-86.736946|-12.94051|1395861625706
ST 9-axis Orientation Sensor|48.68744|-87.365234|-12.560475|1395861625709
ST 9-axis Orientation Sensor|48.60456|-87.852516|-12.258434|1395861625728
ST 9-axis Orientation Sensor|48.52531|-87.951614|-12.220831|1395861625750
ST 9-axis Orientation Sensor|48.553936|-87.72033|-12.475915|1395861625773
ST 9-axis Orientation Sensor|48.755535|-87.26179|-12.981683|1395861625789
ST 9-axis Orientation Sensor|48.90003|-86.76503|-13.480164|1395861625809
ST 9-axis Orientation Sensor|48.921146|-85.88602|-14.294446|1395861625830
ST 9-axis Orientation Sensor|48.651512|-84.867325|-15.323496|1395861625849
ST 9-axis Orientation Sensor|47.68078|-83.96802|-16.739273|1395861625869
ST 9-axis Orientation Sensor|45.332962|-83.38071|-17.94718|1395861625890
ST 9-axis Orientation Sensor|44.59027|-80.74741|-18.569664|1395861625910
ST 9-axis Orientation Sensor|46.146393|-77.497345|-17.995106|1395861625929
ST 9-axis Orientation Sensor|46.196297|-77.476654|-18.092705|1395861625949
ST 9-axis Orientation Sensor|46.2262|-78.010086|-17.174316|1395861625970
ST 9-axis Orientation Sensor|46.016426|-78.12572|-16.490973|1395861626009
ST 9-axis Orientation Sensor|45.092163|-77.915344|-16.436989|1395861626015
ST 9-axis Orientation Sensor|43.28876|-77.640594|-16.702568|1395861626028
ST 9-axis Orientation Sensor|42.005108|-77.65951|-17.070957|1395861626048
ST 9-axis Orientation Sensor|41.51162|-78.56009|-17.589804|1395861626074
ST 9-axis Orientation Sensor|41.65358|-80.37591|-17.887037|1395861626096
ST 9-axis Orientation Sensor|42.063442|-81.88484|-18.043419|1395861626124
ST 9-axis Orientation Sensor|43.676865|-82.278885|-17.899017|1395861626142
ST 9-axis Orientation Sensor|43.98817|-83.54597|-17.871435|1395861626164
ST 9-axis Orientation Sensor|43.918358|-84.123474|-17.847351|1395861626178
ST 9-axis Orientation Sensor|43.85512|-84.11374|-17.821243|1395861626203
ST 9-axis Orientation Sensor|43.900204|-83.87252|-17.729404|1395861626216
ST 9-axis Orientation Sensor|43.888805|-83.59354|-17.58796|1395861626242
ST 9-axis Orientation Sensor|43.694405|-83.616745|-17.516666|1395861626262
ST 9-axis Orientation Sensor|43.465027|-83.939445|-17.544676|1395861626277
ST 9-axis Orientation Sensor|43.41281|-84.35101|-17.724922|1395861626302
ST 9-axis Orientation Sensor|43.647797|-84.47227|-18.025892|1395861626318
ST 9-axis Orientation Sensor|44.314934|-84.31869|-18.58893|1395861626343
ST 9-axis Orientation Sensor|46.301598|-84.31266|-18.830774|1395861626359
ST 9-axis Orientation Sensor|47.87884|-84.693214|-18.96808|1395861626381
ST 9-axis Orientation Sensor|48.22435|-84.75135|-19.165028|1395861626399
ST 9-axis Orientation Sensor|48.1613|-84.98936|-19.257504|1395861626418
ST 9-axis Orientation Sensor|48.1319|-85.51154|-19.21503|1395861626439
ST 9-axis Orientation Sensor|48.759632|-85.96521|-18.907196|1395861626460
ST 9-axis Orientation Sensor|49.20639|-86.31045|-18.64708|1395861626478
ST 9-axis Orientation Sensor|49.432518|-86.090706|-18.69455|1395861626498
ST 9-axis Orientation Sensor|49.89281|-85.66064|-18.740957|1395861626519
ST 9-axis Orientation Sensor|50.777706|-85.13627|-18.757002|1395861626538
ST 9-axis Orientation Sensor|51.342884|-85.22043|-18.797148|1395861626560
ST 9-axis Orientation Sensor|51.64602|-85.53786|-18.945595|1395861626578
ST 9-axis Orientation Sensor|52.361877|-85.965|-19.16233|1395861626598
ST 9-axis Orientation Sensor|52.624977|-86.07419|-19.353071|1395861626618
ST 9-axis Orientation Sensor|52.950134|-85.961044|-19.545053|1395861626638
ST 9-axis Orientation Sensor|53.56266|-86.125336|-19.72267|1395861626658
ST 9-axis Orientation Sensor|54.073654|-86.179695|-19.868757|1395861626678
ST 9-axis Orientation Sensor|54.49122|-86.144264|-19.96454|1395861626697
ST 9-axis Orientation Sensor|54.720013|-85.890396|-20.011631|1395861626718
ST 9-axis Orientation Sensor|54.956757|-85.52089|-20.087444|1395861626738
ST 9-axis Orientation Sensor|55.25171|-85.1601|-20.184294|1395861626757
ST 9-axis Orientation Sensor|55.721535|-84.90314|-20.230194|1395861626780
ST 9-axis Orientation Sensor|56.211655|-84.84906|-20.238462|1395861626804
ST 9-axis Orientation Sensor|56.50155|-84.84145|-20.28283|1395861626820
ST 9-axis Orientation Sensor|56.758762|-84.87487|-20.341343|1395861626841
ST 9-axis Orientation Sensor|56.934673|-84.92842|-20.429092|1395861626861
ST 9-axis Orientation Sensor|57.108253|-84.970436|-20.499601|1395861626880
ST 9-axis Orientation Sensor|57.221718|-84.95303|-20.550505|1395861626902
ST 9-axis Orientation Sensor|57.29893|-84.993744|-20.547888|1395861626922
ST 9-axis Orientation Sensor|57.394497|-85.093094|-20.519464|1395861626942
ST 9-axis Orientation Sensor|57.59286|-85.16228|-20.420082|1395861626962
ST 9-axis Orientation Sensor|57.753963|-85.201065|-20.343277|1395861626984
ST 9-axis Orientation Sensor|57.82595|-85.17464|-20.39102|1395861627004
ST 9-axis Orientation Sensor|57.86657|-85.149475|-20.450975|1395861627022
ST 9-axis Orientation Sensor|57.889946|-85.12496|-20.555147|1395861627044
ST 9-axis Orientation Sensor|57.97577|-85.19444|-20.587662|1395861627065
ST 9-axis Orientation Sensor|58.103012|-85.37402|-20.540579|1395861627099
ST 9-axis Orientation Sensor|58.213783|-85.62045|-20.441639|1395861627117
ST 9-axis Orientation Sensor|58.292587|-85.77699|-20.348885|1395861627118
ST 9-axis Orientation Sensor|58.417927|-85.744316|-20.272142|1395861627155
ST 9-axis Orientation Sensor|58.556114|-85.59939|-20.168001|1395861627184
ST 9-axis Orientation Sensor|58.674866|-85.456894|-20.125492|1395861627204
ST 9-axis Orientation Sensor|58.718952|-85.375015|-20.088684|1395861627205
ST 9-axis Orientation Sensor|58.672745|-85.38178|-20.07354|1395861627225
ST 9-axis Orientation Sensor|58.59004|-85.4668|-20.099855|1395861627245
ST 9-axis Orientation Sensor|58.52198|-85.5269|-20.142813|1395861627265
ST 9-axis Orientation Sensor|58.48049|-85.51337|-20.19176|1395861627285
ST 9-axis Orientation Sensor|58.577732|-85.35538|-20.19181|1395861627321
ST 9-axis Orientation Sensor|58.664974|-85.17481|-20.141874|1395861627324
ST 9-axis Orientation Sensor|58.726242|-84.91641|-20.034655|1395861627365
ST 9-axis Orientation Sensor|58.819107|-84.73179|-19.863535|1395861627368
ST 9-axis Orientation Sensor|58.87766|-84.64037|-19.700874|1395861627407
ST 9-axis Orientation Sensor|58.81443|-84.65013|-19.625505|1395861627409
ST 9-axis Orientation Sensor|58.726936|-84.79125|-19.581564|1395861627435
ST 9-axis Orientation Sensor|58.69046|-84.957634|-19.651367|1395861627448
ST 9-axis Orientation Sensor|58.77602|-84.99055|-19.725967|1395861627474
ST 9-axis Orientation Sensor|59.027058|-84.949554|-19.753016|1395861627490
ST 9-axis Orientation Sensor|59.20281|-84.87646|-19.773361|1395861627513
ST 9-axis Orientation Sensor|59.28412|-84.81705|-19.81966|1395861627534
ST 9-axis Orientation Sensor|59.3762|-84.71773|-19.947435|1395861627551
ST 9-axis Orientation Sensor|59.47911|-84.48957|-20.126652|1395861627575
ST 9-axis Orientation Sensor|59.52093|-84.363205|-20.30809|1395861627591
ST 9-axis Orientation Sensor|59.5416|-84.3322|-20.357534|1395861627614
ST 9-axis Orientation Sensor|59.663727|-84.25788|-20.350632|1395861627633
ST 9-axis Orientation Sensor|59.892838|-84.22448|-20.394089|1395861627652
ST 9-axis Orientation Sensor|59.96915|-84.03078|-20.321815|1395861627672
ST 9-axis Orientation Sensor|59.936108|-83.7647|-20.026947|1395861627693
ST 9-axis Orientation Sensor|59.69367|-83.57964|-19.489649|1395861627711
ST 9-axis Orientation Sensor|59.48716|-83.51147|-18.980604|1395861627732
ST 9-axis Orientation Sensor|59.21291|-83.47292|-18.218527|1395861627753
ST 9-axis Orientation Sensor|58.963066|-83.56131|-17.229937|1395861627773
ST 9-axis Orientation Sensor|58.6206|-83.501816|-15.721005|1395861627791
ST 9-axis Orientation Sensor|58.1558|-83.34444|-13.956028|1395861627812
ST 9-axis Orientation Sensor|57.880222|-83.32032|-12.574413|1395861627829
ST 9-axis Orientation Sensor|57.679413|-83.412704|-10.629477|1395861627849
ST 9-axis Orientation Sensor|57.32905|-83.57172|-8.490295|1395861627869
ST 9-axis Orientation Sensor|56.72433|-83.788574|-7.2397466|1395861627888
ST 9-axis Orientation Sensor|56.19685|-84.05281|-6.947338|1395861627908
ST 9-axis Orientation Sensor|55.9727|-84.27543|-7.1322265|1395861627928
ST 9-axis Orientation Sensor|55.789604|-84.57388|-7.9097185|1395861627949
ST 9-axis Orientation Sensor|55.91054|-84.803764|-9.126593|1395861627969
ST 9-axis Orientation Sensor|56.761497|-84.905945|-9.6119175|1395861628008
ST 9-axis Orientation Sensor|57.139553|-84.77784|-9.898908|1395861628028
ST 9-axis Orientation Sensor|56.893436|-84.71112|-10.1174555|1395861628028
ST 9-axis Orientation Sensor|56.620235|-84.77463|-10.322303|1395861628048
ST 9-axis Orientation Sensor|56.2983|-84.82851|-10.402444|1395861628069
ST 9-axis Orientation Sensor|55.746376|-84.45306|-10.28704|1395861628108
ST 9-axis Orientation Sensor|55.297672|-84.11755|-9.473802|1395861628128
ST 9-axis Orientation Sensor|55.24127|-83.88986|-8.528996|1395861628129
ST 9-axis Orientation Sensor|55.222176|-83.73172|-7.081252|1395861628148
ST 9-axis Orientation Sensor|55.331997|-83.76532|-5.3649087|1395861628170
ST 9-axis Orientation Sensor|55.47426|-84.00661|-3.3791747|1395861628207
ST 9-axis Orientation Sensor|55.550583|-84.330025|-1.141564|1395861628227
ST 9-axis Orientation Sensor|55.53407|-84.585045|0.74487704|1395861628228
ST 9-axis Orientation Sensor|55.17155|-85.04199|3.3744862|1395861628250
ST 9-axis Orientation Sensor|54.53653|-85.37057|6.156849|1395861628272
ST 9-axis Orientation Sensor|53.73119|-85.34823|9.209999|1395861628309
ST 9-axis Orientation Sensor|52.686607|-85.02161|12.299913|1395861628330
ST 9-axis Orientation Sensor|51.542717|-84.533226|14.538054|1395861628330
ST 9-axis Orientation Sensor|49.259884|-83.642044|17.388975|1395861628368
ST 9-axis Orientation Sensor|47.142025|-83.221924|19.966148|1395861628390
ST 9-axis Orientation Sensor|45.045326|-83.28798|22.443462|1395861628409
ST 9-axis Orientation Sensor|41.63086|-82.941|24.4015|1395861628432
ST 9-axis Orientation Sensor|38.474567|-82.14536|25.497763|1395861628433
ST 9-axis Orientation Sensor|35.536873|-81.93385|26.530542|1395861628453
ST 9-axis Orientation Sensor|34.76235|-83.10697|26.841457|1395861628492
ST 9-axis Orientation Sensor|34.608913|-84.34345|26.595568|1395861628510
ST 9-axis Orientation Sensor|34.208893|-84.69042|25.942698|1395861628531
ST 9-axis Orientation Sensor|33.26328|-84.51178|25.144798|1395861628532
ST 9-axis Orientation Sensor|32.21818|-84.39896|23.855219|1395861628573
ST 9-axis Orientation Sensor|32.0591|-84.58483|22.839241|1395861628591
ST 9-axis Orientation Sensor|31.855253|-84.932625|21.734615|1395861628611
ST 9-axis Orientation Sensor|30.310177|-85.325264|20.236967|1395861628631
ST 9-axis Orientation Sensor|28.049696|-85.5953|18.868044|1395861628651
ST 9-axis Orientation Sensor|23.9294|-86.19468|17.35987|1395861628671
ST 9-axis Orientation Sensor|19.50403|-87.00552|16.216642|1395861628692
ST 9-axis Orientation Sensor|14.995109|-87.47704|15.28226|1395861628712
ST 9-axis Orientation Sensor|10.7214365|-87.23442|14.174954|1395861628730
ST 9-axis Orientation Sensor|7.998498|-86.680565|13.164463|1395861628748
ST 9-axis Orientation Sensor|5.2021008|-85.634895|11.7225895|1395861628772
ST 9-axis Orientation Sensor|2.3932078|-84.1321|10.347033|1395861628788
ST 9-axis Orientation Sensor|358.8253|-82.22572|9.131247|1395861628809
ST 9-axis Orientation Sensor|354.89954|-80.05292|7.8924913|1395861628831
ST 9-axis Orientation Sensor|352.27365|-78.29594|6.8984323|1395861628849
ST 9-axis Orientation Sensor|349.16174|-75.756836|5.695111|1395861628870
ST 9-axis Orientation Sensor|346.13556|-72.983574|4.6386714|1395861628888
ST 9-axis Orientation Sensor|342.73334|-70.110245|3.4588058|1395861628911
ST 9-axis Orientation Sensor|338.9618|-67.099075|1.8104534|1395861628931
ST 9-axis Orientation Sensor|341.68604|-66.20538|2.0055935|1395861628951
ST 9-axis Orientation Sensor|339.26312|-63.979588|0.39871892|1395861628970
ST 9-axis Orientation Sensor|334.81363|-62.067436|-1.6995397|1395861628989
ST 9-axis Orientation Sensor|330.39944|-61.064125|-3.7951577|1395861629009
ST 9-axis Orientation Sensor|325.7979|-60.526188|-5.7953606|1395861629028
ST 9-axis Orientation Sensor|322.37347|-60.210842|-6.208132|1395861629050
ST 9-axis Orientation Sensor|318.61447|-60.366|-5.5534406|1395861629071
ST 9-axis Orientation Sensor|314.99213|-60.774876|-5.08552|1395861629094
ST 9-axis Orientation Sensor|311.79706|-59.62741|-5.114828|1395861629116
ST 9-axis Orientation Sensor|310.30048|-58.396008|-5.767211|1395861629129
ST 9-axis Orientation Sensor|309.94684|-57.63482|-6.1332273|1395861629150
ST 9-axis Orientation Sensor|308.5836|-56.891872|-6.7175126|1395861629171
ST 9-axis Orientation Sensor|306.0578|-56.905037|-7.2990327|1395861629190
ST 9-axis Orientation Sensor|302.5055|-58.02962|-7.6968513|1395861629210
ST 9-axis Orientation Sensor|299.35428|-60.062134|-7.973554|1395861629230
ST 9-axis Orientation Sensor|297.61353|-61.89988|-8.3272705|1395861629250
ST 9-axis Orientation Sensor|295.6439|-64.34391|-9.197322|1395861629271
ST 9-axis Orientation Sensor|293.7804|-65.9952|-10.301116|1395861629292
ST 9-axis Orientation Sensor|292.22385|-66.136925|-11.095562|1395861629311
ST 9-axis Orientation Sensor|291.33438|-64.7842|-11.902446|1395861629331
ST 9-axis Orientation Sensor|291.0763|-63.244038|-12.536107|1395861629350
ST 9-axis Orientation Sensor|290.71262|-61.104736|-13.575028|1395861629374
ST 9-axis Orientation Sensor|289.66095|-58.866943|-14.294119|1395861629391
ST 9-axis Orientation Sensor|288.29358|-56.315285|-14.350865|1395861629410
ST 9-axis Orientation Sensor|287.4336|-53.542316|-14.069842|1395861629433
ST 9-axis Orientation Sensor|287.13635|-51.7286|-13.496643|1395861629452
ST 9-axis Orientation Sensor|286.6821|-49.900364|-12.326687|1395861629471
ST 9-axis Orientation Sensor|285.21286|-48.85126|-11.260152|1395861629492
ST 9-axis Orientation Sensor|282.15756|-48.388657|-10.631964|1395861629510
ST 9-axis Orientation Sensor|278.3556|-48.17437|-10.518192|1395861629537
ST 9-axis Orientation Sensor|273.97455|-48.54342|-10.614191|1395861629549
ST 9-axis Orientation Sensor|270.97754|-48.26634|-9.779832|1395861629570
ST 9-axis Orientation Sensor|268.67023|-47.22919|-8.59705|1395861629589
ST 9-axis Orientation Sensor|266.40802|-45.672688|-7.6986604|1395861629612
ST 9-axis Orientation Sensor|264.25922|-44.52178|-7.537621|1395861629631
ST 9-axis Orientation Sensor|262.65872|-44.22885|-7.8437963|1395861629652
ST 9-axis Orientation Sensor|260.48303|-44.477737|-8.280541|1395861629671
ST 9-axis Orientation Sensor|258.19885|-45.051617|-8.320901|1395861629689
ST 9-axis Orientation Sensor|253.86044|-46.158928|-8.120419|1395861629714
ST 9-axis Orientation Sensor|247.78316|-47.51688|-7.563832|1395861629732
ST 9-axis Orientation Sensor|246.4072|-47.75331|-7.5318527|1395861629750
ST 9-axis Orientation Sensor|245.26956|-47.62414|-7.480359|1395861629774
ST 9-axis Orientation Sensor|244.63297|-47.01023|-7.206624|1395861629790
ST 9-axis Orientation Sensor|244.37625|-45.952938|-6.5606184|1395861629809
ST 9-axis Orientation Sensor|244.38684|-44.402336|-5.6182065|1395861629830
ST 9-axis Orientation Sensor|244.24226|-43.095287|-4.9337606|1395861629850
ST 9-axis Orientation Sensor|243.6033|-41.881653|-4.4240437|1395861629870
ST 9-axis Orientation Sensor|242.52278|-41.39192|-4.45164|1395861629890
ST 9-axis Orientation Sensor|241.4083|-41.121483|-4.793019|1395861629910
ST 9-axis Orientation Sensor|237.63062|-41.119446|-4.6872554|1395861629948
ST 9-axis Orientation Sensor|237.1998|-40.67008|-4.808184|1395861629949
ST 9-axis Orientation Sensor|236.87729|-40.13127|-5.0860977|1395861629970
ST 9-axis Orientation Sensor|236.72876|-39.79568|-5.358818|1395861629988
ST 9-axis Orientation Sensor|236.88525|-39.442295|-5.1948566|1395861630009
ST 9-axis Orientation Sensor|237.18039|-38.913673|-4.559948|1395861630049
ST 9-axis Orientation Sensor|233.9513|-39.053947|-3.9025621|1395861630049
ST 9-axis Orientation Sensor|233.9679|-38.740047|-3.7237985|1395861630069
ST 9-axis Orientation Sensor|234.00691|-38.73041|-3.970643|1395861630089
ST 9-axis Orientation Sensor|231.51788|-39.142372|-4.036936|1395861630128
ST 9-axis Orientation Sensor|228.97336|-39.533466|-3.9802294|1395861630148
ST 9-axis Orientation Sensor|227.56653|-39.77336|-4.008652|1395861630148
ST 9-axis Orientation Sensor|226.1506|-39.909588|-3.9665608|1395861630169
ST 9-axis Orientation Sensor|225.04199|-39.795094|-3.7954657|1395861630208
ST 9-axis Orientation Sensor|224.02672|-39.6|-3.6830192|1395861630228
ST 9-axis Orientation Sensor|223.08858|-39.52736|-3.739052|1395861630247
ST 9-axis Orientation Sensor|222.51227|-39.49671|-3.707694|1395861630247
ST 9-axis Orientation Sensor|221.9327|-39.410458|-3.5062459|1395861630287
ST 9-axis Orientation Sensor|221.66353|-39.824226|-3.7863848|1395861630313
ST 9-axis Orientation Sensor|220.8947|-40.634876|-4.5861664|1395861630328
ST 9-axis Orientation Sensor|220.50278|-40.948635|-4.787338|1395861630348
ST 9-axis Orientation Sensor|220.78763|-40.80298|-4.56289|1395861630368
ST 9-axis Orientation Sensor|221.33797|-40.344643|-4.002936|1395861630394
ST 9-axis Orientation Sensor|221.21231|-39.751305|-3.4866734|1395861630397
ST 9-axis Orientation Sensor|221.37685|-39.472473|-3.2502835|1395861630423
ST 9-axis Orientation Sensor|221.33142|-39.477512|-3.1090884|1395861630441
ST 9-axis Orientation Sensor|221.05446|-39.835213|-3.3300884|1395861630457
ST 9-axis Orientation Sensor|220.27954|-40.43929|-3.8311796|1395861630477
ST 9-axis Orientation Sensor|220.12488|-40.34903|-3.61811|1395861630498
ST 9-axis Orientation Sensor|220.371|-39.816414|-2.9590561|1395861630517
ST 9-axis Orientation Sensor|220.3527|-39.230404|-2.4126542|1395861630541
ST 9-axis Orientation Sensor|220.49426|-39.032757|-2.2477267|1395861630557
ST 9-axis Orientation Sensor|220.5324|-39.020218|-2.2524295|1395861630577
ST 9-axis Orientation Sensor|220.2912|-39.14008|-2.4537442|1395861630597
ST 9-axis Orientation Sensor|219.85965|-39.11429|-2.5760977|1395861630617
ST 9-axis Orientation Sensor|219.53526|-39.002342|-2.5147507|1395861630637
ST 9-axis Orientation Sensor|219.34732|-38.879658|-2.3874784|1395861630658
ST 9-axis Orientation Sensor|219.13496|-38.732098|-2.2039454|1395861630677
ST 9-axis Orientation Sensor|218.9835|-38.604195|-2.0755627|1395861630697
ST 9-axis Orientation Sensor|218.85687|-38.47794|-2.0041292|1395861630717
ST 9-axis Orientation Sensor|218.74043|-38.365337|-1.9059657|1395861630737
ST 9-axis Orientation Sensor|218.6405|-38.31202|-1.836839|1395861630757
ST 9-axis Orientation Sensor|218.49435|-38.263412|-1.8054273|1395861630778
ST 9-axis Orientation Sensor|218.36003|-38.246174|-1.7974346|1395861630798
ST 9-axis Orientation Sensor|218.23062|-38.27806|-1.7806488|1395861630818
ST 9-axis Orientation Sensor|218.07175|-38.30469|-1.7441097|1395861630856
ST 9-axis Orientation Sensor|217.96101|-38.27955|-1.6904029|1395861630857
ST 9-axis Orientation Sensor|217.85284|-38.199135|-1.5750222|1395861630877
ST 9-axis Orientation Sensor|217.73409|-38.153244|-1.510094|1395861630897
ST 9-axis Orientation Sensor|217.62997|-38.173477|-1.4610317|1395861630936
ST 9-axis Orientation Sensor|217.56805|-38.20118|-1.3875827|1395861630956
ST 9-axis Orientation Sensor|217.5256|-38.213497|-1.3387305|1395861630958
ST 9-axis Orientation Sensor|217.4739|-38.185444|-1.2857629|1395861630977
ST 9-axis Orientation Sensor|217.4161|-38.1201|-1.2402765|1395861630997
ST 9-axis Orientation Sensor|217.34372|-38.086224|-1.2835896|1395861631037
ST 9-axis Orientation Sensor|217.25699|-38.105373|-1.378355|1395861631057
ST 9-axis Orientation Sensor|217.20288|-38.137955|-1.4308736|1395861631057
ST 9-axis Orientation Sensor|217.13556|-38.162067|-1.4673474|1395861631077
ST 9-axis Orientation Sensor|217.05081|-38.123627|-1.486105|1395861631116
ST 9-axis Orientation Sensor|216.9873|-38.08486|-1.4906119|1395861631136
ST 9-axis Orientation Sensor|216.94052|-38.07585|-1.5049841|1395861631156
ST 9-axis Orientation Sensor|216.92595|-38.083374|-1.512593|1395861631157
ST 9-axis Orientation Sensor|216.88945|-38.10732|-1.5264589|1395861631196
ST 9-axis Orientation Sensor|216.83951|-38.124264|-1.5226172|1395861631216
ST 9-axis Orientation Sensor|216.76472|-38.136997|-1.5281961|1395861631236
ST 9-axis Orientation Sensor|216.7038|-38.17538|-1.5339799|1395861631256
ST 9-axis Orientation Sensor|216.67307|-38.221973|-1.5538108|1395861631276
ST 9-axis Orientation Sensor|216.61038|-38.28761|-1.6082264|1395861631297
ST 9-axis Orientation Sensor|216.51083|-38.316563|-1.6113738|1395861631316
ST 9-axis Orientation Sensor|216.39189|-38.296486|-1.5912092|1395861631337
ST 9-axis Orientation Sensor|216.3058|-38.22284|-1.5799171|1395861631357
ST 9-axis Orientation Sensor|216.2748|-38.154682|-1.5473831|1395861631377
ST 9-axis Orientation Sensor|216.2294|-38.122654|-1.5667632|1395861631397
ST 9-axis Orientation Sensor|215.86041|-38.45417|-2.1405003|1395861631417
ST 9-axis Orientation Sensor|215.72282|-38.493046|-2.2014992|1395861631437
ST 9-axis Orientation Sensor|215.86905|-38.246613|-1.9745195|1395861631457
ST 9-axis Orientation Sensor|215.87508|-38.068798|-1.9173042|1395861631477
ST 9-axis Orientation Sensor|215.80518|-37.958378|-1.9828436|1395861631497
ST 9-axis Orientation Sensor|215.59082|-38.005104|-2.1622612|1395861631517
ST 9-axis Orientation Sensor|215.35924|-38.09458|-2.3224554|1395861631537
ST 9-axis Orientation Sensor|215.22424|-38.097454|-2.3176687|1395861631556
ST 9-axis Orientation Sensor|215.16682|-38.04236|-2.2490518|1395861631576
ST 9-axis Orientation Sensor|215.08513|-37.95606|-2.1771584|1395861631596
ST 9-axis Orientation Sensor|214.97963|-37.931538|-2.1384754|1395861631617
ST 9-axis Orientation Sensor|214.84332|-37.97431|-2.1359644|1395861631637
ST 9-axis Orientation Sensor|214.718|-37.99984|-2.161794|1395861631657
ST 9-axis Orientation Sensor|214.65834|-37.997845|-2.1657617|1395861631676
ST 9-axis Orientation Sensor|214.5958|-37.996964|-2.161372|1395861631697
ST 9-axis Orientation Sensor|214.54088|-38.017826|-2.1683514|1395861631717
ST 9-axis Orientation Sensor|214.50755|-38.038403|-2.1818037|1395861631737
ST 9-axis Orientation Sensor|214.48596|-38.073654|-2.215873|1395861631757
ST 9-axis Orientation Sensor|214.43758|-38.117424|-2.303213|1395861631777
ST 9-axis Orientation Sensor|214.27644|-38.21407|-2.5193937|1395861631797
ST 9-axis Orientation Sensor|214.02916|-38.359924|-2.7825875|1395861631816
ST 9-axis Orientation Sensor|213.76462|-38.54872|-3.049538|1395861631836
ST 9-axis Orientation Sensor|213.5148|-38.715134|-3.3008232|1395861631857
ST 9-axis Orientation Sensor|213.36295|-38.804844|-3.4590423|1395861631877
ST 9-axis Orientation Sensor|213.19507|-38.88462|-3.6376424|1395861631897
ST 9-axis Orientation Sensor|213.04291|-38.91597|-3.7952487|1395861631916
ST 9-axis Orientation Sensor|212.8809|-38.904392|-3.9281943|1395861631937
ST 9-axis Orientation Sensor|212.72629|-38.860607|-4.0381246|1395861631957
ST 9-axis Orientation Sensor|212.622|-38.858192|-4.1393795|1395861631977
ST 9-axis Orientation Sensor|212.46872|-38.940914|-4.356651|1395861631996
ST 9-axis Orientation Sensor|212.30608|-39.071976|-4.633445|1395861632016
ST 9-axis Orientation Sensor|212.11151|-39.176388|-4.9371853|1395861632037
ST 9-axis Orientation Sensor|211.94025|-39.26613|-5.2150645|1395861632057
ST 9-axis Orientation Sensor|211.84766|-39.335693|-5.377524|1395861632077
ST 9-axis Orientation Sensor|211.73325|-39.436676|-5.5783|1395861632097
ST 9-axis Orientation Sensor|211.62923|-39.529213|-5.775107|1395861632117
ST 9-axis Orientation Sensor|211.49777|-39.595337|-5.9348483|1395861632137
ST 9-axis Orientation Sensor|211.32082|-39.62938|-6.0956116|1395861632158
ST 9-axis Orientation Sensor|211.16035|-39.649166|-6.2168074|1395861632176
ST 9-axis Orientation Sensor|210.91179|-39.70989|-6.381192|1395861632197
ST 9-axis Orientation Sensor|210.65413|-39.82956|-6.5794744|1395861632217
ST 9-axis Orientation Sensor|210.43619|-39.958477|-6.779182|1395861632237
ST 9-axis Orientation Sensor|210.27946|-39.994858|-6.897519|1395861632257
ST 9-axis Orientation Sensor|210.20378|-39.965572|-6.931774|1395861632277
ST 9-axis Orientation Sensor|210.14279|-39.92205|-6.9547424|1395861632297
ST 9-axis Orientation Sensor|210.09938|-39.902218|-7.0190206|1395861632317
ST 9-axis Orientation Sensor|210.05746|-39.862354|-7.103471|1395861632338
ST 9-axis Orientation Sensor|210.00249|-39.84803|-7.1871014|1395861632358
ST 9-axis Orientation Sensor|209.93533|-39.877705|-7.261256|1395861632377
ST 9-axis Orientation Sensor|209.82231|-39.935116|-7.367088|1395861632397
ST 9-axis Orientation Sensor|209.73271|-39.972034|-7.4301467|1395861632417
ST 9-axis Orientation Sensor|209.65625|-39.96882|-7.433077|1395861632437
ST 9-axis Orientation Sensor|209.54417|-39.96069|-7.4230995|1395861632457
ST 9-axis Orientation Sensor|209.64099|-39.972343|-7.2618546|1395861632477
ST 9-axis Orientation Sensor|209.4769|-39.703552|-7.2280183|1395861632498
ST 9-axis Orientation Sensor|209.25714|-39.622086|-7.3039126|1395861632518
ST 9-axis Orientation Sensor|209.05815|-39.684296|-7.34411|1395861632538
ST 9-axis Orientation Sensor|207.92587|-38.053196|-5.01986|1395861632918
