ST Gravity|-0.5298228|6.8481703|6.9994464|1395861613170
ST Gravity|-0.5303532|6.8482795|6.999298|1395861613176
ST Gravity|-0.47799644|6.843431|7.0078077|1395861613181
ST Gravity|-0.4499079|6.8407893|7.012244|1395861613182
ST Gravity|-0.4145715|6.839126|7.0160437|1395861613200
ST Gravity|-0.3819507|6.838419|7.0185857|1395861613200
ST Gravity|-0.35333714|6.8161597|7.0416985|1395861613238
ST Gravity|-0.35294527|6.792252|7.0647807|1395861613257
ST Gravity|-0.3719934|6.779134|7.076395|1395861613260
ST Gravity|-0.4022506|6.7709064|7.0826144|1395861613279
ST Gravity|-0.42078876|6.7697077|7.082682|1395861613319
ST Gravity|-0.49204227|6.756129|7.091052|1395861613340
ST Gravity|-0.5565119|6.757166|7.0852933|1395861613359
ST Gravity|-0.6234087|6.762692|7.074444|1395861613360
ST Gravity|-0.7468874|6.780201|7.045668|1395861613400
ST Gravity|-0.8239811|6.767777|7.049016|1395861613419
ST Gravity|-0.8624627|6.715715|7.094062|1395861613440
ST Gravity|-0.94111985|6.6587396|7.137637|1395861613459
ST Gravity|-0.98505|6.6555295|7.1347046|1395861613460
ST Gravity|-1.08499|6.7109075|7.068021|1395861613499
ST Gravity|-1.2448908|6.7807465|6.97439|1395861613521
ST Gravity|-1.4457743|6.868965|6.848172|1395861613540
ST Gravity|-1.7170652|7.0126266|6.6366515|1395861613561
ST Gravity|-1.9777015|7.154522|6.408737|1395861613561
ST Gravity|-2.4413702|7.3661036|5.9958844|1395861613598
ST Gravity|-3.033276|7.534943|5.494932|1395861613618
ST Gravity|-3.703334|7.60366|4.9638767|1395861613638
ST Gravity|-4.4318542|7.526069|4.459523|1395861613657
ST Gravity|-5.013773|7.322783|4.172446|1395861613678
ST Gravity|-5.8164825|6.8096247|3.9959874|1395861613698
ST Gravity|-6.500986|6.3402543|3.7025335|1395861613718
ST Gravity|-7.1582026|5.7006216|3.5261083|1395861613738
ST Gravity|-7.699027|5.083291|3.3249836|1395861613758
ST Gravity|-8.05198|4.5596304|3.2474294|1395861613780
ST Gravity|-8.439309|3.773308|3.272706|1395861613798
ST Gravity|-8.623264|3.0910232|3.5007544|1395861613817
ST Gravity|-8.716371|2.6619163|3.6207006|1395861613838
ST Gravity|-8.758586|2.3540409|3.73042|1395861613858
ST Gravity|-8.788241|2.1506112|3.7831323|1395861613878
ST Gravity|-8.828013|1.9047482|3.8221085|1395861613897
ST Gravity|-8.91664|1.6727663|3.7236753|1395861613918
ST Gravity|-9.03852|1.3681229|3.5501854|1395861613939
ST Gravity|-9.107528|1.051779|3.4809637|1395861613958
ST Gravity|-9.121624|0.82262075|3.5056639|1395861613977
ST Gravity|-9.137797|0.108360134|3.5579915|1395861613998
ST Gravity|-9.103642|-0.386625|3.6255467|1395861614018
ST Gravity|-8.990541|-0.5449404|3.878608|1395861614038
ST Gravity|-8.837242|-0.6017454|4.2084966|1395861614057
ST Gravity|-8.672443|-0.64601564|4.532304|1395861614077
ST Gravity|-8.449247|-0.6679709|4.9329953|1395861614097
ST Gravity|-8.316917|-0.5716092|5.164547|1395861614117
ST Gravity|-7.700149|-1.1285481|5.966948|1395861614258
ST Gravity|-7.6150045|-1.1829239|6.0648804|1395861614277
ST Gravity|-7.4779844|-1.1903567|6.2316284|1395861614297
ST Gravity|-7.381872|-1.12885|6.3564177|1395861614318
ST Gravity|-7.3496437|-1.0019436|6.4147673|1395861614338
ST Gravity|-7.3811545|-0.73667806|6.414535|1395861614357
ST Gravity|-7.4493833|-0.3444038|6.368553|1395861614377
ST Gravity|-7.3277407|0.33109805|6.508838|1395861614397
ST Gravity|-7.347006|0.85885483|6.4384975|1395861614417
ST Gravity|-7.4736056|1.2114754|6.232812|1395861614437
ST Gravity|-7.5675745|1.6135018|6.024851|1395861614458
ST Gravity|-7.5880156|2.0121458|5.877387|1395861614478
ST Gravity|-7.559283|2.6885476|5.6390915|1395861614498
ST Gravity|-7.492834|3.497259|5.2722864|1395861614518
ST Gravity|-7.36376|4.2933807|4.8489513|1395861614538
ST Gravity|-7.1953635|5.006775|4.396516|1395861614557
ST Gravity|-7.0203276|5.5018387|4.0761714|1395861614578
ST Gravity|-6.653299|6.1524725|3.7484808|1395861614597
ST Gravity|-6.123864|6.778663|3.5662882|1395861614618
ST Gravity|-5.521753|7.283966|3.553094|1395861614638
ST Gravity|-4.9461985|7.6213646|3.6905727|1395861614657
ST Gravity|-4.540744|7.783097|3.8698142|1395861614677
ST Gravity|-3.9744873|7.958989|4.12654|1395861614698
ST Gravity|-3.3127878|8.162307|4.30959|1395861614717
ST Gravity|-2.5671678|8.374562|4.4098473|1395861614738
ST Gravity|-1.729768|8.502636|4.569846|1395861614758
ST Gravity|-1.102275|8.451742|4.850095|1395861614777
ST Gravity|-0.32485273|8.215568|5.345028|1395861614797
ST Gravity|0.40514413|7.875825|5.8290334|1395861614817
ST Gravity|1.0557048|7.44087|6.2999477|1395861614838
ST Gravity|1.6476836|6.9852138|6.6829877|1395861614858
ST Gravity|2.0733178|6.6883183|6.865723|1395861614877
ST Gravity|2.64106|6.493258|6.8580456|1395861614897
ST Gravity|3.1062095|6.4778366|6.675289|1395861614917
ST Gravity|3.3782012|6.366042|6.650689|1395861614937
ST Gravity|3.6858723|6.39627|6.455422|1395861614957
ST Gravity|3.8502638|6.4237237|6.3310075|1395861614978
ST Gravity|3.9751546|6.467165|6.208409|1395861614998
ST Gravity|4.072805|6.539368|6.067892|1395861615019
ST Gravity|4.117378|6.6385083|5.928558|1395861615040
ST Gravity|4.0897865|6.8061194|5.7550664|1395861615077
ST Gravity|4.0253234|6.940919|5.6383343|1395861615079
ST Gravity|3.9657128|7.0569|5.535673|1395861615098
ST Gravity|3.928831|7.129513|5.4685225|1395861615117
ST Gravity|3.896717|7.2082515|5.3876805|1395861615157
ST Gravity|2.452819|8.731165|3.731065|1395861615298
ST Gravity|1.946846|8.952097|3.4985914|1395861615337
ST Gravity|1.5952059|9.099849|3.2891433|1395861615357
ST Gravity|1.4349803|9.220555|3.0153883|1395861615377
ST Gravity|1.3079424|9.31402|2.776457|1395861615378
ST Gravity|0.9753503|9.459668|2.394526|1395861615417
ST Gravity|0.50743204|9.59121|1.9803034|1395861615437
ST Gravity|0.06834632|9.667793|1.6430181|1395861615457
ST Gravity|-0.3488824|9.709559|1.3315833|1395861615476
ST Gravity|-0.6193166|9.725012|1.1004381|1395861615497
ST Gravity|-0.8695385|9.728858|0.87385595|1395861615516
ST Gravity|-1.0715387|9.717984|0.76354307|1395861615537
ST Gravity|-1.1978514|9.706042|0.72684044|1395861615558
ST Gravity|-1.2132105|9.70273|0.74533737|1395861615577
ST Gravity|-1.1575872|9.708204|0.762345|1395861615597
ST Gravity|-1.099024|9.720513|0.68857855|1395861615617
ST Gravity|-1.0759342|9.729728|0.5874935|1395861615637
ST Gravity|-1.0742358|9.735338|0.4894856|1395861615657
ST Gravity|-1.0324373|9.748619|0.26245517|1395861615676
ST Gravity|-1.1043669|9.743265|0.13982278|1395861615697
ST Gravity|-1.2202371|9.730177|-0.07131872|1395861615716
ST Gravity|-1.249913|9.723205|-0.25959703|1395861615737
ST Gravity|-1.1707919|9.727364|-0.42196488|1395861615757
ST Gravity|-1.1604859|9.701458|-0.839879|1395861615777
ST Gravity|-1.2045301|9.686302|-0.94606936|1395861615797
ST Gravity|-1.2391104|9.681348|-0.95210725|1395861615817
ST Gravity|-1.3001034|9.689297|-0.7730852|1395861615837
ST Gravity|-1.407066|9.698428|-0.362032|1395861615856
ST Gravity|-1.5606633|9.680593|0.14441659|1395861615877
ST Gravity|-1.6434507|9.657173|0.45660388|1395861615897
ST Gravity|-1.7306054|9.625199|0.7286504|1395861615917
ST Gravity|-1.8168683|9.601926|0.82000786|1395861615937
ST Gravity|-1.8930165|9.589982|0.7868382|1395861615957
ST Gravity|-1.9179726|9.593557|0.6748716|1395861615977
ST Gravity|-1.9088565|9.603826|0.54148304|1395861615996
ST Gravity|-1.8904369|9.618589|0.2817405|1395861616017
ST Gravity|-1.8765073|9.625267|-0.057843924|1395861616038
ST Gravity|-1.881135|9.617434|-0.3697314|1395861616057
ST Gravity|-1.8072762|9.631925|-0.36080268|1395861616077
ST Gravity|-1.7200009|9.652455|-0.20519915|1395861616097
ST Gravity|-1.6715537|9.662656|0.09690116|1395861616117
ST Gravity|-1.7162341|9.646248|0.4181471|1395861616197
ST Gravity|-1.7769717|9.619935|0.6852816|1395861616197
ST Gravity|-1.7677342|9.615665|0.76450336|1395861616198
ST Gravity|-1.7347289|9.622405|0.7552797|1395861616198
ST Gravity|-1.7634045|9.620693|0.7092647|1395861616217
ST Gravity|-1.7271297|9.6207695|0.7925814|1395861616237
ST Gravity|-1.7089943|9.612411|0.9226515|1395861616257
ST Gravity|-1.7693263|9.621325|0.6855708|1395861616279
ST Gravity|-1.7812275|9.617828|0.7035447|1395861616297
ST Gravity|-1.796029|9.607353|0.80215234|1395861616317
ST Gravity|-1.8382227|9.593651|0.8678741|1395861616337
ST Gravity|-1.893612|9.575906|0.94162023|1395861616357
ST Gravity|-1.9532201|9.547561|1.0951806|1395861616381
ST Gravity|-2.0040574|9.515119|1.271484|1395861616397
ST Gravity|-2.092834|9.46121|1.5086241|1395861616418
ST Gravity|-2.2268004|9.358962|1.9030449|1395861616448
ST Gravity|-2.3256042|9.254364|2.262452|1395861616467
ST Gravity|-2.3645954|9.17125|2.543076|1395861616487
ST Gravity|-2.32224|9.138427|2.6956851|1395861616506
ST Gravity|-2.2841747|9.092462|2.8775141|1395861616526
ST Gravity|-2.2803946|9.044973|3.0263247|1395861616547
ST Gravity|-2.285673|9.017518|3.103297|1395861616567
ST Gravity|-2.2867303|8.994715|3.1680233|1395861616587
ST Gravity|-2.2809334|8.972964|3.23321|1395861616606
ST Gravity|-2.2660995|8.945472|3.3186908|1395861616626
ST Gravity|-2.2438266|8.932315|3.368882|1395861616646
ST Gravity|-2.2198288|8.929701|3.3916328|1395861616667
ST Gravity|-2.1971383|8.93867|3.3827715|1395861616687
ST Gravity|-2.176216|8.959153|3.3418646|1395861616707
ST Gravity|-2.1491084|8.998301|3.2530472|1395861616726
ST Gravity|-2.1230443|9.047991|3.1300073|1395861616747
ST Gravity|-2.0908363|9.108988|2.9707158|1395861616767
ST Gravity|-2.0484238|9.1789875|2.7785845|1395861616787
ST Gravity|-2.009069|9.23654|2.611584|1395861616807
ST Gravity|-1.9481083|9.316464|2.361939|1395861616826
ST Gravity|-1.852347|9.410127|2.0466287|1395861616846
ST Gravity|-1.7154949|9.509293|1.673563|1395861616868
ST Gravity|-1.6080221|9.582526|1.326586|1395861616887
ST Gravity|-1.5566437|9.620831|1.0894417|1395861616907
ST Gravity|-1.4835494|9.662761|0.7749334|1395861616927
ST Gravity|-1.4082465|9.692764|0.48739934|1395861616948
ST Gravity|-1.3374373|9.711307|0.26866072|1395861616967
ST Gravity|-1.2799469|9.721587|0.15126447|1395861616987
ST Gravity|-1.2473674|9.726155|0.12782778|1395861617007
ST Gravity|-1.2213699|9.7289505|0.1617554|1395861617027
ST Gravity|-1.2114468|9.728368|0.24830885|1395861617047
ST Gravity|-1.2176754|9.723735|0.36965904|1395861617067
ST Gravity|-1.2441622|9.713609|0.5179579|1395861617087
ST Gravity|-1.2813363|9.701104|0.6458678|1395861617107
ST Gravity|-1.3499054|9.677298|0.835504|1395861617127
ST Gravity|-1.4447874|9.642174|1.0542562|1395861617148
ST Gravity|-1.5651383|9.589983|1.3239958|1395861617167
ST Gravity|-1.7259347|9.50698|1.6759712|1395861617187
ST Gravity|-1.8739369|9.415149|2.0034318|1395861617207
ST Gravity|-2.0920575|9.254833|2.4782553|1395861617227
ST Gravity|-2.2385304|9.103805|2.877519|1395861617247
ST Gravity|-2.2342703|9.038593|3.0793245|1395861617268
ST Gravity|-2.1949003|8.994568|3.2327316|1395861617290
ST Gravity|-2.1575654|8.967885|3.330521|1395861617310
ST Gravity|-2.134194|8.949272|3.3950188|1395861617328
ST Gravity|-2.1362402|8.941209|3.4149187|1395861617350
ST Gravity|-2.133387|8.922964|3.4640672|1395861617368
ST Gravity|-2.094176|8.931226|3.4667032|1395861617395
ST Gravity|-2.058064|8.966004|3.3978755|1395861617409
ST Gravity|-2.019753|9.02185|3.2706618|1395861617428
ST Gravity|-1.9989351|9.076756|3.1284394|1395861617449
ST Gravity|-1.9717236|9.133879|2.9757311|1395861617468
ST Gravity|-1.912108|9.20405|2.7927935|1395861617488
ST Gravity|-1.8528683|9.265422|2.6247354|1395861617508
ST Gravity|-1.7720232|9.352983|2.3562737|1395861617528
ST Gravity|-1.6945521|9.441071|2.0408485|1395861617549
ST Gravity|-1.5862501|9.529965|1.683441|1395861617567
ST Gravity|-1.5087297|9.597344|1.3360766|1395861617589
ST Gravity|-1.4554937|9.638026|1.0771972|1395861617607
ST Gravity|-1.3723907|9.681245|0.74863803|1395861617628
ST Gravity|-1.2784595|9.71202|0.4610979|1395861617648
ST Gravity|-1.1768916|9.732822|0.23979719|1395861617667
ST Gravity|-1.0778072|9.746824|0.090219714|1395861617687
ST Gravity|-1.0125217|9.754215|0.021760654|1395861617707
ST Gravity|-0.9434476|9.7611475|-0.016767522|1395861617728
ST Gravity|-0.9021654|9.765064|0.0044301646|1395861617748
ST Gravity|-0.8916721|9.765657|0.08503544|1395861617768
ST Gravity|-0.9122078|9.761878|0.20981406|1395861617789
ST Gravity|-0.9500989|9.755034|0.3271298|1395861617807
ST Gravity|-1.0285954|9.73891|0.5157996|1395861617827
ST Gravity|-1.1304832|9.71301|0.74152106|1395861617848
ST Gravity|-1.2527062|9.672551|1.0212046|1395861617868
ST Gravity|-1.4041485|9.605493|1.3904225|1395861617888
ST Gravity|-1.5274355|9.529544|1.7392888|1395861617908
ST Gravity|-1.704544|9.38946|2.2589774|1395861617928
ST Gravity|-1.8687881|9.24773|2.6753535|1395861617949
ST Gravity|-1.9134387|9.148314|2.9694245|1395861617968
ST Gravity|-1.94185|9.0222645|3.316376|1395861617987
ST Gravity|-1.8355204|8.958158|3.5429738|1395861618007
ST Gravity|-1.7581928|8.931199|3.6486745|1395861618028
ST Gravity|-1.7614998|8.906446|3.7071161|1395861618048
ST Gravity|-1.7925434|8.883269|3.747628|1395861618069
ST Gravity|-1.8144854|8.840422|3.8373115|1395861618108
ST Gravity|-1.8033801|8.840841|3.841579|1395861618109
ST Gravity|-1.7909467|8.883291|3.7483385|1395861618129
ST Gravity|-1.8213875|8.921201|3.642131|1395861618150
ST Gravity|-1.8938249|8.95875|3.5106442|1395861618189
ST Gravity|-1.9299473|9.016898|3.337852|1395861618208
ST Gravity|-1.920122|9.078342|3.1728895|1395861618209
ST Gravity|-1.8822292|9.181215|2.8866792|1395861618229
ST Gravity|-1.8411274|9.2928295|2.5345583|1395861618252
ST Gravity|-1.8030262|9.394603|2.1589181|1395861618290
ST Gravity|-1.773995|9.47749|1.7889936|1395861618309
ST Gravity|-1.7608392|9.525548|1.5276766|1395861618309
ST Gravity|-1.7507062|9.573339|1.206886|1395861618329
ST Gravity|-1.7451425|9.606211|0.9195632|1395861618369
ST Gravity|-1.739852|9.627625|0.6724053|1395861618389
ST Gravity|-1.7313629|9.641047|0.47224912|1395861618408
ST Gravity|-1.722427|9.64758|0.35753414|1395861618409
ST Gravity|-1.710522|9.6528425|0.25907135|1395861618448
ST Gravity|-1.7060806|9.654406|0.22830468|1395861618469
ST Gravity|-1.7102398|9.652751|0.26432386|1395861618489
ST Gravity|-1.7175095|9.648254|0.36294413|1395861618508
ST Gravity|-1.7238246|9.642812|0.46368968|1395861618528
ST Gravity|-1.7413611|9.631177|0.6152079|1395861618555
ST Gravity|-1.7682676|9.614128|0.7823899|1395861618568
ST Gravity|-1.8033541|9.588708|0.98741496|1395861618590
ST Gravity|-1.8570275|9.544696|1.2730306|1395861618608
ST Gravity|-1.9225326|9.486902|1.5725588|1395861618629
ST Gravity|-2.0369124|9.364293|2.0812013|1395861618649
ST Gravity|-2.1795542|9.197163|2.6138387|1395861618668
ST Gravity|-2.253481|9.040319|3.0602071|1395861618690
ST Gravity|-2.2032623|8.922891|3.42024|1395861618710
ST Gravity|-2.1465042|8.845837|3.6488492|1395861618729
ST Gravity|-2.0351074|8.791049|3.840075|1395861618751
ST Gravity|-2.0023756|8.755486|3.9373062|1395861618769
ST Gravity|-2.083764|8.675002|4.070953|1395861618790
ST Gravity|-2.1618428|8.5984125|4.190959|1395861618810
ST Gravity|-2.1582215|8.594868|4.2000866|1395861618830
ST Gravity|-2.1028981|8.640767|4.133445|1395861618850
ST Gravity|-2.0694628|8.698095|4.0287557|1395861618871
ST Gravity|-2.0832639|8.754781|3.8966913|1395861618891
ST Gravity|-2.1282942|8.802634|3.7622342|1395861618910
ST Gravity|-2.154725|8.83867|3.6613462|1395861618929
ST Gravity|-2.165387|8.908109|3.482397|1395861618952
ST Gravity|-2.1572144|9.008966|3.217975|1395861618969
ST Gravity|-2.1365912|9.126372|2.8835235|1395861618989
ST Gravity|-2.1159678|9.240623|2.5107694|1395861619009
ST Gravity|-2.0771923|9.347352|2.117231|1395861619029
ST Gravity|-2.046291|9.451118|1.6307842|1395861619054
ST Gravity|-2.0127583|9.516588|1.2465022|1395861619067
ST Gravity|-1.9631478|9.567805|0.87952024|1395861619088
ST Gravity|-1.9048347|9.604228|0.5484472|1395861619108
ST Gravity|-1.8503935|9.624413|0.34223062|1395861619128
ST Gravity|-1.7662507|9.645243|0.14154972|1395861619150
ST Gravity|-1.678419|9.661903|0.030580724|1395861619170
ST Gravity|-1.614221|9.672884|0.0013897008|1395861619189
ST Gravity|-1.588191|9.677112|0.039561465|1395861619211
ST Gravity|-1.5941113|9.675626|0.10706162|1395861619229
ST Gravity|-1.6301789|9.667315|0.23657165|1395861619249
ST Gravity|-1.6943022|9.65084|0.40128708|1395861619268
ST Gravity|-1.7893633|9.622961|0.6059486|1395861619290
ST Gravity|-1.909571|9.580913|0.85442173|1395861619309
ST Gravity|-2.017349|9.536659|1.073693|1395861619328
ST Gravity|-2.1830726|9.455339|1.4146216|1395861619352
ST Gravity|-2.3953447|9.327298|1.8531673|1395861619368
ST Gravity|-2.5775661|9.118953|2.524134|1395861619391
ST Gravity|-2.4924824|8.97139|3.0776765|1395861619411
ST Gravity|-2.3669572|8.94833|3.2396443|1395861619435
ST Gravity|-2.1199007|8.945784|3.4131205|1395861619449
ST Gravity|-2.01789|8.96318|3.4292767|1395861619470
ST Gravity|-2.0657065|8.951204|3.4320781|1395861619490
ST Gravity|-2.1213775|8.876818|3.5877924|1395861619509
ST Gravity|-2.1534138|8.818876|3.7095296|1395861619529
ST Gravity|-2.1301906|8.799216|3.769149|1395861619552
ST Gravity|-2.087156|8.829338|3.7224944|1395861619569
ST Gravity|-2.0800962|8.884974|3.591775|1395861619589
ST Gravity|-2.1244364|8.951607|3.3949826|1395861619612
ST Gravity|-2.1651528|9.001371|3.2338579|1395861619628
ST Gravity|-2.206988|9.070528|3.0041828|1395861619649
ST Gravity|-2.2316513|9.15057|2.7307882|1395861619669
ST Gravity|-2.2408068|9.232522|2.4309936|1395861619689
ST Gravity|-2.1768396|9.322052|2.128642|1395861619709
ST Gravity|-2.1123812|9.406947|1.7937579|1395861619728
ST Gravity|-2.0569596|9.477099|1.4573525|1395861619749
ST Gravity|-1.9990245|9.532631|1.1415955|1395861619769
ST Gravity|-1.9289825|9.579129|0.8304949|1395861619792
ST Gravity|-1.852945|9.614303|0.54968995|1395861619809
ST Gravity|-1.793725|9.633734|0.37964216|1395861619829
ST Gravity|-1.7218341|9.651675|0.22545134|1395861619849
ST Gravity|-1.6643916|9.662825|0.17326464|1395861619868
ST Gravity|-1.6268882|9.6682625|0.21979778|1395861619888
ST Gravity|-1.6207325|9.666369|0.3239369|1395861619908
ST Gravity|-1.6347914|9.660258|0.4210266|1395861619927
ST Gravity|-1.67696|9.64588|0.5614242|1395861619948
ST Gravity|-1.740665|9.624455|0.7143901|1395861619969
ST Gravity|-1.8266029|9.593767|0.89082426|1395861619989
ST Gravity|-1.9313498|9.552806|1.0881957|1395861620008
ST Gravity|-2.0237887|9.512853|1.2571037|1395861620028
ST Gravity|-2.171397|9.438842|1.5374323|1395861620049
ST Gravity|-2.3644924|9.3176985|1.9390868|1395861620067
ST Gravity|-2.5787003|9.120002|2.5191803|1395861620088
ST Gravity|-2.5763996|8.969382|3.0137582|1395861620127
ST Gravity|-2.5235126|8.950482|3.1130626|1395861620128
ST Gravity|-2.3810477|8.913177|3.3250976|1395861620149
ST Gravity|-2.285467|8.871137|3.4999948|1395861620167
ST Gravity|-2.3125403|8.858767|3.5135162|1395861620207
ST Gravity|-2.3471572|8.814463|3.600902|1395861620227
ST Gravity|-2.3499763|8.773123|3.698693|1395861620227
ST Gravity|-2.309919|8.772995|3.7241442|1395861620248
ST Gravity|-2.2492614|8.829618|3.6261594|1395861620290
ST Gravity|-2.2275047|8.8829565|3.5073774|1395861620292
ST Gravity|-2.2377124|8.916112|3.4155478|1395861620329
ST Gravity|-2.252427|8.923571|3.3862736|1395861620330
ST Gravity|-2.2653317|8.933898|3.3502433|1395861620357
ST Gravity|-2.2774134|8.976564|3.2256873|1395861620378
ST Gravity|-2.292416|9.061003|2.968748|1395861620399
ST Gravity|-2.2997856|9.163899|2.6276047|1395861620418
ST Gravity|-2.2909722|9.2366|2.367924|1395861620437
ST Gravity|-2.2496474|9.307961|2.1145508|1395861620458
ST Gravity|-2.2048411|9.368271|1.8827074|1395861620479
ST Gravity|-2.1636813|9.431556|1.5920472|1395861620502
ST Gravity|-2.1070793|9.490864|1.2861323|1395861620517
ST Gravity|-2.054534|9.531711|1.0467871|1395861620538
ST Gravity|-1.9677731|9.579056|0.73482865|1395861620557
ST Gravity|-1.8641508|9.616339|0.47048795|1395861620577
ST Gravity|-1.7481887|9.645178|0.2911277|1395861620597
ST Gravity|-1.645933|9.665324|0.20686457|1395861620617
ST Gravity|-1.5908897|9.674675|0.2003112|1395861620647
ST Gravity|-1.5626366|9.6780815|0.25161725|1395861620667
ST Gravity|-1.5844895|9.671704|0.34338593|1395861620687
ST Gravity|-1.6449615|9.65716|0.45139098|1395861620711
ST Gravity|-1.7346061|9.63434|0.5839588|1395861620727
ST Gravity|-1.8179274|9.609677|0.7208517|1395861620747
ST Gravity|-1.9350153|9.565942|0.9585727|1395861620776
ST Gravity|-2.0575275|9.505767|1.255938|1395861620777
ST Gravity|-2.2027714|9.416495|1.6272063|1395861620797
ST Gravity|-2.369777|9.2985735|2.0226455|1395861620817
ST Gravity|-2.4780836|9.208242|2.2886171|1395861620837
ST Gravity|-2.4271808|9.085934|2.7793899|1395861620857
ST Gravity|-2.336562|8.946364|3.2670212|1395861620877
ST Gravity|-2.230979|8.82322|3.652933|1395861620908
ST Gravity|-2.0798907|8.746602|3.91681|1395861620927
ST Gravity|-2.081823|8.733178|3.945631|1395861620947
ST Gravity|-2.1520963|8.691277|4.000073|1395861620967
ST Gravity|-2.1745226|8.631799|4.1150837|1395861620987
ST Gravity|-2.137603|8.638034|4.121339|1395861621007
ST Gravity|-2.0813491|8.681603|4.0580955|1395861621027
ST Gravity|-2.053952|8.693675|4.0461926|1395861621047
ST Gravity|-2.0749931|8.694644|4.033356|1395861621067
ST Gravity|-2.1560233|8.717985|3.939375|1395861621087
ST Gravity|-2.2232335|8.782053|3.7554152|1395861621107
ST Gravity|-2.2491796|8.870593|3.524795|1395861621127
ST Gravity|-2.2498229|8.947571|3.3241053|1395861621148
ST Gravity|-2.2421255|9.055867|3.022343|1395861621167
ST Gravity|-2.199858|9.178394|2.662343|1395861621187
ST Gravity|-2.1233566|9.312507|2.22238|1395861621208
ST Gravity|-2.067624|9.409944|1.8298333|1395861621228
ST Gravity|-2.0099695|9.476141|1.5274708|1395861621247
ST Gravity|-1.9187019|9.548928|1.1432161|1395861621267
ST Gravity|-1.8133787|9.601418|0.8335661|1395861621287
ST Gravity|-1.7036122|9.636595|0.63572407|1395861621307
ST Gravity|-1.6126518|9.657441|0.5509687|1395861621327
ST Gravity|-1.5685803|9.665065|0.5445003|1395861621349
ST Gravity|-1.5547754|9.6638975|0.6017973|1395861621367
ST Gravity|-1.5775907|9.650103|0.7464184|1395861621388
ST Gravity|-1.6284304|9.623744|0.94982773|1395861621407
ST Gravity|-1.7083471|9.586643|1.1611241|1395861621428
ST Gravity|-1.7783772|9.555372|1.3048512|1395861621447
ST Gravity|-1.8761922|9.512533|1.47038|1395861621467
ST Gravity|-1.9905496|9.465475|1.6164517|1395861621488
ST Gravity|-2.1323006|9.40588|1.7757015|1395861621507
ST Gravity|-2.3397546|9.311521|1.9978786|1395861621527
ST Gravity|-2.5176878|9.197694|2.287809|1395861621548
ST Gravity|-2.685871|8.981726|2.8783803|1395861621568
ST Gravity|-2.5968115|8.879206|3.253716|1395861621587
ST Gravity|-2.4159472|8.8606|3.4385126|1395861621607
ST Gravity|-2.2959774|8.813725|3.635537|1395861621627
ST Gravity|-2.2920005|8.796888|3.6785734|1395861621647
ST Gravity|-2.3498554|8.759676|3.730504|1395861621668
ST Gravity|-2.417823|8.630155|3.9805725|1395861621688
ST Gravity|-2.4564478|8.524929|4.1787386|1395861621707
ST Gravity|-2.4479|8.499513|4.2351475|1395861621727
ST Gravity|-2.4510424|8.505497|4.2212915|1395861621747
ST Gravity|-2.4555678|8.539439|4.149524|1395861621767
ST Gravity|-2.4623096|8.601603|4.0149546|1395861621798
ST Gravity|-2.4673336|8.663471|3.8764582|1395861621817
ST Gravity|-2.4729476|8.727151|3.7271657|1395861621837
ST Gravity|-2.4753335|8.791769|3.570421|1395861621856
ST Gravity|-2.4761505|8.893216|3.3090458|1395861621878
ST Gravity|-2.464515|8.997607|3.023185|1395861621897
ST Gravity|-2.417023|9.132414|2.6319923|1395861621916
ST Gravity|-2.3394926|9.278766|2.1451523|1395861621937
ST Gravity|-2.275603|9.364382|1.8166951|1395861621958
ST Gravity|-2.1889656|9.44555|1.4698294|1395861621978
ST Gravity|-2.0857203|9.515423|1.1299901|1395861621998
ST Gravity|-1.9620994|9.572497|0.8293741|1395861622017
ST Gravity|-1.8227272|9.617347|0.595572|1395861622037
ST Gravity|-1.7118282|9.644443|0.47408634|1395861622056
ST Gravity|-1.5639179|9.673309|0.3894169|1395861622077
ST Gravity|-1.4470985|9.691689|0.38400757|1395861622097
ST Gravity|-1.3843162|9.698144|0.44728252|1395861622117
ST Gravity|-1.3694801|9.693211|0.58014315|1395861622138
ST Gravity|-1.3835671|9.682369|0.7126471|1395861622158
ST Gravity|-1.437479|9.655912|0.93133444|1395861622177
ST Gravity|-1.5329902|9.613006|1.1876173|1395861622197
ST Gravity|-1.6741678|9.552318|1.4562825|1395861622223
ST Gravity|-1.8560725|9.467399|1.758906|1395861622237
ST Gravity|-2.0239735|9.375472|2.0431454|1395861622258
ST Gravity|-2.275574|9.207595|2.4924638|1395861622278
ST Gravity|-2.454097|9.009054|2.997454|1395861622297
ST Gravity|-2.4690893|8.8268795|3.4871457|1395861622317
ST Gravity|-2.2849736|8.766504|3.7546911|1395861622338
ST Gravity|-2.047195|8.734564|3.9606562|1395861622358
ST Gravity|-1.803018|8.621359|4.31181|1395861622378
ST Gravity|-1.794408|8.568867|4.418712|1395861622397
ST Gravity|-1.9039868|8.587023|4.336853|1395861622418
ST Gravity|-2.0145824|8.542078|4.3754706|1395861622438
ST Gravity|-2.0866709|8.470282|4.4800158|1395861622458
ST Gravity|-2.1127636|8.475378|4.4580956|1395861622478
ST Gravity|-2.1204839|8.570879|4.267785|1395861622497
ST Gravity|-2.09943|8.657153|4.100791|1395861622518
ST Gravity|-2.1102178|8.707772|3.9864876|1395861622538
ST Gravity|-2.1583667|8.745537|3.876523|1395861622559
ST Gravity|-2.223746|8.809366|3.6905866|1395861622577
ST Gravity|-2.2655385|8.894955|3.4521706|1395861622597
ST Gravity|-2.2771194|9.006021|3.1427264|1395861622617
ST Gravity|-2.263772|9.126052|2.7858407|1395861622638
ST Gravity|-2.2377067|9.214899|2.4997408|1395861622657
ST Gravity|-2.1666515|9.309703|2.1921313|1395861622677
ST Gravity|-2.1000218|9.402487|1.8312637|1395861622698
ST Gravity|-2.033265|9.479517|1.4747819|1395861622717
ST Gravity|-1.9736587|9.536095|1.1567079|1395861622737
ST Gravity|-1.935437|9.566429|0.9528431|1395861622759
ST Gravity|-1.888643|9.593872|0.7490233|1395861622777
ST Gravity|-1.8516848|9.608045|0.65355074|1395861622798
ST Gravity|-1.8322794|9.609637|0.68413174|1395861622818
ST Gravity|-1.8246772|9.602199|0.79920596|1395861622838
ST Gravity|-1.8333471|9.591805|0.8980557|1395861622858
ST Gravity|-1.8773537|9.571294|1.0179732|1395861622877
ST Gravity|-1.9568013|9.542556|1.131795|1395861622897
ST Gravity|-2.0594652|9.503548|1.2694772|1395861622917
ST Gravity|-2.1724544|9.452227|1.4512883|1395861622937
ST Gravity|-2.266344|9.401531|1.6264346|1395861622958
ST Gravity|-2.4136343|9.304806|1.9404554|1395861622978
ST Gravity|-2.5820863|9.16005|2.3657303|1395861622998
ST Gravity|-2.7026942|8.979914|2.8682723|1395861623018
ST Gravity|-2.7408016|8.796213|3.3593204|1395861623042
ST Gravity|-2.7034225|8.710796|3.6033218|1395861623057
ST Gravity|-2.505912|8.660774|3.8576891|1395861623078
ST Gravity|-2.4344509|8.632704|3.964878|1395861623097
ST Gravity|-2.5214107|8.56998|4.0457764|1395861623137
ST Gravity|-2.5787413|8.470147|4.2162895|1395861623158
ST Gravity|-2.5933378|8.389315|4.366278|1395861623159
ST Gravity|-2.585989|8.366635|4.413896|1395861623177
ST Gravity|-2.5715187|8.440399|4.2798753|1395861623217
ST Gravity|-2.562876|8.519993|4.124534|1395861623236
ST Gravity|-2.5876744|8.580993|3.9800615|1395861623257
ST Gravity|-2.618644|8.628072|3.8560944|1395861623257
ST Gravity|-2.637755|8.696299|3.6860588|1395861623277
ST Gravity|-2.6256592|8.773117|3.5083778|1395861623317
ST Gravity|-2.5881934|8.873483|3.2761207|1395861623337
ST Gravity|-2.5334191|8.995005|2.9735646|1395861623358
ST Gravity|-2.4943848|9.084332|2.7245805|1395861623359
ST Gravity|-2.3897157|9.245994|2.229629|1395861623397
ST Gravity|-2.3001149|9.369763|1.7571|1395861623417
ST Gravity|-2.2511084|9.445615|1.3723205|1395861623437
ST Gravity|-2.1906548|9.505955|1.0041139|1395861623456
ST Gravity|-2.1357307|9.54143|0.755093|1395861623476
ST Gravity|-2.0461192|9.578573|0.48447412|1395861623496
ST Gravity|-1.9489354|9.606292|0.30197126|1395861623517
ST Gravity|-1.8600078|9.626449|0.2055388|1395861623537
ST Gravity|-1.7973149|9.638853|0.18043219|1395861623558
ST Gravity|-1.7717949|9.64288|0.21446781|1395861623576
ST Gravity|-1.7682956|9.640191|0.3320425|1395861623596
ST Gravity|-1.7957542|9.627703|0.5030139|1395861623616
ST Gravity|-1.8631829|9.602437|0.70154226|1395861623637
ST Gravity|-1.9694813|9.562355|0.92353845|1395861623657
ST Gravity|-2.0649462|9.523084|1.1033003|1395861623676
ST Gravity|-2.207577|9.457023|1.3644509|1395861623698
ST Gravity|-2.3610356|9.367008|1.6896962|1395861623716
ST Gravity|-2.536725|9.237922|2.096716|1395861623738
ST Gravity|-2.7203565|9.040154|2.6543653|1395861623758
ST Gravity|-2.781921|8.876625|3.1043258|1395861623778
ST Gravity|-2.7135928|8.783365|3.4145741|1395861623797
ST Gravity|-2.528278|8.75003|3.6352708|1395861623818
ST Gravity|-2.4899538|8.766832|3.6212149|1395861623837
ST Gravity|-2.5856333|8.702777|3.707637|1395861623857
ST Gravity|-2.6218572|8.608402|3.897648|1395861623876
ST Gravity|-2.654374|8.531392|4.042281|1395861623897
ST Gravity|-2.6566157|8.557181|3.9859052|1395861623917
ST Gravity|-2.6119606|8.595713|3.9321496|1395861623940
ST Gravity|-2.603855|8.632432|3.856354|1395861623965
ST Gravity|-2.6207428|8.659793|3.7828689|1395861623989
ST Gravity|-2.639362|8.698172|3.6804872|1395861623995
ST Gravity|-2.6405964|8.751136|3.5517976|1395861624020
ST Gravity|-2.6370828|8.828964|3.3564231|1395861624040
ST Gravity|-2.623093|8.931969|3.0837805|1395861624059
ST Gravity|-2.6011138|9.017024|2.8456748|1395861624082
ST Gravity|-2.5605478|9.131158|2.497185|1395861624105
ST Gravity|-2.5147803|9.240171|2.1131785|1395861624117
ST Gravity|-2.4558253|9.333501|1.7392662|1395861624146
ST Gravity|-2.3801723|9.413537|1.3749503|1395861624172
ST Gravity|-2.3116932|9.464749|1.1157808|1395861624174
ST Gravity|-2.2106843|9.519852|0.8097491|1395861624195
ST Gravity|-2.1058767|9.56054|0.5759648|1395861624215
ST Gravity|-2.009193|9.588724|0.435784|1395861624230
ST Gravity|-1.943061|9.604679|0.38086322|1395861624269
ST Gravity|-1.9186493|9.609557|0.38155967|1395861624270
ST Gravity|-1.9207255|9.60694|0.4334728|1395861624290
ST Gravity|-1.9534193|9.594734|0.54371864|1395861624316
ST Gravity|-2.0079675|9.572854|0.70636183|1395861624345
ST Gravity|-2.0821888|9.539814|0.90930223|1395861624366
ST Gravity|-2.1480858|9.50701|1.0829902|1395861624390
ST Gravity|-2.2506485|9.451002|1.3354928|1395861624391
ST Gravity|-2.3793254|9.3746|1.620523|1395861624416
ST Gravity|-2.529508|9.26588|1.9787501|1395861624445
ST Gravity|-2.6878502|9.117558|2.411641|1395861624469
ST Gravity|-2.7896254|8.968663|2.819836|1395861624471
ST Gravity|-2.8594542|8.744209|3.395981|1395861624512
ST Gravity|-2.7199697|8.64295|3.7512102|1395861624513
ST Gravity|-2.5309834|8.618381|3.9354856|1395861624549
ST Gravity|-2.5050778|8.629754|3.9271266|1395861624568
ST Gravity|-2.5535822|8.588395|3.9861102|1395861624588
ST Gravity|-2.6343384|8.4765625|4.16876|1395861624613
ST Gravity|-2.6731384|8.376663|4.342379|1395861624634
ST Gravity|-2.629855|8.369131|4.3831367|1395861624653
ST Gravity|-2.5738628|8.422593|4.3134155|1395861624670
ST Gravity|-2.5706856|8.463176|4.235168|1395861624687
ST Gravity|-2.6096172|8.506544|4.1229815|1395861624711
ST Gravity|-2.6382384|8.5562315|4.000124|1395861624728
ST Gravity|-2.6324317|8.627269|3.8484967|1395861624749
ST Gravity|-2.6128502|8.722593|3.6413958|1395861624768
ST Gravity|-2.5926101|8.811753|3.4353697|1395861624792
ST Gravity|-2.5638375|8.943502|3.1001427|1395861624810
ST Gravity|-2.5378246|9.072109|2.7251952|1395861624830
ST Gravity|-2.48376|9.215197|2.2542117|1395861624849
ST Gravity|-2.4544058|9.311875|1.8534473|1395861624874
ST Gravity|-2.4266853|9.373417|1.5558373|1395861624874
ST Gravity|-2.3765538|9.441946|1.1713485|1395861624913
ST Gravity|-2.3124576|9.495152|0.815484|1395861624928
ST Gravity|-2.234299|9.534691|0.5176645|1395861624950
ST Gravity|-2.1437733|9.564441|0.30999103|1395861624975
ST Gravity|-2.0792305|9.580824|0.23455314|1395861624988
ST Gravity|-2.0205774|9.593182|0.24191776|1395861625008
ST Gravity|-2.00004|9.594021|0.35353857|1395861625027
ST Gravity|-2.0191157|9.581798|0.5317096|1395861625053
ST Gravity|-2.0853243|9.553556|0.7425361|1395861625076
ST Gravity|-2.1618521|9.521065|0.9198468|1395861625097
ST Gravity|-2.2932534|9.460984|1.1837167|1395861625104
ST Gravity|-2.4397304|9.386847|1.4509356|1395861625124
ST Gravity|-2.582125|9.307635|1.6943911|1395861625140
ST Gravity|-2.7475286|9.210915|1.9443612|1395861625180
ST Gravity|-2.9218924|9.1056385|2.172622|1395861625185
ST Gravity|-3.1564622|8.896604|2.65661|1395861625205
ST Gravity|-3.1670175|8.76541|3.0508974|1395861625221
ST Gravity|-3.065929|8.72205|3.2705204|1395861625258
ST Gravity|-2.8766956|8.655882|3.6014879|1395861625283
ST Gravity|-2.8742478|8.622613|3.6823416|1395861625284
ST Gravity|-2.9648125|8.556788|3.7632008|1395861625317
ST Gravity|-2.9728642|8.436889|4.018881|1395861625339
ST Gravity|-2.9226563|8.336687|4.257712|1395861625367
ST Gravity|-2.9022682|8.377627|4.1907725|1395861625368
ST Gravity|-2.908527|8.421702|4.0970473|1395861625390
ST Gravity|-2.9246051|8.462839|3.9996793|1395861625415
ST Gravity|-2.9669857|8.505207|3.8767061|1395861625442
ST Gravity|-3.0059843|8.543363|3.761039|1395861625459
ST Gravity|-3.0156105|8.577878|3.6737576|1395861625479
ST Gravity|-3.0096116|8.618406|3.582693|1395861625484
ST Gravity|-2.9999108|8.713677|3.3530216|1395861625502
ST Gravity|-2.966356|8.848256|3.0132186|1395861625539
ST Gravity|-2.9076042|8.98556|2.6411955|1395861625559
ST Gravity|-2.815125|9.111922|2.2843688|1395861625579
ST Gravity|-2.702645|9.202019|2.0466936|1395861625580
ST Gravity|-2.6184483|9.299186|1.6850121|1395861625625
ST Gravity|-2.5238106|9.381762|1.3354112|1395861625639
ST Gravity|-2.4165697|9.449723|1.0165298|1395861625659
ST Gravity|-2.303658|9.502949|0.7466624|1395861625679
ST Gravity|-2.2211542|9.53369|0.58790195|1395861625705
ST Gravity|-2.1326518|9.561829|0.44001448|1395861625709
ST Gravity|-2.0821629|9.576327|0.35909504|1395861625729
ST Gravity|-2.0758731|9.578298|0.34258026|1395861625749
ST Gravity|-2.1185226|9.567507|0.38087118|1395861625773
ST Gravity|-2.1787329|9.551695|0.4343499|1395861625790
ST Gravity|-2.2860155|9.521288|0.538152|1395861625810
ST Gravity|-2.4213116|9.478546|0.6817558|1395861625830
ST Gravity|-2.5915895|9.42009|0.8461355|1395861625849
ST Gravity|-2.8244817|9.339103|0.98685|1395861625870
ST Gravity|-2.9806123|9.285454|1.0328033|1395861625889
ST Gravity|-3.1230009|9.175138|1.4946911|1395861625909
ST Gravity|-3.029625|9.105758|2.0191412|1395861625929
ST Gravity|-3.0455081|9.0999775|2.0213065|1395861625949
ST Gravity|-2.8957057|9.164979|1.9463898|1395861625969
ST Gravity|-2.800409|9.197667|1.9315846|1395861625988
ST Gravity|-2.7748966|9.197427|1.969181|1395861626015
ST Gravity|-2.8184652|9.175217|2.0104885|1395861626028
ST Gravity|-2.878799|9.157988|2.0035455|1395861626047
ST Gravity|-2.9635723|9.162418|1.8541106|1395861626073
ST Gravity|-3.002191|9.190433|1.6410909|1395861626095
ST Gravity|-3.0374885|9.231009|1.3162591|1395861626125
ST Gravity|-3.0139787|9.247399|1.2537682|1395861626142
ST Gravity|-3.0094862|9.2743025|1.0491363|1395861626164
ST Gravity|-3.0055625|9.285664|0.9557358|1395861626177
ST Gravity|-3.0041685|9.28673|0.949734|1395861626203
ST Gravity|-2.9863398|9.28752|0.9970551|1395861626216
ST Gravity|-2.9632711|9.289854|1.0430849|1395861626242
ST Gravity|-2.951637|9.293932|1.0397311|1395861626262
ST Gravity|-2.9562085|9.298204|0.9872177|1395861626277
ST Gravity|-2.9749584|9.297717|0.9340524|1395861626302
ST Gravity|-3.034636|9.281943|0.8982846|1395861626318
ST Gravity|-3.1261265|9.24938|0.92016476|1395861626343
ST Gravity|-3.1653328|9.23607|0.9198215|1395861626359
ST Gravity|-3.1875668|9.234397|0.8577521|1395861626381
ST Gravity|-3.2131217|9.225814|0.8547464|1395861626398
ST Gravity|-3.2343733|9.222548|0.80859476|1395861626419
ST Gravity|-3.2275095|9.231922|0.72469616|1395861626440
ST Gravity|-3.17771|9.254535|0.6527875|1395861626459
ST Gravity|-3.1355584|9.272602|0.5979339|1395861626479
ST Gravity|-3.1399558|9.269698|0.6194865|1395861626498
ST Gravity|-3.1507788|9.26009|0.7026681|1395861626518
ST Gravity|-3.1533794|9.252391|0.78730965|1395861626539
ST Gravity|-3.1598847|9.251333|0.77353394|1395861626561
ST Gravity|-3.183927|9.247283|0.72162926|1395861626578
ST Gravity|-3.2092223|9.242804|0.6647082|1395861626598
ST Gravity|-3.249811|9.230809|0.63347197|1395861626618
ST Gravity|-3.280795|9.218625|0.65092814|1395861626638
ST Gravity|-3.309428|9.210263|0.6238012|1395861626658
ST Gravity|-3.3329544|9.202402|0.61449796|1395861626677
ST Gravity|-3.344805|9.197821|0.61867404|1395861626698
ST Gravity|-3.3559425|9.190864|0.6603575|1395861626717
ST Gravity|-3.368132|9.181979|0.7192691|1395861626738
ST Gravity|-3.3836956|9.171582|0.776591|1395861626757
ST Gravity|-3.3910682|9.165302|0.8174757|1395861626780
ST Gravity|-3.3912106|9.164658|0.82408607|1395861626804
ST Gravity|-3.39952|9.161312|0.8270619|1395861626821
ST Gravity|-3.4089124|9.15833|0.82140803|1395861626840
ST Gravity|-3.422991|9.153883|0.8123855|1395861626861
ST Gravity|-3.4342973|9.150271|0.80530316|1395861626880
ST Gravity|-3.4412603|9.147348|0.8087949|1395861626902
ST Gravity|-3.4420373|9.147713|0.80132765|1395861626922
ST Gravity|-3.4374814|9.150788|0.78560984|1395861626942
ST Gravity|-3.4215457|9.157659|0.775062|1395861626962
ST Gravity|-3.4092228|9.162742|0.76924527|1395861626984
ST Gravity|-3.414908|9.160368|0.77229077|1395861627003
ST Gravity|-3.4265003|9.155644|0.7769521|1395861627022
ST Gravity|-3.4432008|9.149088|0.78033864|1395861627044
ST Gravity|-3.4484112|9.148081|0.76907974|1395861627065
ST Gravity|-3.440866|9.153267|0.74063164|1395861627099
ST Gravity|-3.4299634|9.159437|0.7144671|1395861627105
ST Gravity|-3.4101226|9.169679|0.67708063|1395861627118
ST Gravity|-3.3978043|9.173837|0.68264896|1395861627155
ST Gravity|-3.381078|9.178224|0.706324|1395861627184
ST Gravity|-3.3742473|9.178938|0.7293466|1395861627204
ST Gravity|-3.369058|9.179848|0.7417744|1395861627205
ST Gravity|-3.365897|9.181018|0.7416256|1395861627225
ST Gravity|-3.370127|9.180569|0.72788|1395861627244
ST Gravity|-3.3770308|9.178804|0.71805197|1395861627265
ST Gravity|-3.384895|9.1757555|0.7199932|1395861627286
ST Gravity|-3.3863084|9.173933|0.73638886|1395861627305
ST Gravity|-3.37688|9.174274|0.77444726|1395861627324
ST Gravity|-3.3596451|9.176967|0.8163728|1395861627364
ST Gravity|-3.3321137|9.184239|0.8468571|1395861627367
ST Gravity|-3.305916|9.192258|0.86238986|1395861627407
ST Gravity|-3.2959166|9.195706|0.86387545|1395861627409
ST Gravity|-3.2866833|9.201331|0.83880305|1395861627434
ST Gravity|-3.2979374|9.199734|0.81172776|1395861627448
ST Gravity|-3.3099594|9.195911|0.8060672|1395861627475
ST Gravity|-3.314317|9.193777|0.8125079|1395861627491
ST Gravity|-3.3163633|9.192249|0.8213703|1395861627513
ST Gravity|-3.32505|9.188026|0.8334191|1395861627534
ST Gravity|-3.3456163|9.179162|0.84866035|1395861627551
ST Gravity|-3.3744338|9.165248|0.8841971|1395861627575
ST Gravity|-3.4035752|9.1525955|0.90335405|1395861627592
ST Gravity|-3.4117613|9.149372|0.90513915|1395861627614
ST Gravity|-3.410403|9.148401|0.91992474|1395861627632
ST Gravity|-3.4173758|9.145287|0.92499655|1395861627651
ST Gravity|-3.4057782|9.146389|0.9563569|1395861627671
ST Gravity|-3.3584056|9.159152|1.0007122|1395861627692
ST Gravity|-3.2962751|9.17867|1.0280974|1395861627711
ST Gravity|-3.189594|9.214049|1.0479405|1395861627731
ST Gravity|-3.0659714|9.254675|1.0588671|1395861627753
ST Gravity|-2.9047997|9.307485|1.0503662|1395861627773
ST Gravity|-2.6571448|9.379161|1.0683194|1395861627791
ST Gravity|-2.440415|9.434696|1.0960335|1395861627811
ST Gravity|-2.1349802|9.506457|1.1133336|1395861627829
ST Gravity|-1.8089054|9.574744|1.1056839|1395861627849
ST Gravity|-1.4478724|9.638197|1.0859145|1395861627868
ST Gravity|-1.2358482|9.671355|1.0525968|1395861627888
ST Gravity|-1.1857679|9.681067|1.0204295|1395861627908
ST Gravity|-1.2175899|9.6822405|0.97060996|1395861627928
ST Gravity|-1.3495182|9.669826|0.91851467|1395861627949
ST Gravity|-1.5554949|9.64271|0.87691706|1395861627969
ST Gravity|-1.6374539|9.630789|0.85851806|1395861628008
ST Gravity|-1.6725773|9.623444|0.87305754|1395861628009
ST Gravity|-1.7227014|9.613052|0.8898943|1395861628029
ST Gravity|-1.7572064|9.607839|0.8786719|1395861628048
ST Gravity|-1.7706995|9.606204|0.86941373|1395861628068
ST Gravity|-1.7512683|9.60383|0.9326865|1395861628108
ST Gravity|-1.660024|9.615681|0.97642624|1395861628109
ST Gravity|-1.4544234|9.643105|1.032276|1395861628128
ST Gravity|-1.2089322|9.673666|1.0625628|1395861628148
ST Gravity|-0.91690767|9.705942|1.0603476|1395861628169
ST Gravity|-0.5780387|9.736089|1.0221688|1395861628207
ST Gravity|-0.29634675|9.752813|0.982459|1395861628207
ST Gravity|0.12748832|9.762063|0.92535806|1395861628227
ST Gravity|0.5772376|9.753017|0.8460764|1395861628250
ST Gravity|1.0517691|9.718276|0.7869386|1395861628272
ST Gravity|1.5695883|9.648339|0.78506196|1395861628310
ST Gravity|1.9620264|9.573704|0.8155062|1395861628311
ST Gravity|2.4616945|9.449477|0.90435123|1395861628331
ST Gravity|2.9307878|9.300906|1.0363533|1395861628369
ST Gravity|3.3486266|9.152795|1.0878532|1395861628390
ST Gravity|3.7439005|9.00174|1.0593758|1395861628409
ST Gravity|3.985344|8.896137|1.0705893|1395861628410
ST Gravity|4.221526|8.768459|1.2096496|1395861628433
ST Gravity|4.3803835|8.687171|1.2311311|1395861628452
ST Gravity|4.427931|8.686829|1.0501487|1395861628492
ST Gravity|4.3903384|8.726298|0.86431676|1395861628510
ST Gravity|4.323856|8.764088|0.81573105|1395861628511
ST Gravity|4.1669173|8.836647|0.8490384|1395861628532
ST Gravity|3.966073|8.92605|0.8753714|1395861628572
ST Gravity|3.8064206|8.997449|0.85291207|1395861628591
ST Gravity|3.6314812|9.073882|0.8046141|1395861628612
ST Gravity|3.4604793|9.1441555|0.7615086|1395861628612
ST Gravity|3.1713698|9.252292|0.7126892|1395861628652
ST Gravity|2.9260337|9.339316|0.62118787|1395861628671
ST Gravity|2.7387035|9.403611|0.49191287|1395861628692
ST Gravity|2.584782|9.450707|0.41642037|1395861628712
ST Gravity|2.4518461|9.485151|0.4367659|1395861628715
ST Gravity|2.233435|9.532914|0.5529088|1395861628748
ST Gravity|1.99245|9.574259|0.73083395|1395861628772
ST Gravity|1.7613705|9.596625|0.98628014|1395861628788
ST Gravity|1.5562813|9.593382|1.3097429|1395861628809
ST Gravity|1.4009641|9.576194|1.5824682|1395861628831
ST Gravity|1.1778736|9.533237|1.9749433|1395861628848
ST Gravity|0.9731614|9.45828|2.4008958|1395861628871
ST Gravity|0.7930803|9.346608|2.8604753|1395861628888
ST Gravity|0.5916439|9.204877|3.3302574|1395861628910
ST Gravity|0.38611487|9.075626|3.6951723|1395861628930
ST Gravity|0.34320393|8.967564|3.95416|1395861628950
ST Gravity|0.06824352|8.812415|4.3019886|1395861628970
ST Gravity|-0.29084772|8.66036|4.591728|1395861628989
ST Gravity|-0.649098|8.563585|4.7343507|1395861629009
ST Gravity|-0.91631347|8.509668|4.787097|1395861629028
ST Gravity|-1.0604956|8.460885|4.843468|1395861629049
ST Gravity|-0.94903004|8.483949|4.826215|1395861629070
ST Gravity|-0.86928666|8.524654|4.769175|1395861629094
ST Gravity|-0.87428313|8.4270525|4.9387045|1395861629116
ST Gravity|-0.96358144|8.337659|5.0720177|1395861629129
ST Gravity|-1.0477494|8.235809|5.2195854|1395861629149
ST Gravity|-1.147126|8.158063|5.3198233|1395861629171
ST Gravity|-1.245914|8.14911|5.3113174|1395861629190
ST Gravity|-1.3134216|8.244246|5.1456513|1395861629210
ST Gravity|-1.3491073|8.369351|4.929936|1395861629230
ST Gravity|-1.4202693|8.559496|4.570368|1395861629249
ST Gravity|-1.5674464|8.726157|4.1913815|1395861629271
ST Gravity|-1.7536387|8.81409|3.9251697|1395861629292
ST Gravity|-1.8872502|8.800688|3.8931446|1395861629311
ST Gravity|-1.9874297|8.719375|4.024056|1395861629330
ST Gravity|-2.1285806|8.547909|4.309616|1395861629349
ST Gravity|-2.301802|8.345909|4.60629|1395861629374
ST Gravity|-2.4212575|8.134314|4.9133344|1395861629391
ST Gravity|-2.4306684|7.9055066|5.269271|1395861629409
ST Gravity|-2.4029012|7.7134023|5.5587664|1395861629432
ST Gravity|-2.2887583|7.4864407|5.906369|1395861629453
ST Gravity|-2.0935771|7.328423|6.1710258|1395861629472
ST Gravity|-1.9148867|7.242302|6.328719|1395861629492
ST Gravity|-1.8093238|7.2062316|6.400543|1395861629510
ST Gravity|-1.7912791|7.1892242|6.424701|1395861629536
ST Gravity|-1.806334|7.2239146|6.3814273|1395861629549
ST Gravity|-1.6657834|7.2118363|6.433116|1395861629570
ST Gravity|-1.4659414|7.1179404|6.5845523|1395861629589
ST Gravity|-1.3137285|6.952049|6.7906933|1395861629611
ST Gravity|-1.2802876|6.8429313|6.9069214|1395861629632
ST Gravity|-1.3383415|6.7763934|6.961302|1395861629651
ST Gravity|-1.4123552|6.7992234|6.9243193|1395861629671
ST Gravity|-1.4191905|6.8675303|6.8551674|1395861629689
ST Gravity|-1.3852289|7.0022626|6.7245703|1395861629714
ST Gravity|-1.2922596|7.153545|6.5823436|1395861629732
ST Gravity|-1.2854297|7.196808|6.536361|1395861629750
ST Gravity|-1.2766917|7.1829042|6.553345|1395861629774
ST Gravity|-1.2302239|7.116656|6.6340137|1395861629790
ST Gravity|-1.1204524|7.002558|6.7734165|1395861629809
ST Gravity|-1.002764|6.8779807|6.917964|1395861629830
ST Gravity|-0.843411|6.6752133|7.1344643|1395861629850
ST Gravity|-0.7564598|6.5273566|7.279546|1395861629870
ST Gravity|-0.76116896|6.464655|7.334797|1395861629890
ST Gravity|-0.81940866|6.426866|7.3616815|1395861629911
ST Gravity|-0.7930897|6.444942|7.3487506|1395861629928
ST Gravity|-0.8219952|6.3685265|7.411921|1395861629948
ST Gravity|-0.8693851|6.2959003|7.468345|1395861629970
ST Gravity|-0.91586965|6.2493305|7.5018287|1395861629988
ST Gravity|-0.8879253|6.2045827|7.542224|1395861630009
ST Gravity|-0.8087764|6.1570683|7.589913|1395861630029
ST Gravity|-0.6674397|6.1643715|7.597727|1395861630049
ST Gravity|-0.63691056|6.1239276|7.632972|1395861630069
ST Gravity|-0.6790648|6.12087|7.6317897|1395861630089
ST Gravity|-0.6903836|6.175084|7.5869684|1395861630128
ST Gravity|-0.68052053|6.214217|7.555844|1395861630129
ST Gravity|-0.6855546|6.2584796|7.518766|1395861630149
ST Gravity|-0.6783678|6.27666|7.5042486|1395861630170
ST Gravity|-0.6491506|6.26292|7.5182996|1395861630209
ST Gravity|-0.6299454|6.2380834|7.5405474|1395861630228
ST Gravity|-0.6375107|6.2290044|7.547415|1395861630229
ST Gravity|-0.6341599|6.224307|7.551572|1395861630248
ST Gravity|-0.5997487|6.2143087|7.5626087|1395861630288
ST Gravity|-0.6475997|6.2668076|7.515193|1395861630313
ST Gravity|-0.7841227|6.365998|7.418194|1395861630328
ST Gravity|-0.82068527|6.4020357|7.383144|1395861630328
ST Gravity|-0.7801514|6.3879433|7.3997264|1395861630367
ST Gravity|-0.6845786|6.333179|7.4560437|1395861630394
ST Gravity|-0.5964049|6.2593184|7.5256634|1395861630397
ST Gravity|-0.5560148|6.2241325|7.557872|1395861630423
ST Gravity|-0.5375655|6.2230263|7.5601163|1395861630440
ST Gravity|-0.56965154|6.271354|7.517714|1395861630457
ST Gravity|-0.6552498|6.34679|7.4471|1395861630477
ST Gravity|-0.61885816|6.336584|7.4588947|1395861630497
ST Gravity|-0.506242|6.271118|7.5224466|1395861630516
ST Gravity|-0.43372342|6.214626|7.5736837|1395861630540
ST Gravity|-0.3846185|6.171129|7.611808|1395861630557
ST Gravity|-0.38542277|6.169443|7.6131334|1395861630577
ST Gravity|-0.41985038|6.184462|7.599112|1395861630597
ST Gravity|-0.44077203|6.180463|7.6011834|1395861630617
ST Gravity|-0.43505993|6.170812|7.609349|1395861630637
ST Gravity|-0.40851855|6.150161|7.627517|1395861630658
ST Gravity|-0.3771306|6.131284|7.6443133|1395861630677
ST Gravity|-0.35517216|6.114717|7.658623|1395861630697
ST Gravity|-0.34295347|6.098096|7.672419|1395861630717
ST Gravity|-0.33031932|6.086793|7.68194|1395861630737
ST Gravity|-0.31433645|6.076446|7.6907973|1395861630757
ST Gravity|-0.3089628|6.070025|7.696084|1395861630777
ST Gravity|-0.30759543|6.067737|7.6979446|1395861630797
ST Gravity|-0.30472383|6.0720754|7.6946363|1395861630818
ST Gravity|-0.30028147|6.0755973|7.6920304|1395861630837
ST Gravity|-0.28928456|6.072565|7.694846|1395861630857
ST Gravity|-0.26954424|6.062107|7.7038035|1395861630877
ST Gravity|-0.25843525|6.056119|7.708891|1395861630897
ST Gravity|-0.25004065|6.058975|7.7069225|1395861630937
ST Gravity|-0.24092078|6.0617857|7.705004|1395861630937
ST Gravity|-0.22911403|6.0646734|7.7030907|1395861630957
ST Gravity|-0.22005057|6.06103|7.706222|1395861630977
ST Gravity|-0.21226709|6.0523424|7.7132645|1395861630997
ST Gravity|-0.21967867|6.047682|7.7167144|1395861631036
ST Gravity|-0.23171003|6.048689|7.715574|1395861631038
ST Gravity|-0.24488048|6.054278|7.710782|1395861631058
ST Gravity|-0.25112128|6.0574245|7.7081084|1395861631078
ST Gravity|-0.25433072|6.0522003|7.7121058|1395861631117
ST Gravity|-0.25510186|6.0469694|7.7161837|1395861631136
ST Gravity|-0.25659284|6.0457745|7.717069|1395861631137
ST Gravity|-0.25886282|6.0467076|7.7162623|1395861631157
ST Gravity|-0.26123527|6.049893|7.7136846|1395861631196
ST Gravity|-0.26057798|6.052184|7.711909|1395861631216
ST Gravity|-0.2615325|6.0538826|7.710544|1395861631237
ST Gravity|-0.2625684|6.057194|7.707908|1395861631237
ST Gravity|-0.2659151|6.0652394|7.7014647|1395861631277
ST Gravity|-0.2752252|6.073899|7.6943097|1395861631296
ST Gravity|-0.2757637|6.077777|7.691228|1395861631316
ST Gravity|-0.2723137|6.0751405|7.6934323|1395861631337
ST Gravity|-0.27106982|6.0683737|7.698817|1395861631356
ST Gravity|-0.2648153|6.0562086|7.708607|1395861631376
ST Gravity|-0.26813117|6.0518427|7.7119193|1395861631397
ST Gravity|-0.36627924|6.094387|7.674287|1395861631417
ST Gravity|-0.37671223|6.099346|7.6698403|1395861631437
ST Gravity|-0.34528467|6.075772|7.690004|1395861631456
ST Gravity|-0.32810134|6.0434666|7.7161684|1395861631477
ST Gravity|-0.33931246|6.0283504|7.7275004|1395861631496
ST Gravity|-0.3700012|6.0339656|7.7217054|1395861631516
ST Gravity|-0.39739877|6.0453553|7.711429|1395861631537
ST Gravity|-0.3992729|6.0467014|7.710277|1395861631557
ST Gravity|-0.38484514|6.0386333|7.7173314|1395861631577
ST Gravity|-0.37254912|6.0272946|7.726792|1395861631597
ST Gravity|-0.3659329|6.0241413|7.7295685|1395861631617
ST Gravity|-0.36550343|6.029919|7.725081|1395861631637
ST Gravity|-0.3687661|6.0329523|7.722558|1395861631656
ST Gravity|-0.3705999|6.032973|7.722452|1395861631676
ST Gravity|-0.3698491|6.032872|7.7225685|1395861631696
ST Gravity|-0.37104282|6.0356565|7.7203355|1395861631717
ST Gravity|-0.37334365|6.0383744|7.7180986|1395861631737
ST Gravity|-0.37705067|6.0415907|7.7154|1395861631756
ST Gravity|-0.3941079|6.0485115|7.7091236|1395861631777
ST Gravity|-0.4310763|6.060543|7.697686|1395861631797
ST Gravity|-0.47607586|6.078827|7.6806|1395861631817
ST Gravity|-0.5217074|6.1026535|7.65871|1395861631837
ST Gravity|-0.554634|6.1189857|7.6433473|1395861631856
ST Gravity|-0.59168434|6.134335|7.6282535|1395861631877
ST Gravity|-0.62219465|6.1437616|7.6182303|1395861631896
ST Gravity|-0.64911354|6.1468306|7.6135077|1395861631916
ST Gravity|-0.6718166|6.1443305|7.6135583|1395861631936
ST Gravity|-0.685988|6.139255|7.6163874|1395861631956
ST Gravity|-0.7078731|6.1365933|7.616529|1395861631977
ST Gravity|-0.74495876|6.145852|7.6055183|1395861631997
ST Gravity|-0.7921886|6.160894|7.588559|1395861632017
ST Gravity|-0.84399503|6.1719728|7.5739565|1395861632037
ST Gravity|-0.88064027|6.1788096|7.564203|1395861632057
ST Gravity|-0.91905737|6.188712|7.551526|1395861632076
ST Gravity|-0.9532649|6.199929|7.5380745|1395861632096
ST Gravity|-0.9867848|6.2099733|7.52548|1395861632117
ST Gravity|-1.0139832|6.2168775|7.516159|1395861632138
ST Gravity|-1.0342594|6.2192483|7.5114355|1395861632157
ST Gravity|-1.0619718|6.220677|7.5063815|1395861632177
ST Gravity|-1.0899378|6.2266564|7.4974103|1395861632197
ST Gravity|-1.1236585|6.239849|7.481447|1395861632217
ST Gravity|-1.1576082|6.254113|7.464341|1395861632237
ST Gravity|-1.174206|6.257487|7.4589195|1395861632256
ST Gravity|-1.1835388|6.253036|7.4611783|1395861632277
ST Gravity|-1.1874412|6.2470613|7.465561|1395861632297
ST Gravity|-1.1983613|6.243618|7.4666963|1395861632317
ST Gravity|-1.212706|6.2372823|7.4696736|1395861632338
ST Gravity|-1.2233417|6.234191|7.4705205|1395861632357
ST Gravity|-1.2395003|6.2371187|7.465412|1395861632377
ST Gravity|-1.2574669|6.2431154|7.4573894|1395861632397
ST Gravity|-1.2681701|6.2470264|7.4523005|1395861632417
ST Gravity|-1.2686673|6.246568|7.452603|1395861632438
ST Gravity|-1.2675381|6.2456374|7.4535713|1395861632458
ST Gravity|-1.2396019|6.249433|7.4550886|1395861632478
ST Gravity|-1.2338568|6.214857|7.484887|1395861632498
ST Gravity|-1.2467424|6.203161|7.4924507|1395861632517
ST Gravity|-1.2535664|6.2107315|7.4850354|1395861632538
ST Gravity|-0.858092|6.0215635|7.6925173|1395861632918
