ST Linear Acceleration|-0.14349987|-0.24767968|0.13819937|1395861613169
ST Linear Acceleration|-0.119361825|-0.1571619|0.08188065|1395861613174
ST Linear Acceleration|0.042757303|-0.120854564|0.07614754|1395861613180
ST Linear Acceleration|0.01756321|-0.07414947|0.04623428|1395861613182
ST Linear Acceleration|0.10127556|-0.025468882|0.019718906|1395861613200
ST Linear Acceleration|0.06314374|-9.350067E-5|0.002160102|1395861613201
ST Linear Acceleration|0.042743392|-0.10170153|0.09701882|1395861613218
ST Linear Acceleration|-0.05991816|-0.1083372|0.09817642|1395861613239
ST Linear Acceleration|-0.24522255|-0.05103964|0.03380103|1395861613259
ST Linear Acceleration|-0.2305094|0.02441285|-0.03766472|1395861613280
ST Linear Acceleration|0.05045769|0.13140848|-0.12017741|1395861613298
ST Linear Acceleration|-0.509796|-0.089507364|0.020996172|1395861613320
ST Linear Acceleration|-0.30117458|0.08755318|-0.12487775|1395861613341
ST Linear Acceleration|-0.25737035|-0.028397294|-0.16722952|1395861613360
ST Linear Acceleration|-0.06354323|-0.09790378|-0.0061799767|1395861613399
ST Linear Acceleration|0.084931105|-0.06333054|-0.001000149|1395861613401
ST Linear Acceleration|0.10299378|0.10490118|0.080560416|1395861613420
ST Linear Acceleration|0.15141623|-0.044986147|0.06259581|1395861613440
ST Linear Acceleration|-0.22302265|0.43943334|0.17753343|1395861613459
ST Linear Acceleration|0.6669823|-0.84504783|-0.5418321|1395861613499
ST Linear Acceleration|0.6685154|-0.787498|-0.40683886|1395861613499
ST Linear Acceleration|0.15437706|-0.037440345|0.15834622|1395861613522
ST Linear Acceleration|0.44205773|-0.52619714|0.32222727|1395861613540
ST Linear Acceleration|0.7341199|-0.9156567|0.46973082|1395861613561
ST Linear Acceleration|1.2562635|-0.9603939|-0.26012796|1395861613598
ST Linear Acceleration|1.4277308|-0.9165018|0.02046899|1395861613600
ST Linear Acceleration|1.734372|-0.89041287|-0.46692333|1395861613618
ST Linear Acceleration|1.437148|-1.7283534|-1.403678|1395861613658
ST Linear Acceleration|1.0759609|-1.8722286|-1.4795456|1395861613678
ST Linear Acceleration|-2.609952|-0.3783955|-0.7185609|1395861613697
ST Linear Acceleration|-1.8742449|0.30295625|-0.44219416|1395861613698
ST Linear Acceleration|-2.662064|2.8716316|-0.6450572|1395861613737
ST Linear Acceleration|-2.129207|0.9819813|0.46656114|1395861613757
ST Linear Acceleration|-4.8789954|1.7886028|5.007747|1395861613779
ST Linear Acceleration|-6.9724092|1.892756|5.5188694|1395861613798
ST Linear Acceleration|-5.4943275|1.7416205|4.3434134|1395861613798
ST Linear Acceleration|-0.5668492|0.59038883|-0.63046145|1395861613838
ST Linear Acceleration|1.6153231|-0.58222187|-1.5949214|1395861613858
ST Linear Acceleration|2.573931|-1.4960426|-1.3122218|1395861613878
ST Linear Acceleration|3.4947112|-0.325067|-0.082971275|1395861613897
ST Linear Acceleration|3.6183522|-0.41288435|-0.3378108|1395861613918
ST Linear Acceleration|1.1379424|-0.8879369|-0.365707|1395861613937
ST Linear Acceleration|0.7597602|0.51354104|-1.0345635|1395861613958
ST Linear Acceleration|0.8095898|0.079639025|-1.5769745|1395861613977
ST Linear Acceleration|-0.36677054|0.37601116|-1.3280494|1395861613997
ST Linear Acceleration|-3.3663235|-0.26121524|1.1746639|1395861614018
ST Linear Acceleration|0.8155831|2.1181538|-0.023669045|1395861614039
ST Linear Acceleration|1.0155016|0.7504837|0.2230328|1395861614058
ST Linear Acceleration|0.9550146|1.089527|0.67965955|1395861614077
ST Linear Acceleration|1.3776858|0.28540808|2.2341714|1395861614097
ST Linear Acceleration|0.8905264|-0.79297894|0.97311777|1395861614118
ST Linear Acceleration|-1.3531629|0.49493474|0.626093|1395861614257
ST Linear Acceleration|0.31492817|1.0366688|-0.8210932|1395861614277
ST Linear Acceleration|0.61942065|0.79853034|-0.6277632|1395861614297
ST Linear Acceleration|0.7937367|0.1215883|-1.0630661|1395861614317
ST Linear Acceleration|0.8137426|1.7633168|-2.50618|1395861614337
ST Linear Acceleration|3.1510837|1.6048961|-2.0113804|1395861614357
ST Linear Acceleration|-1.016748|1.5663536|0.4669183|1395861614377
ST Linear Acceleration|0.83165807|-0.52827656|0.79558796|1395861614397
ST Linear Acceleration|0.45507732|1.4120977|0.43750632|1395861614417
ST Linear Acceleration|1.4411012|0.7149182|0.38576284|1395861614438
ST Linear Acceleration|1.9812119|0.046653908|-0.18473653|1395861614458
ST Linear Acceleration|2.3532562|-0.25599635|-0.19828619|1395861614478
ST Linear Acceleration|1.7743107|0.159566|0.33543256|1395861614497
ST Linear Acceleration|0.6269082|0.4920637|0.74067914|1395861614517
ST Linear Acceleration|-0.7005571|1.3952667|2.122555|1395861614537
ST Linear Acceleration|-1.2791759|0.8145|3.990663|1395861614557
ST Linear Acceleration|-0.21727322|-0.59912586|3.5748842|1395861614578
ST Linear Acceleration|-1.3101667|-0.08212416|3.3606696|1395861614598
ST Linear Acceleration|-2.4526484|0.73743665|3.781691|1395861614617
ST Linear Acceleration|-2.9304535|-0.014557226|3.3477392|1395861614637
ST Linear Acceleration|-2.2884634|-1.9098076|1.9711872|1395861614657
ST Linear Acceleration|-2.274143|-2.247569|0.62928456|1395861614677
ST Linear Acceleration|-2.3974721|-1.6759973|-0.101984456|1395861614697
ST Linear Acceleration|-1.9669489|-1.2324516|0.32155368|1395861614717
ST Linear Acceleration|-1.019749|-0.53742623|1.127752|1395861614737
ST Linear Acceleration|-1.4364845|-0.42365286|1.5739374|1395861614757
ST Linear Acceleration|-1.7448326|-0.15824981|-0.3383195|1395861614777
ST Linear Acceleration|-1.6876779|0.66334295|-2.98972|1395861614797
ST Linear Acceleration|-2.1830347|-1.0275911|-3.9074109|1395861614817
ST Linear Acceleration|-1.7804424|-0.24313167|-4.716107|1395861614838
ST Linear Acceleration|-1.4493489|0.3552372|-4.733925|1395861614858
ST Linear Acceleration|-1.2774452|-0.54576284|-4.009719|1395861614877
ST Linear Acceleration|-1.5263001|-0.8802365|-4.712644|1395861614897
ST Linear Acceleration|0.111884505|-0.7159005|0.8623986|1395861614917
ST Linear Acceleration|1.6193734|2.6199684|-1.686476|1395861614937
ST Linear Acceleration|1.5571587|0.86945075|-0.6961216|1395861614957
ST Linear Acceleration|4.3808827|0.254948|0.8578215|1395861614977
ST Linear Acceleration|3.892526|0.08000249|0.3661749|1395861614998
ST Linear Acceleration|3.012558|-0.8453622|0.25691843|1395861615018
ST Linear Acceleration|-0.033567194|-2.1578717|-0.40975335|1395861615039
ST Linear Acceleration|-1.3234113|-0.5156055|0.88042647|1395861615057
ST Linear Acceleration|-0.14218546|1.3250375|1.7635385|1395861615078
ST Linear Acceleration|0.28052792|1.3695856|1.1158947|1395861615098
ST Linear Acceleration|-0.60978436|-0.085807085|-0.38179982|1395861615118
ST Linear Acceleration|-1.0787425|-1.9737166|-0.9361733|1395861615137
ST Linear Acceleration|-1.323433|-2.723148|-1.2988555|1395861615157
ST Linear Acceleration|-1.1903447|0.12804814|1.0122062|1395861615298
ST Linear Acceleration|-1.7350215|2.45717|0.0052725337|1395861615317
ST Linear Acceleration|-1.6798289|1.8080155|-0.80213076|1395861615338
ST Linear Acceleration|-1.8179034|0.33800104|-1.712557|1395861615358
ST Linear Acceleration|-0.71791285|-0.9127879|-1.5076414|1395861615378
ST Linear Acceleration|-0.24029708|1.3496932|-0.67772764|1395861615417
ST Linear Acceleration|0.22029297|1.0601351|-0.012354528|1395861615417
ST Linear Acceleration|0.64995533|2.0165648|1.0914431|1395861615439
ST Linear Acceleration|-0.09233429|2.1008294|1.4484766|1395861615458
ST Linear Acceleration|-1.3283622|0.16475043|0.091644414|1395861615496
ST Linear Acceleration|0.08921185|-4.0744357|-0.52165586|1395861615516
ST Linear Acceleration|0.27898932|-3.635716|-0.52648765|1395861615518
ST Linear Acceleration|-1.2119973|-3.6991253|-0.41619068|1395861615538
ST Linear Acceleration|1.6706419|-1.1982102|1.0642507|1395861615576
ST Linear Acceleration|2.7851903|-1.3415428|0.9175829|1395861615597
ST Linear Acceleration|1.4298911|-0.028979573|-0.055433318|1395861615617
ST Linear Acceleration|1.1735778|0.021044688|-0.07900736|1395861615618
ST Linear Acceleration|-0.23137337|0.15377668|-0.9655254|1395861615638
ST Linear Acceleration|-0.5300386|-0.8111079|0.05418728|1395861615677
ST Linear Acceleration|-1.148069|-1.1319759|-0.049548276|1395861615697
ST Linear Acceleration|-1.8650559|-0.7064174|-0.099428125|1395861615716
ST Linear Acceleration|-1.4447547|-0.561433|0.09998879|1395861615718
ST Linear Acceleration|0.69540817|0.28653908|-1.8271401|1395861615757
ST Linear Acceleration|-0.3212043|1.9080282|1.5597467|1395861615776
ST Linear Acceleration|-0.49600023|-0.3264901|-1.0776606|1395861615797
ST Linear Acceleration|0.2890652|-1.7272283|1.1201652|1395861615817
ST Linear Acceleration|0.31973305|0.810369|1.5629008|1395861615836
ST Linear Acceleration|1.204652|7.081651|0.6152339|1395861615857
ST Linear Acceleration|0.29678884|5.9859695|1.2938448|1395861615876
ST Linear Acceleration|1.2117572|-0.15250674|-0.7869689|1395861615896
ST Linear Acceleration|-0.36342013|-1.1678764|0.84602904|1395861615916
ST Linear Acceleration|-0.2821265|-1.1063644|0.83673835|1395861615937
ST Linear Acceleration|-0.6974|-0.2616554|0.13356172|1395861615957
ST Linear Acceleration|-0.3361204|0.5410741|-0.6084886|1395861615977
ST Linear Acceleration|0.40717763|-0.12688816|-1.3004829|1395861615997
ST Linear Acceleration|0.14351249|-0.48319122|-1.4604878|1395861616018
ST Linear Acceleration|-0.5946509|-0.88880926|-1.8011851|1395861616037
ST Linear Acceleration|-0.58651555|-2.19394|-1.8557475|1395861616056
ST Linear Acceleration|0.32530937|-2.9596417|-0.5325399|1395861616077
ST Linear Acceleration|2.3058815|-2.415126|0.60148704|1395861616097
ST Linear Acceleration|1.5717648|-1.4420389|1.1932938|1395861616117
ST Linear Acceleration|0.022232583|-0.15272929|1.7976129|1395861616197
ST Linear Acceleration|-0.96974707|1.1519312|0.5048702|1395861616198
ST Linear Acceleration|-1.0309086|1.0989746|-0.004001034|1395861616197
ST Linear Acceleration|-0.8836723|0.7678655|-0.22381562|1395861616198
ST Linear Acceleration|-0.15730783|0.59811056|-0.80099446|1395861616217
ST Linear Acceleration|0.2180933|-0.3023751|-1.5477238|1395861616237
ST Linear Acceleration|0.11235779|-0.6475388|-1.307158|1395861616257
ST Linear Acceleration|0.08183133|0.28666204|-0.9266727|1395861616279
ST Linear Acceleration|0.68401444|-1.6764882|-0.058455113|1395861616297
ST Linear Acceleration|1.2722332|-3.2138755|1.7661633|1395861616317
ST Linear Acceleration|0.8588921|-3.8172908|2.1054416|1395861616337
ST Linear Acceleration|0.017500952|-3.9357643|1.6886379|1395861616357
ST Linear Acceleration|0.015164398|-0.3779726|1.9253345|1395861616381
ST Linear Acceleration|-0.4859637|2.0208957|1.4505318|1395861616397
ST Linear Acceleration|-0.6511941|2.151759|0.19417919|1395861616418
ST Linear Acceleration|-0.96029156|3.7162132|-0.34480888|1395861616447
ST Linear Acceleration|-0.5469383|2.8277168|-1.2375687|1395861616466
ST Linear Acceleration|-0.28465432|1.6596208|-1.297231|1395861616468
ST Linear Acceleration|0.92902946|1.1476299|-1.1636847|1395861616506
ST Linear Acceleration|0.5476856|0.8334328|0.48261768|1395861616526
ST Linear Acceleration|0.42976832|0.4978636|0.47146177|1395861616527
ST Linear Acceleration|-0.18243875|0.7167254|1.8619151|1395861616548
ST Linear Acceleration|-1.715822|2.611039|1.8231641|1395861616586
ST Linear Acceleration|-1.4762841|1.976121|1.3311111|1395861616606
ST Linear Acceleration|-1.3638564|1.6800922|1.1102179|1395861616626
ST Linear Acceleration|-0.9506886|1.1356605|0.6621978|1395861616627
ST Linear Acceleration|-0.55972385|2.8208861|0.4821578|1395861616667
ST Linear Acceleration|-0.27593115|2.3300679|0.25907764|1395861616687
ST Linear Acceleration|-0.04384455|1.4235213|0.14456746|1395861616707
ST Linear Acceleration|0.32017186|0.30641046|0.12080256|1395861616726
ST Linear Acceleration|0.30425036|-0.071951136|-0.2824632|1395861616747
ST Linear Acceleration|0.30960986|-0.38809332|-0.616739|1395861616767
ST Linear Acceleration|0.32128817|-0.6966741|-0.87000734|1395861616787
ST Linear Acceleration|0.7761465|-1.838039|-1.7836697|1395861616806
ST Linear Acceleration|1.0106777|-2.4375825|-1.9153564|1395861616827
ST Linear Acceleration|2.0255063|-5.2875695|-3.015454|1395861616846
ST Linear Acceleration|1.9224367|-3.9301882|-2.467596|1395861616868
ST Linear Acceleration|1.807143|-5.0991435|-1.7947263|1395861616887
ST Linear Acceleration|1.3865837|-4.9059453|-0.8550442|1395861616906
ST Linear Acceleration|0.94895273|-6.039939|0.12982976|1395861616927
ST Linear Acceleration|0.6569205|-5.7363806|0.49431032|1395861616948
ST Linear Acceleration|0.37918434|-4.980377|0.55487835|1395861616967
ST Linear Acceleration|0.15689196|-3.8542666|0.47876006|1395861616987
ST Linear Acceleration|0.052121088|-3.121357|-0.045279514|1395861617007
ST Linear Acceleration|-0.009663462|-1.7365164|-0.44753984|1395861617026
ST Linear Acceleration|-0.06364508|-0.6532395|-0.7119701|1395861617047
ST Linear Acceleration|-0.22904082|0.31243163|-0.862899|1395861617067
ST Linear Acceleration|-0.15691783|1.3606571|-0.8975382|1395861617087
ST Linear Acceleration|-0.10235563|1.5457933|-0.82508093|1395861617107
ST Linear Acceleration|-0.13533114|1.6323593|-0.5445608|1395861617127
ST Linear Acceleration|-0.4302236|1.7448767|-0.092662066|1395861617147
ST Linear Acceleration|-1.7029744|2.6063492|0.9143739|1395861617166
ST Linear Acceleration|-1.8181396|4.3160715|2.0909433|1395861617187
ST Linear Acceleration|-2.5070024|6.742505|2.3834069|1395861617207
ST Linear Acceleration|-3.674676|12.2980995|1.2831094|1395861617227
ST Linear Acceleration|0.25610673|4.06588|0.9490909|1395861617247
ST Linear Acceleration|2.2357395|-0.17934015|0.88192064|1395861617267
ST Linear Acceleration|2.7089539|2.459332|2.0451295|1395861617289
ST Linear Acceleration|1.6306872|3.474975|2.2634487|1395861617310
ST Linear Acceleration|-2.1514041|3.5623488|1.4459459|1395861617328
ST Linear Acceleration|-4.2194343|5.056092|1.1747227|1395861617350
ST Linear Acceleration|-4.6813293|3.5104012|0.9499974|1395861617369
ST Linear Acceleration|-2.705467|0.72694534|2.178526|1395861617395
ST Linear Acceleration|-0.3769804|0.18481998|1.0397424|1395861617409
ST Linear Acceleration|2.164434|-0.8108231|-0.30648237|1395861617429
ST Linear Acceleration|2.6395755|-1.7255291|-1.3973695|1395861617449
ST Linear Acceleration|2.0397923|-2.1937938|-1.7426252|1395861617469
ST Linear Acceleration|1.5334903|-1.8048744|-1.6715982|1395861617488
ST Linear Acceleration|1.01487|-2.1706157|-1.544959|1395861617508
ST Linear Acceleration|0.58371454|-2.8274915|-1.4163046|1395861617528
ST Linear Acceleration|0.71646595|-3.7303655|-1.6448523|1395861617548
ST Linear Acceleration|1.3350459|-4.1627116|-2.079606|1395861617568
ST Linear Acceleration|1.3251162|-5.591221|-1.7498162|1395861617588
ST Linear Acceleration|1.1034774|-5.265627|-1.0450879|1395861617608
ST Linear Acceleration|0.81661934|-4.7736263|-0.46975657|1395861617627
ST Linear Acceleration|0.6942948|-5.653407|-0.4511722|1395861617647
ST Linear Acceleration|0.29376638|-4.4004574|-0.11003767|1395861617667
ST Linear Acceleration|0.066185564|-3.2371502|0.011728871|1395861617688
ST Linear Acceleration|-0.07749314|-2.4176164|-0.03709847|1395861617707
ST Linear Acceleration|-0.30974063|-2.1356888|-0.34165737|1395861617728
ST Linear Acceleration|-0.25422934|-1.5934827|-0.45067653|1395861617748
ST Linear Acceleration|-0.1160539|-0.73629534|-0.3334631|1395861617767
ST Linear Acceleration|0.09175182|0.22419104|-0.18734154|1395861617788
ST Linear Acceleration|0.4755971|1.3091373|-0.14440708|1395861617808
ST Linear Acceleration|0.6033676|1.3957635|-0.06317242|1395861617828
ST Linear Acceleration|0.6293436|1.4011744|-0.22043622|1395861617848
ST Linear Acceleration|0.5796762|1.1884043|-0.4353978|1395861617867
ST Linear Acceleration|0.049563218|1.7894355|-0.0035706982|1395861617888
ST Linear Acceleration|-0.46543446|2.5959482|1.1983348|1395861617907
ST Linear Acceleration|-1.0140412|4.4678407|2.9776566|1395861617928
ST Linear Acceleration|-2.0642152|9.23998|3.5923223|1395861617948
ST Linear Acceleration|-3.3255181|11.064989|-0.76096684|1395861617967
ST Linear Acceleration|-0.25230235|-4.7212615|-2.6683033|1395861617988
ST Linear Acceleration|2.2778356|0.23167233|2.2312465|1395861618007
ST Linear Acceleration|1.3538129|6.090146|3.433715|1395861618028
ST Linear Acceleration|-3.960543|5.78975|3.0193238|1395861618048
ST Linear Acceleration|-4.876921|4.857963|0.690024|1395861618068
ST Linear Acceleration|-4.8519554|3.3183875|0.577583|1395861618088
ST Linear Acceleration|-0.981896|-1.5305169|0.8920377|1395861618109
ST Linear Acceleration|1.8809123|-0.8802789|0.575854|1395861618129
ST Linear Acceleration|3.4812777|0.03904314|0.073224224|1395861618150
ST Linear Acceleration|3.9691083|-0.019054245|-1.4901193|1395861618169
ST Linear Acceleration|2.4914603|-1.0235668|-2.6429348|1395861618190
ST Linear Acceleration|1.094483|-1.3155279|-1.6023362|1395861618209
ST Linear Acceleration|0.111254096|-1.4245032|-1.1793904|1395861618229
ST Linear Acceleration|-0.13682161|-1.8458898|-1.610198|1395861618251
ST Linear Acceleration|0.4878803|-4.4077845|-2.1691322|1395861618269
ST Linear Acceleration|0.831726|-4.962765|-1.6170255|1395861618290
ST Linear Acceleration|0.87160677|-5.147155|-0.91167325|1395861618309
ST Linear Acceleration|0.62197816|-4.827047|-0.17800441|1395861618329
ST Linear Acceleration|0.30500016|-5.986956|0.1721557|1395861618352
ST Linear Acceleration|0.12680516|-4.78843|0.36552|1395861618369
ST Linear Acceleration|0.2123717|-3.844313|0.27616984|1395861618389
ST Linear Acceleration|0.22515623|-2.9809892|0.11411515|1395861618409
ST Linear Acceleration|0.2349458|-2.2812054|-0.6729398|1395861618449
ST Linear Acceleration|0.16054143|-1.4387562|-0.5424972|1395861618449
ST Linear Acceleration|0.07448928|-0.6780676|-0.50008214|1395861618469
ST Linear Acceleration|0.12131693|0.03883096|-0.38481662|1395861618490
ST Linear Acceleration|0.7460513|1.7606057|-0.60161465|1395861618529
ST Linear Acceleration|0.61289036|1.7962809|-0.48829338|1395861618555
ST Linear Acceleration|0.48182768|1.3959371|-0.4804377|1395861618557
ST Linear Acceleration|0.3391136|1.244308|-0.32821885|1395861618569
ST Linear Acceleration|-0.36973056|1.4636861|0.39351168|1395861618589
ST Linear Acceleration|-0.9940029|4.0222383|1.5314587|1395861618629
ST Linear Acceleration|-1.8418839|6.827484|3.4713223|1395861618649
ST Linear Acceleration|-1.3765435|5.5778127|2.4460733|1395861618650
ST Linear Acceleration|-4.99573|12.597695|4.0570374|1395861618670
ST Linear Acceleration|0.6301108|-4.0885773|-0.32140958|1395861618709
ST Linear Acceleration|1.2446742|0.3351894|1.7999377|1395861618729
ST Linear Acceleration|-1.3543352|7.0675745|4.0384564|1395861618752
ST Linear Acceleration|-0.8750977|5.4749503|3.2968678|1395861618752
ST Linear Acceleration|-1.4246129|5.16065|-0.18638942|1395861618790
ST Linear Acceleration|-1.8592762|3.1431468|0.89782506|1395861618810
ST Linear Acceleration|-0.43063217|-0.4259908|2.0128405|1395861618829
ST Linear Acceleration|1.3488182|-1.0728654|1.3072119|1395861618850
ST Linear Acceleration|1.1895772|-0.856957|1.4040724|1395861618850
ST Linear Acceleration|1.6444533|-0.41625616|-1.5781478|1395861618891
ST Linear Acceleration|0.9476868|-0.5192174|-3.4880764|1395861618910
ST Linear Acceleration|0.40349576|-0.9643758|-2.5293496|1395861618930
ST Linear Acceleration|0.23089477|-1.7326579|-1.500262|1395861618953
ST Linear Acceleration|0.53734034|-2.4867642|-1.0812471|1395861618969
ST Linear Acceleration|1.3247033|-4.0150113|-1.8869321|1395861618989
ST Linear Acceleration|1.362064|-4.3312945|-2.2304697|1395861619008
ST Linear Acceleration|1.0487611|-3.77286|-2.4634202|1395861619028
ST Linear Acceleration|1.5344658|-6.851383|-2.21931|1395861619054
ST Linear Acceleration|1.088489|-5.2672653|-1.3427697|1395861619053
ST Linear Acceleration|0.5281667|-6.1025066|-0.11797544|1395861619087
ST Linear Acceleration|0.36507937|-5.3990254|0.59083873|1395861619108
ST Linear Acceleration|0.27577728|-4.6095133|0.7971869|1395861619128
ST Linear Acceleration|0.61603934|-4.5632586|0.6118225|1395861619150
ST Linear Acceleration|0.70778924|-3.7419999|0.3583448|1395861619167
ST Linear Acceleration|0.47300273|-2.3525603|0.07160042|1395861619188
ST Linear Acceleration|0.25470543|-1.1543969|0.014426238|1395861619211
ST Linear Acceleration|0.41687664|0.14573534|-0.15899141|1395861619228
ST Linear Acceleration|0.5840331|1.0447114|-0.47593227|1395861619249
ST Linear Acceleration|0.6800342|1.3870986|-0.9269912|1395861619268
ST Linear Acceleration|0.58021283|1.6526749|-0.9659497|1395861619289
ST Linear Acceleration|-0.25059593|3.7405941|-0.16866906|1395861619308
ST Linear Acceleration|-0.90698713|4.5530634|0.333083|1395861619329
ST Linear Acceleration|-1.0948286|5.2409635|2.0818076|1395861619352
ST Linear Acceleration|-3.073859|8.634278|3.1791024|1395861619368
ST Linear Acceleration|-8.537128|13.983621|-0.6861723|1395861619390
ST Linear Acceleration|-1.8548734|-3.0381806|-0.15752561|1395861619410
ST Linear Acceleration|2.334618|-5.999919|1.4337872|1395861619434
ST Linear Acceleration|2.868834|4.5339136|3.7751079|1395861619449
ST Linear Acceleration|1.1842165|7.6341963|4.403414|1395861619469
ST Linear Acceleration|-0.7905744|3.774172|0.70733285|1395861619490
ST Linear Acceleration|-1.8627408|4.1077847|-0.44390404|1395861619509
ST Linear Acceleration|-3.4056275|4.375543|0.8085639|1395861619528
ST Linear Acceleration|-1.7309333|2.757077|1.3692385|1395861619552
ST Linear Acceleration|0.36155894|1.4736972|1.0362068|1395861619569
ST Linear Acceleration|1.1212033|0.45193306|0.14698564|1395861619589
ST Linear Acceleration|0.7099968|-0.5121289|-1.7644571|1395861619612
ST Linear Acceleration|0.6539654|-1.683084|-1.6762694|1395861619628
ST Linear Acceleration|0.5552859|-2.4554636|-0.9940695|1395861619649
ST Linear Acceleration|0.7646005|-3.1280653|-0.6542209|1395861619668
ST Linear Acceleration|1.2150317|-3.4552195|-0.65742964|1395861619688
ST Linear Acceleration|2.032732|-5.1082397|-2.5233734|1395861619708
ST Linear Acceleration|1.5478137|-3.3318057|-2.5378017|1395861619728
ST Linear Acceleration|1.3441873|-4.118782|-2.3608613|1395861619749
ST Linear Acceleration|1.0960022|-4.3229494|-1.8777833|1395861619768
ST Linear Acceleration|0.69158715|-5.207578|-0.54362625|1395861619793
ST Linear Acceleration|0.64315397|-4.6900787|0.36876413|1395861619808
ST Linear Acceleration|0.6901593|-4.1764407|0.65725654|1395861619828
ST Linear Acceleration|0.5380418|-3.7524686|0.71724725|1395861619848
ST Linear Acceleration|0.64592385|-5.7264566|0.70286304|1395861619868
ST Linear Acceleration|0.5746595|-3.547614|0.19214849|1395861619887
ST Linear Acceleration|0.13017683|-1.2532395|-0.17605814|1395861619907
ST Linear Acceleration|-0.1562823|0.3740157|-0.46844327|1395861619928
ST Linear Acceleration|0.018188275|1.4976013|-0.738666|1395861619949
ST Linear Acceleration|0.03468845|1.9102936|-0.89781743|1395861619968
ST Linear Acceleration|-0.07122604|1.7620202|-0.9691496|1395861619988
ST Linear Acceleration|-0.007523966|1.5947272|-0.79290223|1395861620008
ST Linear Acceleration|-0.3352214|2.9661288|0.0894507|1395861620028
ST Linear Acceleration|-1.0179057|3.8322237|1.0799669|1395861620049
ST Linear Acceleration|-2.1424084|5.4601736|2.136923|1395861620067
ST Linear Acceleration|-3.958205|10.57435|1.3314998|1395861620088
ST Linear Acceleration|-3.4070344|9.104443|1.4384198|1395861620107
ST Linear Acceleration|2.8642638|-6.7839518|-1.298009|1395861620128
ST Linear Acceleration|3.5540173|-2.8049984|-0.14922069|1395861620149
ST Linear Acceleration|1.1771758|4.1951222|1.9037808|1395861620167
ST Linear Acceleration|-3.4085994|7.2282686|2.3740835|1395861620188
ST Linear Acceleration|-4.115538|5.2588925|-0.41682446|1395861620208
ST Linear Acceleration|-2.8562748|2.7283757|-0.02619345|1395861620227
ST Linear Acceleration|-1.5807234|1.1479928|2.3478029|1395861620247
ST Linear Acceleration|-0.051816404|1.2579268|4.045718|1395861620268
ST Linear Acceleration|1.0897868|0.24415421|2.7999623|1395861620291
ST Linear Acceleration|0.92640495|-0.20084289|0.11516309|1395861620309
ST Linear Acceleration|0.22256255|-0.20632279|-1.4609637|1395861620329
ST Linear Acceleration|-0.27763796|0.21036944|-1.932568|1395861620357
ST Linear Acceleration|-0.22921968|0.2877391|-1.4138895|1395861620378
ST Linear Acceleration|0.05578414|-0.55052143|-0.73531455|1395861620399
ST Linear Acceleration|0.6893226|-1.8006588|-0.6140572|1395861620418
ST Linear Acceleration|1.985096|-4.3631163|-1.8757364|1395861620437
ST Linear Acceleration|2.1035414|-5.7189574|-2.1640697|1395861620458
ST Linear Acceleration|1.4472748|-4.429441|-1.9191867|1395861620478
ST Linear Acceleration|0.7279026|-2.7426312|-1.6167208|1395861620501
ST Linear Acceleration|1.3079414|-5.4680533|-1.6712791|1395861620517
ST Linear Acceleration|0.89783245|-4.9123383|-0.6987062|1395861620538
ST Linear Acceleration|0.68235725|-4.7213426|-0.14024094|1395861620557
ST Linear Acceleration|0.5484417|-4.8506045|0.06395364|1395861620577
ST Linear Acceleration|0.49179414|-5.194192|-0.0033888388|1395861620597
ST Linear Acceleration|0.54385084|-3.8115451|0.06508367|1395861620617
ST Linear Acceleration|1.0351945|-2.9497418|-0.34709042|1395861620647
ST Linear Acceleration|0.6209243|-1.1999978|-0.74336296|1395861620667
ST Linear Acceleration|0.44763565|-0.5356944|-0.66426075|1395861620668
ST Linear Acceleration|0.61838704|0.9785002|-1.1437538|1395861620706
ST Linear Acceleration|0.7753335|1.1466824|-1.3250782|1395861620727
ST Linear Acceleration|0.6548893|2.03105|-0.24968846|1395861620747
ST Linear Acceleration|0.17846623|2.5636804|0.60984296|1395861620777
ST Linear Acceleration|0.15281068|2.0226936|0.41984746|1395861620777
ST Linear Acceleration|-0.69010085|2.7942607|1.3248167|1395861620797
ST Linear Acceleration|-1.3933128|3.6132205|2.1733572|1395861620817
ST Linear Acceleration|-4.241654|10.701685|4.1952424|1395861620837
ST Linear Acceleration|-5.9589777|12.59754|1.6720649|1395861620857
ST Linear Acceleration|-3.554382|8.429003|-4.1036005|1395861620877
ST Linear Acceleration|3.7537084|1.8986931|3.3633397|1395861620907
ST Linear Acceleration|0.22273675|3.1651106|4.3914433|1395861620927
ST Linear Acceleration|-1.6489918|3.064328|3.079165|1395861620947
ST Linear Acceleration|-2.864456|1.6632348|-0.09652999|1395861620967
ST Linear Acceleration|-5.4442964|0.7508628|0.6043287|1395861620986
ST Linear Acceleration|-3.7238061|0.32281098|0.4249597|1395861621007
ST Linear Acceleration|-0.22231326|-1.0178912|0.47398704|1395861621026
ST Linear Acceleration|2.4063075|-1.2034628|0.5743717|1395861621047
ST Linear Acceleration|3.6723478|0.63460785|-1.8245828|1395861621067
ST Linear Acceleration|3.7370987|0.6770646|-2.5297205|1395861621087
ST Linear Acceleration|2.4487698|0.16471593|-1.8391935|1395861621107
ST Linear Acceleration|0.90772057|-0.5515771|-0.9290008|1395861621127
ST Linear Acceleration|0.83869225|-3.3003743|-1.2468548|1395861621148
ST Linear Acceleration|0.7068248|-4.07418|-1.5114523|1395861621167
ST Linear Acceleration|0.9844477|-6.4816446|-2.519589|1395861621186
ST Linear Acceleration|0.64373124|-4.648882|-2.0765386|1395861621207
ST Linear Acceleration|0.6885852|-7.0178685|-1.7617826|1395861621227
ST Linear Acceleration|0.17746578|-6.610753|-0.45964077|1395861621247
ST Linear Acceleration|-0.113758996|-6.044057|0.293364|1395861621267
ST Linear Acceleration|-0.123934574|-5.706417|0.556888|1395861621288
ST Linear Acceleration|0.5637976|-8.050238|0.49422118|1395861621307
ST Linear Acceleration|1.2905947|-6.271334|-0.0017540406|1395861621327
ST Linear Acceleration|1.3736422|-3.2756712|-0.70533705|1395861621348
ST Linear Acceleration|0.9650611|-1.6182079|-0.64810157|1395861621367
ST Linear Acceleration|0.39095938|0.6461188|-1.3999139|1395861621386
ST Linear Acceleration|0.2502271|1.8238089|-1.1004429|1395861621406
ST Linear Acceleration|0.6995847|2.6898015|-0.5279412|1395861621426
ST Linear Acceleration|0.7587658|2.8112605|-0.27382016|1395861621447
ST Linear Acceleration|0.46752167|3.0240042|0.17527387|1395861621467
ST Linear Acceleration|-0.002590309|3.6112592|0.40541327|1395861621487
ST Linear Acceleration|-0.7387321|6.39372|1.2301666|1395861621507
ST Linear Acceleration|-1.3635405|7.149417|1.658023|1395861621527
ST Linear Acceleration|-2.0342155|10.280216|0.39012292|1395861621548
ST Linear Acceleration|-2.9980538|10.71521|-0.57643896|1395861621567
ST Linear Acceleration|-1.948113|-4.371633|-1.8607458|1395861621587
ST Linear Acceleration|2.1746254|-7.1510696|0.30488303|1395861621607
ST Linear Acceleration|1.5200602|-0.45977178|3.404463|1395861621627
ST Linear Acceleration|0.0751661|3.3231268|5.5905437|1395861621646
ST Linear Acceleration|-3.0327919|5.2275395|2.2240014|1395861621669
ST Linear Acceleration|-3.391762|4.6761956|0.8337702|1395861621687
ST Linear Acceleration|-3.0128486|3.9962978|0.061986208|1395861621707
ST Linear Acceleration|-1.94918|2.41097|0.634526|1395861621727
ST Linear Acceleration|-1.2512661|0.05547113|1.7791783|1395861621747
ST Linear Acceleration|0.32045916|-0.68493223|0.7406825|1395861621767
ST Linear Acceleration|1.0153347|0.09203005|-0.8956255|1395861621797
ST Linear Acceleration|1.3125951|-0.94307053|-0.6137892|1395861621816
ST Linear Acceleration|1.2695397|-1.209906|-0.6476918|1395861621837
ST Linear Acceleration|1.2738346|-1.5912621|-1.0801383|1395861621856
ST Linear Acceleration|1.3465669|-2.3642368|-1.6241193|1395861621878
ST Linear Acceleration|1.6995625|-4.257062|-3.8098018|1395861621897
ST Linear Acceleration|1.5850853|-4.899903|-3.806684|1395861621917
ST Linear Acceleration|1.2095723|-3.470035|-2.868131|1395861621936
ST Linear Acceleration|1.391009|-4.833094|-1.7214463|1395861621958
ST Linear Acceleration|1.399127|-6.451793|-0.42228395|1395861621977
ST Linear Acceleration|1.3435205|-6.2715693|0.35806203|1395861621997
ST Linear Acceleration|1.2682325|-5.636555|0.71915007|1395861622016
ST Linear Acceleration|0.89668727|-5.17634|0.68572456|1395861622037
ST Linear Acceleration|0.4894161|-5.7157035|0.35391513|1395861622057
ST Linear Acceleration|0.46082625|-3.7967668|-0.09755086|1395861622077
ST Linear Acceleration|0.1845207|-2.5183856|-0.47908825|1395861622097
ST Linear Acceleration|-0.54467434|-1.1180477|-0.6453106|1395861622117
ST Linear Acceleration|-1.1005422|0.84617025|-0.44020754|1395861622138
ST Linear Acceleration|-0.18438962|1.7804525|-0.5151888|1395861622158
ST Linear Acceleration|0.5269037|2.2324235|-0.5350067|1395861622178
ST Linear Acceleration|0.7054469|2.6856935|-0.58044875|1395861622197
ST Linear Acceleration|1.009471|4.449187|-1.1038158|1395861622222
ST Linear Acceleration|0.68655485|5.0949802|0.44277856|1395861622237
ST Linear Acceleration|-0.7896638|5.1692286|1.6088555|1395861622258
ST Linear Acceleration|-1.084851|6.073168|2.5359285|1395861622277
ST Linear Acceleration|-7.6713333|13.97841|8.245974|1395861622297
ST Linear Acceleration|-5.5242786|8.785384|3.6485045|1395861622317
ST Linear Acceleration|1.8713013|-3.85088|-2.3530214|1395861622337
ST Linear Acceleration|3.2825105|-5.9344625|-1.8661729|1395861622359
ST Linear Acceleration|-1.1085863|4.4530163|1.8598294|1395861622377
ST Linear Acceleration|-1.5686337|5.772508|-0.33726943|1395861622397
ST Linear Acceleration|-3.7991798|5.627989|-0.75193655|1395861622417
ST Linear Acceleration|-5.4369984|4.360916|-1.0463997|1395861622437
ST Linear Acceleration|-2.7949958|-0.5936907|3.8068953|1395861622458
ST Linear Acceleration|-0.43068507|-3.0622787|3.5173657|1395861622478
ST Linear Acceleration|2.29406|-2.3006496|3.1780765|1395861622497
ST Linear Acceleration|3.991319|-0.7208616|2.463615|1395861622518
ST Linear Acceleration|5.5091214|0.6531214|-0.9426924|1395861622537
ST Linear Acceleration|3.4745784|1.0226889|-3.0714078|1395861622559
ST Linear Acceleration|1.3437269|0.61346275|-2.6803942|1395861622577
ST Linear Acceleration|-0.07411475|0.32712474|-2.1413434|1395861622596
ST Linear Acceleration|-0.99283344|-2.2038188|-3.0166006|1395861622617
ST Linear Acceleration|-0.7572781|-4.094126|-1.6920692|1395861622637
ST Linear Acceleration|0.14434798|-4.956677|-1.0483197|1395861622657
ST Linear Acceleration|0.50468457|-3.4366057|-0.5247733|1395861622677
ST Linear Acceleration|1.7244724|-6.8138437|-1.7037662|1395861622697
ST Linear Acceleration|1.4048549|-5.6611924|-1.096829|1395861622717
ST Linear Acceleration|0.851865|-4.8144|-0.7286977|1395861622737
ST Linear Acceleration|0.40490532|-4.368837|-0.47814417|1395861622759
ST Linear Acceleration|0.19272242|-5.3211493|-0.439823|1395861622777
ST Linear Acceleration|0.10818551|-5.5026126|-0.24686727|1395861622797
ST Linear Acceleration|0.41979676|-4.8835344|-0.47462434|1395861622817
ST Linear Acceleration|0.14848259|-2.1014123|-0.45540714|1395861622838
ST Linear Acceleration|0.18209523|1.9602678|-0.042060442|1395861622858
ST Linear Acceleration|0.6516938|2.4829497|0.025677755|1395861622877
ST Linear Acceleration|0.87904453|2.5338755|-0.119933665|1395861622898
ST Linear Acceleration|1.0159957|2.1750937|-0.47922847|1395861622918
ST Linear Acceleration|0.7678946|2.7403076|-0.14264643|1395861622937
ST Linear Acceleration|0.24747722|2.718968|0.49253365|1395861622958
ST Linear Acceleration|-0.38884795|3.2273407|0.83128905|1395861622978
ST Linear Acceleration|-1.2394599|4.488882|2.136365|1395861622997
ST Linear Acceleration|-2.836844|13.596785|3.4888406|1395861623017
ST Linear Acceleration|-7.2829747|10.894012|2.7162127|1395861623042
ST Linear Acceleration|-2.626089|-1.0144714|-1.6656016|1395861623057
ST Linear Acceleration|3.7466252|-8.2108345|1.1719593|1395861623077
ST Linear Acceleration|-1.2306849|3.3756976|3.2897592|1395861623098
ST Linear Acceleration|-2.1672683|3.6178975|1.6309268|1395861623118
ST Linear Acceleration|-2.9085295|5.615807|0.46692047|1395861623138
ST Linear Acceleration|-4.049697|4.6394367|-0.4869848|1395861623159
ST Linear Acceleration|-0.69276834|1.3757336|0.6203209|1395861623178
ST Linear Acceleration|1.4478011|-0.9416864|1.235788|1395861623197
ST Linear Acceleration|2.9220273|-1.1409254|1.1285522|1395861623217
ST Linear Acceleration|3.345832|-0.945124|0.28513855|1395861623237
ST Linear Acceleration|2.1028173|-0.5752029|0.08195523|1395861623257
ST Linear Acceleration|0.9512952|-1.1505075|-1.9143975|1395861623278
ST Linear Acceleration|-0.64902216|-0.80704355|-2.2395375|1395861623297
ST Linear Acceleration|-0.9095396|-1.288537|-1.7398552|1395861623318
ST Linear Acceleration|-0.4565148|-1.9686539|-1.5477017|1395861623337
ST Linear Acceleration|0.3795327|-2.4505665|-1.4485432|1395861623359
ST Linear Acceleration|2.18378|-3.7680044|-2.569313|1395861623396
ST Linear Acceleration|1.7338006|-2.892468|-1.6032702|1395861623397
ST Linear Acceleration|1.6106948|-4.3731112|-1.1424338|1395861623418
ST Linear Acceleration|0.9703053|-4.1892023|-0.31071636|1395861623438
ST Linear Acceleration|0.3092983|-6.4778895|0.32339415|1395861623477
ST Linear Acceleration|0.27377135|-5.808041|0.54012054|1395861623497
ST Linear Acceleration|0.10733166|-4.1367016|0.5561772|1395861623498
ST Linear Acceleration|0.20356867|-3.7507484|0.454035|1395861623517
ST Linear Acceleration|0.033246145|-3.0284255|-0.6304551|1395861623557
ST Linear Acceleration|-0.20307957|-1.6662849|-0.8070352|1395861623576
ST Linear Acceleration|0.03875687|-0.4685025|-0.8022293|1395861623596
ST Linear Acceleration|0.04079963|-0.08510171|-0.7231474|1395861623597
ST Linear Acceleration|1.7572105|1.6779133|-1.2242181|1395861623637
ST Linear Acceleration|1.4278024|2.1469266|-0.5196113|1395861623657
ST Linear Acceleration|0.86807525|2.9999886|0.25108868|1395861623677
ST Linear Acceleration|-0.600496|5.3115444|1.1267728|1395861623697
ST Linear Acceleration|-0.64928985|4.227878|0.8273016|1395861623699
ST Linear Acceleration|-2.5473435|7.347781|4.414185|1395861623737
ST Linear Acceleration|-5.2853107|13.767658|2.6928697|1395861623757
ST Linear Acceleration|-6.3241715|2.502934|-1.943996|1395861623779
ST Linear Acceleration|1.99474|-12.567412|-1.6045965|1395861623796
ST Linear Acceleration|1.7359331|2.233614|4.0167675|1395861623818
ST Linear Acceleration|-0.73159623|8.383659|6.356173|1395861623836
ST Linear Acceleration|-2.8075798|7.1610427|0.542562|1395861623857
ST Linear Acceleration|-1.2991493|6.926963|-0.6378522|1395861623877
ST Linear Acceleration|-2.4502478|5.575836|0.23298839|1395861623897
ST Linear Acceleration|-2.384097|1.5136498|1.5641114|1395861623918
ST Linear Acceleration|1.3762548|-1.9249452|2.3715234|1395861623939
ST Linear Acceleration|1.3998584|-1.160173|1.3994237|1395861623964
ST Linear Acceleration|0.33709788|-0.2049743|-2.2047193|1395861623989
ST Linear Acceleration|0.2734779|-0.03320669|-2.185106|1395861623995
ST Linear Acceleration|0.461924|-0.1343623|-2.236117|1395861624020
ST Linear Acceleration|0.36559537|-1.21567|-1.2186028|1395861624040
ST Linear Acceleration|1.1228703|-2.5012884|-0.6634201|1395861624059
ST Linear Acceleration|1.5177277|-3.4044337|-0.87165076|1395861624081
ST Linear Acceleration|1.9231272|-5.776673|-2.7192204|1395861624105
ST Linear Acceleration|1.4618108|-4.4691806|-2.5995636|1395861624117
ST Linear Acceleration|1.6272464|-5.069736|-2.3203487|1395861624146
ST Linear Acceleration|1.4479358|-5.1516347|-1.5651164|1395861624148
ST Linear Acceleration|1.0534825|-6.0270452|-0.55677617|1395861624174
ST Linear Acceleration|0.6858645|-5.115699|0.08008454|1395861624195
ST Linear Acceleration|0.6918936|-4.98322|0.24926265|1395861624215
ST Linear Acceleration|0.69086266|-4.2766395|0.23257622|1395861624229
ST Linear Acceleration|0.99183124|-3.3967187|-0.1650391|1395861624250
ST Linear Acceleration|0.67460096|-2.0554|-0.5500937|1395861624270
ST Linear Acceleration|0.30180472|-0.9595944|-0.7290017|1395861624290
ST Linear Acceleration|0.1659009|-0.23973581|-0.7938535|1395861624316
ST Linear Acceleration|1.0140116|0.9489199|-0.767251|1395861624344
ST Linear Acceleration|1.1795809|1.2239304|-0.6590771|1395861624364
ST Linear Acceleration|0.49717152|2.460331|0.052120063|1395861624390
ST Linear Acceleration|0.35707918|1.8417233|-0.077832595|1395861624391
ST Linear Acceleration|-0.5973638|3.6607945|0.6150886|1395861624415
ST Linear Acceleration|-0.96688396|4.4967766|0.87060475|1395861624445
ST Linear Acceleration|-3.5959787|10.355273|5.221347|1395861624468
ST Linear Acceleration|-2.5343814|7.643787|3.4913309|1395861624470
ST Linear Acceleration|-2.0443342|-2.4731426|-1.6866238|1395861624512
ST Linear Acceleration|-1.3525158|-3.0401955|-1.9410906|1395861624514
ST Linear Acceleration|2.541901|-2.3822424|3.3307323|1395861624529
ST Linear Acceleration|1.0750049|3.6313956|5.3510795|1395861624549
ST Linear Acceleration|-3.5184703|6.2811484|2.646157|1395861624587
ST Linear Acceleration|-4.83387|7.0872393|1.3572057|1395861624614
ST Linear Acceleration|-4.0001717|5.0174665|0.16462709|1395861624615
ST Linear Acceleration|-1.6177374|1.2820412|-0.90001994|1395861624635
ST Linear Acceleration|1.9889007|-0.23801148|1.0228759|1395861624655
ST Linear Acceleration|2.9586647|-0.7549334|0.40718147|1395861624687
ST Linear Acceleration|1.7122827|-1.6739457|-1.0605084|1395861624711
ST Linear Acceleration|0.98178226|-1.2317888|-0.87266606|1395861624715
ST Linear Acceleration|-0.5367855|-0.98357385|-0.9605144|1395861624729
ST Linear Acceleration|-0.14346841|-1.890832|-1.994916|1395861624767
ST Linear Acceleration|1.5581536|-4.189511|-3.6041548|1395861624792
ST Linear Acceleration|2.0579388|-4.414673|-3.4252825|1395861624810
ST Linear Acceleration|1.7264719|-3.57087|-2.432431|1395861624810
ST Linear Acceleration|1.5752991|-2.974775|-1.8509877|1395861624831
ST Linear Acceleration|1.8933585|-4.505116|-2.038155|1395861624872
ST Linear Acceleration|1.0564225|-2.8515162|-0.73383355|1395861624874
ST Linear Acceleration|1.571932|-4.620653|-0.10002792|1395861624913
ST Linear Acceleration|1.1372845|-3.565111|0.276221|1395861624914
ST Linear Acceleration|1.3186054|-6.0783496|0.9294312|1395861624949
ST Linear Acceleration|0.85188526|-5.780719|0.8219718|1395861624974
ST Linear Acceleration|0.69046825|-5.3359814|0.39410257|1395861624988
ST Linear Acceleration|0.44146892|-3.9390907|-0.62687415|1395861625008
ST Linear Acceleration|0.062116265|-2.2709494|-0.9492316|1395861625026
ST Linear Acceleration|-0.43311816|-0.2043886|-0.8944181|1395861625052
ST Linear Acceleration|-0.3911954|1.0103215|-0.5649681|1395861625075
ST Linear Acceleration|0.0027680034|1.9840404|-0.41509283|1395861625098
ST Linear Acceleration|0.15980127|3.5254865|-0.36060134|1395861625105
ST Linear Acceleration|0.28568888|2.7275827|-0.42189813|1395861625124
ST Linear Acceleration|0.18146014|4.0915775|-0.51304334|1395861625140
ST Linear Acceleration|-0.23609015|3.9154055|0.36279023|1395861625159
ST Linear Acceleration|-1.413688|4.5490623|2.08066|1395861625186
ST Linear Acceleration|-3.0298736|7.509962|1.5615858|1395861625205
ST Linear Acceleration|-4.3629932|11.057881|-1.159667|1395861625221
ST Linear Acceleration|-0.101181895|-7.6680226|-0.92632604|1395861625241
ST Linear Acceleration|3.016979|-10.274995|0.9356534|1395861625259
ST Linear Acceleration|0.39328986|6.497743|6.3839955|1395861625284
ST Linear Acceleration|-4.9547634|6.7134647|-0.3343984|1395861625317
ST Linear Acceleration|-4.473967|6.7019205|-0.9333847|1395861625318
ST Linear Acceleration|-4.2262616|5.104822|-3.6775277|1395861625341
ST Linear Acceleration|-1.6183897|0.978831|2.4189427|1395861625368
ST Linear Acceleration|0.66859454|-0.7469202|2.990919|1395861625390
ST Linear Acceleration|2.6830223|-0.701888|2.130154|1395861625415
ST Linear Acceleration|2.2069194|-0.5452356|1.5158815|1395861625418
ST Linear Acceleration|1.8345875|-0.49860945|-0.77806294|1395861625445
ST Linear Acceleration|0.04854133|0.3783961|-2.1173043|1395861625464
ST Linear Acceleration|-0.5657564|0.7459592|-2.3425639|1395861625484
ST Linear Acceleration|-0.71825117|0.042876434|-1.8098631|1395861625502
ST Linear Acceleration|0.84733725|-1.8665146|-2.1912649|1395861625520
ST Linear Acceleration|1.8711741|-2.7459073|-1.5761393|1395861625545
ST Linear Acceleration|2.1529455|-3.3605993|-1.0192175|1395861625562
ST Linear Acceleration|1.9353422|-4.1461973|-0.79650116|1395861625579
ST Linear Acceleration|1.5421613|-7.171376|-0.8908015|1395861625625
ST Linear Acceleration|0.89035106|-5.4730544|-0.35880044|1395861625625
ST Linear Acceleration|0.57596934|-4.986131|0.0859268|1395861625640
ST Linear Acceleration|0.3832102|-4.28241|0.35319567|1395861625660
ST Linear Acceleration|1.0433373|-5.4183064|-0.24135442|1395861625705
ST Linear Acceleration|0.9331556|-3.8960552|-0.40860423|1395861625709
ST Linear Acceleration|0.76413673|-2.8363914|-0.7770835|1395861625728
ST Linear Acceleration|0.4926108|-1.196874|-0.87502927|1395861625749
ST Linear Acceleration|0.25800768|0.1713|-0.32558784|1395861625770
ST Linear Acceleration|0.15107319|1.024958|0.05781484|1395861625789
ST Linear Acceleration|0.17011634|1.5912229|0.25622854|1395861625809
ST Linear Acceleration|0.015382279|3.0085168|1.2413183|1395861625829
ST Linear Acceleration|-0.41612554|3.5215187|1.8024181|1395861625849
ST Linear Acceleration|-1.4866616|5.9671183|2.3829095|1395861625870
ST Linear Acceleration|-3.8036892|12.186571|3.459025|1395861625889
ST Linear Acceleration|-9.287012|11.892348|-6.6590734|1395861625910
ST Linear Acceleration|-0.8443372|0.94066817|-3.110451|1395861625929
ST Linear Acceleration|3.7993474|-9.9098425|-1.2954415|1395861625948
ST Linear Acceleration|3.226786|-7.4102817|-0.39831835|1395861625969
ST Linear Acceleration|-0.12293153|1.7199606|1.1325989|1395861625988
ST Linear Acceleration|-2.374101|9.946358|2.2673213|1395861626015
ST Linear Acceleration|-1.0596398|9.481997|-0.46344754|1395861626027
ST Linear Acceleration|1.4615452|2.8770616|-0.45483536|1395861626047
ST Linear Acceleration|2.8016472|-5.2877493|1.3775064|1395861626071
ST Linear Acceleration|2.232596|-5.350498|1.6366124|1395861626095
ST Linear Acceleration|0.9341866|-3.702472|1.7152617|1395861626124
ST Linear Acceleration|0.067037135|-2.1961691|1.0344085|1395861626139
ST Linear Acceleration|-0.21739371|-2.0527554|-0.34718117|1395861626164
ST Linear Acceleration|-0.98370695|-2.8365364|-2.1347797|1395861626177
ST Linear Acceleration|-0.6743831|-2.309584|-2.273606|1395861626202
ST Linear Acceleration|-0.15916714|-1.4667697|-1.8280249|1395861626216
ST Linear Acceleration|0.16064137|-0.8324682|-1.2224622|1395861626242
ST Linear Acceleration|-0.38914406|0.78562987|-0.17550278|1395861626261
ST Linear Acceleration|-0.4999469|2.003368|0.7018358|1395861626276
ST Linear Acceleration|-0.7248087|2.34259|1.1293478|1395861626302
ST Linear Acceleration|-0.34726724|2.8051603|1.3450857|1395861626318
ST Linear Acceleration|0.1153194|2.9634876|0.73005694|1395861626343
ST Linear Acceleration|0.5155226|0.3259463|-0.54070956|1395861626359
ST Linear Acceleration|0.2720802|-0.20322014|-1.1142743|1395861626379
ST Linear Acceleration|0.039665557|0.10137685|-0.9503708|1395861626398
ST Linear Acceleration|0.09273224|-0.6391759|-0.43119055|1395861626418
ST Linear Acceleration|0.14149456|-1.0577028|-0.04341595|1395861626439
ST Linear Acceleration|0.3442118|-0.070196114|0.8610587|1395861626460
ST Linear Acceleration|0.349087|-0.055822827|0.40557012|1395861626479
ST Linear Acceleration|0.44657254|-0.8431558|0.65568954|1395861626499
ST Linear Acceleration|-0.23093283|0.31081316|1.0188085|1395861626519
ST Linear Acceleration|-0.3692975|-1.3293909|0.50121266|1395861626538
ST Linear Acceleration|-0.47365502|0.761914|0.13062283|1395861626561
ST Linear Acceleration|-0.6821841|1.0641803|-0.14234106|1395861626577
ST Linear Acceleration|-0.28574345|0.27256805|-0.6981246|1395861626597
ST Linear Acceleration|-0.5034736|1.2425377|-1.1150966|1395861626618
ST Linear Acceleration|-0.37613863|0.6087442|-0.93580216|1395861626637
ST Linear Acceleration|-0.12801176|-0.50244164|-0.33349115|1395861626657
ST Linear Acceleration|-0.1647461|-0.4521787|0.19149895|1395861626678
ST Linear Acceleration|-0.05833112|-0.34492502|0.5331074|1395861626698
ST Linear Acceleration|0.100442454|-0.2585186|1.0325885|1395861626718
ST Linear Acceleration|0.16306315|-0.05210872|0.93572325|1395861626737
ST Linear Acceleration|0.13552041|0.010360706|0.51682436|1395861626757
ST Linear Acceleration|0.18490887|0.06818852|0.104563296|1395861626780
ST Linear Acceleration|0.3990238|0.20347963|-0.4840519|1395861626804
ST Linear Acceleration|0.20547107|0.13135283|-0.5180078|1395861626820
ST Linear Acceleration|0.17587723|0.114509925|-0.52319115|1395861626840
ST Linear Acceleration|0.029071286|0.04612284|-0.48761377|1395861626860
ST Linear Acceleration|-0.1823553|-0.050098896|-0.4598883|1395861626880
ST Linear Acceleration|-0.36465728|-0.14595695|0.06679321|1395861626902
ST Linear Acceleration|-0.19383235|-0.08484335|0.20606431|1395861626922
ST Linear Acceleration|0.019902222|0.0024132032|0.18177849|1395861626942
ST Linear Acceleration|0.10862096|0.04334514|0.047440346|1395861626962
ST Linear Acceleration|0.5515548|0.19632034|0.10962697|1395861626984
ST Linear Acceleration|0.013282886|0.001056085|0.13863964|1395861627003
ST Linear Acceleration|0.0032308374|-0.0030018704|0.117848344|1395861627022
ST Linear Acceleration|-0.20217562|-0.080570206|0.078964286|1395861627044
ST Linear Acceleration|-0.1939594|-0.08006252|0.1059467|1395861627064
ST Linear Acceleration|-0.07730567|-0.036395315|0.10444682|1395861627078
ST Linear Acceleration|0.026506726|0.012268115|-0.02723504|1395861627104
ST Linear Acceleration|0.0934022|0.049127594|-0.6570429|1395861627118
ST Linear Acceleration|-0.09252764|-0.021772949|-0.33165422|1395861627154
ST Linear Acceleration|0.09409303|0.041816723|0.0645375|1395861627174
ST Linear Acceleration|-0.25122085|-0.13698663|0.6965208|1395861627203
ST Linear Acceleration|-0.21208365|-0.114263125|0.6120109|1395861627205
ST Linear Acceleration|-0.003680022|-0.037318863|0.5455366|1395861627224
ST Linear Acceleration|-0.08104836|-0.024056675|0.0067212665|1395861627244
ST Linear Acceleration|0.022454664|0.03184198|-0.2796754|1395861627264
ST Linear Acceleration|-0.011813042|0.021507483|-0.37677336|1395861627285
ST Linear Acceleration|-0.04651662|0.005437981|-0.53047734|1395861627305
ST Linear Acceleration|-0.045811117|-0.0035678942|-0.30361438|1395861627324
ST Linear Acceleration|0.16154183|0.06778709|0.0027792554|1395861627343
ST Linear Acceleration|0.08503055|0.033551026|0.12353476|1395861627367
ST Linear Acceleration|0.4176579|0.15179221|0.065107994|1395861627383
ST Linear Acceleration|0.26206616|0.08326999|0.24394058|1395861627409
ST Linear Acceleration|0.28213772|0.1054578|-0.290724|1395861627435
ST Linear Acceleration|-0.32418045|-0.103758544|-0.41261563|1395861627448
ST Linear Acceleration|-0.08817429|-0.02210154|-0.19714569|1395861627475
ST Linear Acceleration|0.085475534|0.026596094|0.17285547|1395861627491
ST Linear Acceleration|0.043878835|-0.01654744|0.61508113|1395861627513
ST Linear Acceleration|0.04795445|-0.010126933|0.5255323|1395861627534
ST Linear Acceleration|-0.18393177|-0.07404227|0.27768657|1395861627550
ST Linear Acceleration|0.050973304|0.023090016|0.03214147|1395861627574
ST Linear Acceleration|-0.2156958|-0.058347944|-0.20477702|1395861627591
ST Linear Acceleration|0.043154474|0.04591925|-0.46701458|1395861627614
ST Linear Acceleration|0.20076197|0.08447019|-0.17692415|1395861627633
ST Linear Acceleration|-0.3010188|-0.097385824|-0.25203478|1395861627651
ST Linear Acceleration|-0.5363353|-0.21437278|0.0896604|1395861627672
ST Linear Acceleration|-0.41325772|0.033901714|0.33829966|1395861627692
ST Linear Acceleration|-0.33896092|-0.402412|0.557167|1395861627711
ST Linear Acceleration|-0.20759274|-0.120400615|0.36140645|1395861627732
ST Linear Acceleration|0.014457637|-0.020917153|0.2705865|1395861627753
ST Linear Acceleration|-0.05826379|0.011855474|-0.2745426|1395861627773
ST Linear Acceleration|0.05536683|0.7610772|-0.34867153|1395861627791
ST Linear Acceleration|0.44485348|0.34100413|-0.15013708|1395861627812
ST Linear Acceleration|0.24591385|-0.15641099|0.032602165|1395861627830
ST Linear Acceleration|0.14547268|0.12708427|-0.050180327|1395861627849
ST Linear Acceleration|0.553505|-0.15454094|0.22294366|1395861627868
ST Linear Acceleration|-0.26716763|-1.7560971|0.21837705|1395861627889
ST Linear Acceleration|0.25420204|-1.7503341|0.04927336|1395861627909
ST Linear Acceleration|0.37864536|-1.4121444|-0.19518304|1395861627929
ST Linear Acceleration|0.45857716|-0.4946594|-0.2706909|1395861627948
ST Linear Acceleration|-0.1586036|0.93301386|-0.5014702|1395861627969
ST Linear Acceleration|-0.3822083|2.4434793|-0.39617637|1395861627987
ST Linear Acceleration|-0.22419305|2.086879|0.36601087|1395861628009
ST Linear Acceleration|-0.25757456|1.9232572|0.35648954|1395861628029
ST Linear Acceleration|0.09683163|-0.3739614|0.06190752|1395861628048
ST Linear Acceleration|0.11285203|-0.70505387|-0.7644568|1395861628068
ST Linear Acceleration|-0.7587946|0.47213596|-0.18730906|1395861628088
ST Linear Acceleration|-0.8580158|0.71607965|-0.15981358|1395861628108
ST Linear Acceleration|0.5402167|0.76981765|0.13810273|1395861628129
ST Linear Acceleration|1.2070245|-0.7742545|0.5539957|1395861628148
ST Linear Acceleration|0.76851666|-0.49787092|0.60248697|1395861628169
ST Linear Acceleration|0.2570898|-0.52530426|0.5060602|1395861628188
ST Linear Acceleration|-0.60793734|-0.1074284|0.26398584|1395861628208
ST Linear Acceleration|-0.75209177|1.9768853|0.0063179326|1395861628227
ST Linear Acceleration|-0.72027975|0.46194518|-0.117690034|1395861628250
ST Linear Acceleration|-0.4891896|-0.490018|-0.5378329|1395861628271
ST Linear Acceleration|-1.0256953|-0.11051161|-0.47920725|1395861628287
ST Linear Acceleration|-1.3608202|0.13779695|0.022956805|1395861628311
ST Linear Acceleration|-0.74691975|0.46109834|0.55269504|1395861628331
ST Linear Acceleration|-0.7716316|0.30568668|0.26735038|1395861628348
ST Linear Acceleration|-0.9276723|0.46103376|-0.15760654|1395861628370
ST Linear Acceleration|-0.8493977|-0.7691585|-1.2152094|1395861628390
ST Linear Acceleration|-0.9526573|0.5133372|0.10250313|1395861628410
ST Linear Acceleration|-0.87748104|-0.5572484|0.13652532|1395861628433
ST Linear Acceleration|-1.10677|-0.9623804|0.01673815|1395861628453
ST Linear Acceleration|-0.7186934|-1.5075744|1.1874099|1395861628470
ST Linear Acceleration|-0.112379014|-1.7121456|1.2663512|1395861628493
ST Linear Acceleration|0.50773823|-0.9979326|1.230212|1395861628511
ST Linear Acceleration|1.0969933|-0.93268317|0.70654106|1395861628532
ST Linear Acceleration|2.3506286|0.8243619|-0.5102411|1395861628550
ST Linear Acceleration|1.5418986|0.06618461|-0.69544077|1395861628574
ST Linear Acceleration|1.2755181|0.80785894|-0.10787257|1395861628591
ST Linear Acceleration|0.7586463|-0.38639235|0.33565044|1395861628612
ST Linear Acceleration|2.6085181|0.49580193|0.2974328|1395861628651
ST Linear Acceleration|2.203429|0.3144981|0.2902754|1395861628652
ST Linear Acceleration|1.7667563|-0.04659695|0.6617539|1395861628672
ST Linear Acceleration|0.87602764|-0.49774903|1.3848807|1395861628692
ST Linear Acceleration|-0.33141983|-0.45399442|2.4545963|1395861628715
ST Linear Acceleration|0.095593445|0.41853318|1.4361349|1395861628748
ST Linear Acceleration|0.47206733|1.0352367|0.77001905|1395861628771
ST Linear Acceleration|0.6430115|0.86290556|0.0069794836|1395861628772
ST Linear Acceleration|0.43498453|0.40521112|-0.8037293|1395861628809
ST Linear Acceleration|0.6267349|0.2118376|-1.3133713|1395861628830
ST Linear Acceleration|0.700451|-0.13203347|-1.3208255|1395861628848
ST Linear Acceleration|-0.044977497|-0.9097345|-1.75577|1395861628870
ST Linear Acceleration|-0.4895099|-0.31526312|-1.711984|1395861628887
ST Linear Acceleration|-0.47589085|0.001594247|-2.2774644|1395861628910
ST Linear Acceleration|-0.2279878|0.39198944|-2.7926693|1395861628931
ST Linear Acceleration|-0.47290027|0.50519484|-2.1967804|1395861628950
ST Linear Acceleration|-0.31733283|-0.07270159|-1.9495573|1395861628951
ST Linear Acceleration|0.25783378|0.29025102|-1.846899|1395861628990
ST Linear Acceleration|0.7395511|0.011533384|-0.15359029|1395861629009
ST Linear Acceleration|6.0873275|0.9135956|-0.2363019|1395861629028
ST Linear Acceleration|-0.33951342|-3.943258|-0.5580631|1395861629050
ST Linear Acceleration|-2.7516003|-0.91473144|1.7600919|1395861629071
ST Linear Acceleration|-2.4635406|3.2595928|2.4333541|1395861629094
ST Linear Acceleration|-1.4860072|2.7041416|0.12123291|1395861629116
ST Linear Acceleration|-0.33968|-0.6064082|-0.5033964|1395861629130
ST Linear Acceleration|1.1941795|-0.43078914|-0.82610834|1395861629150
ST Linear Acceleration|0.4080724|-0.07926287|-1.1312101|1395861629171
ST Linear Acceleration|-1.1961809|-0.48070866|-0.8529915|1395861629190
ST Linear Acceleration|-1.0092044|0.0076369797|-0.5898862|1395861629210
ST Linear Acceleration|-2.0142155|0.16123393|0.36874068|1395861629230
ST Linear Acceleration|-2.0579863|0.43239626|1.3529392|1395861629250
ST Linear Acceleration|-0.7731898|0.5793581|2.1303165|1395861629270
ST Linear Acceleration|0.001471205|0.07759447|2.5225282|1395861629291
ST Linear Acceleration|0.14437564|0.23821346|2.1621308|1395861629310
ST Linear Acceleration|0.3218968|0.2946629|1.059843|1395861629331
ST Linear Acceleration|0.19935872|-0.41234168|-0.88630515|1395861629349
ST Linear Acceleration|1.8846838|-1.2338581|-0.9633106|1395861629374
ST Linear Acceleration|1.1734241|-1.5969267|-1.0826894|1395861629391
ST Linear Acceleration|-1.2242868|-0.4636636|-0.5929852|1395861629409
ST Linear Acceleration|-1.0831891|0.62105715|-0.5613029|1395861629432
ST Linear Acceleration|-1.3991059|0.807661|-0.0644157|1395861629452
ST Linear Acceleration|-1.2194111|0.37672138|0.5577583|1395861629471
ST Linear Acceleration|-0.095988706|0.9786808|0.3871883|1395861629491
ST Linear Acceleration|0.35602236|0.45591268|0.42762643|1395861629510
ST Linear Acceleration|0.28230745|-0.40806493|0.28064623|1395861629535
ST Linear Acceleration|0.20996852|-0.6454029|-0.0941783|1395861629550
ST Linear Acceleration|0.23410504|-0.4392073|-0.3948628|1395861629570
ST Linear Acceleration|0.89362687|-0.71762294|0.061915062|1395861629589
ST Linear Acceleration|0.7682821|-0.82403064|0.7434369|1395861629611
ST Linear Acceleration|0.4681698|-0.38681036|1.2950095|1395861629631
ST Linear Acceleration|0.043058075|0.15103541|1.3463665|1395861629651
ST Linear Acceleration|-0.35305533|0.71704286|0.7062307|1395861629671
ST Linear Acceleration|0.33386007|0.6413964|0.19053821|1395861629689
ST Linear Acceleration|0.41217005|0.17188334|-0.39946577|1395861629714
ST Linear Acceleration|0.21553244|-0.25200558|-0.5395976|1395861629732
ST Linear Acceleration|-0.07493783|-0.7182791|-0.87435037|1395861629750
ST Linear Acceleration|-0.2595099|-0.49309376|-0.91704893|1395861629774
ST Linear Acceleration|-0.523806|-0.26904762|-0.88844764|1395861629790
ST Linear Acceleration|-0.22153534|0.25991145|-1.0002981|1395861629810
ST Linear Acceleration|0.51941144|0.019579584|-0.41517848|1395861629829
ST Linear Acceleration|0.27921626|0.12465755|0.30398855|1395861629850
ST Linear Acceleration|-0.009897709|-0.19669512|0.57105|1395861629869
ST Linear Acceleration|-0.006817425|-0.24634895|0.40131718|1395861629890
ST Linear Acceleration|-0.106323585|-0.21236484|0.06580531|1395861629910
ST Linear Acceleration|-0.03782368|-0.3114029|0.07144475|1395861629929
ST Linear Acceleration|0.074220255|-0.14720702|0.14308412|1395861629949
ST Linear Acceleration|-0.12269166|0.028904462|0.2875936|1395861629970
ST Linear Acceleration|-0.7743824|0.27477074|0.47028008|1395861629988
ST Linear Acceleration|-0.73066|0.47547582|0.13787004|1395861630008
ST Linear Acceleration|-0.30105692|0.5924534|0.052379776|1395861630029
ST Linear Acceleration|0.062397968|0.20015512|-0.12379429|1395861630049
ST Linear Acceleration|-0.17857385|0.060499623|0.055983387|1395861630068
ST Linear Acceleration|-0.0336868|0.149247|0.17582272|1395861630088
ST Linear Acceleration|-0.07560367|-0.15298761|-0.12590396|1395861630108
ST Linear Acceleration|-0.15903361|-0.10175576|-0.11153321|1395861630129
ST Linear Acceleration|-0.17440987|-0.030285029|-0.14943908|1395861630149
ST Linear Acceleration|-0.095908426|0.011482933|-0.15461276|1395861630170
ST Linear Acceleration|-0.08169747|0.0059277825|-0.08699253|1395861630189
ST Linear Acceleration|0.0037941772|-0.013218524|0.00921528|1395861630209
ST Linear Acceleration|-0.06454838|0.002899667|-0.009863478|1395861630229
ST Linear Acceleration|-0.023963196|0.07406536|-0.057353545|1395861630248
ST Linear Acceleration|0.117839955|0.054452527|-0.035536263|1395861630268
ST Linear Acceleration|-0.111456126|0.14699465|-0.26091397|1395861630288
ST Linear Acceleration|0.2307401|-0.058599014|-0.34372124|1395861630313
ST Linear Acceleration|-0.25834346|-0.1067291|-0.1833838|1395861630328
ST Linear Acceleration|0.26797634|-0.1268334|0.12326946|1395861630368
ST Linear Acceleration|0.18834114|-0.07846761|0.10685502|1395861630368
ST Linear Acceleration|0.1290961|0.05140662|0.21370961|1395861630396
ST Linear Acceleration|0.113946766|0.12391189|0.30149484|1395861630420
ST Linear Acceleration|0.13702977|0.17966998|0.1338558|1395861630440
ST Linear Acceleration|0.3949098|-0.014969606|-0.36691287|1395861630457
ST Linear Acceleration|0.3675114|0.04629556|-0.55169827|1395861630477
ST Linear Acceleration|0.22734694|0.060842592|-0.4346053|1395861630497
ST Linear Acceleration|-0.14042547|-0.047904566|-0.13768674|1395861630517
ST Linear Acceleration|-0.06711477|-0.25160575|0.4564499|1395861630541
ST Linear Acceleration|-0.21642216|-0.17382005|0.46038902|1395861630557
ST Linear Acceleration|-0.16676319|-0.14094314|0.36173135|1395861630577
ST Linear Acceleration|-0.19983204|0.013471549|0.26929107|1395861630597
ST Linear Acceleration|-0.23141536|0.020170536|-0.039466262|1395861630617
ST Linear Acceleration|-0.0665996|0.1294949|-0.14801033|1395861630637
ST Linear Acceleration|0.084568046|0.13265271|-0.1415921|1395861630658
ST Linear Acceleration|0.16801618|0.09017434|-0.100176826|1395861630677
ST Linear Acceleration|0.09139181|0.06790789|-0.062457006|1395861630698
ST Linear Acceleration|-0.025114823|0.047334034|-0.038666744|1395861630717
ST Linear Acceleration|-0.06205763|0.06206304|-0.049702153|1395861630737
ST Linear Acceleration|-0.007775493|0.103655495|-0.078942075|1395861630757
ST Linear Acceleration|-0.037456676|0.059459064|-0.046088785|1395861630777
ST Linear Acceleration|-0.014169541|0.007846658|-0.0077159633|1395861630798
ST Linear Acceleration|-0.07166657|0.027225789|-0.02121378|1395861630817
ST Linear Acceleration|-0.029644502|0.02324629|-0.017230172|1395861630837
ST Linear Acceleration|-0.058085456|0.014351292|-0.011382103|1395861630857
ST Linear Acceleration|0.04329466|0.0048067793|-0.004404135|1395861630877
ST Linear Acceleration|0.030850245|0.013001046|-0.010886282|1395861630898
ST Linear Acceleration|0.018069325|0.0054008546|-0.0051655844|1395861630918
ST Linear Acceleration|0.029761115|0.009589538|-0.007966522|1395861630937
ST Linear Acceleration|0.06494714|0.07851795|-0.059183463|1395861630957
ST Linear Acceleration|0.010744371|0.063992724|-0.047940113|1395861630977
ST Linear Acceleration|0.028881446|0.034119457|-0.026480285|1395861630997
ST Linear Acceleration|-0.01642459|-0.061809536|0.044525646|1395861631017
ST Linear Acceleration|-0.09868345|-0.06020024|0.0444081|1395861631037
ST Linear Acceleration|-0.12107541|0.020276463|-0.014451135|1395861631057
ST Linear Acceleration|-0.12126248|0.094070084|-0.0699855|1395861631077
ST Linear Acceleration|-0.040232845|0.06773056|-0.049529135|1395861631097
ST Linear Acceleration|0.05694425|-0.079785466|0.059439026|1395861631117
ST Linear Acceleration|0.08809021|-0.055818554|0.041906677|1395861631137
ST Linear Acceleration|0.03640804|-0.027573396|0.021119105|1395861631158
ST Linear Acceleration|-0.043923266|3.9290833E-5|1.0762509E-4|1395861631177
ST Linear Acceleration|-0.081166744|0.12015957|-0.0900989|1395861631197
ST Linear Acceleration|-0.032322444|0.088194475|-0.065620184|1395861631217
ST Linear Acceleration|0.019424722|0.016505182|-0.0113301715|1395861631237
ST Linear Acceleration|-0.055118863|0.17627113|-0.13639995|1395861631276
ST Linear Acceleration|-0.039458737|0.12869836|-0.099683814|1395861631277
ST Linear Acceleration|-0.098207586|0.10819608|-0.08578052|1395861631298
ST Linear Acceleration|0.009542348|0.07846251|-0.060333423|1395861631317
ST Linear Acceleration|0.043686837|-0.19218846|0.14813654|1395861631356
ST Linear Acceleration|0.04837682|-0.20033714|0.15322532|1395861631376
ST Linear Acceleration|0.031614415|-0.153067|0.11667632|1395861631377
ST Linear Acceleration|-0.13017231|0.15406866|-0.24000357|1395861631398
ST Linear Acceleration|0.11157496|-0.12031067|-0.07471218|1395861631417
ST Linear Acceleration|0.097005814|-0.024829896|0.059879247|1395861631457
ST Linear Acceleration|-0.112038694|-0.13425897|0.19428602|1395861631476
ST Linear Acceleration|-0.08753027|-0.116945446|0.18158357|1395861631477
ST Linear Acceleration|-0.13371988|-0.032251235|0.09404151|1395861631498
ST Linear Acceleration|-0.11130558|0.069887705|-0.012323293|1395861631536
ST Linear Acceleration|0.013826938|0.13361849|-0.09369763|1395861631556
ST Linear Acceleration|0.105461344|0.098308764|-0.06998246|1395861631577
ST Linear Acceleration|0.082973234|0.07417344|-0.053171873|1395861631577
ST Linear Acceleration|0.17918654|0.023347987|-0.013618191|1395861631616
ST Linear Acceleration|0.125375|-0.008057123|0.008875796|1395861631636
ST Linear Acceleration|0.038148347|-0.04219817|0.033181846|1395861631657
ST Linear Acceleration|0.04436481|-0.09494221|0.07214059|1395861631676
ST Linear Acceleration|0.058336016|-0.055950627|0.042788822|1395861631696
ST Linear Acceleration|0.038293052|-0.034721397|0.026703801|1395861631716
ST Linear Acceleration|0.031395894|0.021551697|-0.015603931|1395861631736
ST Linear Acceleration|-0.08351349|0.12257252|-0.09413567|1395861631756
ST Linear Acceleration|-0.096998066|0.11380752|-0.087507404|1395861631777
ST Linear Acceleration|-0.13238785|0.07799351|-0.060927294|1395861631797
ST Linear Acceleration|-0.093216226|0.055393826|-0.04260408|1395861631817
ST Linear Acceleration|0.0920228|0.06995696|-0.04875606|1395861631836
ST Linear Acceleration|0.09716908|0.036810387|-0.02258704|1395861631857
ST Linear Acceleration|0.10762564|0.06915137|-0.048449557|1395861631877
ST Linear Acceleration|0.06849141|0.066793844|-0.048098527|1395861631896
ST Linear Acceleration|-0.05004658|-0.015195871|0.013291237|1395861631917
ST Linear Acceleration|-0.07875976|-0.07673735|0.06096683|1395861631937
ST Linear Acceleration|-0.042973027|-0.11392717|0.09131643|1395861631957
ST Linear Acceleration|0.026629228|-0.15636525|0.12690032|1395861631976
ST Linear Acceleration|-0.13157606|-0.004461564|-0.0017947471|1395861631996
ST Linear Acceleration|-0.19619104|0.06329776|-0.06299402|1395861632016
ST Linear Acceleration|-0.14177191|0.11266052|-0.09919813|1395861632036
ST Linear Acceleration|-0.16077565|0.06249504|-0.062010147|1395861632057
ST Linear Acceleration|-0.09718043|0.07116032|-0.06508315|1395861632077
ST Linear Acceleration|-0.03376783|0.082898274|-0.07120804|1395861632096
ST Linear Acceleration|-0.048368767|0.072521955|-0.06668667|1395861632117
ST Linear Acceleration|0.022834398|0.09920792|-0.08127108|1395861632137
ST Linear Acceleration|0.08206064|0.07086981|-0.04978931|1395861632157
ST Linear Acceleration|0.15702786|-0.0101567255|0.028555648|1395861632176
ST Linear Acceleration|0.1811935|-0.09585115|0.10347577|1395861632197
ST Linear Acceleration|0.2220319|-0.054881427|0.073346704|1395861632216
ST Linear Acceleration|0.21061188|-0.035789628|0.05571872|1395861632236
ST Linear Acceleration|0.08108334|0.010979084|0.002562117|1395861632256
ST Linear Acceleration|0.042517394|-0.006409593|0.012489109|1395861632277
ST Linear Acceleration|0.05554474|-0.050618213|0.05005335|1395861632297
ST Linear Acceleration|0.0041082026|-0.0024259624|0.004147894|1395861632317
ST Linear Acceleration|-0.18958412|-0.09878606|0.06143221|1395861632337
ST Linear Acceleration|-0.02483692|-0.0023802235|0.0014325855|1395861632357
ST Linear Acceleration|6.738807E-4|0.060393598|-0.048314992|1395861632377
ST Linear Acceleration|0.018753033|0.066585556|-0.051498123|1395861632397
ST Linear Acceleration|0.04308299|0.11913203|-0.0946155|1395861632418
ST Linear Acceleration|0.11068408|0.112394735|-0.082468696|1395861632437
ST Linear Acceleration|0.095815964|0.050241064|-0.031983837|1395861632458
ST Linear Acceleration|-0.38869318|0.3074355|-0.9228134|1395861632478
ST Linear Acceleration|0.082796946|-0.07965563|0.56825066|1395861632497
ST Linear Acceleration|0.22313412|-0.264638|0.31176564|1395861632517
ST Linear Acceleration|0.15989882|-0.16130258|0.22112846|1395861632537
ST Linear Acceleration|-0.6714581|0.13358234|-0.21259871|1395861632918
