ST Rotation Vector|0.04647181|0.37546203|0.9071471|4.2E-45|-1.0|1395861613173
ST Rotation Vector|0.04663818|0.37520477|0.90771365|4.2E-45|-1.0|1395861613178
ST Rotation Vector|0.0485599|0.37440482|0.9083033|4.2E-45|-1.0|1395861613182
ST Rotation Vector|0.050223738|0.37390298|0.9084418|4.2E-45|-1.0|1395861613199
ST Rotation Vector|0.05205317|0.37349564|0.9083666|4.2E-45|-1.0|1395861613201
ST Rotation Vector|0.054121055|0.37226135|0.9084471|4.2E-45|-1.0|1395861613218
ST Rotation Vector|0.056090772|0.37036234|0.9084472|4.2E-45|-1.0|1395861613239
ST Rotation Vector|0.05661807|0.3690311|0.90804875|4.2E-45|-1.0|1395861613259
ST Rotation Vector|0.056758754|0.3684276|0.9073119|4.2E-45|-1.0|1395861613279
ST Rotation Vector|0.057638027|0.36836073|0.906653|4.2E-45|-1.0|1395861613299
ST Rotation Vector|0.05632671|0.36792228|0.9058696|4.2E-45|-1.0|1395861613319
ST Rotation Vector|0.054617967|0.36826465|0.90481037|4.2E-45|-1.0|1395861613340
ST Rotation Vector|0.052867904|0.36903128|0.90359753|4.2E-45|-1.0|1395861613360
ST Rotation Vector|0.049249705|0.37154555|0.9010727|4.2E-45|-1.0|1395861613379
ST Rotation Vector|0.047874264|0.37240526|0.89932495|4.2E-45|-1.0|1395861613400
ST Rotation Vector|0.048878957|0.3704746|0.8973772|4.2E-45|-1.0|1395861613419
ST Rotation Vector|0.050719656|0.36648437|0.89535093|4.2E-45|-1.0|1395861613440
ST Rotation Vector|0.051424675|0.36512017|0.8921531|4.2E-45|-1.0|1395861613460
ST Rotation Vector|0.051500935|0.3686234|0.8881422|4.2E-45|-1.0|1395861613479
ST Rotation Vector|0.048901033|0.37358883|0.88473773|4.2E-45|-1.0|1395861613499
ST Rotation Vector|0.044102415|0.38116902|0.8797658|4.2E-45|-1.0|1395861613522
ST Rotation Vector|0.036459506|0.39276832|0.87355804|4.2E-45|-1.0|1395861613541
ST Rotation Vector|0.026188202|0.41025525|0.8644716|4.2E-45|-1.0|1395861613561
ST Rotation Vector|0.012751841|0.43392286|0.85063213|4.2E-45|-1.0|1395861613579
ST Rotation Vector|-6.0128285E-5|0.45468834|0.83664876|4.2E-45|-1.0|1395861613598
ST Rotation Vector|-0.019355318|0.48261827|0.8141416|4.2E-45|-1.0|1395861613618
ST Rotation Vector|-0.039551962|0.50860876|0.7874985|4.2E-45|-1.0|1395861613638
ST Rotation Vector|-0.059335016|0.52871907|0.75688845|4.2E-45|-1.0|1395861613658
ST Rotation Vector|-0.07905743|0.5374696|0.723172|4.2E-45|-1.0|1395861613678
ST Rotation Vector|-0.09343217|0.53722996|0.6959337|4.2E-45|-1.0|1395861613697
ST Rotation Vector|-0.115007855|0.5492647|0.6618358|4.2E-45|-1.0|1395861613717
ST Rotation Vector|-0.13775176|0.5539028|0.62848866|4.2E-45|-1.0|1395861613738
ST Rotation Vector|-0.1639738|0.5537399|0.6003047|4.2E-45|-1.0|1395861613757
ST Rotation Vector|-0.19140545|0.5460311|0.57441205|4.2E-45|-1.0|1395861613779
ST Rotation Vector|-0.20644227|0.5333304|0.55723333|4.2E-45|-1.0|1395861613798
ST Rotation Vector|-0.21717277|0.5203539|0.54048467|4.2E-45|-1.0|1395861613818
ST Rotation Vector|-0.22299322|0.51246434|0.52702785|4.2E-45|-1.0|1395861613838
ST Rotation Vector|-0.22681785|0.5064854|0.51564634|4.2E-45|-1.0|1395861613858
ST Rotation Vector|-0.23186526|0.50130236|0.5059096|4.2E-45|-1.0|1395861613879
ST Rotation Vector|-0.2357143|0.5013165|0.49670008|4.2E-45|-1.0|1395861613898
ST Rotation Vector|-0.2430398|0.50534505|0.47901762|4.2E-45|-1.0|1395861613919
ST Rotation Vector|-0.25106156|0.50869006|0.45859918|4.2E-45|-1.0|1395861613938
ST Rotation Vector|-0.25569406|0.506419|0.4414122|4.2E-45|-1.0|1395861613958
ST Rotation Vector|-0.25888014|0.50260323|0.42589954|4.2E-45|-1.0|1395861613998
ST Rotation Vector|-0.2786735|0.4907521|0.38854185|4.2E-45|-1.0|1395861613998
ST Rotation Vector|-0.27980372|0.48043856|0.37797517|4.2E-45|-1.0|1395861614019
ST Rotation Vector|-0.2742201|0.46863914|0.37718385|4.2E-45|-1.0|1395861614039
ST Rotation Vector|-0.2670962|0.4507787|0.38008913|4.2E-45|-1.0|1395861614076
ST Rotation Vector|-0.25754768|0.43173835|0.3830686|4.2E-45|-1.0|1395861614097
ST Rotation Vector|-0.24799179|0.42518967|0.38054255|4.2E-45|-1.0|1395861614098
ST Rotation Vector|-0.23133841|0.4228586|0.37408736|4.2E-45|-1.0|1395861614118
ST Rotation Vector|-0.21002355|0.3929945|0.30795568|4.2E-45|-1.0|1395861614257
ST Rotation Vector|-0.20679885|0.3869718|0.29918033|4.2E-45|-1.0|1395861614276
ST Rotation Vector|-0.20282732|0.37864813|0.29576036|4.2E-45|-1.0|1395861614296
ST Rotation Vector|-0.19749355|0.3733137|0.29447922|4.2E-45|-1.0|1395861614317
ST Rotation Vector|-0.19037192|0.37197372|0.2925454|4.2E-45|-1.0|1395861614337
ST Rotation Vector|-0.17849593|0.37444878|0.2896995|4.2E-45|-1.0|1395861614357
ST Rotation Vector|-0.1580338|0.38753355|0.28580984|4.2E-45|-1.0|1395861614377
ST Rotation Vector|-0.121787354|0.3926333|0.28994897|4.2E-45|-1.0|1395861614397
ST Rotation Vector|-0.098137334|0.39844638|0.29270014|4.2E-45|-1.0|1395861614417
ST Rotation Vector|-0.07627381|0.41344675|0.28724846|4.2E-45|-1.0|1395861614436
ST Rotation Vector|-0.05533543|0.4296578|0.27627075|4.2E-45|-1.0|1395861614457
ST Rotation Vector|-0.028296385|0.44385228|0.2691244|4.2E-45|-1.0|1395861614478
ST Rotation Vector|0.006126039|0.45703685|0.26799133|4.2E-45|-1.0|1395861614497
ST Rotation Vector|0.036755864|0.46871698|0.2694311|4.2E-45|-1.0|1395861614517
ST Rotation Vector|0.082791395|0.48489878|0.2695193|4.2E-45|-1.0|1395861614537
ST Rotation Vector|0.13027267|0.49709973|0.26382533|4.2E-45|-1.0|1395861614557
ST Rotation Vector|0.17626537|0.50593364|0.2579752|4.2E-45|-1.0|1395861614577
ST Rotation Vector|0.21972951|0.5069419|0.25892836|4.2E-45|-1.0|1395861614597
ST Rotation Vector|0.25104147|0.501624|0.26570898|4.2E-45|-1.0|1395861614617
ST Rotation Vector|0.2903177|0.4849827|0.27595252|4.2E-45|-1.0|1395861614637
ST Rotation Vector|0.32128128|0.4615917|0.28529832|4.2E-45|-1.0|1395861614657
ST Rotation Vector|0.34160435|0.43503356|0.29469657|4.2E-45|-1.0|1395861614676
ST Rotation Vector|0.35733694|0.40620586|0.30324033|4.2E-45|-1.0|1395861614697
ST Rotation Vector|0.37258103|0.38136154|0.30677748|4.2E-45|-1.0|1395861614716
ST Rotation Vector|0.3979083|0.34531197|0.30904588|4.2E-45|-1.0|1395861614737
ST Rotation Vector|0.42352173|0.3047972|0.31168443|4.2E-45|-1.0|1395861614757
ST Rotation Vector|0.4380832|0.25771925|0.31852335|4.2E-45|-1.0|1395861614777
ST Rotation Vector|0.4352694|0.210759|0.3318703|4.2E-45|-1.0|1395861614797
ST Rotation Vector|0.42909855|0.17564307|0.34050915|4.2E-45|-1.0|1395861614817
ST Rotation Vector|0.4169135|0.12968412|0.34856996|4.2E-45|-1.0|1395861614837
ST Rotation Vector|0.4008944|0.08574613|0.35231876|4.2E-45|-1.0|1395861614857
ST Rotation Vector|0.3881655|0.04314765|0.34883162|4.2E-45|-1.0|1395861614877
ST Rotation Vector|0.38528404|0.001989484|0.3349592|4.2E-45|-1.0|1395861614897
ST Rotation Vector|0.39346692|-0.027458455|0.31621775|4.2E-45|-1.0|1395861614917
ST Rotation Vector|0.39543423|-0.058926336|0.28790843|4.2E-45|-1.0|1395861614937
ST Rotation Vector|0.39661664|-0.0902053|0.25550085|4.2E-45|-1.0|1395861614957
ST Rotation Vector|0.40132517|-0.11957003|0.2206686|4.2E-45|-1.0|1395861614977
ST Rotation Vector|0.40223292|-0.14157423|0.1891838|4.2E-45|-1.0|1395861614998
ST Rotation Vector|0.40397015|-0.15445744|0.16957313|4.2E-45|-1.0|1395861615018
ST Rotation Vector|0.4067651|-0.16905539|0.14635344|4.2E-45|-1.0|1395861615039
ST Rotation Vector|0.41256282|-0.1783031|0.12594548|4.2E-45|-1.0|1395861615057
ST Rotation Vector|0.420208|-0.18480335|0.10315635|4.2E-45|-1.0|1395861615078
ST Rotation Vector|0.4251008|-0.18980931|0.08354954|4.2E-45|-1.0|1395861615097
ST Rotation Vector|0.42683226|-0.19293824|0.07321048|4.2E-45|-1.0|1395861615117
ST Rotation Vector|0.42961058|-0.1965193|0.06251504|4.2E-45|-1.0|1395861615137
ST Rotation Vector|0.4338764|-0.19944154|0.051134482|4.2E-45|-1.0|1395861615157
ST Rotation Vector|0.5213996|-0.18428595|-0.044095058|4.2E-45|-1.0|1395861615298
ST Rotation Vector|0.5379875|-0.16414255|-0.042960167|4.2E-45|-1.0|1395861615317
ST Rotation Vector|0.5549398|-0.13720545|-0.04278959|4.2E-45|-1.0|1395861615338
ST Rotation Vector|0.5684872|-0.12523377|-0.044110842|4.2E-45|-1.0|1395861615357
ST Rotation Vector|0.58329207|-0.118133925|-0.043725386|4.2E-45|-1.0|1395861615377
ST Rotation Vector|0.602312|-0.09988111|-0.039891437|4.2E-45|-1.0|1395861615398
ST Rotation Vector|0.6182109|-0.079975866|-0.039677687|4.2E-45|-1.0|1395861615417
ST Rotation Vector|0.63624024|-0.057109978|-0.046256974|4.2E-45|-1.0|1395861615438
ST Rotation Vector|0.6500985|-0.039454732|-0.056750476|4.2E-45|-1.0|1395861615458
ST Rotation Vector|0.6628559|-0.02670557|-0.07171884|4.2E-45|-1.0|1395861615477
ST Rotation Vector|0.67264473|-0.027987326|-0.09188299|4.2E-45|-1.0|1395861615497
ST Rotation Vector|0.67688817|-0.025238015|-0.10118609|4.2E-45|-1.0|1395861615517
ST Rotation Vector|0.67948836|-0.02536768|-0.11254583|4.2E-45|-1.0|1395861615537
ST Rotation Vector|0.6800371|-0.021635339|-0.1149425|4.2E-45|-1.0|1395861615557
ST Rotation Vector|0.6788271|-0.016023783|-0.105558515|4.2E-45|-1.0|1395861615578
ST Rotation Vector|0.6808509|-0.010280159|-0.09412147|4.2E-45|-1.0|1395861615598
ST Rotation Vector|0.6835931|-0.011866642|-0.09337465|4.2E-45|-1.0|1395861615617
ST Rotation Vector|0.6871868|-0.018518439|-0.099021964|4.2E-45|-1.0|1395861615638
ST Rotation Vector|0.6932423|-0.05603081|-0.13160567|4.2E-45|-1.0|1395861615663
ST Rotation Vector|0.6975086|-0.06340853|-0.14223623|4.2E-45|-1.0|1395861615677
ST Rotation Vector|0.704663|-0.06558953|-0.15072043|4.2E-45|-1.0|1395861615697
ST Rotation Vector|0.7101342|-0.067354046|-0.15479508|4.2E-45|-1.0|1395861615717
ST Rotation Vector|0.7155538|-0.07326006|-0.15578741|4.2E-45|-1.0|1395861615738
ST Rotation Vector|0.72557384|-0.09933616|-0.17118679|4.2E-45|-1.0|1395861615757
ST Rotation Vector|0.7314104|-0.11003354|-0.18044093|4.2E-45|-1.0|1395861615778
ST Rotation Vector|0.73214185|-0.11405086|-0.18632656|4.2E-45|-1.0|1395861615798
ST Rotation Vector|0.7292129|-0.1176292|-0.19230196|4.2E-45|-1.0|1395861615817
ST Rotation Vector|0.7191956|-0.11370789|-0.19942734|4.2E-45|-1.0|1395861615838
ST Rotation Vector|0.703025|-0.10587736|-0.208236|4.2E-45|-1.0|1395861615857
ST Rotation Vector|0.68634254|-0.10162897|-0.22193033|4.2E-45|-1.0|1395861615878
ST Rotation Vector|0.6756351|-0.09527693|-0.22694917|4.2E-45|-1.0|1395861615917
ST Rotation Vector|0.67193675|-0.08932817|-0.227484|4.2E-45|-1.0|1395861615917
ST Rotation Vector|0.67212605|-0.081791535|-0.2262265|4.2E-45|-1.0|1395861615938
ST Rotation Vector|0.6755447|-0.077135794|-0.22413948|4.2E-45|-1.0|1395861615958
ST Rotation Vector|0.6809963|-0.078043915|-0.2226971|4.2E-45|-1.0|1395861615997
ST Rotation Vector|0.68929|-0.08210099|-0.22166076|4.2E-45|-1.0|1395861616017
ST Rotation Vector|0.6976997|-0.08513805|-0.22024143|4.2E-45|-1.0|1395861616017
ST Rotation Vector|0.7092967|-0.10278287|-0.23193873|4.2E-45|-1.0|1395861616039
ST Rotation Vector|0.71368945|-0.10513232|-0.22849984|4.2E-45|-1.0|1395861616077
ST Rotation Vector|0.70852256|-0.107710235|-0.22618173|4.2E-45|-1.0|1395861616097
ST Rotation Vector|0.69792414|-0.10956654|-0.2274648|4.2E-45|-1.0|1395861616116
ST Rotation Vector|0.68931097|-0.10826877|-0.2311089|4.2E-45|-1.0|1395861616118
ST Rotation Vector|0.67838544|-0.10391407|-0.23706481|4.2E-45|-1.0|1395861616198
ST Rotation Vector|0.672242|-0.099689424|-0.23793224|4.2E-45|-1.0|1395861616198
ST Rotation Vector|0.6719507|-0.098968506|-0.2349321|4.2E-45|-1.0|1395861616197
ST Rotation Vector|0.66838825|-0.12642242|-0.2633907|4.2E-45|-1.0|1395861616216
ST Rotation Vector|0.66578084|-0.13729922|-0.27380097|4.2E-45|-1.0|1395861616218
ST Rotation Vector|0.66187686|-0.13557778|-0.27247992|4.2E-45|-1.0|1395861616256
ST Rotation Vector|0.6609143|-0.15121278|-0.28927127|4.2E-45|-1.0|1395861616278
ST Rotation Vector|0.66123813|-0.16869813|-0.30655408|4.2E-45|-1.0|1395861616296
ST Rotation Vector|0.65798724|-0.16499895|-0.30616778|4.2E-45|-1.0|1395861616317
ST Rotation Vector|0.65650547|-0.16214518|-0.30640033|4.2E-45|-1.0|1395861616337
ST Rotation Vector|0.654988|-0.15846844|-0.30769375|4.2E-45|-1.0|1395861616356
ST Rotation Vector|0.65175605|-0.15496998|-0.31077284|4.2E-45|-1.0|1395861616380
ST Rotation Vector|0.6447106|-0.15053856|-0.31572655|4.2E-45|-1.0|1395861616397
ST Rotation Vector|0.6365756|-0.14385115|-0.32093146|4.2E-45|-1.0|1395861616417
ST Rotation Vector|0.6274394|-0.14304109|-0.3324212|4.2E-45|-1.0|1395861616448
ST Rotation Vector|0.607914|-0.15199195|-0.3636986|4.2E-45|-1.0|1395861616448
ST Rotation Vector|0.5925674|-0.16067202|-0.3892821|4.2E-45|-1.0|1395861616468
ST Rotation Vector|0.57984346|-0.1696434|-0.40650696|4.2E-45|-1.0|1395861616486
ST Rotation Vector|0.56973815|-0.176252|-0.41668907|4.2E-45|-1.0|1395861616507
ST Rotation Vector|0.5641659|-0.17528947|-0.42023307|4.2E-45|-1.0|1395861616527
ST Rotation Vector|0.5592073|-0.17517945|-0.42434195|4.2E-45|-1.0|1395861616548
ST Rotation Vector|0.5563835|-0.17519148|-0.42715555|4.2E-45|-1.0|1395861616566
ST Rotation Vector|0.5529272|-0.17497341|-0.42960098|4.2E-45|-1.0|1395861616587
ST Rotation Vector|0.54868317|-0.17515865|-0.43244633|4.2E-45|-1.0|1395861616607
ST Rotation Vector|0.5463973|-0.17530975|-0.43344784|4.2E-45|-1.0|1395861616627
ST Rotation Vector|0.5449064|-0.17491902|-0.43246463|4.2E-45|-1.0|1395861616647
ST Rotation Vector|0.54461783|-0.17435601|-0.43039772|4.2E-45|-1.0|1395861616667
ST Rotation Vector|0.5458627|-0.17549016|-0.42844695|4.2E-45|-1.0|1395861616688
ST Rotation Vector|0.5487711|-0.17808962|-0.4263725|4.2E-45|-1.0|1395861616708
ST Rotation Vector|0.55187476|-0.18017778|-0.42426464|4.2E-45|-1.0|1395861616727
ST Rotation Vector|0.5573406|-0.18338297|-0.42055228|4.2E-45|-1.0|1395861616748
ST Rotation Vector|0.5639445|-0.18757269|-0.41615415|4.2E-45|-1.0|1395861616767
ST Rotation Vector|0.5716622|-0.19262429|-0.4107788|4.2E-45|-1.0|1395861616788
ST Rotation Vector|0.5805061|-0.19817705|-0.40416944|4.2E-45|-1.0|1395861616807
ST Rotation Vector|0.5877113|-0.20265782|-0.39863002|4.2E-45|-1.0|1395861616827
ST Rotation Vector|0.5990129|-0.21381633|-0.3902464|4.2E-45|-1.0|1395861616847
ST Rotation Vector|0.61107105|-0.22585632|-0.37972847|4.2E-45|-1.0|1395861616868
ST Rotation Vector|0.6211298|-0.23369645|-0.3731525|4.2E-45|-1.0|1395861616887
ST Rotation Vector|0.63058937|-0.24270411|-0.3674331|4.2E-45|-1.0|1395861616927
ST Rotation Vector|0.63691443|-0.24988498|-0.3637593|4.2E-45|-1.0|1395861616928
ST Rotation Vector|0.6434234|-0.2594873|-0.3601886|4.2E-45|-1.0|1395861616949
ST Rotation Vector|0.64642876|-0.26849565|-0.3594228|4.2E-45|-1.0|1395861616968
ST Rotation Vector|0.64579725|-0.27624285|-0.36151412|4.2E-45|-1.0|1395861617006
ST Rotation Vector|0.64269173|-0.2818282|-0.36543515|4.2E-45|-1.0|1395861617027
ST Rotation Vector|0.6395464|-0.28422278|-0.36868048|4.2E-45|-1.0|1395861617027
ST Rotation Vector|0.6350695|-0.28479207|-0.37259454|4.2E-45|-1.0|1395861617047
ST Rotation Vector|0.63051456|-0.28284076|-0.3761491|4.2E-45|-1.0|1395861617086
ST Rotation Vector|0.62569904|-0.27896154|-0.38029754|4.2E-45|-1.0|1395861617107
ST Rotation Vector|0.6206444|-0.27336705|-0.3850159|4.2E-45|-1.0|1395861617126
ST Rotation Vector|0.6168093|-0.26763493|-0.3885901|4.2E-45|-1.0|1395861617128
ST Rotation Vector|0.6112173|-0.25729758|-0.39331654|4.2E-45|-1.0|1395861617149
ST Rotation Vector|0.60426706|-0.24292994|-0.3980582|4.2E-45|-1.0|1395861617187
ST Rotation Vector|0.5946728|-0.22366595|-0.4038444|4.2E-45|-1.0|1395861617207
ST Rotation Vector|0.5816255|-0.2034803|-0.41315785|4.2E-45|-1.0|1395861617227
ST Rotation Vector|0.57074535|-0.19148058|-0.42271948|4.2E-45|-1.0|1395861617228
ST Rotation Vector|0.55906385|-0.18577625|-0.4318426|4.2E-45|-1.0|1395861617267
ST Rotation Vector|0.55149674|-0.1870473|-0.43733302|4.2E-45|-1.0|1395861617289
ST Rotation Vector|0.5438114|-0.18950678|-0.44284952|4.2E-45|-1.0|1395861617310
ST Rotation Vector|0.53962773|-0.19021638|-0.44483653|4.2E-45|-1.0|1395861617328
ST Rotation Vector|0.5392182|-0.18871622|-0.44332665|4.2E-45|-1.0|1395861617350
ST Rotation Vector|0.53916603|-0.1847134|-0.44008774|4.2E-45|-1.0|1395861617369
ST Rotation Vector|0.5372823|-0.18427698|-0.43954223|4.2E-45|-1.0|1395861617389
ST Rotation Vector|0.5380834|-0.18923865|-0.44004315|4.2E-45|-1.0|1395861617408
ST Rotation Vector|0.54172915|-0.19512475|-0.43923303|4.2E-45|-1.0|1395861617428
ST Rotation Vector|0.5454942|-0.19804081|-0.437109|4.2E-45|-1.0|1395861617449
ST Rotation Vector|0.55163926|-0.19998169|-0.43207234|4.2E-45|-1.0|1395861617468
ST Rotation Vector|0.5581597|-0.20277207|-0.4257674|4.2E-45|-1.0|1395861617488
ST Rotation Vector|0.5656323|-0.20789097|-0.4185668|4.2E-45|-1.0|1395861617508
ST Rotation Vector|0.57465273|-0.21442193|-0.4107054|4.2E-45|-1.0|1395861617527
ST Rotation Vector|0.58253366|-0.21974236|-0.4043611|4.2E-45|-1.0|1395861617547
ST Rotation Vector|0.59410185|-0.2281235|-0.39549282|4.2E-45|-1.0|1395861617568
ST Rotation Vector|0.60546887|-0.23749541|-0.3863733|4.2E-45|-1.0|1395861617587
ST Rotation Vector|0.6165365|-0.24615736|-0.3792394|4.2E-45|-1.0|1395861617607
ST Rotation Vector|0.626718|-0.25496343|-0.37196296|4.2E-45|-1.0|1395861617627
ST Rotation Vector|0.6334236|-0.26131576|-0.36646944|4.2E-45|-1.0|1395861617647
ST Rotation Vector|0.64034206|-0.2693751|-0.3597861|4.2E-45|-1.0|1395861617667
ST Rotation Vector|0.64463246|-0.27655134|-0.35438135|4.2E-45|-1.0|1395861617687
ST Rotation Vector|0.64676696|-0.28215706|-0.35019112|4.2E-45|-1.0|1395861617707
ST Rotation Vector|0.6475214|-0.2852482|-0.34671298|4.2E-45|-1.0|1395861617728
ST Rotation Vector|0.6474661|-0.28548187|-0.34440395|4.2E-45|-1.0|1395861617747
ST Rotation Vector|0.64646|-0.2831104|-0.34211877|4.2E-45|-1.0|1395861617767
ST Rotation Vector|0.6442704|-0.27861792|-0.3413743|4.2E-45|-1.0|1395861617787
ST Rotation Vector|0.64117694|-0.27264223|-0.34240448|4.2E-45|-1.0|1395861617808
ST Rotation Vector|0.6373576|-0.2646759|-0.34473807|4.2E-45|-1.0|1395861617827
ST Rotation Vector|0.6342003|-0.25689554|-0.3465356|4.2E-45|-1.0|1395861617848
ST Rotation Vector|0.62911534|-0.2443573|-0.34888002|4.2E-45|-1.0|1395861617867
ST Rotation Vector|0.6216642|-0.22964318|-0.3527147|4.2E-45|-1.0|1395861617887
ST Rotation Vector|0.60980964|-0.21384282|-0.36014864|4.2E-45|-1.0|1395861617907
ST Rotation Vector|0.59386325|-0.1966447|-0.36989424|4.2E-45|-1.0|1395861617927
ST Rotation Vector|0.58233774|-0.18444364|-0.37742433|4.2E-45|-1.0|1395861617948
ST Rotation Vector|0.57009465|-0.17550908|-0.38669446|4.2E-45|-1.0|1395861617967
ST Rotation Vector|0.5569561|-0.17328408|-0.39789507|4.2E-45|-1.0|1395861617988
ST Rotation Vector|0.53806615|-0.18144374|-0.4170901|4.2E-45|-1.0|1395861618007
ST Rotation Vector|0.5265591|-0.19374509|-0.4308672|4.2E-45|-1.0|1395861618028
ST Rotation Vector|0.52392536|-0.19446291|-0.43335623|4.2E-45|-1.0|1395861618048
ST Rotation Vector|0.523801|-0.18924223|-0.4294903|4.2E-45|-1.0|1395861618068
ST Rotation Vector|0.52275574|-0.18265814|-0.42633766|4.2E-45|-1.0|1395861618088
ST Rotation Vector|0.5200028|-0.18242659|-0.4285588|4.2E-45|-1.0|1395861618109
ST Rotation Vector|0.52213097|-0.18681575|-0.4298283|4.2E-45|-1.0|1395861618129
ST Rotation Vector|0.5255131|-0.18814728|-0.4288282|4.2E-45|-1.0|1395861618150
ST Rotation Vector|0.5321601|-0.18491493|-0.42423075|4.2E-45|-1.0|1395861618167
ST Rotation Vector|0.54084575|-0.1805909|-0.41725597|4.2E-45|-1.0|1395861618189
ST Rotation Vector|0.55014503|-0.18041277|-0.4096882|4.2E-45|-1.0|1395861618208
ST Rotation Vector|0.56130344|-0.18366525|-0.40104225|4.2E-45|-1.0|1395861618230
ST Rotation Vector|0.5713265|-0.18736544|-0.39406773|4.2E-45|-1.0|1395861618251
ST Rotation Vector|0.5854574|-0.19379458|-0.3857759|4.2E-45|-1.0|1395861618268
ST Rotation Vector|0.59883106|-0.20211285|-0.38007382|4.2E-45|-1.0|1395861618290
ST Rotation Vector|0.61071444|-0.2116604|-0.37719828|4.2E-45|-1.0|1395861618309
ST Rotation Vector|0.62097716|-0.22119921|-0.3758853|4.2E-45|-1.0|1395861618329
ST Rotation Vector|0.6278226|-0.22770587|-0.37511727|4.2E-45|-1.0|1395861618351
ST Rotation Vector|0.63583034|-0.23542021|-0.37402287|4.2E-45|-1.0|1395861618368
ST Rotation Vector|0.6421891|-0.24235836|-0.3733636|4.2E-45|-1.0|1395861618390
ST Rotation Vector|0.64661187|-0.24878784|-0.373406|4.2E-45|-1.0|1395861618409
ST Rotation Vector|0.6490816|-0.25407222|-0.37404972|4.2E-45|-1.0|1395861618429
ST Rotation Vector|0.6497166|-0.25664696|-0.37474272|4.2E-45|-1.0|1395861618448
ST Rotation Vector|0.64919627|-0.25777635|-0.37587932|4.2E-45|-1.0|1395861618469
ST Rotation Vector|0.6468439|-0.25678998|-0.37757626|4.2E-45|-1.0|1395861618490
ST Rotation Vector|0.6429221|-0.25458744|-0.37980768|4.2E-45|-1.0|1395861618509
ST Rotation Vector|0.6382522|-0.25150934|-0.3825621|4.2E-45|-1.0|1395861618529
ST Rotation Vector|0.63466775|-0.24845959|-0.38458848|4.2E-45|-1.0|1395861618556
ST Rotation Vector|0.62950194|-0.24281704|-0.38697937|4.2E-45|-1.0|1395861618568
ST Rotation Vector|0.6226932|-0.23523684|-0.3899138|4.2E-45|-1.0|1395861618589
ST Rotation Vector|0.61233234|-0.22454312|-0.39526317|4.2E-45|-1.0|1395861618609
ST Rotation Vector|0.59692067|-0.21093173|-0.4045368|4.2E-45|-1.0|1395861618629
ST Rotation Vector|0.58334005|-0.199014|-0.41279998|4.2E-45|-1.0|1395861618649
ST Rotation Vector|0.56655586|-0.18388294|-0.42320597|4.2E-45|-1.0|1395861618669
ST Rotation Vector|0.5497581|-0.17869431|-0.43171093|4.2E-45|-1.0|1395861618689
ST Rotation Vector|0.53434366|-0.17934445|-0.44144803|4.2E-45|-1.0|1395861618709
ST Rotation Vector|0.52057076|-0.18677892|-0.45277116|4.2E-45|-1.0|1395861618729
ST Rotation Vector|0.5150778|-0.19063513|-0.45719147|4.2E-45|-1.0|1395861618752
ST Rotation Vector|0.51201177|-0.18452968|-0.45620945|4.2E-45|-1.0|1395861618769
ST Rotation Vector|0.50915205|-0.17188892|-0.45346403|4.2E-45|-1.0|1395861618791
ST Rotation Vector|0.507258|-0.16823998|-0.45415804|4.2E-45|-1.0|1395861618810
ST Rotation Vector|0.507822|-0.17401455|-0.45576593|4.2E-45|-1.0|1395861618831
ST Rotation Vector|0.5099149|-0.17807238|-0.4552984|4.2E-45|-1.0|1395861618850
ST Rotation Vector|0.5153972|-0.17946015|-0.45073232|4.2E-45|-1.0|1395861618871
ST Rotation Vector|0.52304417|-0.17678975|-0.44375035|4.2E-45|-1.0|1395861618891
ST Rotation Vector|0.53001434|-0.17498867|-0.43905622|4.2E-45|-1.0|1395861618911
ST Rotation Vector|0.5369338|-0.17742713|-0.43675572|4.2E-45|-1.0|1395861618930
ST Rotation Vector|0.5436979|-0.18178992|-0.43502796|4.2E-45|-1.0|1395861618953
ST Rotation Vector|0.5551986|-0.18938701|-0.43110695|4.2E-45|-1.0|1395861618969
ST Rotation Vector|0.5687923|-0.19700588|-0.42475086|4.2E-45|-1.0|1395861618990
ST Rotation Vector|0.5841298|-0.20696296|-0.41766858|4.2E-45|-1.0|1395861619011
ST Rotation Vector|0.6032812|-0.21891168|-0.40883008|4.2E-45|-1.0|1395861619053
ST Rotation Vector|0.6133655|-0.2247491|-0.4036189|4.2E-45|-1.0|1395861619054
ST Rotation Vector|0.62579805|-0.23312607|-0.39669266|4.2E-45|-1.0|1395861619067
ST Rotation Vector|0.6368439|-0.24156503|-0.389985|4.2E-45|-1.0|1395861619088
ST Rotation Vector|0.64558446|-0.25002345|-0.3842065|4.2E-45|-1.0|1395861619128
ST Rotation Vector|0.6511126|-0.25827783|-0.37972805|4.2E-45|-1.0|1395861619149
ST Rotation Vector|0.6533957|-0.26556084|-0.37667912|4.2E-45|-1.0|1395861619167
ST Rotation Vector|0.653491|-0.2694743|-0.37536243|4.2E-45|-1.0|1395861619170
ST Rotation Vector|0.65226346|-0.2718869|-0.37489|4.2E-45|-1.0|1395861619210
ST Rotation Vector|0.6498518|-0.27117684|-0.37606308|4.2E-45|-1.0|1395861619228
ST Rotation Vector|0.64630306|-0.2684683|-0.37913585|4.2E-45|-1.0|1395861619248
ST Rotation Vector|0.6419312|-0.26406196|-0.3836167|4.2E-45|-1.0|1395861619268
ST Rotation Vector|0.6382308|-0.2593573|-0.3877475|4.2E-45|-1.0|1395861619289
ST Rotation Vector|0.63269097|-0.250536|-0.39353043|4.2E-45|-1.0|1395861619308
ST Rotation Vector|0.6263716|-0.23835962|-0.39924523|4.2E-45|-1.0|1395861619328
ST Rotation Vector|0.6188019|-0.22267906|-0.40482646|4.2E-45|-1.0|1395861619352
ST Rotation Vector|0.6094867|-0.2011533|-0.40940642|4.2E-45|-1.0|1395861619368
ST Rotation Vector|0.5977793|-0.18066724|-0.414425|4.2E-45|-1.0|1395861619390
ST Rotation Vector|0.57221127|-0.1630476|-0.42255697|4.2E-45|-1.0|1395861619410
ST Rotation Vector|0.55575883|-0.16821598|-0.43082947|4.2E-45|-1.0|1395861619434
ST Rotation Vector|0.5426703|-0.18268664|-0.43800452|4.2E-45|-1.0|1395861619449
ST Rotation Vector|0.5357386|-0.1936451|-0.44271076|4.2E-45|-1.0|1395861619469
ST Rotation Vector|0.5375834|-0.192806|-0.44130942|4.2E-45|-1.0|1395861619489
ST Rotation Vector|0.5363308|-0.1843387|-0.43873218|4.2E-45|-1.0|1395861619508
ST Rotation Vector|0.53087825|-0.17555799|-0.43871275|4.2E-45|-1.0|1395861619529
ST Rotation Vector|0.5263588|-0.17589898|-0.4428624|4.2E-45|-1.0|1395861619552
ST Rotation Vector|0.5256048|-0.18142745|-0.44545716|4.2E-45|-1.0|1395861619569
ST Rotation Vector|0.5282802|-0.1843558|-0.44460893|4.2E-45|-1.0|1395861619589
ST Rotation Vector|0.53601986|-0.18512188|-0.4399834|4.2E-45|-1.0|1395861619612
ST Rotation Vector|0.54643637|-0.18381424|-0.43374345|4.2E-45|-1.0|1395861619628
ST Rotation Vector|0.5565075|-0.18441512|-0.42908615|4.2E-45|-1.0|1395861619648
ST Rotation Vector|0.5673959|-0.18756247|-0.42488012|4.2E-45|-1.0|1395861619668
ST Rotation Vector|0.5761198|-0.19071741|-0.42122507|4.2E-45|-1.0|1395861619688
ST Rotation Vector|0.58698934|-0.1987254|-0.41701472|4.2E-45|-1.0|1395861619709
ST Rotation Vector|0.5988706|-0.21089415|-0.41188204|4.2E-45|-1.0|1395861619728
ST Rotation Vector|0.6105982|-0.22108176|-0.40566453|4.2E-45|-1.0|1395861619749
ST Rotation Vector|0.62084144|-0.22872926|-0.3992812|4.2E-45|-1.0|1395861619768
ST Rotation Vector|0.62848055|-0.23414986|-0.3936465|4.2E-45|-1.0|1395861619791
ST Rotation Vector|0.63804466|-0.24089329|-0.38574976|4.2E-45|-1.0|1395861619808
ST Rotation Vector|0.64562166|-0.24730378|-0.37886477|4.2E-45|-1.0|1395861619828
ST Rotation Vector|0.6501386|-0.25360242|-0.37449095|4.2E-45|-1.0|1395861619848
ST Rotation Vector|0.65107363|-0.25907594|-0.37327975|4.2E-45|-1.0|1395861619868
ST Rotation Vector|0.6494547|-0.2621637|-0.37424898|4.2E-45|-1.0|1395861619888
ST Rotation Vector|0.64533645|-0.26442757|-0.3776059|4.2E-45|-1.0|1395861619908
ST Rotation Vector|0.64082646|-0.26379874|-0.3813765|4.2E-45|-1.0|1395861619927
ST Rotation Vector|0.63668174|-0.26044673|-0.3849976|4.2E-45|-1.0|1395861619948
ST Rotation Vector|0.6328755|-0.25513822|-0.3884014|4.2E-45|-1.0|1395861619968
ST Rotation Vector|0.62998855|-0.24969506|-0.39101145|4.2E-45|-1.0|1395861619988
ST Rotation Vector|0.6260426|-0.24034895|-0.3941123|4.2E-45|-1.0|1395861620008
ST Rotation Vector|0.62169474|-0.22894607|-0.39719456|4.2E-45|-1.0|1395861620027
ST Rotation Vector|0.61574125|-0.2155384|-0.40148672|4.2E-45|-1.0|1395861620048
ST Rotation Vector|0.60669774|-0.19740064|-0.40688035|4.2E-45|-1.0|1395861620068
ST Rotation Vector|0.5958783|-0.17984311|-0.4128953|4.2E-45|-1.0|1395861620087
ST Rotation Vector|0.5748115|-0.16126525|-0.42320102|4.2E-45|-1.0|1395861620107
ST Rotation Vector|0.5611872|-0.16567503|-0.43299925|4.2E-45|-1.0|1395861620127
ST Rotation Vector|0.5508496|-0.17510432|-0.44257903|4.2E-45|-1.0|1395861620148
ST Rotation Vector|0.53795654|-0.18207166|-0.45043975|4.2E-45|-1.0|1395861620168
ST Rotation Vector|0.5370142|-0.1809905|-0.45027775|4.2E-45|-1.0|1395861620187
ST Rotation Vector|0.53737|-0.17478988|-0.44688332|4.2E-45|-1.0|1395861620207
ST Rotation Vector|0.53340256|-0.16853757|-0.4456257|4.2E-45|-1.0|1395861620228
ST Rotation Vector|0.5297725|-0.17019568|-0.44842327|4.2E-45|-1.0|1395861620247
ST Rotation Vector|0.53050655|-0.17957959|-0.45234412|4.2E-45|-1.0|1395861620268
ST Rotation Vector|0.5327075|-0.18520786|-0.45358658|4.2E-45|-1.0|1395861620291
ST Rotation Vector|0.53722507|-0.18792234|-0.45194626|4.2E-45|-1.0|1395861620308
ST Rotation Vector|0.5402731|-0.18732063|-0.44992858|4.2E-45|-1.0|1395861620330
ST Rotation Vector|0.5416778|-0.18729016|-0.44982287|4.2E-45|-1.0|1395861620357
ST Rotation Vector|0.54521286|-0.18989223|-0.4499538|4.2E-45|-1.0|1395861620378
ST Rotation Vector|0.5512656|-0.19339977|-0.44860187|4.2E-45|-1.0|1395861620397
ST Rotation Vector|0.5633613|-0.19922285|-0.4441071|4.2E-45|-1.0|1395861620418
ST Rotation Vector|0.5768633|-0.20537269|-0.43734974|4.2E-45|-1.0|1395861620437
ST Rotation Vector|0.5869351|-0.21211115|-0.43184116|4.2E-45|-1.0|1395861620457
ST Rotation Vector|0.5941944|-0.21899015|-0.42781517|4.2E-45|-1.0|1395861620478
ST Rotation Vector|0.600559|-0.22434431|-0.42430738|4.2E-45|-1.0|1395861620501
ST Rotation Vector|0.61035186|-0.23235498|-0.41881996|4.2E-45|-1.0|1395861620516
ST Rotation Vector|0.6205873|-0.23961745|-0.41099268|4.2E-45|-1.0|1395861620537
ST Rotation Vector|0.6306932|-0.24681583|-0.4020877|4.2E-45|-1.0|1395861620557
ST Rotation Vector|0.63931054|-0.25355437|-0.39294115|4.2E-45|-1.0|1395861620577
ST Rotation Vector|0.6438995|-0.2580325|-0.38659394|4.2E-45|-1.0|1395861620597
ST Rotation Vector|0.6472667|-0.2625727|-0.37952438|4.2E-45|-1.0|1395861620616
ST Rotation Vector|0.64814365|-0.2642423|-0.37434295|4.2E-45|-1.0|1395861620646
ST Rotation Vector|0.64616644|-0.2573678|-0.36963508|4.2E-45|-1.0|1395861620668
ST Rotation Vector|0.64492583|-0.2527644|-0.37002212|4.2E-45|-1.0|1395861620688
ST Rotation Vector|0.64272326|-0.24651426|-0.37247092|4.2E-45|-1.0|1395861620710
ST Rotation Vector|0.6390561|-0.23959458|-0.3774183|4.2E-45|-1.0|1395861620728
ST Rotation Vector|0.6334568|-0.23057614|-0.38320065|4.2E-45|-1.0|1395861620749
ST Rotation Vector|0.6264102|-0.21840559|-0.38796446|4.2E-45|-1.0|1395861620778
ST Rotation Vector|0.61986095|-0.20670481|-0.3910537|4.2E-45|-1.0|1395861620797
ST Rotation Vector|0.6095705|-0.18749082|-0.3945885|4.2E-45|-1.0|1395861620817
ST Rotation Vector|0.6000855|-0.1666855|-0.39560765|4.2E-45|-1.0|1395861620837
ST Rotation Vector|0.584736|-0.1540685|-0.39646456|4.2E-45|-1.0|1395861620857
ST Rotation Vector|0.5611499|-0.15402342|-0.4069065|4.2E-45|-1.0|1395861620877
ST Rotation Vector|0.5465948|-0.15739828|-0.4189466|4.2E-45|-1.0|1395861620907
ST Rotation Vector|0.5256816|-0.17022315|-0.43715364|4.2E-45|-1.0|1395861620908
ST Rotation Vector|0.51751965|-0.17630905|-0.445581|4.2E-45|-1.0|1395861620927
ST Rotation Vector|0.51866776|-0.16819024|-0.4411271|4.2E-45|-1.0|1395861620966
ST Rotation Vector|0.5163219|-0.15753366|-0.43476385|4.2E-45|-1.0|1395861620987
ST Rotation Vector|0.5148662|-0.15498666|-0.43202627|4.2E-45|-1.0|1395861620988
ST Rotation Vector|0.5161059|-0.15897751|-0.43100291|4.2E-45|-1.0|1395861621008
ST Rotation Vector|0.5165843|-0.16373393|-0.43188068|4.2E-45|-1.0|1395861621046
ST Rotation Vector|0.5169753|-0.16334751|-0.43121925|4.2E-45|-1.0|1395861621066
ST Rotation Vector|0.5220175|-0.15786737|-0.4266375|4.2E-45|-1.0|1395861621087
ST Rotation Vector|0.52874875|-0.1545111|-0.42205188|4.2E-45|-1.0|1395861621088
ST Rotation Vector|0.5387886|-0.15445913|-0.4171268|4.2E-45|-1.0|1395861621126
ST Rotation Vector|0.54923177|-0.15909395|-0.41409415|4.2E-45|-1.0|1395861621147
ST Rotation Vector|0.5604665|-0.16670142|-0.4119967|4.2E-45|-1.0|1395861621166
ST Rotation Vector|0.5723946|-0.17777258|-0.4109917|4.2E-45|-1.0|1395861621186
ST Rotation Vector|0.58174616|-0.19159535|-0.4117872|4.2E-45|-1.0|1395861621207
ST Rotation Vector|0.5954041|-0.20504637|-0.40751395|4.2E-45|-1.0|1395861621228
ST Rotation Vector|0.60888726|-0.21505538|-0.3997865|4.2E-45|-1.0|1395861621247
ST Rotation Vector|0.62174636|-0.22467656|-0.39077112|4.2E-45|-1.0|1395861621267
ST Rotation Vector|0.63201207|-0.2337029|-0.38232616|4.2E-45|-1.0|1395861621288
ST Rotation Vector|0.6369708|-0.2399076|-0.37721118|4.2E-45|-1.0|1395861621307
ST Rotation Vector|0.64014786|-0.24621673|-0.37230778|4.2E-45|-1.0|1395861621326
ST Rotation Vector|0.6402968|-0.24972875|-0.36968789|4.2E-45|-1.0|1395861621347
ST Rotation Vector|0.6389997|-0.24929866|-0.3687654|4.2E-45|-1.0|1395861621367
ST Rotation Vector|0.63573945|-0.24494907|-0.3693315|4.2E-45|-1.0|1395861621386
ST Rotation Vector|0.6317652|-0.24049197|-0.37140146|4.2E-45|-1.0|1395861621406
ST Rotation Vector|0.62551224|-0.23412737|-0.3760907|4.2E-45|-1.0|1395861621426
ST Rotation Vector|0.6200039|-0.22676718|-0.3810634|4.2E-45|-1.0|1395861621447
ST Rotation Vector|0.6161729|-0.21758305|-0.38358563|4.2E-45|-1.0|1395861621467
ST Rotation Vector|0.61410683|-0.20569855|-0.38330513|4.2E-45|-1.0|1395861621487
ST Rotation Vector|0.6129088|-0.19512664|-0.38229185|4.2E-45|-1.0|1395861621507
ST Rotation Vector|0.61062664|-0.17773704|-0.38112032|4.2E-45|-1.0|1395861621527
ST Rotation Vector|0.6042106|-0.15529399|-0.38271964|4.2E-45|-1.0|1395861621547
ST Rotation Vector|0.5855863|-0.13418363|-0.39183515|4.2E-45|-1.0|1395861621567
ST Rotation Vector|0.5649526|-0.13411875|-0.40559766|4.2E-45|-1.0|1395861621587
ST Rotation Vector|0.5558714|-0.14298087|-0.41152653|4.2E-45|-1.0|1395861621606
ST Rotation Vector|0.5446115|-0.15091817|-0.41682544|4.2E-45|-1.0|1395861621627
ST Rotation Vector|0.5382553|-0.15074131|-0.41709006|4.2E-45|-1.0|1395861621647
ST Rotation Vector|0.53966755|-0.14279702|-0.41113988|4.2E-45|-1.0|1395861621667
ST Rotation Vector|0.53193617|-0.13250272|-0.4116483|4.2E-45|-1.0|1395861621687
ST Rotation Vector|0.5240518|-0.12802495|-0.4164823|4.2E-45|-1.0|1395861621706
ST Rotation Vector|0.5175941|-0.12983021|-0.42511564|4.2E-45|-1.0|1395861621727
ST Rotation Vector|0.5162576|-0.1335782|-0.43034473|4.2E-45|-1.0|1395861621747
ST Rotation Vector|0.51863855|-0.13480917|-0.43008155|4.2E-45|-1.0|1395861621767
ST Rotation Vector|0.5246369|-0.13485332|-0.4255246|4.2E-45|-1.0|1395861621797
ST Rotation Vector|0.52981395|-0.13500766|-0.421516|4.2E-45|-1.0|1395861621798
ST Rotation Vector|0.53613883|-0.13570805|-0.41742983|4.2E-45|-1.0|1395861621818
ST Rotation Vector|0.5440055|-0.13821955|-0.41402057|4.2E-45|-1.0|1395861621837
ST Rotation Vector|0.5544059|-0.14285088|-0.4105827|4.2E-45|-1.0|1395861621877
ST Rotation Vector|0.5657027|-0.14881092|-0.40709424|4.2E-45|-1.0|1395861621897
ST Rotation Vector|0.57411104|-0.15418427|-0.40426764|4.2E-45|-1.0|1395861621897
ST Rotation Vector|0.59034705|-0.17009713|-0.40153536|4.2E-45|-1.0|1395861621918
ST Rotation Vector|0.60738224|-0.1846833|-0.3946531|4.2E-45|-1.0|1395861621938
ST Rotation Vector|0.6192646|-0.19267766|-0.38618025|4.2E-45|-1.0|1395861621977
ST Rotation Vector|0.6309694|-0.20016336|-0.37642306|4.2E-45|-1.0|1395861621997
ST Rotation Vector|0.63876456|-0.20585819|-0.36896834|4.2E-45|-1.0|1395861621998
ST Rotation Vector|0.64689314|-0.21374878|-0.35990945|4.2E-45|-1.0|1395861622018
ST Rotation Vector|0.6518415|-0.2216942|-0.35240027|4.2E-45|-1.0|1395861622057
ST Rotation Vector|0.65358883|-0.22871338|-0.3462725|4.2E-45|-1.0|1395861622077
ST Rotation Vector|0.65269136|-0.23380765|-0.34213912|4.2E-45|-1.0|1395861622097
ST Rotation Vector|0.6511752|-0.23501821|-0.34006155|4.2E-45|-1.0|1395861622098
ST Rotation Vector|0.64823645|-0.23238605|-0.33786514|4.2E-45|-1.0|1395861622137
ST Rotation Vector|0.6440248|-0.22647902|-0.3369806|4.2E-45|-1.0|1395861622158
ST Rotation Vector|0.63826984|-0.21942171|-0.3387905|4.2E-45|-1.0|1395861622177
ST Rotation Vector|0.6309494|-0.21141942|-0.34366193|4.2E-45|-1.0|1395861622197
ST Rotation Vector|0.6253644|-0.20392966|-0.34809664|4.2E-45|-1.0|1395861622223
ST Rotation Vector|0.61802506|-0.1910874|-0.35403168|4.2E-45|-1.0|1395861622224
ST Rotation Vector|0.6085158|-0.17515203|-0.36160314|4.2E-45|-1.0|1395861622257
ST Rotation Vector|0.59561384|-0.1554448|-0.37091732|4.2E-45|-1.0|1395861622277
ST Rotation Vector|0.57929623|-0.13504998|-0.3786444|4.2E-45|-1.0|1395861622297
ST Rotation Vector|0.5641038|-0.12525624|-0.38436347|4.2E-45|-1.0|1395861622316
ST Rotation Vector|0.54658157|-0.12441215|-0.3907366|4.2E-45|-1.0|1395861622337
ST Rotation Vector|0.5321591|-0.13784389|-0.39457503|4.2E-45|-1.0|1395861622358
ST Rotation Vector|0.5108409|-0.15201373|-0.40507367|4.2E-45|-1.0|1395861622376
ST Rotation Vector|0.50177693|-0.15110965|-0.40601403|4.2E-45|-1.0|1395861622398
ST Rotation Vector|0.505894|-0.14363019|-0.39948142|4.2E-45|-1.0|1395861622416
ST Rotation Vector|0.5118403|-0.13170819|-0.3889806|4.2E-45|-1.0|1395861622437
ST Rotation Vector|0.5086135|-0.12007642|-0.38682118|4.2E-45|-1.0|1395861622457
ST Rotation Vector|0.5075393|-0.11697258|-0.38712013|4.2E-45|-1.0|1395861622477
ST Rotation Vector|0.51542944|-0.11870103|-0.38418773|4.2E-45|-1.0|1395861622497
ST Rotation Vector|0.5220752|-0.12100316|-0.38076317|4.2E-45|-1.0|1395861622517
ST Rotation Vector|0.52827543|-0.12144037|-0.37523538|4.2E-45|-1.0|1395861622537
ST Rotation Vector|0.5353277|-0.11719985|-0.36823627|4.2E-45|-1.0|1395861622558
ST Rotation Vector|0.54440194|-0.11354531|-0.36283475|4.2E-45|-1.0|1395861622576
ST Rotation Vector|0.55466264|-0.113906525|-0.35986644|4.2E-45|-1.0|1395861622597
ST Rotation Vector|0.5636628|-0.117137395|-0.35843605|4.2E-45|-1.0|1395861622616
ST Rotation Vector|0.5771162|-0.12493938|-0.35747677|4.2E-45|-1.0|1395861622637
ST Rotation Vector|0.59102696|-0.13528565|-0.35661513|4.2E-45|-1.0|1395861622657
ST Rotation Vector|0.6017833|-0.14891067|-0.35796118|4.2E-45|-1.0|1395861622677
ST Rotation Vector|0.61323535|-0.16054933|-0.35577172|4.2E-45|-1.0|1395861622697
ST Rotation Vector|0.6227144|-0.16782764|-0.35201728|4.2E-45|-1.0|1395861622717
ST Rotation Vector|0.63415766|-0.17615539|-0.3466229|4.2E-45|-1.0|1395861622737
ST Rotation Vector|0.64398646|-0.1828633|-0.3415342|4.2E-45|-1.0|1395861622758
ST Rotation Vector|0.65130764|-0.18830432|-0.3375229|4.2E-45|-1.0|1395861622777
ST Rotation Vector|0.65512615|-0.19199236|-0.33500624|4.2E-45|-1.0|1395861622797
ST Rotation Vector|0.6552544|-0.19314885|-0.33453196|4.2E-45|-1.0|1395861622817
ST Rotation Vector|0.65189725|-0.19366801|-0.3364452|4.2E-45|-1.0|1395861622837
ST Rotation Vector|0.646877|-0.19346789|-0.33987784|4.2E-45|-1.0|1395861622857
ST Rotation Vector|0.642462|-0.19180995|-0.34410733|4.2E-45|-1.0|1395861622877
ST Rotation Vector|0.63906854|-0.18811773|-0.34838665|4.2E-45|-1.0|1395861622897
ST Rotation Vector|0.6366851|-0.18345045|-0.35129765|4.2E-45|-1.0|1395861622917
ST Rotation Vector|0.6328564|-0.174492|-0.3540187|4.2E-45|-1.0|1395861622937
ST Rotation Vector|0.6277345|-0.16198793|-0.35522008|4.2E-45|-1.0|1395861622959
ST Rotation Vector|0.6198176|-0.14638948|-0.35669243|4.2E-45|-1.0|1395861622977
ST Rotation Vector|0.60726714|-0.12853839|-0.3606387|4.2E-45|-1.0|1395861622998
ST Rotation Vector|0.5947002|-0.11486656|-0.36444816|4.2E-45|-1.0|1395861623017
ST Rotation Vector|0.5740552|-0.10475831|-0.37280193|4.2E-45|-1.0|1395861623041
ST Rotation Vector|0.5559454|-0.10441066|-0.3872468|4.2E-45|-1.0|1395861623057
ST Rotation Vector|0.54006857|-0.120032445|-0.40342557|4.2E-45|-1.0|1395861623077
ST Rotation Vector|0.5302168|-0.13221927|-0.41491246|4.2E-45|-1.0|1395861623097
ST Rotation Vector|0.5283811|-0.13042508|-0.41828245|4.2E-45|-1.0|1395861623117
ST Rotation Vector|0.5246272|-0.12176825|-0.4182296|4.2E-45|-1.0|1395861623137
ST Rotation Vector|0.51658183|-0.11297711|-0.41730303|4.2E-45|-1.0|1395861623159
ST Rotation Vector|0.51237535|-0.10940055|-0.41645038|4.2E-45|-1.0|1395861623177
ST Rotation Vector|0.516586|-0.11310768|-0.4160794|4.2E-45|-1.0|1395861623197
ST Rotation Vector|0.5217194|-0.1173627|-0.4161581|4.2E-45|-1.0|1395861623218
ST Rotation Vector|0.52787864|-0.12080454|-0.41546252|4.2E-45|-1.0|1395861623237
ST Rotation Vector|0.5353848|-0.12083015|-0.41255003|4.2E-45|-1.0|1395861623257
ST Rotation Vector|0.5432651|-0.12152079|-0.40912646|4.2E-45|-1.0|1395861623277
ST Rotation Vector|0.5505765|-0.12478669|-0.40648714|4.2E-45|-1.0|1395861623297
ST Rotation Vector|0.55666566|-0.12909684|-0.40460655|4.2E-45|-1.0|1395861623318
ST Rotation Vector|0.5670621|-0.13715851|-0.40114388|4.2E-45|-1.0|1395861623338
ST Rotation Vector|0.579075|-0.14651226|-0.39701685|4.2E-45|-1.0|1395861623359
ST Rotation Vector|0.5940838|-0.16289505|-0.3944646|4.2E-45|-1.0|1395861623377
ST Rotation Vector|0.6107958|-0.18021268|-0.38929015|4.2E-45|-1.0|1395861623398
ST Rotation Vector|0.62053925|-0.1874992|-0.38547745|4.2E-45|-1.0|1395861623418
ST Rotation Vector|0.6330112|-0.19723131|-0.37994775|4.2E-45|-1.0|1395861623438
ST Rotation Vector|0.6439214|-0.20692746|-0.37449205|4.2E-45|-1.0|1395861623457
ST Rotation Vector|0.6521321|-0.2167252|-0.3696518|4.2E-45|-1.0|1395861623478
ST Rotation Vector|0.65710884|-0.22567244|-0.36578965|4.2E-45|-1.0|1395861623498
ST Rotation Vector|0.658994|-0.23080784|-0.36321163|4.2E-45|-1.0|1395861623518
ST Rotation Vector|0.65997493|-0.23462343|-0.3600503|4.2E-45|-1.0|1395861623538
ST Rotation Vector|0.6595158|-0.234456|-0.35729712|4.2E-45|-1.0|1395861623558
ST Rotation Vector|0.6567712|-0.23140934|-0.35658512|4.2E-45|-1.0|1395861623577
ST Rotation Vector|0.65168744|-0.22803196|-0.35937154|4.2E-45|-1.0|1395861623597
ST Rotation Vector|0.6469483|-0.22560157|-0.36381507|4.2E-45|-1.0|1395861623617
ST Rotation Vector|0.64010185|-0.2213386|-0.37185657|4.2E-45|-1.0|1395861623638
ST Rotation Vector|0.633352|-0.21383479|-0.379528|4.2E-45|-1.0|1395861623657
ST Rotation Vector|0.62684655|-0.20255078|-0.38534728|4.2E-45|-1.0|1395861623677
ST Rotation Vector|0.6189058|-0.18806085|-0.3903308|4.2E-45|-1.0|1395861623699
ST Rotation Vector|0.61102426|-0.17500557|-0.39413467|4.2E-45|-1.0|1395861623717
ST Rotation Vector|0.5970659|-0.15419787|-0.39986786|4.2E-45|-1.0|1395861623738
ST Rotation Vector|0.574384|-0.13635802|-0.4117362|4.2E-45|-1.0|1395861623759
ST Rotation Vector|0.5569623|-0.13694471|-0.42271444|4.2E-45|-1.0|1395861623779
ST Rotation Vector|0.5427831|-0.1489606|-0.43536592|4.2E-45|-1.0|1395861623818
ST Rotation Vector|0.53731555|-0.15800554|-0.44051626|4.2E-45|-1.0|1395861623819
ST Rotation Vector|0.54033536|-0.15206642|-0.43782723|4.2E-45|-1.0|1395861623838
ST Rotation Vector|0.5338543|-0.13979404|-0.43562797|4.2E-45|-1.0|1395861623857
ST Rotation Vector|0.52670616|-0.13084397|-0.4347037|4.2E-45|-1.0|1395861623897
ST Rotation Vector|0.5275754|-0.13199401|-0.43662283|4.2E-45|-1.0|1395861623917
ST Rotation Vector|0.5285566|-0.13763346|-0.43983182|4.2E-45|-1.0|1395861623918
ST Rotation Vector|0.5299238|-0.14267142|-0.44139487|4.2E-45|-1.0|1395861623943
ST Rotation Vector|0.5345294|-0.14190927|-0.4376121|4.2E-45|-1.0|1395861623969
ST Rotation Vector|0.5397644|-0.14017555|-0.43295756|4.2E-45|-1.0|1395861623995
ST Rotation Vector|0.54483175|-0.14204699|-0.43100193|4.2E-45|-1.0|1395861624019
ST Rotation Vector|0.5496462|-0.14583194|-0.43075442|4.2E-45|-1.0|1395861624021
ST Rotation Vector|0.558644|-0.15268315|-0.42962164|4.2E-45|-1.0|1395861624041
ST Rotation Vector|0.5700791|-0.1605316|-0.42596555|4.2E-45|-1.0|1395861624060
ST Rotation Vector|0.58263034|-0.16925396|-0.42093188|4.2E-45|-1.0|1395861624103
ST Rotation Vector|0.59573174|-0.17902005|-0.41564453|4.2E-45|-1.0|1395861624117
ST Rotation Vector|0.60630083|-0.18548931|-0.4098088|4.2E-45|-1.0|1395861624146
ST Rotation Vector|0.61921847|-0.1929511|-0.4008812|4.2E-45|-1.0|1395861624146
ST Rotation Vector|0.63123703|-0.20089324|-0.3918371|4.2E-45|-1.0|1395861624174
ST Rotation Vector|0.6413363|-0.20923343|-0.38355857|4.2E-45|-1.0|1395861624195
ST Rotation Vector|0.6486607|-0.21754254|-0.37697178|4.2E-45|-1.0|1395861624215
ST Rotation Vector|0.6519134|-0.2232508|-0.37342516|4.2E-45|-1.0|1395861624229
ST Rotation Vector|0.653589|-0.2290216|-0.3706227|4.2E-45|-1.0|1395861624249
ST Rotation Vector|0.653595|-0.23140529|-0.36919624|4.2E-45|-1.0|1395861624270
ST Rotation Vector|0.65255165|-0.23023553|-0.3687589|4.2E-45|-1.0|1395861624290
ST Rotation Vector|0.6500122|-0.22682022|-0.37004477|4.2E-45|-1.0|1395861624316
ST Rotation Vector|0.64681923|-0.22369298|-0.372685|4.2E-45|-1.0|1395861624344
ST Rotation Vector|0.6411628|-0.21895392|-0.37789264|4.2E-45|-1.0|1395861624347
ST Rotation Vector|0.6346702|-0.21219108|-0.3835321|4.2E-45|-1.0|1395861624366
ST Rotation Vector|0.62799233|-0.20213002|-0.38770488|4.2E-45|-1.0|1395861624390
ST Rotation Vector|0.62106705|-0.18857725|-0.39064583|4.2E-45|-1.0|1395861624416
ST Rotation Vector|0.6143924|-0.17691986|-0.39374346|4.2E-45|-1.0|1395861624446
ST Rotation Vector|0.6022728|-0.16075939|-0.4001033|4.2E-45|-1.0|1395861624447
ST Rotation Vector|0.5859177|-0.14297585|-0.40748328|4.2E-45|-1.0|1395861624470
ST Rotation Vector|0.56228393|-0.13098073|-0.4218053|4.2E-45|-1.0|1395861624488
ST Rotation Vector|0.54213053|-0.13620035|-0.43752638|4.2E-45|-1.0|1395861624513
ST Rotation Vector|0.5301594|-0.14641534|-0.4462124|4.2E-45|-1.0|1395861624530
ST Rotation Vector|0.5243334|-0.1561802|-0.45236817|4.2E-45|-1.0|1395861624550
ST Rotation Vector|0.5249071|-0.15095654|-0.44959837|4.2E-45|-1.0|1395861624570
ST Rotation Vector|0.5208393|-0.1370266|-0.4442664|4.2E-45|-1.0|1395861624588
ST Rotation Vector|0.5141813|-0.12601204|-0.44232622|4.2E-45|-1.0|1395861624615
ST Rotation Vector|0.51089793|-0.12541413|-0.44356573|4.2E-45|-1.0|1395861624635
ST Rotation Vector|0.510399|-0.1315368|-0.44588858|4.2E-45|-1.0|1395861624654
ST Rotation Vector|0.5140479|-0.1358853|-0.44508964|4.2E-45|-1.0|1395861624672
ST Rotation Vector|0.51988846|-0.13423264|-0.44059536|4.2E-45|-1.0|1395861624688
ST Rotation Vector|0.5261656|-0.13248532|-0.43603313|4.2E-45|-1.0|1395861624716
ST Rotation Vector|0.5308009|-0.13382387|-0.43388218|4.2E-45|-1.0|1395861624729
ST Rotation Vector|0.53799194|-0.13851506|-0.43161446|4.2E-45|-1.0|1395861624748
ST Rotation Vector|0.5479204|-0.14446238|-0.42761555|4.2E-45|-1.0|1395861624768
ST Rotation Vector|0.56104076|-0.15048261|-0.42056113|4.2E-45|-1.0|1395861624793
ST Rotation Vector|0.5760856|-0.15582305|-0.41147003|4.2E-45|-1.0|1395861624810
ST Rotation Vector|0.589288|-0.163329|-0.40517402|4.2E-45|-1.0|1395861624830
ST Rotation Vector|0.60531974|-0.16989085|-0.39587185|4.2E-45|-1.0|1395861624850
ST Rotation Vector|0.6203508|-0.17552616|-0.38682383|4.2E-45|-1.0|1395861624874
ST Rotation Vector|0.63429344|-0.18206128|-0.37847188|4.2E-45|-1.0|1395861624893
ST Rotation Vector|0.6467159|-0.18937548|-0.37080172|4.2E-45|-1.0|1395861624914
ST Rotation Vector|0.654472|-0.19528025|-0.3659055|4.2E-45|-1.0|1395861624928
ST Rotation Vector|0.6619392|-0.20356001|-0.36076462|4.2E-45|-1.0|1395861624951
ST Rotation Vector|0.6654013|-0.21075614|-0.35742205|4.2E-45|-1.0|1395861624987
ST Rotation Vector|0.6648148|-0.2152076|-0.35654303|4.2E-45|-1.0|1395861625007
ST Rotation Vector|0.66112775|-0.21618283|-0.35804632|4.2E-45|-1.0|1395861625026
ST Rotation Vector|0.6568457|-0.21505985|-0.36058584|4.2E-45|-1.0|1395861625027
ST Rotation Vector|0.650201|-0.21195251|-0.36622316|4.2E-45|-1.0|1395861625053
ST Rotation Vector|0.64281726|-0.2073835|-0.374237|4.2E-45|-1.0|1395861625080
ST Rotation Vector|0.6346383|-0.20086867|-0.38394412|4.2E-45|-1.0|1395861625105
ST Rotation Vector|0.6265119|-0.19184588|-0.39311132|4.2E-45|-1.0|1395861625124
ST Rotation Vector|0.621346|-0.18345273|-0.39787668|4.2E-45|-1.0|1395861625139
ST Rotation Vector|0.6155156|-0.16884796|-0.40047035|4.2E-45|-1.0|1395861625159
ST Rotation Vector|0.6101083|-0.1460838|-0.39908072|4.2E-45|-1.0|1395861625185
ST Rotation Vector|0.5974015|-0.12082635|-0.4030837|4.2E-45|-1.0|1395861625204
ST Rotation Vector|0.57840234|-0.11392351|-0.41744775|4.2E-45|-1.0|1395861625221
ST Rotation Vector|0.5702562|-0.12147707|-0.42633426|4.2E-45|-1.0|1395861625240
ST Rotation Vector|0.5531925|-0.13412699|-0.44162312|4.2E-45|-1.0|1395861625259
ST Rotation Vector|0.5415862|-0.13997616|-0.44918385|4.2E-45|-1.0|1395861625283
ST Rotation Vector|0.5409755|-0.13091047|-0.4471519|4.2E-45|-1.0|1395861625297
ST Rotation Vector|0.53340304|-0.121376134|-0.44604892|4.2E-45|-1.0|1395861625319
ST Rotation Vector|0.5226532|-0.11844074|-0.44957262|4.2E-45|-1.0|1395861625340
ST Rotation Vector|0.51797533|-0.12233118|-0.45473927|4.2E-45|-1.0|1395861625367
ST Rotation Vector|0.52257687|-0.12880903|-0.4579143|4.2E-45|-1.0|1395861625390
ST Rotation Vector|0.5265061|-0.1325353|-0.4595201|4.2E-45|-1.0|1395861625414
ST Rotation Vector|0.5321503|-0.13228898|-0.45722058|4.2E-45|-1.0|1395861625418
ST Rotation Vector|0.5370225|-0.1308196|-0.45401067|4.2E-45|-1.0|1395861625444
ST Rotation Vector|0.5419915|-0.12940562|-0.45020187|4.2E-45|-1.0|1395861625462
ST Rotation Vector|0.5463385|-0.13033935|-0.44714016|4.2E-45|-1.0|1395861625482
ST Rotation Vector|0.5546616|-0.13345772|-0.44256777|4.2E-45|-1.0|1395861625501
ST Rotation Vector|0.56778693|-0.1391266|-0.4351904|4.2E-45|-1.0|1395861625520
ST Rotation Vector|0.57869816|-0.14480308|-0.42871356|4.2E-45|-1.0|1395861625542
ST Rotation Vector|0.5927475|-0.1526578|-0.41973144|4.2E-45|-1.0|1395861625559
ST Rotation Vector|0.60365605|-0.16526832|-0.41254705|4.2E-45|-1.0|1395861625580
ST Rotation Vector|0.6157585|-0.1741882|-0.40358847|4.2E-45|-1.0|1395861625600
ST Rotation Vector|0.62802553|-0.18207191|-0.39416018|4.2E-45|-1.0|1395861625625
ST Rotation Vector|0.6362897|-0.18818942|-0.3873351|4.2E-45|-1.0|1395861625640
ST Rotation Vector|0.64569235|-0.19627942|-0.37890485|4.2E-45|-1.0|1395861625660
ST Rotation Vector|0.652694|-0.20381582|-0.37166283|4.2E-45|-1.0|1395861625679
ST Rotation Vector|0.65728664|-0.2097547|-0.36617574|4.2E-45|-1.0|1395861625709
ST Rotation Vector|0.65988696|-0.21334912|-0.36278492|4.2E-45|-1.0|1395861625728
ST Rotation Vector|0.66079026|-0.2141285|-0.36153296|4.2E-45|-1.0|1395861625749
ST Rotation Vector|0.66066724|-0.21301526|-0.3619826|4.2E-45|-1.0|1395861625769
ST Rotation Vector|0.65928704|-0.2102731|-0.3653375|4.2E-45|-1.0|1395861625789
ST Rotation Vector|0.6569691|-0.20611303|-0.370679|4.2E-45|-1.0|1395861625809
ST Rotation Vector|0.65386206|-0.19921301|-0.37647185|4.2E-45|-1.0|1395861625829
ST Rotation Vector|0.65135795|-0.19190216|-0.3807046|4.2E-45|-1.0|1395861625849
ST Rotation Vector|0.6488803|-0.17818527|-0.38537472|4.2E-45|-1.0|1395861625869
ST Rotation Vector|0.6504942|-0.15826151|-0.38486108|4.2E-45|-1.0|1395861625889
ST Rotation Vector|0.6448515|-0.13209213|-0.3789885|4.2E-45|-1.0|1395861625909
ST Rotation Vector|0.61930233|-0.12982641|-0.390152|4.2E-45|-1.0|1395861625929
ST Rotation Vector|0.61524725|-0.1293963|-0.393676|4.2E-45|-1.0|1395861625949
ST Rotation Vector|0.61768764|-0.13292015|-0.39041126|4.2E-45|-1.0|1395861625969
ST Rotation Vector|0.6177896|-0.14075707|-0.38590798|4.2E-45|-1.0|1395861625988
ST Rotation Vector|0.61739624|-0.13843662|-0.3801738|4.2E-45|-1.0|1395861626015
ST Rotation Vector|0.6179264|-0.12663735|-0.37124708|4.2E-45|-1.0|1395861626027
ST Rotation Vector|0.61893314|-0.118357606|-0.36523113|4.2E-45|-1.0|1395861626047
ST Rotation Vector|0.62293494|-0.11164308|-0.36195007|4.2E-45|-1.0|1395861626069
ST Rotation Vector|0.63221234|-0.11259409|-0.36161786|4.2E-45|-1.0|1395861626095
ST Rotation Vector|0.6438133|-0.119580336|-0.36305568|4.2E-45|-1.0|1395861626124
ST Rotation Vector|0.6446457|-0.13097078|-0.37140882|4.2E-45|-1.0|1395861626139
ST Rotation Vector|0.6506066|-0.13656943|-0.3720628|4.2E-45|-1.0|1395861626145
ST Rotation Vector|0.6556562|-0.14034058|-0.37127343|4.2E-45|-1.0|1395861626165
ST Rotation Vector|0.65725315|-0.1405471|-0.37027225|4.2E-45|-1.0|1395861626202
ST Rotation Vector|0.65588206|-0.14046045|-0.3702317|4.2E-45|-1.0|1395861626216
ST Rotation Vector|0.65381515|-0.1405035|-0.37006333|4.2E-45|-1.0|1395861626241
ST Rotation Vector|0.6533982|-0.14017743|-0.36916322|4.2E-45|-1.0|1395861626243
ST Rotation Vector|0.65464526|-0.13955644|-0.36753598|4.2E-45|-1.0|1395861626276
ST Rotation Vector|0.6573509|-0.13929957|-0.3664947|4.2E-45|-1.0|1395861626299
ST Rotation Vector|0.659303|-0.13919833|-0.36842236|4.2E-45|-1.0|1395861626318
ST Rotation Vector|0.6589641|-0.13893521|-0.37441057|4.2E-45|-1.0|1395861626343
ST Rotation Vector|0.65759736|-0.14241554|-0.38187006|4.2E-45|-1.0|1395861626358
ST Rotation Vector|0.6564249|-0.15499724|-0.39389372|4.2E-45|-1.0|1395861626378
ST Rotation Vector|0.65648836|-0.158859|-0.39904618|4.2E-45|-1.0|1395861626398
ST Rotation Vector|0.6577488|-0.1592599|-0.40005562|4.2E-45|-1.0|1395861626419
ST Rotation Vector|0.6603033|-0.1588483|-0.39830396|4.2E-45|-1.0|1395861626439
ST Rotation Vector|0.66196644|-0.16490214|-0.39934742|4.2E-45|-1.0|1395861626460
ST Rotation Vector|0.66257954|-0.17160162|-0.40023112|4.2E-45|-1.0|1395861626479
ST Rotation Vector|0.6624334|-0.17376418|-0.40106285|4.2E-45|-1.0|1395861626499
ST Rotation Vector|0.6603588|-0.1737581|-0.4036398|4.2E-45|-1.0|1395861626518
ST Rotation Vector|0.65477204|-0.17699997|-0.41033167|4.2E-45|-1.0|1395861626539
ST Rotation Vector|0.65400195|-0.1794435|-0.412767|4.2E-45|-1.0|1395861626560
ST Rotation Vector|0.65462774|-0.18220846|-0.41525874|4.2E-45|-1.0|1395861626577
ST Rotation Vector|0.6564141|-0.1854443|-0.4180566|4.2E-45|-1.0|1395861626598
ST Rotation Vector|0.6576418|-0.18825975|-0.4215813|4.2E-45|-1.0|1395861626617
ST Rotation Vector|0.6565906|-0.18747966|-0.4240428|4.2E-45|-1.0|1395861626637
ST Rotation Vector|0.65690243|-0.18994866|-0.42691883|4.2E-45|-1.0|1395861626657
ST Rotation Vector|0.6566966|-0.1925137|-0.4304867|4.2E-45|-1.0|1395861626678
ST Rotation Vector|0.65623534|-0.19458649|-0.43340856|4.2E-45|-1.0|1395861626697
ST Rotation Vector|0.65482175|-0.19542977|-0.4358674|4.2E-45|-1.0|1395861626717
ST Rotation Vector|0.65274024|-0.19501606|-0.4380555|4.2E-45|-1.0|1395861626737
ST Rotation Vector|0.65112764|-0.19457804|-0.43986684|4.2E-45|-1.0|1395861626756
ST Rotation Vector|0.6490212|-0.19516216|-0.4426243|4.2E-45|-1.0|1395861626780
ST Rotation Vector|0.6474312|-0.19729172|-0.44557315|4.2E-45|-1.0|1395861626803
ST Rotation Vector|0.64658725|-0.19941097|-0.4480773|4.2E-45|-1.0|1395861626820
ST Rotation Vector|0.646317|-0.2007945|-0.449771|4.2E-45|-1.0|1395861626840
ST Rotation Vector|0.64642525|-0.20141868|-0.45070142|4.2E-45|-1.0|1395861626861
ST Rotation Vector|0.646518|-0.20201005|-0.4519198|4.2E-45|-1.0|1395861626880
ST Rotation Vector|0.64635366|-0.20247363|-0.45291957|4.2E-45|-1.0|1395861626902
ST Rotation Vector|0.6463371|-0.20307161|-0.45348582|4.2E-45|-1.0|1395861626922
ST Rotation Vector|0.6466234|-0.20406015|-0.45370948|4.2E-45|-1.0|1395861626942
ST Rotation Vector|0.6465526|-0.2053753|-0.45391527|4.2E-45|-1.0|1395861626961
ST Rotation Vector|0.6463187|-0.20736456|-0.45427427|4.2E-45|-1.0|1395861626984
ST Rotation Vector|0.64609915|-0.2079361|-0.454879|4.2E-45|-1.0|1395861627002
ST Rotation Vector|0.6459656|-0.20783773|-0.45552248|4.2E-45|-1.0|1395861627022
ST Rotation Vector|0.64595544|-0.20718561|-0.45623153|4.2E-45|-1.0|1395861627045
ST Rotation Vector|0.6461096|-0.2072095|-0.45658883|4.2E-45|-1.0|1395861627062
ST Rotation Vector|0.64649165|-0.20844865|-0.45692226|4.2E-45|-1.0|1395861627078
ST Rotation Vector|0.64721584|-0.21041325|-0.45677662|4.2E-45|-1.0|1395861627105
ST Rotation Vector|0.64801997|-0.21274252|-0.4562974|4.2E-45|-1.0|1395861627117
ST Rotation Vector|0.6477379|-0.21411161|-0.4564372|4.2E-45|-1.0|1395861627154
ST Rotation Vector|0.6468967|-0.21461247|-0.45680273|4.2E-45|-1.0|1395861627173
ST Rotation Vector|0.6458474|-0.21546794|-0.45735502|4.2E-45|-1.0|1395861627185
ST Rotation Vector|0.64487076|-0.2155316|-0.45789936|4.2E-45|-1.0|1395861627205
ST Rotation Vector|0.64473855|-0.21551558|-0.45774695|4.2E-45|-1.0|1395861627225
ST Rotation Vector|0.6453246|-0.21521987|-0.45722854|4.2E-45|-1.0|1395861627244
ST Rotation Vector|0.645733|-0.2150491|-0.45701298|4.2E-45|-1.0|1395861627264
ST Rotation Vector|0.64614266|-0.21443307|-0.4568258|4.2E-45|-1.0|1395861627285
ST Rotation Vector|0.6457625|-0.2140593|-0.4572809|4.2E-45|-1.0|1395861627305
ST Rotation Vector|0.6443151|-0.21414362|-0.4581237|4.2E-45|-1.0|1395861627324
ST Rotation Vector|0.6426929|-0.21409601|-0.45854062|4.2E-45|-1.0|1395861627343
ST Rotation Vector|0.6415011|-0.21440361|-0.45861405|4.2E-45|-1.0|1395861627366
ST Rotation Vector|0.64023733|-0.21550776|-0.45850697|4.2E-45|-1.0|1395861627379
ST Rotation Vector|0.6397256|-0.21600646|-0.45809543|4.2E-45|-1.0|1395861627409
ST Rotation Vector|0.64036614|-0.21623534|-0.45705006|4.2E-45|-1.0|1395861627434
ST Rotation Vector|0.64147156|-0.2164834|-0.45646864|4.2E-45|-1.0|1395861627448
ST Rotation Vector|0.64193416|-0.21627535|-0.45686442|4.2E-45|-1.0|1395861627475
ST Rotation Vector|0.6416519|-0.21707447|-0.45798594|4.2E-45|-1.0|1395861627475
ST Rotation Vector|0.64089817|-0.2180152|-0.4593708|4.2E-45|-1.0|1395861627512
ST Rotation Vector|0.640363|-0.21820794|-0.46037516|4.2E-45|-1.0|1395861627534
ST Rotation Vector|0.6399794|-0.21767966|-0.4614915|4.2E-45|-1.0|1395861627551
ST Rotation Vector|0.6395018|-0.2168584|-0.46259096|4.2E-45|-1.0|1395861627574
ST Rotation Vector|0.6385766|-0.2153176|-0.46440572|4.2E-45|-1.0|1395861627591
ST Rotation Vector|0.6387451|-0.21432877|-0.46498674|4.2E-45|-1.0|1395861627613
ST Rotation Vector|0.6381474|-0.21460687|-0.4656303|4.2E-45|-1.0|1395861627632
ST Rotation Vector|0.6375698|-0.2154354|-0.46707284|4.2E-45|-1.0|1395861627652
ST Rotation Vector|0.6369012|-0.21571384|-0.46750632|4.2E-45|-1.0|1395861627671
ST Rotation Vector|0.63526565|-0.2158483|-0.46756196|4.2E-45|-1.0|1395861627691
ST Rotation Vector|0.633226|-0.21676135|-0.46543452|4.2E-45|-1.0|1395861627710
ST Rotation Vector|0.6317282|-0.21847397|-0.46144012|4.2E-45|-1.0|1395861627731
ST Rotation Vector|0.6301743|-0.22117922|-0.4568912|4.2E-45|-1.0|1395861627753
ST Rotation Vector|0.629274|-0.22415887|-0.4529011|4.2E-45|-1.0|1395861627771
ST Rotation Vector|0.6269986|-0.2303891|-0.44588637|4.2E-45|-1.0|1395861627791
ST Rotation Vector|0.62303346|-0.23752114|-0.43614483|4.2E-45|-1.0|1395861627811
ST Rotation Vector|0.6188027|-0.24573123|-0.42564356|4.2E-45|-1.0|1395861627829
ST Rotation Vector|0.6147409|-0.2560497|-0.4153962|4.2E-45|-1.0|1395861627849
ST Rotation Vector|0.6113524|-0.26511934|-0.40613383|4.2E-45|-1.0|1395861627868
ST Rotation Vector|0.6087232|-0.27364886|-0.39457688|4.2E-45|-1.0|1395861627888
ST Rotation Vector|0.60949546|-0.27551278|-0.38674486|4.2E-45|-1.0|1395861627908
ST Rotation Vector|0.61213714|-0.27414504|-0.3842217|4.2E-45|-1.0|1395861627928
ST Rotation Vector|0.6159456|-0.27033627|-0.38542473|4.2E-45|-1.0|1395861627948
ST Rotation Vector|0.6194743|-0.2659916|-0.3888995|4.2E-45|-1.0|1395861627969
ST Rotation Vector|0.621844|-0.26312217|-0.39587858|4.2E-45|-1.0|1395861627987
ST Rotation Vector|0.62042993|-0.26622283|-0.40182433|4.2E-45|-1.0|1395861628009
ST Rotation Vector|0.6207755|-0.26335382|-0.40303266|4.2E-45|-1.0|1395861628028
ST Rotation Vector|0.6222388|-0.26032814|-0.40238407|4.2E-45|-1.0|1395861628048
ST Rotation Vector|0.6235377|-0.2592211|-0.40169638|4.2E-45|-1.0|1395861628067
ST Rotation Vector|0.62340504|-0.25595927|-0.39975157|4.2E-45|-1.0|1395861628088
ST Rotation Vector|0.62166685|-0.2539323|-0.3953709|4.2E-45|-1.0|1395861628108
ST Rotation Vector|0.61744756|-0.25837296|-0.38944402|4.2E-45|-1.0|1395861628129
ST Rotation Vector|0.6127331|-0.26571515|-0.38284397|4.2E-45|-1.0|1395861628148
ST Rotation Vector|0.60921705|-0.2730502|-0.3771698|4.2E-45|-1.0|1395861628168
ST Rotation Vector|0.6044965|-0.28512898|-0.36826798|4.2E-45|-1.0|1395861628188
ST Rotation Vector|0.5998896|-0.29892343|-0.35752717|4.2E-45|-1.0|1395861628207
ST Rotation Vector|0.5945618|-0.3139111|-0.34444654|4.2E-45|-1.0|1395861628228
ST Rotation Vector|0.58974665|-0.32860652|-0.3281196|4.2E-45|-1.0|1395861628250
ST Rotation Vector|0.586495|-0.3387573|-0.31390595|4.2E-45|-1.0|1395861628271
ST Rotation Vector|0.5801523|-0.35170648|-0.29348534|4.2E-45|-1.0|1395861628287
ST Rotation Vector|0.57164043|-0.36373094|-0.27148563|4.2E-45|-1.0|1395861628310
ST Rotation Vector|0.56239253|-0.3729711|-0.24878046|4.2E-45|-1.0|1395861628330
ST Rotation Vector|0.5538463|-0.37663218|-0.22225621|4.2E-45|-1.0|1395861628349
ST Rotation Vector|0.5495304|-0.37849495|-0.20200624|4.2E-45|-1.0|1395861628369
ST Rotation Vector|0.5467678|-0.38207158|-0.17537284|4.2E-45|-1.0|1395861628390
ST Rotation Vector|0.54739195|-0.38282707|-0.14585304|4.2E-45|-1.0|1395861628410
ST Rotation Vector|0.54969835|-0.37154758|-0.11319091|4.2E-45|-1.0|1395861628433
ST Rotation Vector|0.553233|-0.36090383|-0.085694745|4.2E-45|-1.0|1395861628453
ST Rotation Vector|0.55883175|-0.35877633|-0.07446438|4.2E-45|-1.0|1395861628470
ST Rotation Vector|0.56904846|-0.35793135|-0.06810518|4.2E-45|-1.0|1395861628493
ST Rotation Vector|0.57586634|-0.35553077|-0.067300096|4.2E-45|-1.0|1395861628510
ST Rotation Vector|0.58133924|-0.3456127|-0.06679971|4.2E-45|-1.0|1395861628531
ST Rotation Vector|0.5875041|-0.33198512|-0.06712961|4.2E-45|-1.0|1395861628550
ST Rotation Vector|0.5913283|-0.3256707|-0.069687955|4.2E-45|-1.0|1395861628573
ST Rotation Vector|0.5959978|-0.3201239|-0.07449427|4.2E-45|-1.0|1395861628592
ST Rotation Vector|0.6040587|-0.3091825|-0.07655227|4.2E-45|-1.0|1395861628612
ST Rotation Vector|0.6172671|-0.28620324|-0.07029765|4.2E-45|-1.0|1395861628632
ST Rotation Vector|0.6335989|-0.25578728|-0.0540006|4.2E-45|-1.0|1395861628652
ST Rotation Vector|0.64638597|-0.23195975|-0.037675183|4.2E-45|-1.0|1395861628672
ST Rotation Vector|0.66127795|-0.20055659|-0.013942788|4.2E-45|-1.0|1395861628693
ST Rotation Vector|0.6708501|-0.16866651|0.008377039|4.2E-45|-1.0|1395861628715
ST Rotation Vector|0.67423046|-0.13779882|0.02510232|4.2E-45|-1.0|1395861628730
ST Rotation Vector|0.6729945|-0.11150459|0.03451329|4.2E-45|-1.0|1395861628771
ST Rotation Vector|0.66932464|-0.09346628|0.03994934|4.2E-45|-1.0|1395861628773
ST Rotation Vector|0.6612569|-0.067453615|0.05172232|4.2E-45|-1.0|1395861628789
ST Rotation Vector|0.6500659|-0.03856145|0.0692078|4.2E-45|-1.0|1395861628810
ST Rotation Vector|0.63587075|-0.010511805|0.08629869|4.2E-45|-1.0|1395861628831
ST Rotation Vector|0.61890215|0.013520895|0.10108715|4.2E-45|-1.0|1395861628870
ST Rotation Vector|0.60424876|0.029217985|0.11258161|4.2E-45|-1.0|1395861628870
ST Rotation Vector|0.5829646|0.05003334|0.12990691|4.2E-45|-1.0|1395861628888
ST Rotation Vector|0.55874294|0.07465723|0.15044934|4.2E-45|-1.0|1395861628910
ST Rotation Vector|0.54342574|0.07523892|0.1467691|4.2E-45|-1.0|1395861628931
ST Rotation Vector|0.527485|0.084718496|0.14890946|4.2E-45|-1.0|1395861628951
ST Rotation Vector|0.5104739|0.10847624|0.16662192|4.2E-45|-1.0|1395861628971
ST Rotation Vector|0.49146378|0.14102894|0.19174354|4.2E-45|-1.0|1395861628990
ST Rotation Vector|0.47586036|0.1740019|0.21606058|4.2E-45|-1.0|1395861629009
ST Rotation Vector|0.4614941|0.20184092|0.24434583|4.2E-45|-1.0|1395861629049
ST Rotation Vector|0.45523462|0.21417|0.2759056|4.2E-45|-1.0|1395861629070
ST Rotation Vector|0.45494333|0.22217566|0.29508227|4.2E-45|-1.0|1395861629071
ST Rotation Vector|0.44553402|0.23348026|0.32262772|4.2E-45|-1.0|1395861629095
ST Rotation Vector|0.42982405|0.24268937|0.34073994|4.2E-45|-1.0|1395861629129
ST Rotation Vector|0.41873175|0.24535483|0.3457229|4.2E-45|-1.0|1395861629149
ST Rotation Vector|0.40859923|0.25047895|0.35273144|4.2E-45|-1.0|1395861629170
ST Rotation Vector|0.40166166|0.258287|0.36241797|4.2E-45|-1.0|1395861629171
ST Rotation Vector|0.396392|0.2743411|0.38097343|4.2E-45|-1.0|1395861629190
ST Rotation Vector|0.39751554|0.29433525|0.39974743|4.2E-45|-1.0|1395861629229
ST Rotation Vector|0.40448108|0.31380016|0.40988946|4.2E-45|-1.0|1395861629249
ST Rotation Vector|0.4118986|0.33478895|0.4128925|4.2E-45|-1.0|1395861629270
ST Rotation Vector|0.41407508|0.35043323|0.41385123|4.2E-45|-1.0|1395861629271
ST Rotation Vector|0.41035235|0.36595097|0.41805652|4.2E-45|-1.0|1395861629292
ST Rotation Vector|0.398912|0.37217954|0.42458034|4.2E-45|-1.0|1395861629330
ST Rotation Vector|0.3816783|0.37213755|0.4306004|4.2E-45|-1.0|1395861629349
ST Rotation Vector|0.36260313|0.37059543|0.43514675|4.2E-45|-1.0|1395861629373
ST Rotation Vector|0.3467358|0.3707129|0.4411772|4.2E-45|-1.0|1395861629390
ST Rotation Vector|0.32578096|0.36684084|0.4559111|4.2E-45|-1.0|1395861629410
ST Rotation Vector|0.3046621|0.3587234|0.4727169|4.2E-45|-1.0|1395861629432
ST Rotation Vector|0.28849804|0.34597433|0.48638305|4.2E-45|-1.0|1395861629451
ST Rotation Vector|0.2799276|0.33152944|0.4985439|4.2E-45|-1.0|1395861629472
ST Rotation Vector|0.27543437|0.32369658|0.5092542|4.2E-45|-1.0|1395861629491
ST Rotation Vector|0.26915196|0.32040304|0.52879024|4.2E-45|-1.0|1395861629510
ST Rotation Vector|0.25875756|0.3252737|0.5537063|4.2E-45|-1.0|1395861629535
ST Rotation Vector|0.24383636|0.33966008|0.5858236|4.2E-45|-1.0|1395861629549
ST Rotation Vector|0.23720028|0.3418056|0.6074576|4.2E-45|-1.0|1395861629570
ST Rotation Vector|0.23339745|0.33809814|0.6225682|4.2E-45|-1.0|1395861629589
ST Rotation Vector|0.22545291|0.32889384|0.64268345|4.2E-45|-1.0|1395861629611
ST Rotation Vector|0.2142335|0.3218347|0.6609868|4.2E-45|-1.0|1395861629631
ST Rotation Vector|0.20296495|0.32252884|0.6742858|4.2E-45|-1.0|1395861629651
ST Rotation Vector|0.19429767|0.32936427|0.68462324|4.2E-45|-1.0|1395861629671
ST Rotation Vector|0.19069931|0.33506125|0.6920214|4.2E-45|-1.0|1395861629689
ST Rotation Vector|0.1871032|0.34278032|0.7032296|4.2E-45|-1.0|1395861629715
ST Rotation Vector|0.177451|0.36188498|0.73404616|4.2E-45|-1.0|1395861629731
ST Rotation Vector|0.1719337|0.3699586|0.74720585|4.2E-45|-1.0|1395861629749
ST Rotation Vector|0.1679212|0.37174842|0.7532837|4.2E-45|-1.0|1395861629774
ST Rotation Vector|0.1653993|0.36994228|0.7572478|4.2E-45|-1.0|1395861629790
ST Rotation Vector|0.16328005|0.3631883|0.7629885|4.2E-45|-1.0|1395861629809
ST Rotation Vector|0.16293618|0.35126048|0.7691685|4.2E-45|-1.0|1395861629829
ST Rotation Vector|0.1618488|0.33565965|0.7766166|4.2E-45|-1.0|1395861629850
ST Rotation Vector|0.1586109|0.32408777|0.78418493|4.2E-45|-1.0|1395861629870
ST Rotation Vector|0.15510847|0.32089502|0.7890537|4.2E-45|-1.0|1395861629890
ST Rotation Vector|0.14893378|0.32121646|0.7944802|4.2E-45|-1.0|1395861629910
ST Rotation Vector|0.13848601|0.3267639|0.8106445|4.2E-45|-1.0|1395861629928
ST Rotation Vector|0.1329426|0.32445192|0.8147208|4.2E-45|-1.0|1395861629948
ST Rotation Vector|0.12783061|0.32169586|0.8174498|4.2E-45|-1.0|1395861629969
ST Rotation Vector|0.124367215|0.32061583|0.81852883|4.2E-45|-1.0|1395861629988
ST Rotation Vector|0.12236917|0.31890368|0.8192728|4.2E-45|-1.0|1395861630009
ST Rotation Vector|0.124604255|0.3136124|0.82011145|4.2E-45|-1.0|1395861630028
ST Rotation Vector|0.124056846|0.31176|0.83035|4.2E-45|-1.0|1395861630049
ST Rotation Vector|0.123297185|0.30975047|0.8351886|4.2E-45|-1.0|1395861630069
ST Rotation Vector|0.12224918|0.3093249|0.83529353|4.2E-45|-1.0|1395861630088
ST Rotation Vector|0.11902186|0.3125958|0.83762836|4.2E-45|-1.0|1395861630108
ST Rotation Vector|0.112783544|0.31864393|0.84742826|4.2E-45|-1.0|1395861630129
ST Rotation Vector|0.10806291|0.32340282|0.8539277|4.2E-45|-1.0|1395861630149
ST Rotation Vector|0.10441044|0.3262728|0.8585677|4.2E-45|-1.0|1395861630170
ST Rotation Vector|0.102600366|0.32660264|0.8616939|4.2E-45|-1.0|1395861630188
ST Rotation Vector|0.100330696|0.32552508|0.86588466|4.2E-45|-1.0|1395861630209
ST Rotation Vector|0.09714698|0.32532117|0.8693891|4.2E-45|-1.0|1395861630229
ST Rotation Vector|0.09444097|0.32579854|0.87211764|4.2E-45|-1.0|1395861630248
ST Rotation Vector|0.09380736|0.32506835|0.87454337|4.2E-45|-1.0|1395861630268
ST Rotation Vector|0.09369243|0.3253491|0.87529683|4.2E-45|-1.0|1395861630288
ST Rotation Vector|0.0890138|0.33412313|0.87329173|4.2E-45|-1.0|1395861630313
ST Rotation Vector|0.08425135|0.34074375|0.8732256|4.2E-45|-1.0|1395861630327
ST Rotation Vector|0.089859046|0.33546886|0.8732736|4.2E-45|-1.0|1395861630369
ST Rotation Vector|0.09216407|0.33089262|0.87486273|4.2E-45|-1.0|1395861630396
ST Rotation Vector|0.09368591|0.3262845|0.87658656|4.2E-45|-1.0|1395861630420
ST Rotation Vector|0.09478196|0.32485196|0.8769756|4.2E-45|-1.0|1395861630440
ST Rotation Vector|0.094782576|0.3266237|0.87693113|4.2E-45|-1.0|1395861630456
ST Rotation Vector|0.09022742|0.33397147|0.87613714|4.2E-45|-1.0|1395861630476
ST Rotation Vector|0.0890671|0.33570266|0.8767998|4.2E-45|-1.0|1395861630497
ST Rotation Vector|0.09260798|0.33095393|0.87840605|4.2E-45|-1.0|1395861630517
ST Rotation Vector|0.09615369|0.3248021|0.8802239|4.2E-45|-1.0|1395861630541
ST Rotation Vector|0.09796817|0.32028368|0.8818034|4.2E-45|-1.0|1395861630557
ST Rotation Vector|0.09848358|0.3194247|0.8818324|4.2E-45|-1.0|1395861630576
ST Rotation Vector|0.0975344|0.32053375|0.88166624|4.2E-45|-1.0|1395861630597
ST Rotation Vector|0.095148176|0.32177737|0.8824597|4.2E-45|-1.0|1395861630617
ST Rotation Vector|0.09364974|0.32161668|0.88372236|4.2E-45|-1.0|1395861630636
ST Rotation Vector|0.09348713|0.32030755|0.885088|4.2E-45|-1.0|1395861630657
ST Rotation Vector|0.0938126|0.3188165|0.8863506|4.2E-45|-1.0|1395861630677
ST Rotation Vector|0.094123885|0.3178379|0.88711596|4.2E-45|-1.0|1395861630697
ST Rotation Vector|0.09405928|0.31673652|0.8879615|4.2E-45|-1.0|1395861630716
ST Rotation Vector|0.09407255|0.3156568|0.88871527|4.2E-45|-1.0|1395861630737
ST Rotation Vector|0.094240524|0.314778|0.88941866|4.2E-45|-1.0|1395861630757
ST Rotation Vector|0.09408052|0.3143367|0.89001685|4.2E-45|-1.0|1395861630777
ST Rotation Vector|0.09377567|0.3142112|0.89039207|4.2E-45|-1.0|1395861630798
ST Rotation Vector|0.093514495|0.31439796|0.89071554|4.2E-45|-1.0|1395861630817
ST Rotation Vector|0.09345482|0.31472453|0.8910268|4.2E-45|-1.0|1395861630837
ST Rotation Vector|0.09339852|0.3146811|0.8915411|4.2E-45|-1.0|1395861630858
ST Rotation Vector|0.09375846|0.3139103|0.892162|4.2E-45|-1.0|1395861630877
ST Rotation Vector|0.093901455|0.3134081|0.8925932|4.2E-45|-1.0|1395861630897
ST Rotation Vector|0.09391739|0.31328294|0.8930133|4.2E-45|-1.0|1395861630917
ST Rotation Vector|0.09426761|0.31343395|0.89320046|4.2E-45|-1.0|1395861630937
ST Rotation Vector|0.09475452|0.31346646|0.89335614|4.2E-45|-1.0|1395861630957
ST Rotation Vector|0.09496887|0.3132828|0.89359653|4.2E-45|-1.0|1395861630977
ST Rotation Vector|0.09510115|0.31284204|0.89386445|4.2E-45|-1.0|1395861630997
ST Rotation Vector|0.09480496|0.31241858|0.8941941|4.2E-45|-1.0|1395861631016
ST Rotation Vector|0.09393391|0.31266847|0.8943628|4.2E-45|-1.0|1395861631037
ST Rotation Vector|0.093151525|0.31324783|0.8943772|4.2E-45|-1.0|1395861631057
ST Rotation Vector|0.09272143|0.31367707|0.89441895|4.2E-45|-1.0|1395861631077
ST Rotation Vector|0.0923612|0.31369483|0.8945978|4.2E-45|-1.0|1395861631097
ST Rotation Vector|0.091960065|0.3133698|0.8949209|4.2E-45|-1.0|1395861631117
ST Rotation Vector|0.091687635|0.31327137|0.89513004|4.2E-45|-1.0|1395861631137
ST Rotation Vector|0.0914958|0.31334814|0.8951839|4.2E-45|-1.0|1395861631157
ST Rotation Vector|0.091341525|0.3135782|0.89519775|4.2E-45|-1.0|1395861631176
ST Rotation Vector|0.091320395|0.31373096|0.8952321|4.2E-45|-1.0|1395861631197
ST Rotation Vector|0.091172434|0.31387427|0.89537174|4.2E-45|-1.0|1395861631217
ST Rotation Vector|0.0909523|0.31412944|0.8955038|4.2E-45|-1.0|1395861631237
ST Rotation Vector|0.09089908|0.31458956|0.8954676|4.2E-45|-1.0|1395861631257
ST Rotation Vector|0.09050935|0.31532305|0.8953558|4.2E-45|-1.0|1395861631277
ST Rotation Vector|0.09025268|0.3157108|0.89541346|4.2E-45|-1.0|1395861631297
ST Rotation Vector|0.090110645|0.31578344|0.89571714|4.2E-45|-1.0|1395861631317
ST Rotation Vector|0.08979186|0.31547835|0.89613026|4.2E-45|-1.0|1395861631337
ST Rotation Vector|0.08957931|0.31475225|0.8965718|4.2E-45|-1.0|1395861631357
ST Rotation Vector|0.089690216|0.3140279|0.8969044|4.2E-45|-1.0|1395861631377
ST Rotation Vector|0.08687239|0.3166401|0.8965084|4.2E-45|-1.0|1395861631397
ST Rotation Vector|0.08348606|0.31962958|0.89636296|4.2E-45|-1.0|1395861631417
ST Rotation Vector|0.08471778|0.3179867|0.89676|4.2E-45|-1.0|1395861631438
ST Rotation Vector|0.08550597|0.31554937|0.897403|4.2E-45|-1.0|1395861631457
ST Rotation Vector|0.08471596|0.31445247|0.89790577|4.2E-45|-1.0|1395861631478
ST Rotation Vector|0.08354892|0.3147653|0.8981272|4.2E-45|-1.0|1395861631497
ST Rotation Vector|0.08155657|0.31617752|0.8982964|4.2E-45|-1.0|1395861631517
ST Rotation Vector|0.08049062|0.3168793|0.8985713|4.2E-45|-1.0|1395861631537
ST Rotation Vector|0.080657|0.3164535|0.898996|4.2E-45|-1.0|1395861631557
ST Rotation Vector|0.08086823|0.3156201|0.8995096|4.2E-45|-1.0|1395861631577
ST Rotation Vector|0.080856055|0.3152231|0.8998622|4.2E-45|-1.0|1395861631597
ST Rotation Vector|0.080739446|0.31540656|0.90013444|4.2E-45|-1.0|1395861631618
ST Rotation Vector|0.08034086|0.3158747|0.9003524|4.2E-45|-1.0|1395861631638
ST Rotation Vector|0.079939|0.3160521|0.9005595|4.2E-45|-1.0|1395861631658
ST Rotation Vector|0.079782955|0.31603774|0.90074515|4.2E-45|-1.0|1395861631696
ST Rotation Vector|0.0796736|0.31617424|0.90081525|4.2E-45|-1.0|1395861631697
ST Rotation Vector|0.079535864|0.31638017|0.9008637|4.2E-45|-1.0|1395861631717
ST Rotation Vector|0.079365164|0.31664687|0.9008404|4.2E-45|-1.0|1395861631737
ST Rotation Vector|0.07882346|0.31721717|0.90073055|4.2E-45|-1.0|1395861631777
ST Rotation Vector|0.077143826|0.31845364|0.9006234|4.2E-45|-1.0|1395861631797
ST Rotation Vector|0.07539834|0.3197331|0.9005921|4.2E-45|-1.0|1395861631797
ST Rotation Vector|0.0729828|0.3218823|0.90048254|4.2E-45|-1.0|1395861631817
ST Rotation Vector|0.07062372|0.3241515|0.9003173|4.2E-45|-1.0|1395861631837
ST Rotation Vector|0.06851694|0.3258892|0.90023804|4.2E-45|-1.0|1395861631876
ST Rotation Vector|0.066756584|0.32713896|0.90020806|4.2E-45|-1.0|1395861631896
ST Rotation Vector|0.06556787|0.32776204|0.9002478|4.2E-45|-1.0|1395861631897
ST Rotation Vector|0.0639657|0.32827273|0.90043575|4.2E-45|-1.0|1395861631917
ST Rotation Vector|0.062468994|0.32836905|0.900802|4.2E-45|-1.0|1395861631956
ST Rotation Vector|0.06106262|0.32846868|0.9011023|4.2E-45|-1.0|1395861631976
ST Rotation Vector|0.05926052|0.32942548|0.9010839|4.2E-45|-1.0|1395861631996
ST Rotation Vector|0.057587784|0.3306639|0.9008734|4.2E-45|-1.0|1395861631997
ST Rotation Vector|0.05505008|0.33235142|0.90061915|4.2E-45|-1.0|1395861632036
ST Rotation Vector|0.052316394|0.33381298|0.90046257|4.2E-45|-1.0|1395861632056
ST Rotation Vector|0.05018849|0.33511183|0.90025544|4.2E-45|-1.0|1395861632076
ST Rotation Vector|0.048500556|0.33634973|0.9000098|4.2E-45|-1.0|1395861632096
ST Rotation Vector|0.04723732|0.33730164|0.89979905|4.2E-45|-1.0|1395861632116
ST Rotation Vector|0.0456632|0.33834687|0.8996149|4.2E-45|-1.0|1395861632137
ST Rotation Vector|0.044113602|0.33913526|0.89963716|4.2E-45|-1.0|1395861632157
ST Rotation Vector|0.042284396|0.3397326|0.89983547|4.2E-45|-1.0|1395861632177
ST Rotation Vector|0.040382236|0.34053534|0.9000592|4.2E-45|-1.0|1395861632196
ST Rotation Vector|0.03893841|0.3414354|0.900134|4.2E-45|-1.0|1395861632216
ST Rotation Vector|0.03682001|0.34304795|0.9000194|4.2E-45|-1.0|1395861632237
ST Rotation Vector|0.03515889|0.34409806|0.8999984|4.2E-45|-1.0|1395861632256
ST Rotation Vector|0.034174938|0.34421173|0.900219|4.2E-45|-1.0|1395861632276
ST Rotation Vector|0.033689585|0.34389096|0.90049934|4.2E-45|-1.0|1395861632297
ST Rotation Vector|0.03322587|0.34384876|0.90058136|4.2E-45|-1.0|1395861632317
ST Rotation Vector|0.03245132|0.34378466|0.90066344|4.2E-45|-1.0|1395861632337
ST Rotation Vector|0.031529307|0.3436677|0.90077895|4.2E-45|-1.0|1395861632357
ST Rotation Vector|0.030649763|0.34400466|0.9007793|4.2E-45|-1.0|1395861632377
ST Rotation Vector|0.029596204|0.34467977|0.9007232|4.2E-45|-1.0|1395861632397
ST Rotation Vector|0.02890612|0.34512043|0.9007117|4.2E-45|-1.0|1395861632417
ST Rotation Vector|0.028509377|0.345315|0.90079707|4.2E-45|-1.0|1395861632436
ST Rotation Vector|0.028263163|0.34522814|0.9010515|4.2E-45|-1.0|1395861632457
ST Rotation Vector|0.028789371|0.34524766|0.9011784|4.2E-45|-1.0|1395861632477
ST Rotation Vector|0.029108467|0.34334546|0.9020207|4.2E-45|-1.0|1395861632497
ST Rotation Vector|0.028249605|0.3423015|0.90285933|4.2E-45|-1.0|1395861632517
ST Rotation Vector|0.027047912|0.34270948|0.9030954|4.2E-45|-1.0|1395861632537
ST Rotation Vector|0.038295344|0.32725844|0.91245896|4.2E-45|-1.0|1395861632917
